<?xml version='1.0' encoding='UTF-8'?>
<testsuite tests="10000" failures="100" errors="0" time="100.0">
  <testcase name="test_synthetic_00000" classname="com.example.SyntheticSuite" time="0.01">
    <failure message="Synthetic failure at 0">Assertion failed at iteration 0</failure>
  </testcase>
  <testcase name="test_synthetic_00001" classname="com.example.SyntheticSuite" time="0.01"/>
  <testcase name="test_synthetic_00002" classname="com.example.SyntheticSuite" time="0.01"/>
  <testcase name="test_synthetic_00003" classname="com.example.SyntheticSuite" time="0.01"/>
  <testcase name="test_synthetic_00004" classname="com.example.SyntheticSuite" time="0.01"/>
  <testcase name="test_synthetic_00005" classname="com.example.SyntheticSuite" time="0.01"/>
  <testcase name="test_synthetic_00006" classname="com.example.SyntheticSuite" time="0.01"/>
  <testcase name="test_synthetic_00007" classname="com.example.SyntheticSuite" time="0.01"/>
  <testcase name="test_synthetic_00008" classname="com.example.SyntheticSuite" time="0.01"/>
  <testcase name="test_synthetic_00009" classname="com.example.SyntheticSuite" time="0.01"/>
  <testcase name="test_synthetic_00010" classname="com.example.SyntheticSuite" time="0.01"/>
  <testcase name="test_synthetic_00011" classname="com.example.SyntheticSuite" time="0.01"/>
  <testcase name="test_synthetic_00012" classname="com.example.SyntheticSuite" time="0.01"/>
  <testcase name="test_synthetic_00013" classname="com.example.SyntheticSuite" time="0.01"/>
  <testcase name="test_synthetic_00014" classname="com.example.SyntheticSuite" time="0.01"/>
  <testcase name="test_synthetic_00015" classname="com.example.SyntheticSuite" time="0.01"/>
  <testcase name="test_synthetic_00016" classname="com.example.SyntheticSuite" time="0.01"/>
  <testcase name="test_synthetic_00017" classname="com.example.SyntheticSuite" time="0.01"/>
  <testcase name="test_synthetic_00018" classname="com.example.SyntheticSuite" time="0.01"/>
  <testcase name="test_synthetic_00019" classname="com.example.SyntheticSuite" time="0.01"/>
  <testcase name="test_synthetic_00020" classname="com.example.SyntheticSuite" time="0.01"/>
  <testcase name="test_synthetic_00021" classname="com.example.SyntheticSuite" time="0.01"/>
  <testcase name="test_synthetic_00022" classname="com.example.SyntheticSuite" time="0.01"/>
  <testcase name="test_synthetic_00023" classname="com.example.SyntheticSuite" time="0.01"/>
  <testcase name="test_synthetic_00024" classname="com.example.SyntheticSuite" time="0.01"/>
  <testcase name="test_synthetic_00025" classname="com.example.SyntheticSuite" time="0.01"/>
  <testcase name="test_synthetic_00026" classname="com.example.SyntheticSuite" time="0.01"/>
  <testcase name="test_synthetic_00027" classname="com.example.SyntheticSuite" time="0.01"/>
  <testcase name="test_synthetic_00028" classname="com.example.SyntheticSuite" time="0.01"/>
  <testcase name="test_synthetic_00029" classname="com.example.SyntheticSuite" time="0.01"/>
  <testcase name="test_synthetic_00030" classname="com.example.SyntheticSuite" time="0.01"/>
  <testcase name="test_synthetic_00031" classname="com.example.SyntheticSuite" time="0.01"/>
  <testcase name="test_synthetic_00032" classname="com.example.SyntheticSuite" time="0.01"/>
  <testcase name="test_synthetic_00033" classname="com.example.SyntheticSuite" time="0.01"/>
  <testcase name="test_synthetic_00034" classname="com.example.SyntheticSuite" time="0.01"/>
  <testcase name="test_synthetic_00035" classname="com.example.SyntheticSuite" time="0.01"/>
  <testcase name="test_synthetic_00036" classname="com.example.SyntheticSuite" time="0.01"/>
  <testcase name="test_synthetic_00037" classname="com.example.SyntheticSuite" time="0.01"/>
  <testcase name="test_synthetic_00038" classname="com.example.SyntheticSuite" time="0.01"/>
  <testcase name="test_synthetic_00039" classname="com.example.SyntheticSuite" time="0.01"/>
  <testcase name="test_synthetic_00040" classname="com.example.SyntheticSuite" time="0.01"/>
  <testcase name="test_synthetic_00041" classname="com.example.SyntheticSuite" time="0.01"/>
  <testcase name="test_synthetic_00042" classname="com.example.SyntheticSuite" time="0.01"/>
  <testcase name="test_synthetic_00043" classname="com.example.SyntheticSuite" time="0.01"/>
  <testcase name="test_synthetic_00044" classname="com.example.SyntheticSuite" time="0.01"/>
  <testcase name="test_synthetic_00045" classname="com.example.SyntheticSuite" time="0.01"/>
  <testcase name="test_synthetic_00046" classname="com.example.SyntheticSuite" time="0.01"/>
  <testcase name="test_synthetic_00047" classname="com.example.SyntheticSuite" time="0.01"/>
  <testcase name="test_synthetic_00048" classname="com.example.SyntheticSuite" time="0.01"/>
  <testcase name="test_synthetic_00049" classname="com.example.SyntheticSuite" time="0.01"/>
  <testcase name="test_synthetic_00050" classname="com.example.SyntheticSuite" time="0.01"/>
  <testcase name="test_synthetic_00051" classname="com.example.SyntheticSuite" time="0.01"/>
  <testcase name="test_synthetic_00052" classname="com.example.SyntheticSuite" time="0.01"/>
  <testcase name="test_synthetic_00053" classname="com.example.SyntheticSuite" time="0.01"/>
  <testcase name="test_synthetic_00054" classname="com.example.SyntheticSuite" time="0.01"/>
  <testcase name="test_synthetic_00055" classname="com.example.SyntheticSuite" time="0.01"/>
  <testcase name="test_synthetic_00056" classname="com.example.SyntheticSuite" time="0.01"/>
  <testcase name="test_synthetic_00057" classname="com.example.SyntheticSuite" time="0.01"/>
  <testcase name="test_synthetic_00058" classname="com.example.SyntheticSuite" time="0.01"/>
  <testcase name="test_synthetic_00059" classname="com.example.SyntheticSuite" time="0.01"/>
  <testcase name="test_synthetic_00060" classname="com.example.SyntheticSuite" time="0.01"/>
  <testcase name="test_synthetic_00061" classname="com.example.SyntheticSuite" time="0.01"/>
  <testcase name="test_synthetic_00062" classname="com.example.SyntheticSuite" time="0.01"/>
  <testcase name="test_synthetic_00063" classname="com.example.SyntheticSuite" time="0.01"/>
  <testcase name="test_synthetic_00064" classname="com.example.SyntheticSuite" time="0.01"/>
  <testcase name="test_synthetic_00065" classname="com.example.SyntheticSuite" time="0.01"/>
  <testcase name="test_synthetic_00066" classname="com.example.SyntheticSuite" time="0.01"/>
  <testcase name="test_synthetic_00067" classname="com.example.SyntheticSuite" time="0.01"/>
  <testcase name="test_synthetic_00068" classname="com.example.SyntheticSuite" time="0.01"/>
  <testcase name="test_synthetic_00069" classname="com.example.SyntheticSuite" time="0.01"/>
  <testcase name="test_synthetic_00070" classname="com.example.SyntheticSuite" time="0.01"/>
  <testcase name="test_synthetic_00071" classname="com.example.SyntheticSuite" time="0.01"/>
  <testcase name="test_synthetic_00072" classname="com.example.SyntheticSuite" time="0.01"/>
  <testcase name="test_synthetic_00073" classname="com.example.SyntheticSuite" time="0.01"/>
  <testcase name="test_synthetic_00074" classname="com.example.SyntheticSuite" time="0.01"/>
  <testcase name="test_synthetic_00075" classname="com.example.SyntheticSuite" time="0.01"/>
  <testcase name="test_synthetic_00076" classname="com.example.SyntheticSuite" time="0.01"/>
  <testcase name="test_synthetic_00077" classname="com.example.SyntheticSuite" time="0.01"/>
  <testcase name="test_synthetic_00078" classname="com.example.SyntheticSuite" time="0.01"/>
  <testcase name="test_synthetic_00079" classname="com.example.SyntheticSuite" time="0.01"/>
  <testcase name="test_synthetic_00080" classname="com.example.SyntheticSuite" time="0.01"/>
  <testcase name="test_synthetic_00081" classname="com.example.SyntheticSuite" time="0.01"/>
  <testcase name="test_synthetic_00082" classname="com.example.SyntheticSuite" time="0.01"/>
  <testcase name="test_synthetic_00083" classname="com.example.SyntheticSuite" time="0.01"/>
  <testcase name="test_synthetic_00084" classname="com.example.SyntheticSuite" time="0.01"/>
  <testcase name="test_synthetic_00085" classname="com.example.SyntheticSuite" time="0.01"/>
  <testcase name="test_synthetic_00086" classname="com.example.SyntheticSuite" time="0.01"/>
  <testcase name="test_synthetic_00087" classname="com.example.SyntheticSuite" time="0.01"/>
  <testcase name="test_synthetic_00088" classname="com.example.SyntheticSuite" time="0.01"/>
  <testcase name="test_synthetic_00089" classname="com.example.SyntheticSuite" time="0.01"/>
  <testcase name="test_synthetic_00090" classname="com.example.SyntheticSuite" time="0.01"/>
  <testcase name="test_synthetic_00091" classname="com.example.SyntheticSuite" time="0.01"/>
  <testcase name="test_synthetic_00092" classname="com.example.SyntheticSuite" time="0.01"/>
  <testcase name="test_synthetic_00093" classname="com.example.SyntheticSuite" time="0.01"/>
  <testcase name="test_synthetic_00094" classname="com.example.SyntheticSuite" time="0.01"/>
  <testcase name="test_synthetic_00095" classname="com.example.SyntheticSuite" time="0.01"/>
  <testcase name="test_synthetic_00096" classname="com.example.SyntheticSuite" time="0.01"/>
  <testcase name="test_synthetic_00097" classname="com.example.SyntheticSuite" time="0.01"/>
  <testcase name="test_synthetic_00098" classname="com.example.SyntheticSuite" time="0.01"/>
  <testcase name="test_synthetic_00099" classname="com.example.SyntheticSuite" time="0.01"/>
  <testcase name="test_synthetic_00100" classname="com.example.SyntheticSuite" time="0.01">
    <failure message="Synthetic failure at 100">Assertion failed at iteration 100</failure>
  </testcase>
  <testcase name="test_synthetic_00101" classname="com.example.SyntheticSuite" time="0.01"/>
  <testcase name="test_synthetic_00102" classname="com.example.SyntheticSuite" time="0.01"/>
  <testcase name="test_synthetic_00103" classname="com.example.SyntheticSuite" time="0.01"/>
  <testcase name="test_synthetic_00104" classname="com.example.SyntheticSuite" time="0.01"/>
  <testcase name="test_synthetic_00105" classname="com.example.SyntheticSuite" time="0.01"/>
  <testcase name="test_synthetic_00106" classname="com.example.SyntheticSuite" time="0.01"/>
  <testcase name="test_synthetic_00107" classname="com.example.SyntheticSuite" time="0.01"/>
  <testcase name="test_synthetic_00108" classname="com.example.SyntheticSuite" time="0.01"/>
  <testcase name="test_synthetic_00109" classname="com.example.SyntheticSuite" time="0.01"/>
  <testcase name="test_synthetic_00110" classname="com.example.SyntheticSuite" time="0.01"/>
  <testcase name="test_synthetic_00111" classname="com.example.SyntheticSuite" time="0.01"/>
  <testcase name="test_synthetic_00112" classname="com.example.SyntheticSuite" time="0.01"/>
  <testcase name="test_synthetic_00113" classname="com.example.SyntheticSuite" time="0.01"/>
  <testcase name="test_synthetic_00114" classname="com.example.SyntheticSuite" time="0.01"/>
  <testcase name="test_synthetic_00115" classname="com.example.SyntheticSuite" time="0.01"/>
  <testcase name="test_synthetic_00116" classname="com.example.SyntheticSuite" time="0.01"/>
  <testcase name="test_synthetic_00117" classname="com.example.SyntheticSuite" time="0.01"/>
  <testcase name="test_synthetic_00118" classname="com.example.SyntheticSuite" time="0.01"/>
  <testcase name="test_synthetic_00119" classname="com.example.SyntheticSuite" time="0.01"/>
  <testcase name="test_synthetic_00120" classname="com.example.SyntheticSuite" time="0.01"/>
  <testcase name="test_synthetic_00121" classname="com.example.SyntheticSuite" time="0.01"/>
  <testcase name="test_synthetic_00122" classname="com.example.SyntheticSuite" time="0.01"/>
  <testcase name="test_synthetic_00123" classname="com.example.SyntheticSuite" time="0.01"/>
  <testcase name="test_synthetic_00124" classname="com.example.SyntheticSuite" time="0.01"/>
  <testcase name="test_synthetic_00125" classname="com.example.SyntheticSuite" time="0.01"/>
  <testcase name="test_synthetic_00126" classname="com.example.SyntheticSuite" time="0.01"/>
  <testcase name="test_synthetic_00127" classname="com.example.SyntheticSuite" time="0.01"/>
  <testcase name="test_synthetic_00128" classname="com.example.SyntheticSuite" time="0.01"/>
  <testcase name="test_synthetic_00129" classname="com.example.SyntheticSuite" time="0.01"/>
  <testcase name="test_synthetic_00130" classname="com.example.SyntheticSuite" time="0.01"/>
  <testcase name="test_synthetic_00131" classname="com.example.SyntheticSuite" time="0.01"/>
  <testcase name="test_synthetic_00132" classname="com.example.SyntheticSuite" time="0.01"/>
  <testcase name="test_synthetic_00133" classname="com.example.SyntheticSuite" time="0.01"/>
  <testcase name="test_synthetic_00134" classname="com.example.SyntheticSuite" time="0.01"/>
  <testcase name="test_synthetic_00135" classname="com.example.SyntheticSuite" time="0.01"/>
  <testcase name="test_synthetic_00136" classname="com.example.SyntheticSuite" time="0.01"/>
  <testcase name="test_synthetic_00137" classname="com.example.SyntheticSuite" time="0.01"/>
  <testcase name="test_synthetic_00138" classname="com.example.SyntheticSuite" time="0.01"/>
  <testcase name="test_synthetic_00139" classname="com.example.SyntheticSuite" time="0.01"/>
  <testcase name="test_synthetic_00140" classname="com.example.SyntheticSuite" time="0.01"/>
  <testcase name="test_synthetic_00141" classname="com.example.SyntheticSuite" time="0.01"/>
  <testcase name="test_synthetic_00142" classname="com.example.SyntheticSuite" time="0.01"/>
  <testcase name="test_synthetic_00143" classname="com.example.SyntheticSuite" time="0.01"/>
  <testcase name="test_synthetic_00144" classname="com.example.SyntheticSuite" time="0.01"/>
  <testcase name="test_synthetic_00145" classname="com.example.SyntheticSuite" time="0.01"/>
  <testcase name="test_synthetic_00146" classname="com.example.SyntheticSuite" time="0.01"/>
  <testcase name="test_synthetic_00147" classname="com.example.SyntheticSuite" time="0.01"/>
  <testcase name="test_synthetic_00148" classname="com.example.SyntheticSuite" time="0.01"/>
  <testcase name="test_synthetic_00149" classname="com.example.SyntheticSuite" time="0.01"/>
  <testcase name="test_synthetic_00150" classname="com.example.SyntheticSuite" time="0.01"/>
  <testcase name="test_synthetic_00151" classname="com.example.SyntheticSuite" time="0.01"/>
  <testcase name="test_synthetic_00152" classname="com.example.SyntheticSuite" time="0.01"/>
  <testcase name="test_synthetic_00153" classname="com.example.SyntheticSuite" time="0.01"/>
  <testcase name="test_synthetic_00154" classname="com.example.SyntheticSuite" time="0.01"/>
  <testcase name="test_synthetic_00155" classname="com.example.SyntheticSuite" time="0.01"/>
  <testcase name="test_synthetic_00156" classname="com.example.SyntheticSuite" time="0.01"/>
  <testcase name="test_synthetic_00157" classname="com.example.SyntheticSuite" time="0.01"/>
  <testcase name="test_synthetic_00158" classname="com.example.SyntheticSuite" time="0.01"/>
  <testcase name="test_synthetic_00159" classname="com.example.SyntheticSuite" time="0.01"/>
  <testcase name="test_synthetic_00160" classname="com.example.SyntheticSuite" time="0.01"/>
  <testcase name="test_synthetic_00161" classname="com.example.SyntheticSuite" time="0.01"/>
  <testcase name="test_synthetic_00162" classname="com.example.SyntheticSuite" time="0.01"/>
  <testcase name="test_synthetic_00163" classname="com.example.SyntheticSuite" time="0.01"/>
  <testcase name="test_synthetic_00164" classname="com.example.SyntheticSuite" time="0.01"/>
  <testcase name="test_synthetic_00165" classname="com.example.SyntheticSuite" time="0.01"/>
  <testcase name="test_synthetic_00166" classname="com.example.SyntheticSuite" time="0.01"/>
  <testcase name="test_synthetic_00167" classname="com.example.SyntheticSuite" time="0.01"/>
  <testcase name="test_synthetic_00168" classname="com.example.SyntheticSuite" time="0.01"/>
  <testcase name="test_synthetic_00169" classname="com.example.SyntheticSuite" time="0.01"/>
  <testcase name="test_synthetic_00170" classname="com.example.SyntheticSuite" time="0.01"/>
  <testcase name="test_synthetic_00171" classname="com.example.SyntheticSuite" time="0.01"/>
  <testcase name="test_synthetic_00172" classname="com.example.SyntheticSuite" time="0.01"/>
  <testcase name="test_synthetic_00173" classname="com.example.SyntheticSuite" time="0.01"/>
  <testcase name="test_synthetic_00174" classname="com.example.SyntheticSuite" time="0.01"/>
  <testcase name="test_synthetic_00175" classname="com.example.SyntheticSuite" time="0.01"/>
  <testcase name="test_synthetic_00176" classname="com.example.SyntheticSuite" time="0.01"/>
  <testcase name="test_synthetic_00177" classname="com.example.SyntheticSuite" time="0.01"/>
  <testcase name="test_synthetic_00178" classname="com.example.SyntheticSuite" time="0.01"/>
  <testcase name="test_synthetic_00179" classname="com.example.SyntheticSuite" time="0.01"/>
  <testcase name="test_synthetic_00180" classname="com.example.SyntheticSuite" time="0.01"/>
  <testcase name="test_synthetic_00181" classname="com.example.SyntheticSuite" time="0.01"/>
  <testcase name="test_synthetic_00182" classname="com.example.SyntheticSuite" time="0.01"/>
  <testcase name="test_synthetic_00183" classname="com.example.SyntheticSuite" time="0.01"/>
  <testcase name="test_synthetic_00184" classname="com.example.SyntheticSuite" time="0.01"/>
  <testcase name="test_synthetic_00185" classname="com.example.SyntheticSuite" time="0.01"/>
  <testcase name="test_synthetic_00186" classname="com.example.SyntheticSuite" time="0.01"/>
  <testcase name="test_synthetic_00187" classname="com.example.SyntheticSuite" time="0.01"/>
  <testcase name="test_synthetic_00188" classname="com.example.SyntheticSuite" time="0.01"/>
  <testcase name="test_synthetic_00189" classname="com.example.SyntheticSuite" time="0.01"/>
  <testcase name="test_synthetic_00190" classname="com.example.SyntheticSuite" time="0.01"/>
  <testcase name="test_synthetic_00191" classname="com.example.SyntheticSuite" time="0.01"/>
  <testcase name="test_synthetic_00192" classname="com.example.SyntheticSuite" time="0.01"/>
  <testcase name="test_synthetic_00193" classname="com.example.SyntheticSuite" time="0.01"/>
  <testcase name="test_synthetic_00194" classname="com.example.SyntheticSuite" time="0.01"/>
  <testcase name="test_synthetic_00195" classname="com.example.SyntheticSuite" time="0.01"/>
  <testcase name="test_synthetic_00196" classname="com.example.SyntheticSuite" time="0.01"/>
  <testcase name="test_synthetic_00197" classname="com.example.SyntheticSuite" time="0.01"/>
  <testcase name="test_synthetic_00198" classname="com.example.SyntheticSuite" time="0.01"/>
  <testcase name="test_synthetic_00199" classname="com.example.SyntheticSuite" time="0.01"/>
  <testcase name="test_synthetic_00200" classname="com.example.SyntheticSuite" time="0.01">
    <failure message="Synthetic failure at 200">Assertion failed at iteration 200</failure>
  </testcase>
  <testcase name="test_synthetic_00201" classname="com.example.SyntheticSuite" time="0.01"/>
  <testcase name="test_synthetic_00202" classname="com.example.SyntheticSuite" time="0.01"/>
  <testcase name="test_synthetic_00203" classname="com.example.SyntheticSuite" time="0.01"/>
  <testcase name="test_synthetic_00204" classname="com.example.SyntheticSuite" time="0.01"/>
  <testcase name="test_synthetic_00205" classname="com.example.SyntheticSuite" time="0.01"/>
  <testcase name="test_synthetic_00206" classname="com.example.SyntheticSuite" time="0.01"/>
  <testcase name="test_synthetic_00207" classname="com.example.SyntheticSuite" time="0.01"/>
  <testcase name="test_synthetic_00208" classname="com.example.SyntheticSuite" time="0.01"/>
  <testcase name="test_synthetic_00209" classname="com.example.SyntheticSuite" time="0.01"/>
  <testcase name="test_synthetic_00210" classname="com.example.SyntheticSuite" time="0.01"/>
  <testcase name="test_synthetic_00211" classname="com.example.SyntheticSuite" time="0.01"/>
  <testcase name="test_synthetic_00212" classname="com.example.SyntheticSuite" time="0.01"/>
  <testcase name="test_synthetic_00213" classname="com.example.SyntheticSuite" time="0.01"/>
  <testcase name="test_synthetic_00214" classname="com.example.SyntheticSuite" time="0.01"/>
  <testcase name="test_synthetic_00215" classname="com.example.SyntheticSuite" time="0.01"/>
  <testcase name="test_synthetic_00216" classname="com.example.SyntheticSuite" time="0.01"/>
  <testcase name="test_synthetic_00217" classname="com.example.SyntheticSuite" time="0.01"/>
  <testcase name="test_synthetic_00218" classname="com.example.SyntheticSuite" time="0.01"/>
  <testcase name="test_synthetic_00219" classname="com.example.SyntheticSuite" time="0.01"/>
  <testcase name="test_synthetic_00220" classname="com.example.SyntheticSuite" time="0.01"/>
  <testcase name="test_synthetic_00221" classname="com.example.SyntheticSuite" time="0.01"/>
  <testcase name="test_synthetic_00222" classname="com.example.SyntheticSuite" time="0.01"/>
  <testcase name="test_synthetic_00223" classname="com.example.SyntheticSuite" time="0.01"/>
  <testcase name="test_synthetic_00224" classname="com.example.SyntheticSuite" time="0.01"/>
  <testcase name="test_synthetic_00225" classname="com.example.SyntheticSuite" time="0.01"/>
  <testcase name="test_synthetic_00226" classname="com.example.SyntheticSuite" time="0.01"/>
  <testcase name="test_synthetic_00227" classname="com.example.SyntheticSuite" time="0.01"/>
  <testcase name="test_synthetic_00228" classname="com.example.SyntheticSuite" time="0.01"/>
  <testcase name="test_synthetic_00229" classname="com.example.SyntheticSuite" time="0.01"/>
  <testcase name="test_synthetic_00230" classname="com.example.SyntheticSuite" time="0.01"/>
  <testcase name="test_synthetic_00231" classname="com.example.SyntheticSuite" time="0.01"/>
  <testcase name="test_synthetic_00232" classname="com.example.SyntheticSuite" time="0.01"/>
  <testcase name="test_synthetic_00233" classname="com.example.SyntheticSuite" time="0.01"/>
  <testcase name="test_synthetic_00234" classname="com.example.SyntheticSuite" time="0.01"/>
  <testcase name="test_synthetic_00235" classname="com.example.SyntheticSuite" time="0.01"/>
  <testcase name="test_synthetic_00236" classname="com.example.SyntheticSuite" time="0.01"/>
  <testcase name="test_synthetic_00237" classname="com.example.SyntheticSuite" time="0.01"/>
  <testcase name="test_synthetic_00238" classname="com.example.SyntheticSuite" time="0.01"/>
  <testcase name="test_synthetic_00239" classname="com.example.SyntheticSuite" time="0.01"/>
  <testcase name="test_synthetic_00240" classname="com.example.SyntheticSuite" time="0.01"/>
  <testcase name="test_synthetic_00241" classname="com.example.SyntheticSuite" time="0.01"/>
  <testcase name="test_synthetic_00242" classname="com.example.SyntheticSuite" time="0.01"/>
  <testcase name="test_synthetic_00243" classname="com.example.SyntheticSuite" time="0.01"/>
  <testcase name="test_synthetic_00244" classname="com.example.SyntheticSuite" time="0.01"/>
  <testcase name="test_synthetic_00245" classname="com.example.SyntheticSuite" time="0.01"/>
  <testcase name="test_synthetic_00246" classname="com.example.SyntheticSuite" time="0.01"/>
  <testcase name="test_synthetic_00247" classname="com.example.SyntheticSuite" time="0.01"/>
  <testcase name="test_synthetic_00248" classname="com.example.SyntheticSuite" time="0.01"/>
  <testcase name="test_synthetic_00249" classname="com.example.SyntheticSuite" time="0.01"/>
  <testcase name="test_synthetic_00250" classname="com.example.SyntheticSuite" time="0.01"/>
  <testcase name="test_synthetic_00251" classname="com.example.SyntheticSuite" time="0.01"/>
  <testcase name="test_synthetic_00252" classname="com.example.SyntheticSuite" time="0.01"/>
  <testcase name="test_synthetic_00253" classname="com.example.SyntheticSuite" time="0.01"/>
  <testcase name="test_synthetic_00254" classname="com.example.SyntheticSuite" time="0.01"/>
  <testcase name="test_synthetic_00255" classname="com.example.SyntheticSuite" time="0.01"/>
  <testcase name="test_synthetic_00256" classname="com.example.SyntheticSuite" time="0.01"/>
  <testcase name="test_synthetic_00257" classname="com.example.SyntheticSuite" time="0.01"/>
  <testcase name="test_synthetic_00258" classname="com.example.SyntheticSuite" time="0.01"/>
  <testcase name="test_synthetic_00259" classname="com.example.SyntheticSuite" time="0.01"/>
  <testcase name="test_synthetic_00260" classname="com.example.SyntheticSuite" time="0.01"/>
  <testcase name="test_synthetic_00261" classname="com.example.SyntheticSuite" time="0.01"/>
  <testcase name="test_synthetic_00262" classname="com.example.SyntheticSuite" time="0.01"/>
  <testcase name="test_synthetic_00263" classname="com.example.SyntheticSuite" time="0.01"/>
  <testcase name="test_synthetic_00264" classname="com.example.SyntheticSuite" time="0.01"/>
  <testcase name="test_synthetic_00265" classname="com.example.SyntheticSuite" time="0.01"/>
  <testcase name="test_synthetic_00266" classname="com.example.SyntheticSuite" time="0.01"/>
  <testcase name="test_synthetic_00267" classname="com.example.SyntheticSuite" time="0.01"/>
  <testcase name="test_synthetic_00268" classname="com.example.SyntheticSuite" time="0.01"/>
  <testcase name="test_synthetic_00269" classname="com.example.SyntheticSuite" time="0.01"/>
  <testcase name="test_synthetic_00270" classname="com.example.SyntheticSuite" time="0.01"/>
  <testcase name="test_synthetic_00271" classname="com.example.SyntheticSuite" time="0.01"/>
  <testcase name="test_synthetic_00272" classname="com.example.SyntheticSuite" time="0.01"/>
  <testcase name="test_synthetic_00273" classname="com.example.SyntheticSuite" time="0.01"/>
  <testcase name="test_synthetic_00274" classname="com.example.SyntheticSuite" time="0.01"/>
  <testcase name="test_synthetic_00275" classname="com.example.SyntheticSuite" time="0.01"/>
  <testcase name="test_synthetic_00276" classname="com.example.SyntheticSuite" time="0.01"/>
  <testcase name="test_synthetic_00277" classname="com.example.SyntheticSuite" time="0.01"/>
  <testcase name="test_synthetic_00278" classname="com.example.SyntheticSuite" time="0.01"/>
  <testcase name="test_synthetic_00279" classname="com.example.SyntheticSuite" time="0.01"/>
  <testcase name="test_synthetic_00280" classname="com.example.SyntheticSuite" time="0.01"/>
  <testcase name="test_synthetic_00281" classname="com.example.SyntheticSuite" time="0.01"/>
  <testcase name="test_synthetic_00282" classname="com.example.SyntheticSuite" time="0.01"/>
  <testcase name="test_synthetic_00283" classname="com.example.SyntheticSuite" time="0.01"/>
  <testcase name="test_synthetic_00284" classname="com.example.SyntheticSuite" time="0.01"/>
  <testcase name="test_synthetic_00285" classname="com.example.SyntheticSuite" time="0.01"/>
  <testcase name="test_synthetic_00286" classname="com.example.SyntheticSuite" time="0.01"/>
  <testcase name="test_synthetic_00287" classname="com.example.SyntheticSuite" time="0.01"/>
  <testcase name="test_synthetic_00288" classname="com.example.SyntheticSuite" time="0.01"/>
  <testcase name="test_synthetic_00289" classname="com.example.SyntheticSuite" time="0.01"/>
  <testcase name="test_synthetic_00290" classname="com.example.SyntheticSuite" time="0.01"/>
  <testcase name="test_synthetic_00291" classname="com.example.SyntheticSuite" time="0.01"/>
  <testcase name="test_synthetic_00292" classname="com.example.SyntheticSuite" time="0.01"/>
  <testcase name="test_synthetic_00293" classname="com.example.SyntheticSuite" time="0.01"/>
  <testcase name="test_synthetic_00294" classname="com.example.SyntheticSuite" time="0.01"/>
  <testcase name="test_synthetic_00295" classname="com.example.SyntheticSuite" time="0.01"/>
  <testcase name="test_synthetic_00296" classname="com.example.SyntheticSuite" time="0.01"/>
  <testcase name="test_synthetic_00297" classname="com.example.SyntheticSuite" time="0.01"/>
  <testcase name="test_synthetic_00298" classname="com.example.SyntheticSuite" time="0.01"/>
  <testcase name="test_synthetic_00299" classname="com.example.SyntheticSuite" time="0.01"/>
  <testcase name="test_synthetic_00300" classname="com.example.SyntheticSuite" time="0.01">
    <failure message="Synthetic failure at 300">Assertion failed at iteration 300</failure>
  </testcase>
  <testcase name="test_synthetic_00301" classname="com.example.SyntheticSuite" time="0.01"/>
  <testcase name="test_synthetic_00302" classname="com.example.SyntheticSuite" time="0.01"/>
  <testcase name="test_synthetic_00303" classname="com.example.SyntheticSuite" time="0.01"/>
  <testcase name="test_synthetic_00304" classname="com.example.SyntheticSuite" time="0.01"/>
  <testcase name="test_synthetic_00305" classname="com.example.SyntheticSuite" time="0.01"/>
  <testcase name="test_synthetic_00306" classname="com.example.SyntheticSuite" time="0.01"/>
  <testcase name="test_synthetic_00307" classname="com.example.SyntheticSuite" time="0.01"/>
  <testcase name="test_synthetic_00308" classname="com.example.SyntheticSuite" time="0.01"/>
  <testcase name="test_synthetic_00309" classname="com.example.SyntheticSuite" time="0.01"/>
  <testcase name="test_synthetic_00310" classname="com.example.SyntheticSuite" time="0.01"/>
  <testcase name="test_synthetic_00311" classname="com.example.SyntheticSuite" time="0.01"/>
  <testcase name="test_synthetic_00312" classname="com.example.SyntheticSuite" time="0.01"/>
  <testcase name="test_synthetic_00313" classname="com.example.SyntheticSuite" time="0.01"/>
  <testcase name="test_synthetic_00314" classname="com.example.SyntheticSuite" time="0.01"/>
  <testcase name="test_synthetic_00315" classname="com.example.SyntheticSuite" time="0.01"/>
  <testcase name="test_synthetic_00316" classname="com.example.SyntheticSuite" time="0.01"/>
  <testcase name="test_synthetic_00317" classname="com.example.SyntheticSuite" time="0.01"/>
  <testcase name="test_synthetic_00318" classname="com.example.SyntheticSuite" time="0.01"/>
  <testcase name="test_synthetic_00319" classname="com.example.SyntheticSuite" time="0.01"/>
  <testcase name="test_synthetic_00320" classname="com.example.SyntheticSuite" time="0.01"/>
  <testcase name="test_synthetic_00321" classname="com.example.SyntheticSuite" time="0.01"/>
  <testcase name="test_synthetic_00322" classname="com.example.SyntheticSuite" time="0.01"/>
  <testcase name="test_synthetic_00323" classname="com.example.SyntheticSuite" time="0.01"/>
  <testcase name="test_synthetic_00324" classname="com.example.SyntheticSuite" time="0.01"/>
  <testcase name="test_synthetic_00325" classname="com.example.SyntheticSuite" time="0.01"/>
  <testcase name="test_synthetic_00326" classname="com.example.SyntheticSuite" time="0.01"/>
  <testcase name="test_synthetic_00327" classname="com.example.SyntheticSuite" time="0.01"/>
  <testcase name="test_synthetic_00328" classname="com.example.SyntheticSuite" time="0.01"/>
  <testcase name="test_synthetic_00329" classname="com.example.SyntheticSuite" time="0.01"/>
  <testcase name="test_synthetic_00330" classname="com.example.SyntheticSuite" time="0.01"/>
  <testcase name="test_synthetic_00331" classname="com.example.SyntheticSuite" time="0.01"/>
  <testcase name="test_synthetic_00332" classname="com.example.SyntheticSuite" time="0.01"/>
  <testcase name="test_synthetic_00333" classname="com.example.SyntheticSuite" time="0.01"/>
  <testcase name="test_synthetic_00334" classname="com.example.SyntheticSuite" time="0.01"/>
  <testcase name="test_synthetic_00335" classname="com.example.SyntheticSuite" time="0.01"/>
  <testcase name="test_synthetic_00336" classname="com.example.SyntheticSuite" time="0.01"/>
  <testcase name="test_synthetic_00337" classname="com.example.SyntheticSuite" time="0.01"/>
  <testcase name="test_synthetic_00338" classname="com.example.SyntheticSuite" time="0.01"/>
  <testcase name="test_synthetic_00339" classname="com.example.SyntheticSuite" time="0.01"/>
  <testcase name="test_synthetic_00340" classname="com.example.SyntheticSuite" time="0.01"/>
  <testcase name="test_synthetic_00341" classname="com.example.SyntheticSuite" time="0.01"/>
  <testcase name="test_synthetic_00342" classname="com.example.SyntheticSuite" time="0.01"/>
  <testcase name="test_synthetic_00343" classname="com.example.SyntheticSuite" time="0.01"/>
  <testcase name="test_synthetic_00344" classname="com.example.SyntheticSuite" time="0.01"/>
  <testcase name="test_synthetic_00345" classname="com.example.SyntheticSuite" time="0.01"/>
  <testcase name="test_synthetic_00346" classname="com.example.SyntheticSuite" time="0.01"/>
  <testcase name="test_synthetic_00347" classname="com.example.SyntheticSuite" time="0.01"/>
  <testcase name="test_synthetic_00348" classname="com.example.SyntheticSuite" time="0.01"/>
  <testcase name="test_synthetic_00349" classname="com.example.SyntheticSuite" time="0.01"/>
  <testcase name="test_synthetic_00350" classname="com.example.SyntheticSuite" time="0.01"/>
  <testcase name="test_synthetic_00351" classname="com.example.SyntheticSuite" time="0.01"/>
  <testcase name="test_synthetic_00352" classname="com.example.SyntheticSuite" time="0.01"/>
  <testcase name="test_synthetic_00353" classname="com.example.SyntheticSuite" time="0.01"/>
  <testcase name="test_synthetic_00354" classname="com.example.SyntheticSuite" time="0.01"/>
  <testcase name="test_synthetic_00355" classname="com.example.SyntheticSuite" time="0.01"/>
  <testcase name="test_synthetic_00356" classname="com.example.SyntheticSuite" time="0.01"/>
  <testcase name="test_synthetic_00357" classname="com.example.SyntheticSuite" time="0.01"/>
  <testcase name="test_synthetic_00358" classname="com.example.SyntheticSuite" time="0.01"/>
  <testcase name="test_synthetic_00359" classname="com.example.SyntheticSuite" time="0.01"/>
  <testcase name="test_synthetic_00360" classname="com.example.SyntheticSuite" time="0.01"/>
  <testcase name="test_synthetic_00361" classname="com.example.SyntheticSuite" time="0.01"/>
  <testcase name="test_synthetic_00362" classname="com.example.SyntheticSuite" time="0.01"/>
  <testcase name="test_synthetic_00363" classname="com.example.SyntheticSuite" time="0.01"/>
  <testcase name="test_synthetic_00364" classname="com.example.SyntheticSuite" time="0.01"/>
  <testcase name="test_synthetic_00365" classname="com.example.SyntheticSuite" time="0.01"/>
  <testcase name="test_synthetic_00366" classname="com.example.SyntheticSuite" time="0.01"/>
  <testcase name="test_synthetic_00367" classname="com.example.SyntheticSuite" time="0.01"/>
  <testcase name="test_synthetic_00368" classname="com.example.SyntheticSuite" time="0.01"/>
  <testcase name="test_synthetic_00369" classname="com.example.SyntheticSuite" time="0.01"/>
  <testcase name="test_synthetic_00370" classname="com.example.SyntheticSuite" time="0.01"/>
  <testcase name="test_synthetic_00371" classname="com.example.SyntheticSuite" time="0.01"/>
  <testcase name="test_synthetic_00372" classname="com.example.SyntheticSuite" time="0.01"/>
  <testcase name="test_synthetic_00373" classname="com.example.SyntheticSuite" time="0.01"/>
  <testcase name="test_synthetic_00374" classname="com.example.SyntheticSuite" time="0.01"/>
  <testcase name="test_synthetic_00375" classname="com.example.SyntheticSuite" time="0.01"/>
  <testcase name="test_synthetic_00376" classname="com.example.SyntheticSuite" time="0.01"/>
  <testcase name="test_synthetic_00377" classname="com.example.SyntheticSuite" time="0.01"/>
  <testcase name="test_synthetic_00378" classname="com.example.SyntheticSuite" time="0.01"/>
  <testcase name="test_synthetic_00379" classname="com.example.SyntheticSuite" time="0.01"/>
  <testcase name="test_synthetic_00380" classname="com.example.SyntheticSuite" time="0.01"/>
  <testcase name="test_synthetic_00381" classname="com.example.SyntheticSuite" time="0.01"/>
  <testcase name="test_synthetic_00382" classname="com.example.SyntheticSuite" time="0.01"/>
  <testcase name="test_synthetic_00383" classname="com.example.SyntheticSuite" time="0.01"/>
  <testcase name="test_synthetic_00384" classname="com.example.SyntheticSuite" time="0.01"/>
  <testcase name="test_synthetic_00385" classname="com.example.SyntheticSuite" time="0.01"/>
  <testcase name="test_synthetic_00386" classname="com.example.SyntheticSuite" time="0.01"/>
  <testcase name="test_synthetic_00387" classname="com.example.SyntheticSuite" time="0.01"/>
  <testcase name="test_synthetic_00388" classname="com.example.SyntheticSuite" time="0.01"/>
  <testcase name="test_synthetic_00389" classname="com.example.SyntheticSuite" time="0.01"/>
  <testcase name="test_synthetic_00390" classname="com.example.SyntheticSuite" time="0.01"/>
  <testcase name="test_synthetic_00391" classname="com.example.SyntheticSuite" time="0.01"/>
  <testcase name="test_synthetic_00392" classname="com.example.SyntheticSuite" time="0.01"/>
  <testcase name="test_synthetic_00393" classname="com.example.SyntheticSuite" time="0.01"/>
  <testcase name="test_synthetic_00394" classname="com.example.SyntheticSuite" time="0.01"/>
  <testcase name="test_synthetic_00395" classname="com.example.SyntheticSuite" time="0.01"/>
  <testcase name="test_synthetic_00396" classname="com.example.SyntheticSuite" time="0.01"/>
  <testcase name="test_synthetic_00397" classname="com.example.SyntheticSuite" time="0.01"/>
  <testcase name="test_synthetic_00398" classname="com.example.SyntheticSuite" time="0.01"/>
  <testcase name="test_synthetic_00399" classname="com.example.SyntheticSuite" time="0.01"/>
  <testcase name="test_synthetic_00400" classname="com.example.SyntheticSuite" time="0.01">
    <failure message="Synthetic failure at 400">Assertion failed at iteration 400</failure>
  </testcase>
  <testcase name="test_synthetic_00401" classname="com.example.SyntheticSuite" time="0.01"/>
  <testcase name="test_synthetic_00402" classname="com.example.SyntheticSuite" time="0.01"/>
  <testcase name="test_synthetic_00403" classname="com.example.SyntheticSuite" time="0.01"/>
  <testcase name="test_synthetic_00404" classname="com.example.SyntheticSuite" time="0.01"/>
  <testcase name="test_synthetic_00405" classname="com.example.SyntheticSuite" time="0.01"/>
  <testcase name="test_synthetic_00406" classname="com.example.SyntheticSuite" time="0.01"/>
  <testcase name="test_synthetic_00407" classname="com.example.SyntheticSuite" time="0.01"/>
  <testcase name="test_synthetic_00408" classname="com.example.SyntheticSuite" time="0.01"/>
  <testcase name="test_synthetic_00409" classname="com.example.SyntheticSuite" time="0.01"/>
  <testcase name="test_synthetic_00410" classname="com.example.SyntheticSuite" time="0.01"/>
  <testcase name="test_synthetic_00411" classname="com.example.SyntheticSuite" time="0.01"/>
  <testcase name="test_synthetic_00412" classname="com.example.SyntheticSuite" time="0.01"/>
  <testcase name="test_synthetic_00413" classname="com.example.SyntheticSuite" time="0.01"/>
  <testcase name="test_synthetic_00414" classname="com.example.SyntheticSuite" time="0.01"/>
  <testcase name="test_synthetic_00415" classname="com.example.SyntheticSuite" time="0.01"/>
  <testcase name="test_synthetic_00416" classname="com.example.SyntheticSuite" time="0.01"/>
  <testcase name="test_synthetic_00417" classname="com.example.SyntheticSuite" time="0.01"/>
  <testcase name="test_synthetic_00418" classname="com.example.SyntheticSuite" time="0.01"/>
  <testcase name="test_synthetic_00419" classname="com.example.SyntheticSuite" time="0.01"/>
  <testcase name="test_synthetic_00420" classname="com.example.SyntheticSuite" time="0.01"/>
  <testcase name="test_synthetic_00421" classname="com.example.SyntheticSuite" time="0.01"/>
  <testcase name="test_synthetic_00422" classname="com.example.SyntheticSuite" time="0.01"/>
  <testcase name="test_synthetic_00423" classname="com.example.SyntheticSuite" time="0.01"/>
  <testcase name="test_synthetic_00424" classname="com.example.SyntheticSuite" time="0.01"/>
  <testcase name="test_synthetic_00425" classname="com.example.SyntheticSuite" time="0.01"/>
  <testcase name="test_synthetic_00426" classname="com.example.SyntheticSuite" time="0.01"/>
  <testcase name="test_synthetic_00427" classname="com.example.SyntheticSuite" time="0.01"/>
  <testcase name="test_synthetic_00428" classname="com.example.SyntheticSuite" time="0.01"/>
  <testcase name="test_synthetic_00429" classname="com.example.SyntheticSuite" time="0.01"/>
  <testcase name="test_synthetic_00430" classname="com.example.SyntheticSuite" time="0.01"/>
  <testcase name="test_synthetic_00431" classname="com.example.SyntheticSuite" time="0.01"/>
  <testcase name="test_synthetic_00432" classname="com.example.SyntheticSuite" time="0.01"/>
  <testcase name="test_synthetic_00433" classname="com.example.SyntheticSuite" time="0.01"/>
  <testcase name="test_synthetic_00434" classname="com.example.SyntheticSuite" time="0.01"/>
  <testcase name="test_synthetic_00435" classname="com.example.SyntheticSuite" time="0.01"/>
  <testcase name="test_synthetic_00436" classname="com.example.SyntheticSuite" time="0.01"/>
  <testcase name="test_synthetic_00437" classname="com.example.SyntheticSuite" time="0.01"/>
  <testcase name="test_synthetic_00438" classname="com.example.SyntheticSuite" time="0.01"/>
  <testcase name="test_synthetic_00439" classname="com.example.SyntheticSuite" time="0.01"/>
  <testcase name="test_synthetic_00440" classname="com.example.SyntheticSuite" time="0.01"/>
  <testcase name="test_synthetic_00441" classname="com.example.SyntheticSuite" time="0.01"/>
  <testcase name="test_synthetic_00442" classname="com.example.SyntheticSuite" time="0.01"/>
  <testcase name="test_synthetic_00443" classname="com.example.SyntheticSuite" time="0.01"/>
  <testcase name="test_synthetic_00444" classname="com.example.SyntheticSuite" time="0.01"/>
  <testcase name="test_synthetic_00445" classname="com.example.SyntheticSuite" time="0.01"/>
  <testcase name="test_synthetic_00446" classname="com.example.SyntheticSuite" time="0.01"/>
  <testcase name="test_synthetic_00447" classname="com.example.SyntheticSuite" time="0.01"/>
  <testcase name="test_synthetic_00448" classname="com.example.SyntheticSuite" time="0.01"/>
  <testcase name="test_synthetic_00449" classname="com.example.SyntheticSuite" time="0.01"/>
  <testcase name="test_synthetic_00450" classname="com.example.SyntheticSuite" time="0.01"/>
  <testcase name="test_synthetic_00451" classname="com.example.SyntheticSuite" time="0.01"/>
  <testcase name="test_synthetic_00452" classname="com.example.SyntheticSuite" time="0.01"/>
  <testcase name="test_synthetic_00453" classname="com.example.SyntheticSuite" time="0.01"/>
  <testcase name="test_synthetic_00454" classname="com.example.SyntheticSuite" time="0.01"/>
  <testcase name="test_synthetic_00455" classname="com.example.SyntheticSuite" time="0.01"/>
  <testcase name="test_synthetic_00456" classname="com.example.SyntheticSuite" time="0.01"/>
  <testcase name="test_synthetic_00457" classname="com.example.SyntheticSuite" time="0.01"/>
  <testcase name="test_synthetic_00458" classname="com.example.SyntheticSuite" time="0.01"/>
  <testcase name="test_synthetic_00459" classname="com.example.SyntheticSuite" time="0.01"/>
  <testcase name="test_synthetic_00460" classname="com.example.SyntheticSuite" time="0.01"/>
  <testcase name="test_synthetic_00461" classname="com.example.SyntheticSuite" time="0.01"/>
  <testcase name="test_synthetic_00462" classname="com.example.SyntheticSuite" time="0.01"/>
  <testcase name="test_synthetic_00463" classname="com.example.SyntheticSuite" time="0.01"/>
  <testcase name="test_synthetic_00464" classname="com.example.SyntheticSuite" time="0.01"/>
  <testcase name="test_synthetic_00465" classname="com.example.SyntheticSuite" time="0.01"/>
  <testcase name="test_synthetic_00466" classname="com.example.SyntheticSuite" time="0.01"/>
  <testcase name="test_synthetic_00467" classname="com.example.SyntheticSuite" time="0.01"/>
  <testcase name="test_synthetic_00468" classname="com.example.SyntheticSuite" time="0.01"/>
  <testcase name="test_synthetic_00469" classname="com.example.SyntheticSuite" time="0.01"/>
  <testcase name="test_synthetic_00470" classname="com.example.SyntheticSuite" time="0.01"/>
  <testcase name="test_synthetic_00471" classname="com.example.SyntheticSuite" time="0.01"/>
  <testcase name="test_synthetic_00472" classname="com.example.SyntheticSuite" time="0.01"/>
  <testcase name="test_synthetic_00473" classname="com.example.SyntheticSuite" time="0.01"/>
  <testcase name="test_synthetic_00474" classname="com.example.SyntheticSuite" time="0.01"/>
  <testcase name="test_synthetic_00475" classname="com.example.SyntheticSuite" time="0.01"/>
  <testcase name="test_synthetic_00476" classname="com.example.SyntheticSuite" time="0.01"/>
  <testcase name="test_synthetic_00477" classname="com.example.SyntheticSuite" time="0.01"/>
  <testcase name="test_synthetic_00478" classname="com.example.SyntheticSuite" time="0.01"/>
  <testcase name="test_synthetic_00479" classname="com.example.SyntheticSuite" time="0.01"/>
  <testcase name="test_synthetic_00480" classname="com.example.SyntheticSuite" time="0.01"/>
  <testcase name="test_synthetic_00481" classname="com.example.SyntheticSuite" time="0.01"/>
  <testcase name="test_synthetic_00482" classname="com.example.SyntheticSuite" time="0.01"/>
  <testcase name="test_synthetic_00483" classname="com.example.SyntheticSuite" time="0.01"/>
  <testcase name="test_synthetic_00484" classname="com.example.SyntheticSuite" time="0.01"/>
  <testcase name="test_synthetic_00485" classname="com.example.SyntheticSuite" time="0.01"/>
  <testcase name="test_synthetic_00486" classname="com.example.SyntheticSuite" time="0.01"/>
  <testcase name="test_synthetic_00487" classname="com.example.SyntheticSuite" time="0.01"/>
  <testcase name="test_synthetic_00488" classname="com.example.SyntheticSuite" time="0.01"/>
  <testcase name="test_synthetic_00489" classname="com.example.SyntheticSuite" time="0.01"/>
  <testcase name="test_synthetic_00490" classname="com.example.SyntheticSuite" time="0.01"/>
  <testcase name="test_synthetic_00491" classname="com.example.SyntheticSuite" time="0.01"/>
  <testcase name="test_synthetic_00492" classname="com.example.SyntheticSuite" time="0.01"/>
  <testcase name="test_synthetic_00493" classname="com.example.SyntheticSuite" time="0.01"/>
  <testcase name="test_synthetic_00494" classname="com.example.SyntheticSuite" time="0.01"/>
  <testcase name="test_synthetic_00495" classname="com.example.SyntheticSuite" time="0.01"/>
  <testcase name="test_synthetic_00496" classname="com.example.SyntheticSuite" time="0.01"/>
  <testcase name="test_synthetic_00497" classname="com.example.SyntheticSuite" time="0.01"/>
  <testcase name="test_synthetic_00498" classname="com.example.SyntheticSuite" time="0.01"/>
  <testcase name="test_synthetic_00499" classname="com.example.SyntheticSuite" time="0.01"/>
  <testcase name="test_synthetic_00500" classname="com.example.SyntheticSuite" time="0.01">
    <failure message="Synthetic failure at 500">Assertion failed at iteration 500</failure>
  </testcase>
  <testcase name="test_synthetic_00501" classname="com.example.SyntheticSuite" time="0.01"/>
  <testcase name="test_synthetic_00502" classname="com.example.SyntheticSuite" time="0.01"/>
  <testcase name="test_synthetic_00503" classname="com.example.SyntheticSuite" time="0.01"/>
  <testcase name="test_synthetic_00504" classname="com.example.SyntheticSuite" time="0.01"/>
  <testcase name="test_synthetic_00505" classname="com.example.SyntheticSuite" time="0.01"/>
  <testcase name="test_synthetic_00506" classname="com.example.SyntheticSuite" time="0.01"/>
  <testcase name="test_synthetic_00507" classname="com.example.SyntheticSuite" time="0.01"/>
  <testcase name="test_synthetic_00508" classname="com.example.SyntheticSuite" time="0.01"/>
  <testcase name="test_synthetic_00509" classname="com.example.SyntheticSuite" time="0.01"/>
  <testcase name="test_synthetic_00510" classname="com.example.SyntheticSuite" time="0.01"/>
  <testcase name="test_synthetic_00511" classname="com.example.SyntheticSuite" time="0.01"/>
  <testcase name="test_synthetic_00512" classname="com.example.SyntheticSuite" time="0.01"/>
  <testcase name="test_synthetic_00513" classname="com.example.SyntheticSuite" time="0.01"/>
  <testcase name="test_synthetic_00514" classname="com.example.SyntheticSuite" time="0.01"/>
  <testcase name="test_synthetic_00515" classname="com.example.SyntheticSuite" time="0.01"/>
  <testcase name="test_synthetic_00516" classname="com.example.SyntheticSuite" time="0.01"/>
  <testcase name="test_synthetic_00517" classname="com.example.SyntheticSuite" time="0.01"/>
  <testcase name="test_synthetic_00518" classname="com.example.SyntheticSuite" time="0.01"/>
  <testcase name="test_synthetic_00519" classname="com.example.SyntheticSuite" time="0.01"/>
  <testcase name="test_synthetic_00520" classname="com.example.SyntheticSuite" time="0.01"/>
  <testcase name="test_synthetic_00521" classname="com.example.SyntheticSuite" time="0.01"/>
  <testcase name="test_synthetic_00522" classname="com.example.SyntheticSuite" time="0.01"/>
  <testcase name="test_synthetic_00523" classname="com.example.SyntheticSuite" time="0.01"/>
  <testcase name="test_synthetic_00524" classname="com.example.SyntheticSuite" time="0.01"/>
  <testcase name="test_synthetic_00525" classname="com.example.SyntheticSuite" time="0.01"/>
  <testcase name="test_synthetic_00526" classname="com.example.SyntheticSuite" time="0.01"/>
  <testcase name="test_synthetic_00527" classname="com.example.SyntheticSuite" time="0.01"/>
  <testcase name="test_synthetic_00528" classname="com.example.SyntheticSuite" time="0.01"/>
  <testcase name="test_synthetic_00529" classname="com.example.SyntheticSuite" time="0.01"/>
  <testcase name="test_synthetic_00530" classname="com.example.SyntheticSuite" time="0.01"/>
  <testcase name="test_synthetic_00531" classname="com.example.SyntheticSuite" time="0.01"/>
  <testcase name="test_synthetic_00532" classname="com.example.SyntheticSuite" time="0.01"/>
  <testcase name="test_synthetic_00533" classname="com.example.SyntheticSuite" time="0.01"/>
  <testcase name="test_synthetic_00534" classname="com.example.SyntheticSuite" time="0.01"/>
  <testcase name="test_synthetic_00535" classname="com.example.SyntheticSuite" time="0.01"/>
  <testcase name="test_synthetic_00536" classname="com.example.SyntheticSuite" time="0.01"/>
  <testcase name="test_synthetic_00537" classname="com.example.SyntheticSuite" time="0.01"/>
  <testcase name="test_synthetic_00538" classname="com.example.SyntheticSuite" time="0.01"/>
  <testcase name="test_synthetic_00539" classname="com.example.SyntheticSuite" time="0.01"/>
  <testcase name="test_synthetic_00540" classname="com.example.SyntheticSuite" time="0.01"/>
  <testcase name="test_synthetic_00541" classname="com.example.SyntheticSuite" time="0.01"/>
  <testcase name="test_synthetic_00542" classname="com.example.SyntheticSuite" time="0.01"/>
  <testcase name="test_synthetic_00543" classname="com.example.SyntheticSuite" time="0.01"/>
  <testcase name="test_synthetic_00544" classname="com.example.SyntheticSuite" time="0.01"/>
  <testcase name="test_synthetic_00545" classname="com.example.SyntheticSuite" time="0.01"/>
  <testcase name="test_synthetic_00546" classname="com.example.SyntheticSuite" time="0.01"/>
  <testcase name="test_synthetic_00547" classname="com.example.SyntheticSuite" time="0.01"/>
  <testcase name="test_synthetic_00548" classname="com.example.SyntheticSuite" time="0.01"/>
  <testcase name="test_synthetic_00549" classname="com.example.SyntheticSuite" time="0.01"/>
  <testcase name="test_synthetic_00550" classname="com.example.SyntheticSuite" time="0.01"/>
  <testcase name="test_synthetic_00551" classname="com.example.SyntheticSuite" time="0.01"/>
  <testcase name="test_synthetic_00552" classname="com.example.SyntheticSuite" time="0.01"/>
  <testcase name="test_synthetic_00553" classname="com.example.SyntheticSuite" time="0.01"/>
  <testcase name="test_synthetic_00554" classname="com.example.SyntheticSuite" time="0.01"/>
  <testcase name="test_synthetic_00555" classname="com.example.SyntheticSuite" time="0.01"/>
  <testcase name="test_synthetic_00556" classname="com.example.SyntheticSuite" time="0.01"/>
  <testcase name="test_synthetic_00557" classname="com.example.SyntheticSuite" time="0.01"/>
  <testcase name="test_synthetic_00558" classname="com.example.SyntheticSuite" time="0.01"/>
  <testcase name="test_synthetic_00559" classname="com.example.SyntheticSuite" time="0.01"/>
  <testcase name="test_synthetic_00560" classname="com.example.SyntheticSuite" time="0.01"/>
  <testcase name="test_synthetic_00561" classname="com.example.SyntheticSuite" time="0.01"/>
  <testcase name="test_synthetic_00562" classname="com.example.SyntheticSuite" time="0.01"/>
  <testcase name="test_synthetic_00563" classname="com.example.SyntheticSuite" time="0.01"/>
  <testcase name="test_synthetic_00564" classname="com.example.SyntheticSuite" time="0.01"/>
  <testcase name="test_synthetic_00565" classname="com.example.SyntheticSuite" time="0.01"/>
  <testcase name="test_synthetic_00566" classname="com.example.SyntheticSuite" time="0.01"/>
  <testcase name="test_synthetic_00567" classname="com.example.SyntheticSuite" time="0.01"/>
  <testcase name="test_synthetic_00568" classname="com.example.SyntheticSuite" time="0.01"/>
  <testcase name="test_synthetic_00569" classname="com.example.SyntheticSuite" time="0.01"/>
  <testcase name="test_synthetic_00570" classname="com.example.SyntheticSuite" time="0.01"/>
  <testcase name="test_synthetic_00571" classname="com.example.SyntheticSuite" time="0.01"/>
  <testcase name="test_synthetic_00572" classname="com.example.SyntheticSuite" time="0.01"/>
  <testcase name="test_synthetic_00573" classname="com.example.SyntheticSuite" time="0.01"/>
  <testcase name="test_synthetic_00574" classname="com.example.SyntheticSuite" time="0.01"/>
  <testcase name="test_synthetic_00575" classname="com.example.SyntheticSuite" time="0.01"/>
  <testcase name="test_synthetic_00576" classname="com.example.SyntheticSuite" time="0.01"/>
  <testcase name="test_synthetic_00577" classname="com.example.SyntheticSuite" time="0.01"/>
  <testcase name="test_synthetic_00578" classname="com.example.SyntheticSuite" time="0.01"/>
  <testcase name="test_synthetic_00579" classname="com.example.SyntheticSuite" time="0.01"/>
  <testcase name="test_synthetic_00580" classname="com.example.SyntheticSuite" time="0.01"/>
  <testcase name="test_synthetic_00581" classname="com.example.SyntheticSuite" time="0.01"/>
  <testcase name="test_synthetic_00582" classname="com.example.SyntheticSuite" time="0.01"/>
  <testcase name="test_synthetic_00583" classname="com.example.SyntheticSuite" time="0.01"/>
  <testcase name="test_synthetic_00584" classname="com.example.SyntheticSuite" time="0.01"/>
  <testcase name="test_synthetic_00585" classname="com.example.SyntheticSuite" time="0.01"/>
  <testcase name="test_synthetic_00586" classname="com.example.SyntheticSuite" time="0.01"/>
  <testcase name="test_synthetic_00587" classname="com.example.SyntheticSuite" time="0.01"/>
  <testcase name="test_synthetic_00588" classname="com.example.SyntheticSuite" time="0.01"/>
  <testcase name="test_synthetic_00589" classname="com.example.SyntheticSuite" time="0.01"/>
  <testcase name="test_synthetic_00590" classname="com.example.SyntheticSuite" time="0.01"/>
  <testcase name="test_synthetic_00591" classname="com.example.SyntheticSuite" time="0.01"/>
  <testcase name="test_synthetic_00592" classname="com.example.SyntheticSuite" time="0.01"/>
  <testcase name="test_synthetic_00593" classname="com.example.SyntheticSuite" time="0.01"/>
  <testcase name="test_synthetic_00594" classname="com.example.SyntheticSuite" time="0.01"/>
  <testcase name="test_synthetic_00595" classname="com.example.SyntheticSuite" time="0.01"/>
  <testcase name="test_synthetic_00596" classname="com.example.SyntheticSuite" time="0.01"/>
  <testcase name="test_synthetic_00597" classname="com.example.SyntheticSuite" time="0.01"/>
  <testcase name="test_synthetic_00598" classname="com.example.SyntheticSuite" time="0.01"/>
  <testcase name="test_synthetic_00599" classname="com.example.SyntheticSuite" time="0.01"/>
  <testcase name="test_synthetic_00600" classname="com.example.SyntheticSuite" time="0.01">
    <failure message="Synthetic failure at 600">Assertion failed at iteration 600</failure>
  </testcase>
  <testcase name="test_synthetic_00601" classname="com.example.SyntheticSuite" time="0.01"/>
  <testcase name="test_synthetic_00602" classname="com.example.SyntheticSuite" time="0.01"/>
  <testcase name="test_synthetic_00603" classname="com.example.SyntheticSuite" time="0.01"/>
  <testcase name="test_synthetic_00604" classname="com.example.SyntheticSuite" time="0.01"/>
  <testcase name="test_synthetic_00605" classname="com.example.SyntheticSuite" time="0.01"/>
  <testcase name="test_synthetic_00606" classname="com.example.SyntheticSuite" time="0.01"/>
  <testcase name="test_synthetic_00607" classname="com.example.SyntheticSuite" time="0.01"/>
  <testcase name="test_synthetic_00608" classname="com.example.SyntheticSuite" time="0.01"/>
  <testcase name="test_synthetic_00609" classname="com.example.SyntheticSuite" time="0.01"/>
  <testcase name="test_synthetic_00610" classname="com.example.SyntheticSuite" time="0.01"/>
  <testcase name="test_synthetic_00611" classname="com.example.SyntheticSuite" time="0.01"/>
  <testcase name="test_synthetic_00612" classname="com.example.SyntheticSuite" time="0.01"/>
  <testcase name="test_synthetic_00613" classname="com.example.SyntheticSuite" time="0.01"/>
  <testcase name="test_synthetic_00614" classname="com.example.SyntheticSuite" time="0.01"/>
  <testcase name="test_synthetic_00615" classname="com.example.SyntheticSuite" time="0.01"/>
  <testcase name="test_synthetic_00616" classname="com.example.SyntheticSuite" time="0.01"/>
  <testcase name="test_synthetic_00617" classname="com.example.SyntheticSuite" time="0.01"/>
  <testcase name="test_synthetic_00618" classname="com.example.SyntheticSuite" time="0.01"/>
  <testcase name="test_synthetic_00619" classname="com.example.SyntheticSuite" time="0.01"/>
  <testcase name="test_synthetic_00620" classname="com.example.SyntheticSuite" time="0.01"/>
  <testcase name="test_synthetic_00621" classname="com.example.SyntheticSuite" time="0.01"/>
  <testcase name="test_synthetic_00622" classname="com.example.SyntheticSuite" time="0.01"/>
  <testcase name="test_synthetic_00623" classname="com.example.SyntheticSuite" time="0.01"/>
  <testcase name="test_synthetic_00624" classname="com.example.SyntheticSuite" time="0.01"/>
  <testcase name="test_synthetic_00625" classname="com.example.SyntheticSuite" time="0.01"/>
  <testcase name="test_synthetic_00626" classname="com.example.SyntheticSuite" time="0.01"/>
  <testcase name="test_synthetic_00627" classname="com.example.SyntheticSuite" time="0.01"/>
  <testcase name="test_synthetic_00628" classname="com.example.SyntheticSuite" time="0.01"/>
  <testcase name="test_synthetic_00629" classname="com.example.SyntheticSuite" time="0.01"/>
  <testcase name="test_synthetic_00630" classname="com.example.SyntheticSuite" time="0.01"/>
  <testcase name="test_synthetic_00631" classname="com.example.SyntheticSuite" time="0.01"/>
  <testcase name="test_synthetic_00632" classname="com.example.SyntheticSuite" time="0.01"/>
  <testcase name="test_synthetic_00633" classname="com.example.SyntheticSuite" time="0.01"/>
  <testcase name="test_synthetic_00634" classname="com.example.SyntheticSuite" time="0.01"/>
  <testcase name="test_synthetic_00635" classname="com.example.SyntheticSuite" time="0.01"/>
  <testcase name="test_synthetic_00636" classname="com.example.SyntheticSuite" time="0.01"/>
  <testcase name="test_synthetic_00637" classname="com.example.SyntheticSuite" time="0.01"/>
  <testcase name="test_synthetic_00638" classname="com.example.SyntheticSuite" time="0.01"/>
  <testcase name="test_synthetic_00639" classname="com.example.SyntheticSuite" time="0.01"/>
  <testcase name="test_synthetic_00640" classname="com.example.SyntheticSuite" time="0.01"/>
  <testcase name="test_synthetic_00641" classname="com.example.SyntheticSuite" time="0.01"/>
  <testcase name="test_synthetic_00642" classname="com.example.SyntheticSuite" time="0.01"/>
  <testcase name="test_synthetic_00643" classname="com.example.SyntheticSuite" time="0.01"/>
  <testcase name="test_synthetic_00644" classname="com.example.SyntheticSuite" time="0.01"/>
  <testcase name="test_synthetic_00645" classname="com.example.SyntheticSuite" time="0.01"/>
  <testcase name="test_synthetic_00646" classname="com.example.SyntheticSuite" time="0.01"/>
  <testcase name="test_synthetic_00647" classname="com.example.SyntheticSuite" time="0.01"/>
  <testcase name="test_synthetic_00648" classname="com.example.SyntheticSuite" time="0.01"/>
  <testcase name="test_synthetic_00649" classname="com.example.SyntheticSuite" time="0.01"/>
  <testcase name="test_synthetic_00650" classname="com.example.SyntheticSuite" time="0.01"/>
  <testcase name="test_synthetic_00651" classname="com.example.SyntheticSuite" time="0.01"/>
  <testcase name="test_synthetic_00652" classname="com.example.SyntheticSuite" time="0.01"/>
  <testcase name="test_synthetic_00653" classname="com.example.SyntheticSuite" time="0.01"/>
  <testcase name="test_synthetic_00654" classname="com.example.SyntheticSuite" time="0.01"/>
  <testcase name="test_synthetic_00655" classname="com.example.SyntheticSuite" time="0.01"/>
  <testcase name="test_synthetic_00656" classname="com.example.SyntheticSuite" time="0.01"/>
  <testcase name="test_synthetic_00657" classname="com.example.SyntheticSuite" time="0.01"/>
  <testcase name="test_synthetic_00658" classname="com.example.SyntheticSuite" time="0.01"/>
  <testcase name="test_synthetic_00659" classname="com.example.SyntheticSuite" time="0.01"/>
  <testcase name="test_synthetic_00660" classname="com.example.SyntheticSuite" time="0.01"/>
  <testcase name="test_synthetic_00661" classname="com.example.SyntheticSuite" time="0.01"/>
  <testcase name="test_synthetic_00662" classname="com.example.SyntheticSuite" time="0.01"/>
  <testcase name="test_synthetic_00663" classname="com.example.SyntheticSuite" time="0.01"/>
  <testcase name="test_synthetic_00664" classname="com.example.SyntheticSuite" time="0.01"/>
  <testcase name="test_synthetic_00665" classname="com.example.SyntheticSuite" time="0.01"/>
  <testcase name="test_synthetic_00666" classname="com.example.SyntheticSuite" time="0.01"/>
  <testcase name="test_synthetic_00667" classname="com.example.SyntheticSuite" time="0.01"/>
  <testcase name="test_synthetic_00668" classname="com.example.SyntheticSuite" time="0.01"/>
  <testcase name="test_synthetic_00669" classname="com.example.SyntheticSuite" time="0.01"/>
  <testcase name="test_synthetic_00670" classname="com.example.SyntheticSuite" time="0.01"/>
  <testcase name="test_synthetic_00671" classname="com.example.SyntheticSuite" time="0.01"/>
  <testcase name="test_synthetic_00672" classname="com.example.SyntheticSuite" time="0.01"/>
  <testcase name="test_synthetic_00673" classname="com.example.SyntheticSuite" time="0.01"/>
  <testcase name="test_synthetic_00674" classname="com.example.SyntheticSuite" time="0.01"/>
  <testcase name="test_synthetic_00675" classname="com.example.SyntheticSuite" time="0.01"/>
  <testcase name="test_synthetic_00676" classname="com.example.SyntheticSuite" time="0.01"/>
  <testcase name="test_synthetic_00677" classname="com.example.SyntheticSuite" time="0.01"/>
  <testcase name="test_synthetic_00678" classname="com.example.SyntheticSuite" time="0.01"/>
  <testcase name="test_synthetic_00679" classname="com.example.SyntheticSuite" time="0.01"/>
  <testcase name="test_synthetic_00680" classname="com.example.SyntheticSuite" time="0.01"/>
  <testcase name="test_synthetic_00681" classname="com.example.SyntheticSuite" time="0.01"/>
  <testcase name="test_synthetic_00682" classname="com.example.SyntheticSuite" time="0.01"/>
  <testcase name="test_synthetic_00683" classname="com.example.SyntheticSuite" time="0.01"/>
  <testcase name="test_synthetic_00684" classname="com.example.SyntheticSuite" time="0.01"/>
  <testcase name="test_synthetic_00685" classname="com.example.SyntheticSuite" time="0.01"/>
  <testcase name="test_synthetic_00686" classname="com.example.SyntheticSuite" time="0.01"/>
  <testcase name="test_synthetic_00687" classname="com.example.SyntheticSuite" time="0.01"/>
  <testcase name="test_synthetic_00688" classname="com.example.SyntheticSuite" time="0.01"/>
  <testcase name="test_synthetic_00689" classname="com.example.SyntheticSuite" time="0.01"/>
  <testcase name="test_synthetic_00690" classname="com.example.SyntheticSuite" time="0.01"/>
  <testcase name="test_synthetic_00691" classname="com.example.SyntheticSuite" time="0.01"/>
  <testcase name="test_synthetic_00692" classname="com.example.SyntheticSuite" time="0.01"/>
  <testcase name="test_synthetic_00693" classname="com.example.SyntheticSuite" time="0.01"/>
  <testcase name="test_synthetic_00694" classname="com.example.SyntheticSuite" time="0.01"/>
  <testcase name="test_synthetic_00695" classname="com.example.SyntheticSuite" time="0.01"/>
  <testcase name="test_synthetic_00696" classname="com.example.SyntheticSuite" time="0.01"/>
  <testcase name="test_synthetic_00697" classname="com.example.SyntheticSuite" time="0.01"/>
  <testcase name="test_synthetic_00698" classname="com.example.SyntheticSuite" time="0.01"/>
  <testcase name="test_synthetic_00699" classname="com.example.SyntheticSuite" time="0.01"/>
  <testcase name="test_synthetic_00700" classname="com.example.SyntheticSuite" time="0.01">
    <failure message="Synthetic failure at 700">Assertion failed at iteration 700</failure>
  </testcase>
  <testcase name="test_synthetic_00701" classname="com.example.SyntheticSuite" time="0.01"/>
  <testcase name="test_synthetic_00702" classname="com.example.SyntheticSuite" time="0.01"/>
  <testcase name="test_synthetic_00703" classname="com.example.SyntheticSuite" time="0.01"/>
  <testcase name="test_synthetic_00704" classname="com.example.SyntheticSuite" time="0.01"/>
  <testcase name="test_synthetic_00705" classname="com.example.SyntheticSuite" time="0.01"/>
  <testcase name="test_synthetic_00706" classname="com.example.SyntheticSuite" time="0.01"/>
  <testcase name="test_synthetic_00707" classname="com.example.SyntheticSuite" time="0.01"/>
  <testcase name="test_synthetic_00708" classname="com.example.SyntheticSuite" time="0.01"/>
  <testcase name="test_synthetic_00709" classname="com.example.SyntheticSuite" time="0.01"/>
  <testcase name="test_synthetic_00710" classname="com.example.SyntheticSuite" time="0.01"/>
  <testcase name="test_synthetic_00711" classname="com.example.SyntheticSuite" time="0.01"/>
  <testcase name="test_synthetic_00712" classname="com.example.SyntheticSuite" time="0.01"/>
  <testcase name="test_synthetic_00713" classname="com.example.SyntheticSuite" time="0.01"/>
  <testcase name="test_synthetic_00714" classname="com.example.SyntheticSuite" time="0.01"/>
  <testcase name="test_synthetic_00715" classname="com.example.SyntheticSuite" time="0.01"/>
  <testcase name="test_synthetic_00716" classname="com.example.SyntheticSuite" time="0.01"/>
  <testcase name="test_synthetic_00717" classname="com.example.SyntheticSuite" time="0.01"/>
  <testcase name="test_synthetic_00718" classname="com.example.SyntheticSuite" time="0.01"/>
  <testcase name="test_synthetic_00719" classname="com.example.SyntheticSuite" time="0.01"/>
  <testcase name="test_synthetic_00720" classname="com.example.SyntheticSuite" time="0.01"/>
  <testcase name="test_synthetic_00721" classname="com.example.SyntheticSuite" time="0.01"/>
  <testcase name="test_synthetic_00722" classname="com.example.SyntheticSuite" time="0.01"/>
  <testcase name="test_synthetic_00723" classname="com.example.SyntheticSuite" time="0.01"/>
  <testcase name="test_synthetic_00724" classname="com.example.SyntheticSuite" time="0.01"/>
  <testcase name="test_synthetic_00725" classname="com.example.SyntheticSuite" time="0.01"/>
  <testcase name="test_synthetic_00726" classname="com.example.SyntheticSuite" time="0.01"/>
  <testcase name="test_synthetic_00727" classname="com.example.SyntheticSuite" time="0.01"/>
  <testcase name="test_synthetic_00728" classname="com.example.SyntheticSuite" time="0.01"/>
  <testcase name="test_synthetic_00729" classname="com.example.SyntheticSuite" time="0.01"/>
  <testcase name="test_synthetic_00730" classname="com.example.SyntheticSuite" time="0.01"/>
  <testcase name="test_synthetic_00731" classname="com.example.SyntheticSuite" time="0.01"/>
  <testcase name="test_synthetic_00732" classname="com.example.SyntheticSuite" time="0.01"/>
  <testcase name="test_synthetic_00733" classname="com.example.SyntheticSuite" time="0.01"/>
  <testcase name="test_synthetic_00734" classname="com.example.SyntheticSuite" time="0.01"/>
  <testcase name="test_synthetic_00735" classname="com.example.SyntheticSuite" time="0.01"/>
  <testcase name="test_synthetic_00736" classname="com.example.SyntheticSuite" time="0.01"/>
  <testcase name="test_synthetic_00737" classname="com.example.SyntheticSuite" time="0.01"/>
  <testcase name="test_synthetic_00738" classname="com.example.SyntheticSuite" time="0.01"/>
  <testcase name="test_synthetic_00739" classname="com.example.SyntheticSuite" time="0.01"/>
  <testcase name="test_synthetic_00740" classname="com.example.SyntheticSuite" time="0.01"/>
  <testcase name="test_synthetic_00741" classname="com.example.SyntheticSuite" time="0.01"/>
  <testcase name="test_synthetic_00742" classname="com.example.SyntheticSuite" time="0.01"/>
  <testcase name="test_synthetic_00743" classname="com.example.SyntheticSuite" time="0.01"/>
  <testcase name="test_synthetic_00744" classname="com.example.SyntheticSuite" time="0.01"/>
  <testcase name="test_synthetic_00745" classname="com.example.SyntheticSuite" time="0.01"/>
  <testcase name="test_synthetic_00746" classname="com.example.SyntheticSuite" time="0.01"/>
  <testcase name="test_synthetic_00747" classname="com.example.SyntheticSuite" time="0.01"/>
  <testcase name="test_synthetic_00748" classname="com.example.SyntheticSuite" time="0.01"/>
  <testcase name="test_synthetic_00749" classname="com.example.SyntheticSuite" time="0.01"/>
  <testcase name="test_synthetic_00750" classname="com.example.SyntheticSuite" time="0.01"/>
  <testcase name="test_synthetic_00751" classname="com.example.SyntheticSuite" time="0.01"/>
  <testcase name="test_synthetic_00752" classname="com.example.SyntheticSuite" time="0.01"/>
  <testcase name="test_synthetic_00753" classname="com.example.SyntheticSuite" time="0.01"/>
  <testcase name="test_synthetic_00754" classname="com.example.SyntheticSuite" time="0.01"/>
  <testcase name="test_synthetic_00755" classname="com.example.SyntheticSuite" time="0.01"/>
  <testcase name="test_synthetic_00756" classname="com.example.SyntheticSuite" time="0.01"/>
  <testcase name="test_synthetic_00757" classname="com.example.SyntheticSuite" time="0.01"/>
  <testcase name="test_synthetic_00758" classname="com.example.SyntheticSuite" time="0.01"/>
  <testcase name="test_synthetic_00759" classname="com.example.SyntheticSuite" time="0.01"/>
  <testcase name="test_synthetic_00760" classname="com.example.SyntheticSuite" time="0.01"/>
  <testcase name="test_synthetic_00761" classname="com.example.SyntheticSuite" time="0.01"/>
  <testcase name="test_synthetic_00762" classname="com.example.SyntheticSuite" time="0.01"/>
  <testcase name="test_synthetic_00763" classname="com.example.SyntheticSuite" time="0.01"/>
  <testcase name="test_synthetic_00764" classname="com.example.SyntheticSuite" time="0.01"/>
  <testcase name="test_synthetic_00765" classname="com.example.SyntheticSuite" time="0.01"/>
  <testcase name="test_synthetic_00766" classname="com.example.SyntheticSuite" time="0.01"/>
  <testcase name="test_synthetic_00767" classname="com.example.SyntheticSuite" time="0.01"/>
  <testcase name="test_synthetic_00768" classname="com.example.SyntheticSuite" time="0.01"/>
  <testcase name="test_synthetic_00769" classname="com.example.SyntheticSuite" time="0.01"/>
  <testcase name="test_synthetic_00770" classname="com.example.SyntheticSuite" time="0.01"/>
  <testcase name="test_synthetic_00771" classname="com.example.SyntheticSuite" time="0.01"/>
  <testcase name="test_synthetic_00772" classname="com.example.SyntheticSuite" time="0.01"/>
  <testcase name="test_synthetic_00773" classname="com.example.SyntheticSuite" time="0.01"/>
  <testcase name="test_synthetic_00774" classname="com.example.SyntheticSuite" time="0.01"/>
  <testcase name="test_synthetic_00775" classname="com.example.SyntheticSuite" time="0.01"/>
  <testcase name="test_synthetic_00776" classname="com.example.SyntheticSuite" time="0.01"/>
  <testcase name="test_synthetic_00777" classname="com.example.SyntheticSuite" time="0.01"/>
  <testcase name="test_synthetic_00778" classname="com.example.SyntheticSuite" time="0.01"/>
  <testcase name="test_synthetic_00779" classname="com.example.SyntheticSuite" time="0.01"/>
  <testcase name="test_synthetic_00780" classname="com.example.SyntheticSuite" time="0.01"/>
  <testcase name="test_synthetic_00781" classname="com.example.SyntheticSuite" time="0.01"/>
  <testcase name="test_synthetic_00782" classname="com.example.SyntheticSuite" time="0.01"/>
  <testcase name="test_synthetic_00783" classname="com.example.SyntheticSuite" time="0.01"/>
  <testcase name="test_synthetic_00784" classname="com.example.SyntheticSuite" time="0.01"/>
  <testcase name="test_synthetic_00785" classname="com.example.SyntheticSuite" time="0.01"/>
  <testcase name="test_synthetic_00786" classname="com.example.SyntheticSuite" time="0.01"/>
  <testcase name="test_synthetic_00787" classname="com.example.SyntheticSuite" time="0.01"/>
  <testcase name="test_synthetic_00788" classname="com.example.SyntheticSuite" time="0.01"/>
  <testcase name="test_synthetic_00789" classname="com.example.SyntheticSuite" time="0.01"/>
  <testcase name="test_synthetic_00790" classname="com.example.SyntheticSuite" time="0.01"/>
  <testcase name="test_synthetic_00791" classname="com.example.SyntheticSuite" time="0.01"/>
  <testcase name="test_synthetic_00792" classname="com.example.SyntheticSuite" time="0.01"/>
  <testcase name="test_synthetic_00793" classname="com.example.SyntheticSuite" time="0.01"/>
  <testcase name="test_synthetic_00794" classname="com.example.SyntheticSuite" time="0.01"/>
  <testcase name="test_synthetic_00795" classname="com.example.SyntheticSuite" time="0.01"/>
  <testcase name="test_synthetic_00796" classname="com.example.SyntheticSuite" time="0.01"/>
  <testcase name="test_synthetic_00797" classname="com.example.SyntheticSuite" time="0.01"/>
  <testcase name="test_synthetic_00798" classname="com.example.SyntheticSuite" time="0.01"/>
  <testcase name="test_synthetic_00799" classname="com.example.SyntheticSuite" time="0.01"/>
  <testcase name="test_synthetic_00800" classname="com.example.SyntheticSuite" time="0.01">
    <failure message="Synthetic failure at 800">Assertion failed at iteration 800</failure>
  </testcase>
  <testcase name="test_synthetic_00801" classname="com.example.SyntheticSuite" time="0.01"/>
  <testcase name="test_synthetic_00802" classname="com.example.SyntheticSuite" time="0.01"/>
  <testcase name="test_synthetic_00803" classname="com.example.SyntheticSuite" time="0.01"/>
  <testcase name="test_synthetic_00804" classname="com.example.SyntheticSuite" time="0.01"/>
  <testcase name="test_synthetic_00805" classname="com.example.SyntheticSuite" time="0.01"/>
  <testcase name="test_synthetic_00806" classname="com.example.SyntheticSuite" time="0.01"/>
  <testcase name="test_synthetic_00807" classname="com.example.SyntheticSuite" time="0.01"/>
  <testcase name="test_synthetic_00808" classname="com.example.SyntheticSuite" time="0.01"/>
  <testcase name="test_synthetic_00809" classname="com.example.SyntheticSuite" time="0.01"/>
  <testcase name="test_synthetic_00810" classname="com.example.SyntheticSuite" time="0.01"/>
  <testcase name="test_synthetic_00811" classname="com.example.SyntheticSuite" time="0.01"/>
  <testcase name="test_synthetic_00812" classname="com.example.SyntheticSuite" time="0.01"/>
  <testcase name="test_synthetic_00813" classname="com.example.SyntheticSuite" time="0.01"/>
  <testcase name="test_synthetic_00814" classname="com.example.SyntheticSuite" time="0.01"/>
  <testcase name="test_synthetic_00815" classname="com.example.SyntheticSuite" time="0.01"/>
  <testcase name="test_synthetic_00816" classname="com.example.SyntheticSuite" time="0.01"/>
  <testcase name="test_synthetic_00817" classname="com.example.SyntheticSuite" time="0.01"/>
  <testcase name="test_synthetic_00818" classname="com.example.SyntheticSuite" time="0.01"/>
  <testcase name="test_synthetic_00819" classname="com.example.SyntheticSuite" time="0.01"/>
  <testcase name="test_synthetic_00820" classname="com.example.SyntheticSuite" time="0.01"/>
  <testcase name="test_synthetic_00821" classname="com.example.SyntheticSuite" time="0.01"/>
  <testcase name="test_synthetic_00822" classname="com.example.SyntheticSuite" time="0.01"/>
  <testcase name="test_synthetic_00823" classname="com.example.SyntheticSuite" time="0.01"/>
  <testcase name="test_synthetic_00824" classname="com.example.SyntheticSuite" time="0.01"/>
  <testcase name="test_synthetic_00825" classname="com.example.SyntheticSuite" time="0.01"/>
  <testcase name="test_synthetic_00826" classname="com.example.SyntheticSuite" time="0.01"/>
  <testcase name="test_synthetic_00827" classname="com.example.SyntheticSuite" time="0.01"/>
  <testcase name="test_synthetic_00828" classname="com.example.SyntheticSuite" time="0.01"/>
  <testcase name="test_synthetic_00829" classname="com.example.SyntheticSuite" time="0.01"/>
  <testcase name="test_synthetic_00830" classname="com.example.SyntheticSuite" time="0.01"/>
  <testcase name="test_synthetic_00831" classname="com.example.SyntheticSuite" time="0.01"/>
  <testcase name="test_synthetic_00832" classname="com.example.SyntheticSuite" time="0.01"/>
  <testcase name="test_synthetic_00833" classname="com.example.SyntheticSuite" time="0.01"/>
  <testcase name="test_synthetic_00834" classname="com.example.SyntheticSuite" time="0.01"/>
  <testcase name="test_synthetic_00835" classname="com.example.SyntheticSuite" time="0.01"/>
  <testcase name="test_synthetic_00836" classname="com.example.SyntheticSuite" time="0.01"/>
  <testcase name="test_synthetic_00837" classname="com.example.SyntheticSuite" time="0.01"/>
  <testcase name="test_synthetic_00838" classname="com.example.SyntheticSuite" time="0.01"/>
  <testcase name="test_synthetic_00839" classname="com.example.SyntheticSuite" time="0.01"/>
  <testcase name="test_synthetic_00840" classname="com.example.SyntheticSuite" time="0.01"/>
  <testcase name="test_synthetic_00841" classname="com.example.SyntheticSuite" time="0.01"/>
  <testcase name="test_synthetic_00842" classname="com.example.SyntheticSuite" time="0.01"/>
  <testcase name="test_synthetic_00843" classname="com.example.SyntheticSuite" time="0.01"/>
  <testcase name="test_synthetic_00844" classname="com.example.SyntheticSuite" time="0.01"/>
  <testcase name="test_synthetic_00845" classname="com.example.SyntheticSuite" time="0.01"/>
  <testcase name="test_synthetic_00846" classname="com.example.SyntheticSuite" time="0.01"/>
  <testcase name="test_synthetic_00847" classname="com.example.SyntheticSuite" time="0.01"/>
  <testcase name="test_synthetic_00848" classname="com.example.SyntheticSuite" time="0.01"/>
  <testcase name="test_synthetic_00849" classname="com.example.SyntheticSuite" time="0.01"/>
  <testcase name="test_synthetic_00850" classname="com.example.SyntheticSuite" time="0.01"/>
  <testcase name="test_synthetic_00851" classname="com.example.SyntheticSuite" time="0.01"/>
  <testcase name="test_synthetic_00852" classname="com.example.SyntheticSuite" time="0.01"/>
  <testcase name="test_synthetic_00853" classname="com.example.SyntheticSuite" time="0.01"/>
  <testcase name="test_synthetic_00854" classname="com.example.SyntheticSuite" time="0.01"/>
  <testcase name="test_synthetic_00855" classname="com.example.SyntheticSuite" time="0.01"/>
  <testcase name="test_synthetic_00856" classname="com.example.SyntheticSuite" time="0.01"/>
  <testcase name="test_synthetic_00857" classname="com.example.SyntheticSuite" time="0.01"/>
  <testcase name="test_synthetic_00858" classname="com.example.SyntheticSuite" time="0.01"/>
  <testcase name="test_synthetic_00859" classname="com.example.SyntheticSuite" time="0.01"/>
  <testcase name="test_synthetic_00860" classname="com.example.SyntheticSuite" time="0.01"/>
  <testcase name="test_synthetic_00861" classname="com.example.SyntheticSuite" time="0.01"/>
  <testcase name="test_synthetic_00862" classname="com.example.SyntheticSuite" time="0.01"/>
  <testcase name="test_synthetic_00863" classname="com.example.SyntheticSuite" time="0.01"/>
  <testcase name="test_synthetic_00864" classname="com.example.SyntheticSuite" time="0.01"/>
  <testcase name="test_synthetic_00865" classname="com.example.SyntheticSuite" time="0.01"/>
  <testcase name="test_synthetic_00866" classname="com.example.SyntheticSuite" time="0.01"/>
  <testcase name="test_synthetic_00867" classname="com.example.SyntheticSuite" time="0.01"/>
  <testcase name="test_synthetic_00868" classname="com.example.SyntheticSuite" time="0.01"/>
  <testcase name="test_synthetic_00869" classname="com.example.SyntheticSuite" time="0.01"/>
  <testcase name="test_synthetic_00870" classname="com.example.SyntheticSuite" time="0.01"/>
  <testcase name="test_synthetic_00871" classname="com.example.SyntheticSuite" time="0.01"/>
  <testcase name="test_synthetic_00872" classname="com.example.SyntheticSuite" time="0.01"/>
  <testcase name="test_synthetic_00873" classname="com.example.SyntheticSuite" time="0.01"/>
  <testcase name="test_synthetic_00874" classname="com.example.SyntheticSuite" time="0.01"/>
  <testcase name="test_synthetic_00875" classname="com.example.SyntheticSuite" time="0.01"/>
  <testcase name="test_synthetic_00876" classname="com.example.SyntheticSuite" time="0.01"/>
  <testcase name="test_synthetic_00877" classname="com.example.SyntheticSuite" time="0.01"/>
  <testcase name="test_synthetic_00878" classname="com.example.SyntheticSuite" time="0.01"/>
  <testcase name="test_synthetic_00879" classname="com.example.SyntheticSuite" time="0.01"/>
  <testcase name="test_synthetic_00880" classname="com.example.SyntheticSuite" time="0.01"/>
  <testcase name="test_synthetic_00881" classname="com.example.SyntheticSuite" time="0.01"/>
  <testcase name="test_synthetic_00882" classname="com.example.SyntheticSuite" time="0.01"/>
  <testcase name="test_synthetic_00883" classname="com.example.SyntheticSuite" time="0.01"/>
  <testcase name="test_synthetic_00884" classname="com.example.SyntheticSuite" time="0.01"/>
  <testcase name="test_synthetic_00885" classname="com.example.SyntheticSuite" time="0.01"/>
  <testcase name="test_synthetic_00886" classname="com.example.SyntheticSuite" time="0.01"/>
  <testcase name="test_synthetic_00887" classname="com.example.SyntheticSuite" time="0.01"/>
  <testcase name="test_synthetic_00888" classname="com.example.SyntheticSuite" time="0.01"/>
  <testcase name="test_synthetic_00889" classname="com.example.SyntheticSuite" time="0.01"/>
  <testcase name="test_synthetic_00890" classname="com.example.SyntheticSuite" time="0.01"/>
  <testcase name="test_synthetic_00891" classname="com.example.SyntheticSuite" time="0.01"/>
  <testcase name="test_synthetic_00892" classname="com.example.SyntheticSuite" time="0.01"/>
  <testcase name="test_synthetic_00893" classname="com.example.SyntheticSuite" time="0.01"/>
  <testcase name="test_synthetic_00894" classname="com.example.SyntheticSuite" time="0.01"/>
  <testcase name="test_synthetic_00895" classname="com.example.SyntheticSuite" time="0.01"/>
  <testcase name="test_synthetic_00896" classname="com.example.SyntheticSuite" time="0.01"/>
  <testcase name="test_synthetic_00897" classname="com.example.SyntheticSuite" time="0.01"/>
  <testcase name="test_synthetic_00898" classname="com.example.SyntheticSuite" time="0.01"/>
  <testcase name="test_synthetic_00899" classname="com.example.SyntheticSuite" time="0.01"/>
  <testcase name="test_synthetic_00900" classname="com.example.SyntheticSuite" time="0.01">
    <failure message="Synthetic failure at 900">Assertion failed at iteration 900</failure>
  </testcase>
  <testcase name="test_synthetic_00901" classname="com.example.SyntheticSuite" time="0.01"/>
  <testcase name="test_synthetic_00902" classname="com.example.SyntheticSuite" time="0.01"/>
  <testcase name="test_synthetic_00903" classname="com.example.SyntheticSuite" time="0.01"/>
  <testcase name="test_synthetic_00904" classname="com.example.SyntheticSuite" time="0.01"/>
  <testcase name="test_synthetic_00905" classname="com.example.SyntheticSuite" time="0.01"/>
  <testcase name="test_synthetic_00906" classname="com.example.SyntheticSuite" time="0.01"/>
  <testcase name="test_synthetic_00907" classname="com.example.SyntheticSuite" time="0.01"/>
  <testcase name="test_synthetic_00908" classname="com.example.SyntheticSuite" time="0.01"/>
  <testcase name="test_synthetic_00909" classname="com.example.SyntheticSuite" time="0.01"/>
  <testcase name="test_synthetic_00910" classname="com.example.SyntheticSuite" time="0.01"/>
  <testcase name="test_synthetic_00911" classname="com.example.SyntheticSuite" time="0.01"/>
  <testcase name="test_synthetic_00912" classname="com.example.SyntheticSuite" time="0.01"/>
  <testcase name="test_synthetic_00913" classname="com.example.SyntheticSuite" time="0.01"/>
  <testcase name="test_synthetic_00914" classname="com.example.SyntheticSuite" time="0.01"/>
  <testcase name="test_synthetic_00915" classname="com.example.SyntheticSuite" time="0.01"/>
  <testcase name="test_synthetic_00916" classname="com.example.SyntheticSuite" time="0.01"/>
  <testcase name="test_synthetic_00917" classname="com.example.SyntheticSuite" time="0.01"/>
  <testcase name="test_synthetic_00918" classname="com.example.SyntheticSuite" time="0.01"/>
  <testcase name="test_synthetic_00919" classname="com.example.SyntheticSuite" time="0.01"/>
  <testcase name="test_synthetic_00920" classname="com.example.SyntheticSuite" time="0.01"/>
  <testcase name="test_synthetic_00921" classname="com.example.SyntheticSuite" time="0.01"/>
  <testcase name="test_synthetic_00922" classname="com.example.SyntheticSuite" time="0.01"/>
  <testcase name="test_synthetic_00923" classname="com.example.SyntheticSuite" time="0.01"/>
  <testcase name="test_synthetic_00924" classname="com.example.SyntheticSuite" time="0.01"/>
  <testcase name="test_synthetic_00925" classname="com.example.SyntheticSuite" time="0.01"/>
  <testcase name="test_synthetic_00926" classname="com.example.SyntheticSuite" time="0.01"/>
  <testcase name="test_synthetic_00927" classname="com.example.SyntheticSuite" time="0.01"/>
  <testcase name="test_synthetic_00928" classname="com.example.SyntheticSuite" time="0.01"/>
  <testcase name="test_synthetic_00929" classname="com.example.SyntheticSuite" time="0.01"/>
  <testcase name="test_synthetic_00930" classname="com.example.SyntheticSuite" time="0.01"/>
  <testcase name="test_synthetic_00931" classname="com.example.SyntheticSuite" time="0.01"/>
  <testcase name="test_synthetic_00932" classname="com.example.SyntheticSuite" time="0.01"/>
  <testcase name="test_synthetic_00933" classname="com.example.SyntheticSuite" time="0.01"/>
  <testcase name="test_synthetic_00934" classname="com.example.SyntheticSuite" time="0.01"/>
  <testcase name="test_synthetic_00935" classname="com.example.SyntheticSuite" time="0.01"/>
  <testcase name="test_synthetic_00936" classname="com.example.SyntheticSuite" time="0.01"/>
  <testcase name="test_synthetic_00937" classname="com.example.SyntheticSuite" time="0.01"/>
  <testcase name="test_synthetic_00938" classname="com.example.SyntheticSuite" time="0.01"/>
  <testcase name="test_synthetic_00939" classname="com.example.SyntheticSuite" time="0.01"/>
  <testcase name="test_synthetic_00940" classname="com.example.SyntheticSuite" time="0.01"/>
  <testcase name="test_synthetic_00941" classname="com.example.SyntheticSuite" time="0.01"/>
  <testcase name="test_synthetic_00942" classname="com.example.SyntheticSuite" time="0.01"/>
  <testcase name="test_synthetic_00943" classname="com.example.SyntheticSuite" time="0.01"/>
  <testcase name="test_synthetic_00944" classname="com.example.SyntheticSuite" time="0.01"/>
  <testcase name="test_synthetic_00945" classname="com.example.SyntheticSuite" time="0.01"/>
  <testcase name="test_synthetic_00946" classname="com.example.SyntheticSuite" time="0.01"/>
  <testcase name="test_synthetic_00947" classname="com.example.SyntheticSuite" time="0.01"/>
  <testcase name="test_synthetic_00948" classname="com.example.SyntheticSuite" time="0.01"/>
  <testcase name="test_synthetic_00949" classname="com.example.SyntheticSuite" time="0.01"/>
  <testcase name="test_synthetic_00950" classname="com.example.SyntheticSuite" time="0.01"/>
  <testcase name="test_synthetic_00951" classname="com.example.SyntheticSuite" time="0.01"/>
  <testcase name="test_synthetic_00952" classname="com.example.SyntheticSuite" time="0.01"/>
  <testcase name="test_synthetic_00953" classname="com.example.SyntheticSuite" time="0.01"/>
  <testcase name="test_synthetic_00954" classname="com.example.SyntheticSuite" time="0.01"/>
  <testcase name="test_synthetic_00955" classname="com.example.SyntheticSuite" time="0.01"/>
  <testcase name="test_synthetic_00956" classname="com.example.SyntheticSuite" time="0.01"/>
  <testcase name="test_synthetic_00957" classname="com.example.SyntheticSuite" time="0.01"/>
  <testcase name="test_synthetic_00958" classname="com.example.SyntheticSuite" time="0.01"/>
  <testcase name="test_synthetic_00959" classname="com.example.SyntheticSuite" time="0.01"/>
  <testcase name="test_synthetic_00960" classname="com.example.SyntheticSuite" time="0.01"/>
  <testcase name="test_synthetic_00961" classname="com.example.SyntheticSuite" time="0.01"/>
  <testcase name="test_synthetic_00962" classname="com.example.SyntheticSuite" time="0.01"/>
  <testcase name="test_synthetic_00963" classname="com.example.SyntheticSuite" time="0.01"/>
  <testcase name="test_synthetic_00964" classname="com.example.SyntheticSuite" time="0.01"/>
  <testcase name="test_synthetic_00965" classname="com.example.SyntheticSuite" time="0.01"/>
  <testcase name="test_synthetic_00966" classname="com.example.SyntheticSuite" time="0.01"/>
  <testcase name="test_synthetic_00967" classname="com.example.SyntheticSuite" time="0.01"/>
  <testcase name="test_synthetic_00968" classname="com.example.SyntheticSuite" time="0.01"/>
  <testcase name="test_synthetic_00969" classname="com.example.SyntheticSuite" time="0.01"/>
  <testcase name="test_synthetic_00970" classname="com.example.SyntheticSuite" time="0.01"/>
  <testcase name="test_synthetic_00971" classname="com.example.SyntheticSuite" time="0.01"/>
  <testcase name="test_synthetic_00972" classname="com.example.SyntheticSuite" time="0.01"/>
  <testcase name="test_synthetic_00973" classname="com.example.SyntheticSuite" time="0.01"/>
  <testcase name="test_synthetic_00974" classname="com.example.SyntheticSuite" time="0.01"/>
  <testcase name="test_synthetic_00975" classname="com.example.SyntheticSuite" time="0.01"/>
  <testcase name="test_synthetic_00976" classname="com.example.SyntheticSuite" time="0.01"/>
  <testcase name="test_synthetic_00977" classname="com.example.SyntheticSuite" time="0.01"/>
  <testcase name="test_synthetic_00978" classname="com.example.SyntheticSuite" time="0.01"/>
  <testcase name="test_synthetic_00979" classname="com.example.SyntheticSuite" time="0.01"/>
  <testcase name="test_synthetic_00980" classname="com.example.SyntheticSuite" time="0.01"/>
  <testcase name="test_synthetic_00981" classname="com.example.SyntheticSuite" time="0.01"/>
  <testcase name="test_synthetic_00982" classname="com.example.SyntheticSuite" time="0.01"/>
  <testcase name="test_synthetic_00983" classname="com.example.SyntheticSuite" time="0.01"/>
  <testcase name="test_synthetic_00984" classname="com.example.SyntheticSuite" time="0.01"/>
  <testcase name="test_synthetic_00985" classname="com.example.SyntheticSuite" time="0.01"/>
  <testcase name="test_synthetic_00986" classname="com.example.SyntheticSuite" time="0.01"/>
  <testcase name="test_synthetic_00987" classname="com.example.SyntheticSuite" time="0.01"/>
  <testcase name="test_synthetic_00988" classname="com.example.SyntheticSuite" time="0.01"/>
  <testcase name="test_synthetic_00989" classname="com.example.SyntheticSuite" time="0.01"/>
  <testcase name="test_synthetic_00990" classname="com.example.SyntheticSuite" time="0.01"/>
  <testcase name="test_synthetic_00991" classname="com.example.SyntheticSuite" time="0.01"/>
  <testcase name="test_synthetic_00992" classname="com.example.SyntheticSuite" time="0.01"/>
  <testcase name="test_synthetic_00993" classname="com.example.SyntheticSuite" time="0.01"/>
  <testcase name="test_synthetic_00994" classname="com.example.SyntheticSuite" time="0.01"/>
  <testcase name="test_synthetic_00995" classname="com.example.SyntheticSuite" time="0.01"/>
  <testcase name="test_synthetic_00996" classname="com.example.SyntheticSuite" time="0.01"/>
  <testcase name="test_synthetic_00997" classname="com.example.SyntheticSuite" time="0.01"/>
  <testcase name="test_synthetic_00998" classname="com.example.SyntheticSuite" time="0.01"/>
  <testcase name="test_synthetic_00999" classname="com.example.SyntheticSuite" time="0.01"/>
  <testcase name="test_synthetic_01000" classname="com.example.SyntheticSuite" time="0.01">
    <failure message="Synthetic failure at 1000">Assertion failed at iteration 1000</failure>
  </testcase>
  <testcase name="test_synthetic_01001" classname="com.example.SyntheticSuite" time="0.01"/>
  <testcase name="test_synthetic_01002" classname="com.example.SyntheticSuite" time="0.01"/>
  <testcase name="test_synthetic_01003" classname="com.example.SyntheticSuite" time="0.01"/>
  <testcase name="test_synthetic_01004" classname="com.example.SyntheticSuite" time="0.01"/>
  <testcase name="test_synthetic_01005" classname="com.example.SyntheticSuite" time="0.01"/>
  <testcase name="test_synthetic_01006" classname="com.example.SyntheticSuite" time="0.01"/>
  <testcase name="test_synthetic_01007" classname="com.example.SyntheticSuite" time="0.01"/>
  <testcase name="test_synthetic_01008" classname="com.example.SyntheticSuite" time="0.01"/>
  <testcase name="test_synthetic_01009" classname="com.example.SyntheticSuite" time="0.01"/>
  <testcase name="test_synthetic_01010" classname="com.example.SyntheticSuite" time="0.01"/>
  <testcase name="test_synthetic_01011" classname="com.example.SyntheticSuite" time="0.01"/>
  <testcase name="test_synthetic_01012" classname="com.example.SyntheticSuite" time="0.01"/>
  <testcase name="test_synthetic_01013" classname="com.example.SyntheticSuite" time="0.01"/>
  <testcase name="test_synthetic_01014" classname="com.example.SyntheticSuite" time="0.01"/>
  <testcase name="test_synthetic_01015" classname="com.example.SyntheticSuite" time="0.01"/>
  <testcase name="test_synthetic_01016" classname="com.example.SyntheticSuite" time="0.01"/>
  <testcase name="test_synthetic_01017" classname="com.example.SyntheticSuite" time="0.01"/>
  <testcase name="test_synthetic_01018" classname="com.example.SyntheticSuite" time="0.01"/>
  <testcase name="test_synthetic_01019" classname="com.example.SyntheticSuite" time="0.01"/>
  <testcase name="test_synthetic_01020" classname="com.example.SyntheticSuite" time="0.01"/>
  <testcase name="test_synthetic_01021" classname="com.example.SyntheticSuite" time="0.01"/>
  <testcase name="test_synthetic_01022" classname="com.example.SyntheticSuite" time="0.01"/>
  <testcase name="test_synthetic_01023" classname="com.example.SyntheticSuite" time="0.01"/>
  <testcase name="test_synthetic_01024" classname="com.example.SyntheticSuite" time="0.01"/>
  <testcase name="test_synthetic_01025" classname="com.example.SyntheticSuite" time="0.01"/>
  <testcase name="test_synthetic_01026" classname="com.example.SyntheticSuite" time="0.01"/>
  <testcase name="test_synthetic_01027" classname="com.example.SyntheticSuite" time="0.01"/>
  <testcase name="test_synthetic_01028" classname="com.example.SyntheticSuite" time="0.01"/>
  <testcase name="test_synthetic_01029" classname="com.example.SyntheticSuite" time="0.01"/>
  <testcase name="test_synthetic_01030" classname="com.example.SyntheticSuite" time="0.01"/>
  <testcase name="test_synthetic_01031" classname="com.example.SyntheticSuite" time="0.01"/>
  <testcase name="test_synthetic_01032" classname="com.example.SyntheticSuite" time="0.01"/>
  <testcase name="test_synthetic_01033" classname="com.example.SyntheticSuite" time="0.01"/>
  <testcase name="test_synthetic_01034" classname="com.example.SyntheticSuite" time="0.01"/>
  <testcase name="test_synthetic_01035" classname="com.example.SyntheticSuite" time="0.01"/>
  <testcase name="test_synthetic_01036" classname="com.example.SyntheticSuite" time="0.01"/>
  <testcase name="test_synthetic_01037" classname="com.example.SyntheticSuite" time="0.01"/>
  <testcase name="test_synthetic_01038" classname="com.example.SyntheticSuite" time="0.01"/>
  <testcase name="test_synthetic_01039" classname="com.example.SyntheticSuite" time="0.01"/>
  <testcase name="test_synthetic_01040" classname="com.example.SyntheticSuite" time="0.01"/>
  <testcase name="test_synthetic_01041" classname="com.example.SyntheticSuite" time="0.01"/>
  <testcase name="test_synthetic_01042" classname="com.example.SyntheticSuite" time="0.01"/>
  <testcase name="test_synthetic_01043" classname="com.example.SyntheticSuite" time="0.01"/>
  <testcase name="test_synthetic_01044" classname="com.example.SyntheticSuite" time="0.01"/>
  <testcase name="test_synthetic_01045" classname="com.example.SyntheticSuite" time="0.01"/>
  <testcase name="test_synthetic_01046" classname="com.example.SyntheticSuite" time="0.01"/>
  <testcase name="test_synthetic_01047" classname="com.example.SyntheticSuite" time="0.01"/>
  <testcase name="test_synthetic_01048" classname="com.example.SyntheticSuite" time="0.01"/>
  <testcase name="test_synthetic_01049" classname="com.example.SyntheticSuite" time="0.01"/>
  <testcase name="test_synthetic_01050" classname="com.example.SyntheticSuite" time="0.01"/>
  <testcase name="test_synthetic_01051" classname="com.example.SyntheticSuite" time="0.01"/>
  <testcase name="test_synthetic_01052" classname="com.example.SyntheticSuite" time="0.01"/>
  <testcase name="test_synthetic_01053" classname="com.example.SyntheticSuite" time="0.01"/>
  <testcase name="test_synthetic_01054" classname="com.example.SyntheticSuite" time="0.01"/>
  <testcase name="test_synthetic_01055" classname="com.example.SyntheticSuite" time="0.01"/>
  <testcase name="test_synthetic_01056" classname="com.example.SyntheticSuite" time="0.01"/>
  <testcase name="test_synthetic_01057" classname="com.example.SyntheticSuite" time="0.01"/>
  <testcase name="test_synthetic_01058" classname="com.example.SyntheticSuite" time="0.01"/>
  <testcase name="test_synthetic_01059" classname="com.example.SyntheticSuite" time="0.01"/>
  <testcase name="test_synthetic_01060" classname="com.example.SyntheticSuite" time="0.01"/>
  <testcase name="test_synthetic_01061" classname="com.example.SyntheticSuite" time="0.01"/>
  <testcase name="test_synthetic_01062" classname="com.example.SyntheticSuite" time="0.01"/>
  <testcase name="test_synthetic_01063" classname="com.example.SyntheticSuite" time="0.01"/>
  <testcase name="test_synthetic_01064" classname="com.example.SyntheticSuite" time="0.01"/>
  <testcase name="test_synthetic_01065" classname="com.example.SyntheticSuite" time="0.01"/>
  <testcase name="test_synthetic_01066" classname="com.example.SyntheticSuite" time="0.01"/>
  <testcase name="test_synthetic_01067" classname="com.example.SyntheticSuite" time="0.01"/>
  <testcase name="test_synthetic_01068" classname="com.example.SyntheticSuite" time="0.01"/>
  <testcase name="test_synthetic_01069" classname="com.example.SyntheticSuite" time="0.01"/>
  <testcase name="test_synthetic_01070" classname="com.example.SyntheticSuite" time="0.01"/>
  <testcase name="test_synthetic_01071" classname="com.example.SyntheticSuite" time="0.01"/>
  <testcase name="test_synthetic_01072" classname="com.example.SyntheticSuite" time="0.01"/>
  <testcase name="test_synthetic_01073" classname="com.example.SyntheticSuite" time="0.01"/>
  <testcase name="test_synthetic_01074" classname="com.example.SyntheticSuite" time="0.01"/>
  <testcase name="test_synthetic_01075" classname="com.example.SyntheticSuite" time="0.01"/>
  <testcase name="test_synthetic_01076" classname="com.example.SyntheticSuite" time="0.01"/>
  <testcase name="test_synthetic_01077" classname="com.example.SyntheticSuite" time="0.01"/>
  <testcase name="test_synthetic_01078" classname="com.example.SyntheticSuite" time="0.01"/>
  <testcase name="test_synthetic_01079" classname="com.example.SyntheticSuite" time="0.01"/>
  <testcase name="test_synthetic_01080" classname="com.example.SyntheticSuite" time="0.01"/>
  <testcase name="test_synthetic_01081" classname="com.example.SyntheticSuite" time="0.01"/>
  <testcase name="test_synthetic_01082" classname="com.example.SyntheticSuite" time="0.01"/>
  <testcase name="test_synthetic_01083" classname="com.example.SyntheticSuite" time="0.01"/>
  <testcase name="test_synthetic_01084" classname="com.example.SyntheticSuite" time="0.01"/>
  <testcase name="test_synthetic_01085" classname="com.example.SyntheticSuite" time="0.01"/>
  <testcase name="test_synthetic_01086" classname="com.example.SyntheticSuite" time="0.01"/>
  <testcase name="test_synthetic_01087" classname="com.example.SyntheticSuite" time="0.01"/>
  <testcase name="test_synthetic_01088" classname="com.example.SyntheticSuite" time="0.01"/>
  <testcase name="test_synthetic_01089" classname="com.example.SyntheticSuite" time="0.01"/>
  <testcase name="test_synthetic_01090" classname="com.example.SyntheticSuite" time="0.01"/>
  <testcase name="test_synthetic_01091" classname="com.example.SyntheticSuite" time="0.01"/>
  <testcase name="test_synthetic_01092" classname="com.example.SyntheticSuite" time="0.01"/>
  <testcase name="test_synthetic_01093" classname="com.example.SyntheticSuite" time="0.01"/>
  <testcase name="test_synthetic_01094" classname="com.example.SyntheticSuite" time="0.01"/>
  <testcase name="test_synthetic_01095" classname="com.example.SyntheticSuite" time="0.01"/>
  <testcase name="test_synthetic_01096" classname="com.example.SyntheticSuite" time="0.01"/>
  <testcase name="test_synthetic_01097" classname="com.example.SyntheticSuite" time="0.01"/>
  <testcase name="test_synthetic_01098" classname="com.example.SyntheticSuite" time="0.01"/>
  <testcase name="test_synthetic_01099" classname="com.example.SyntheticSuite" time="0.01"/>
  <testcase name="test_synthetic_01100" classname="com.example.SyntheticSuite" time="0.01">
    <failure message="Synthetic failure at 1100">Assertion failed at iteration 1100</failure>
  </testcase>
  <testcase name="test_synthetic_01101" classname="com.example.SyntheticSuite" time="0.01"/>
  <testcase name="test_synthetic_01102" classname="com.example.SyntheticSuite" time="0.01"/>
  <testcase name="test_synthetic_01103" classname="com.example.SyntheticSuite" time="0.01"/>
  <testcase name="test_synthetic_01104" classname="com.example.SyntheticSuite" time="0.01"/>
  <testcase name="test_synthetic_01105" classname="com.example.SyntheticSuite" time="0.01"/>
  <testcase name="test_synthetic_01106" classname="com.example.SyntheticSuite" time="0.01"/>
  <testcase name="test_synthetic_01107" classname="com.example.SyntheticSuite" time="0.01"/>
  <testcase name="test_synthetic_01108" classname="com.example.SyntheticSuite" time="0.01"/>
  <testcase name="test_synthetic_01109" classname="com.example.SyntheticSuite" time="0.01"/>
  <testcase name="test_synthetic_01110" classname="com.example.SyntheticSuite" time="0.01"/>
  <testcase name="test_synthetic_01111" classname="com.example.SyntheticSuite" time="0.01"/>
  <testcase name="test_synthetic_01112" classname="com.example.SyntheticSuite" time="0.01"/>
  <testcase name="test_synthetic_01113" classname="com.example.SyntheticSuite" time="0.01"/>
  <testcase name="test_synthetic_01114" classname="com.example.SyntheticSuite" time="0.01"/>
  <testcase name="test_synthetic_01115" classname="com.example.SyntheticSuite" time="0.01"/>
  <testcase name="test_synthetic_01116" classname="com.example.SyntheticSuite" time="0.01"/>
  <testcase name="test_synthetic_01117" classname="com.example.SyntheticSuite" time="0.01"/>
  <testcase name="test_synthetic_01118" classname="com.example.SyntheticSuite" time="0.01"/>
  <testcase name="test_synthetic_01119" classname="com.example.SyntheticSuite" time="0.01"/>
  <testcase name="test_synthetic_01120" classname="com.example.SyntheticSuite" time="0.01"/>
  <testcase name="test_synthetic_01121" classname="com.example.SyntheticSuite" time="0.01"/>
  <testcase name="test_synthetic_01122" classname="com.example.SyntheticSuite" time="0.01"/>
  <testcase name="test_synthetic_01123" classname="com.example.SyntheticSuite" time="0.01"/>
  <testcase name="test_synthetic_01124" classname="com.example.SyntheticSuite" time="0.01"/>
  <testcase name="test_synthetic_01125" classname="com.example.SyntheticSuite" time="0.01"/>
  <testcase name="test_synthetic_01126" classname="com.example.SyntheticSuite" time="0.01"/>
  <testcase name="test_synthetic_01127" classname="com.example.SyntheticSuite" time="0.01"/>
  <testcase name="test_synthetic_01128" classname="com.example.SyntheticSuite" time="0.01"/>
  <testcase name="test_synthetic_01129" classname="com.example.SyntheticSuite" time="0.01"/>
  <testcase name="test_synthetic_01130" classname="com.example.SyntheticSuite" time="0.01"/>
  <testcase name="test_synthetic_01131" classname="com.example.SyntheticSuite" time="0.01"/>
  <testcase name="test_synthetic_01132" classname="com.example.SyntheticSuite" time="0.01"/>
  <testcase name="test_synthetic_01133" classname="com.example.SyntheticSuite" time="0.01"/>
  <testcase name="test_synthetic_01134" classname="com.example.SyntheticSuite" time="0.01"/>
  <testcase name="test_synthetic_01135" classname="com.example.SyntheticSuite" time="0.01"/>
  <testcase name="test_synthetic_01136" classname="com.example.SyntheticSuite" time="0.01"/>
  <testcase name="test_synthetic_01137" classname="com.example.SyntheticSuite" time="0.01"/>
  <testcase name="test_synthetic_01138" classname="com.example.SyntheticSuite" time="0.01"/>
  <testcase name="test_synthetic_01139" classname="com.example.SyntheticSuite" time="0.01"/>
  <testcase name="test_synthetic_01140" classname="com.example.SyntheticSuite" time="0.01"/>
  <testcase name="test_synthetic_01141" classname="com.example.SyntheticSuite" time="0.01"/>
  <testcase name="test_synthetic_01142" classname="com.example.SyntheticSuite" time="0.01"/>
  <testcase name="test_synthetic_01143" classname="com.example.SyntheticSuite" time="0.01"/>
  <testcase name="test_synthetic_01144" classname="com.example.SyntheticSuite" time="0.01"/>
  <testcase name="test_synthetic_01145" classname="com.example.SyntheticSuite" time="0.01"/>
  <testcase name="test_synthetic_01146" classname="com.example.SyntheticSuite" time="0.01"/>
  <testcase name="test_synthetic_01147" classname="com.example.SyntheticSuite" time="0.01"/>
  <testcase name="test_synthetic_01148" classname="com.example.SyntheticSuite" time="0.01"/>
  <testcase name="test_synthetic_01149" classname="com.example.SyntheticSuite" time="0.01"/>
  <testcase name="test_synthetic_01150" classname="com.example.SyntheticSuite" time="0.01"/>
  <testcase name="test_synthetic_01151" classname="com.example.SyntheticSuite" time="0.01"/>
  <testcase name="test_synthetic_01152" classname="com.example.SyntheticSuite" time="0.01"/>
  <testcase name="test_synthetic_01153" classname="com.example.SyntheticSuite" time="0.01"/>
  <testcase name="test_synthetic_01154" classname="com.example.SyntheticSuite" time="0.01"/>
  <testcase name="test_synthetic_01155" classname="com.example.SyntheticSuite" time="0.01"/>
  <testcase name="test_synthetic_01156" classname="com.example.SyntheticSuite" time="0.01"/>
  <testcase name="test_synthetic_01157" classname="com.example.SyntheticSuite" time="0.01"/>
  <testcase name="test_synthetic_01158" classname="com.example.SyntheticSuite" time="0.01"/>
  <testcase name="test_synthetic_01159" classname="com.example.SyntheticSuite" time="0.01"/>
  <testcase name="test_synthetic_01160" classname="com.example.SyntheticSuite" time="0.01"/>
  <testcase name="test_synthetic_01161" classname="com.example.SyntheticSuite" time="0.01"/>
  <testcase name="test_synthetic_01162" classname="com.example.SyntheticSuite" time="0.01"/>
  <testcase name="test_synthetic_01163" classname="com.example.SyntheticSuite" time="0.01"/>
  <testcase name="test_synthetic_01164" classname="com.example.SyntheticSuite" time="0.01"/>
  <testcase name="test_synthetic_01165" classname="com.example.SyntheticSuite" time="0.01"/>
  <testcase name="test_synthetic_01166" classname="com.example.SyntheticSuite" time="0.01"/>
  <testcase name="test_synthetic_01167" classname="com.example.SyntheticSuite" time="0.01"/>
  <testcase name="test_synthetic_01168" classname="com.example.SyntheticSuite" time="0.01"/>
  <testcase name="test_synthetic_01169" classname="com.example.SyntheticSuite" time="0.01"/>
  <testcase name="test_synthetic_01170" classname="com.example.SyntheticSuite" time="0.01"/>
  <testcase name="test_synthetic_01171" classname="com.example.SyntheticSuite" time="0.01"/>
  <testcase name="test_synthetic_01172" classname="com.example.SyntheticSuite" time="0.01"/>
  <testcase name="test_synthetic_01173" classname="com.example.SyntheticSuite" time="0.01"/>
  <testcase name="test_synthetic_01174" classname="com.example.SyntheticSuite" time="0.01"/>
  <testcase name="test_synthetic_01175" classname="com.example.SyntheticSuite" time="0.01"/>
  <testcase name="test_synthetic_01176" classname="com.example.SyntheticSuite" time="0.01"/>
  <testcase name="test_synthetic_01177" classname="com.example.SyntheticSuite" time="0.01"/>
  <testcase name="test_synthetic_01178" classname="com.example.SyntheticSuite" time="0.01"/>
  <testcase name="test_synthetic_01179" classname="com.example.SyntheticSuite" time="0.01"/>
  <testcase name="test_synthetic_01180" classname="com.example.SyntheticSuite" time="0.01"/>
  <testcase name="test_synthetic_01181" classname="com.example.SyntheticSuite" time="0.01"/>
  <testcase name="test_synthetic_01182" classname="com.example.SyntheticSuite" time="0.01"/>
  <testcase name="test_synthetic_01183" classname="com.example.SyntheticSuite" time="0.01"/>
  <testcase name="test_synthetic_01184" classname="com.example.SyntheticSuite" time="0.01"/>
  <testcase name="test_synthetic_01185" classname="com.example.SyntheticSuite" time="0.01"/>
  <testcase name="test_synthetic_01186" classname="com.example.SyntheticSuite" time="0.01"/>
  <testcase name="test_synthetic_01187" classname="com.example.SyntheticSuite" time="0.01"/>
  <testcase name="test_synthetic_01188" classname="com.example.SyntheticSuite" time="0.01"/>
  <testcase name="test_synthetic_01189" classname="com.example.SyntheticSuite" time="0.01"/>
  <testcase name="test_synthetic_01190" classname="com.example.SyntheticSuite" time="0.01"/>
  <testcase name="test_synthetic_01191" classname="com.example.SyntheticSuite" time="0.01"/>
  <testcase name="test_synthetic_01192" classname="com.example.SyntheticSuite" time="0.01"/>
  <testcase name="test_synthetic_01193" classname="com.example.SyntheticSuite" time="0.01"/>
  <testcase name="test_synthetic_01194" classname="com.example.SyntheticSuite" time="0.01"/>
  <testcase name="test_synthetic_01195" classname="com.example.SyntheticSuite" time="0.01"/>
  <testcase name="test_synthetic_01196" classname="com.example.SyntheticSuite" time="0.01"/>
  <testcase name="test_synthetic_01197" classname="com.example.SyntheticSuite" time="0.01"/>
  <testcase name="test_synthetic_01198" classname="com.example.SyntheticSuite" time="0.01"/>
  <testcase name="test_synthetic_01199" classname="com.example.SyntheticSuite" time="0.01"/>
  <testcase name="test_synthetic_01200" classname="com.example.SyntheticSuite" time="0.01">
    <failure message="Synthetic failure at 1200">Assertion failed at iteration 1200</failure>
  </testcase>
  <testcase name="test_synthetic_01201" classname="com.example.SyntheticSuite" time="0.01"/>
  <testcase name="test_synthetic_01202" classname="com.example.SyntheticSuite" time="0.01"/>
  <testcase name="test_synthetic_01203" classname="com.example.SyntheticSuite" time="0.01"/>
  <testcase name="test_synthetic_01204" classname="com.example.SyntheticSuite" time="0.01"/>
  <testcase name="test_synthetic_01205" classname="com.example.SyntheticSuite" time="0.01"/>
  <testcase name="test_synthetic_01206" classname="com.example.SyntheticSuite" time="0.01"/>
  <testcase name="test_synthetic_01207" classname="com.example.SyntheticSuite" time="0.01"/>
  <testcase name="test_synthetic_01208" classname="com.example.SyntheticSuite" time="0.01"/>
  <testcase name="test_synthetic_01209" classname="com.example.SyntheticSuite" time="0.01"/>
  <testcase name="test_synthetic_01210" classname="com.example.SyntheticSuite" time="0.01"/>
  <testcase name="test_synthetic_01211" classname="com.example.SyntheticSuite" time="0.01"/>
  <testcase name="test_synthetic_01212" classname="com.example.SyntheticSuite" time="0.01"/>
  <testcase name="test_synthetic_01213" classname="com.example.SyntheticSuite" time="0.01"/>
  <testcase name="test_synthetic_01214" classname="com.example.SyntheticSuite" time="0.01"/>
  <testcase name="test_synthetic_01215" classname="com.example.SyntheticSuite" time="0.01"/>
  <testcase name="test_synthetic_01216" classname="com.example.SyntheticSuite" time="0.01"/>
  <testcase name="test_synthetic_01217" classname="com.example.SyntheticSuite" time="0.01"/>
  <testcase name="test_synthetic_01218" classname="com.example.SyntheticSuite" time="0.01"/>
  <testcase name="test_synthetic_01219" classname="com.example.SyntheticSuite" time="0.01"/>
  <testcase name="test_synthetic_01220" classname="com.example.SyntheticSuite" time="0.01"/>
  <testcase name="test_synthetic_01221" classname="com.example.SyntheticSuite" time="0.01"/>
  <testcase name="test_synthetic_01222" classname="com.example.SyntheticSuite" time="0.01"/>
  <testcase name="test_synthetic_01223" classname="com.example.SyntheticSuite" time="0.01"/>
  <testcase name="test_synthetic_01224" classname="com.example.SyntheticSuite" time="0.01"/>
  <testcase name="test_synthetic_01225" classname="com.example.SyntheticSuite" time="0.01"/>
  <testcase name="test_synthetic_01226" classname="com.example.SyntheticSuite" time="0.01"/>
  <testcase name="test_synthetic_01227" classname="com.example.SyntheticSuite" time="0.01"/>
  <testcase name="test_synthetic_01228" classname="com.example.SyntheticSuite" time="0.01"/>
  <testcase name="test_synthetic_01229" classname="com.example.SyntheticSuite" time="0.01"/>
  <testcase name="test_synthetic_01230" classname="com.example.SyntheticSuite" time="0.01"/>
  <testcase name="test_synthetic_01231" classname="com.example.SyntheticSuite" time="0.01"/>
  <testcase name="test_synthetic_01232" classname="com.example.SyntheticSuite" time="0.01"/>
  <testcase name="test_synthetic_01233" classname="com.example.SyntheticSuite" time="0.01"/>
  <testcase name="test_synthetic_01234" classname="com.example.SyntheticSuite" time="0.01"/>
  <testcase name="test_synthetic_01235" classname="com.example.SyntheticSuite" time="0.01"/>
  <testcase name="test_synthetic_01236" classname="com.example.SyntheticSuite" time="0.01"/>
  <testcase name="test_synthetic_01237" classname="com.example.SyntheticSuite" time="0.01"/>
  <testcase name="test_synthetic_01238" classname="com.example.SyntheticSuite" time="0.01"/>
  <testcase name="test_synthetic_01239" classname="com.example.SyntheticSuite" time="0.01"/>
  <testcase name="test_synthetic_01240" classname="com.example.SyntheticSuite" time="0.01"/>
  <testcase name="test_synthetic_01241" classname="com.example.SyntheticSuite" time="0.01"/>
  <testcase name="test_synthetic_01242" classname="com.example.SyntheticSuite" time="0.01"/>
  <testcase name="test_synthetic_01243" classname="com.example.SyntheticSuite" time="0.01"/>
  <testcase name="test_synthetic_01244" classname="com.example.SyntheticSuite" time="0.01"/>
  <testcase name="test_synthetic_01245" classname="com.example.SyntheticSuite" time="0.01"/>
  <testcase name="test_synthetic_01246" classname="com.example.SyntheticSuite" time="0.01"/>
  <testcase name="test_synthetic_01247" classname="com.example.SyntheticSuite" time="0.01"/>
  <testcase name="test_synthetic_01248" classname="com.example.SyntheticSuite" time="0.01"/>
  <testcase name="test_synthetic_01249" classname="com.example.SyntheticSuite" time="0.01"/>
  <testcase name="test_synthetic_01250" classname="com.example.SyntheticSuite" time="0.01"/>
  <testcase name="test_synthetic_01251" classname="com.example.SyntheticSuite" time="0.01"/>
  <testcase name="test_synthetic_01252" classname="com.example.SyntheticSuite" time="0.01"/>
  <testcase name="test_synthetic_01253" classname="com.example.SyntheticSuite" time="0.01"/>
  <testcase name="test_synthetic_01254" classname="com.example.SyntheticSuite" time="0.01"/>
  <testcase name="test_synthetic_01255" classname="com.example.SyntheticSuite" time="0.01"/>
  <testcase name="test_synthetic_01256" classname="com.example.SyntheticSuite" time="0.01"/>
  <testcase name="test_synthetic_01257" classname="com.example.SyntheticSuite" time="0.01"/>
  <testcase name="test_synthetic_01258" classname="com.example.SyntheticSuite" time="0.01"/>
  <testcase name="test_synthetic_01259" classname="com.example.SyntheticSuite" time="0.01"/>
  <testcase name="test_synthetic_01260" classname="com.example.SyntheticSuite" time="0.01"/>
  <testcase name="test_synthetic_01261" classname="com.example.SyntheticSuite" time="0.01"/>
  <testcase name="test_synthetic_01262" classname="com.example.SyntheticSuite" time="0.01"/>
  <testcase name="test_synthetic_01263" classname="com.example.SyntheticSuite" time="0.01"/>
  <testcase name="test_synthetic_01264" classname="com.example.SyntheticSuite" time="0.01"/>
  <testcase name="test_synthetic_01265" classname="com.example.SyntheticSuite" time="0.01"/>
  <testcase name="test_synthetic_01266" classname="com.example.SyntheticSuite" time="0.01"/>
  <testcase name="test_synthetic_01267" classname="com.example.SyntheticSuite" time="0.01"/>
  <testcase name="test_synthetic_01268" classname="com.example.SyntheticSuite" time="0.01"/>
  <testcase name="test_synthetic_01269" classname="com.example.SyntheticSuite" time="0.01"/>
  <testcase name="test_synthetic_01270" classname="com.example.SyntheticSuite" time="0.01"/>
  <testcase name="test_synthetic_01271" classname="com.example.SyntheticSuite" time="0.01"/>
  <testcase name="test_synthetic_01272" classname="com.example.SyntheticSuite" time="0.01"/>
  <testcase name="test_synthetic_01273" classname="com.example.SyntheticSuite" time="0.01"/>
  <testcase name="test_synthetic_01274" classname="com.example.SyntheticSuite" time="0.01"/>
  <testcase name="test_synthetic_01275" classname="com.example.SyntheticSuite" time="0.01"/>
  <testcase name="test_synthetic_01276" classname="com.example.SyntheticSuite" time="0.01"/>
  <testcase name="test_synthetic_01277" classname="com.example.SyntheticSuite" time="0.01"/>
  <testcase name="test_synthetic_01278" classname="com.example.SyntheticSuite" time="0.01"/>
  <testcase name="test_synthetic_01279" classname="com.example.SyntheticSuite" time="0.01"/>
  <testcase name="test_synthetic_01280" classname="com.example.SyntheticSuite" time="0.01"/>
  <testcase name="test_synthetic_01281" classname="com.example.SyntheticSuite" time="0.01"/>
  <testcase name="test_synthetic_01282" classname="com.example.SyntheticSuite" time="0.01"/>
  <testcase name="test_synthetic_01283" classname="com.example.SyntheticSuite" time="0.01"/>
  <testcase name="test_synthetic_01284" classname="com.example.SyntheticSuite" time="0.01"/>
  <testcase name="test_synthetic_01285" classname="com.example.SyntheticSuite" time="0.01"/>
  <testcase name="test_synthetic_01286" classname="com.example.SyntheticSuite" time="0.01"/>
  <testcase name="test_synthetic_01287" classname="com.example.SyntheticSuite" time="0.01"/>
  <testcase name="test_synthetic_01288" classname="com.example.SyntheticSuite" time="0.01"/>
  <testcase name="test_synthetic_01289" classname="com.example.SyntheticSuite" time="0.01"/>
  <testcase name="test_synthetic_01290" classname="com.example.SyntheticSuite" time="0.01"/>
  <testcase name="test_synthetic_01291" classname="com.example.SyntheticSuite" time="0.01"/>
  <testcase name="test_synthetic_01292" classname="com.example.SyntheticSuite" time="0.01"/>
  <testcase name="test_synthetic_01293" classname="com.example.SyntheticSuite" time="0.01"/>
  <testcase name="test_synthetic_01294" classname="com.example.SyntheticSuite" time="0.01"/>
  <testcase name="test_synthetic_01295" classname="com.example.SyntheticSuite" time="0.01"/>
  <testcase name="test_synthetic_01296" classname="com.example.SyntheticSuite" time="0.01"/>
  <testcase name="test_synthetic_01297" classname="com.example.SyntheticSuite" time="0.01"/>
  <testcase name="test_synthetic_01298" classname="com.example.SyntheticSuite" time="0.01"/>
  <testcase name="test_synthetic_01299" classname="com.example.SyntheticSuite" time="0.01"/>
  <testcase name="test_synthetic_01300" classname="com.example.SyntheticSuite" time="0.01">
    <failure message="Synthetic failure at 1300">Assertion failed at iteration 1300</failure>
  </testcase>
  <testcase name="test_synthetic_01301" classname="com.example.SyntheticSuite" time="0.01"/>
  <testcase name="test_synthetic_01302" classname="com.example.SyntheticSuite" time="0.01"/>
  <testcase name="test_synthetic_01303" classname="com.example.SyntheticSuite" time="0.01"/>
  <testcase name="test_synthetic_01304" classname="com.example.SyntheticSuite" time="0.01"/>
  <testcase name="test_synthetic_01305" classname="com.example.SyntheticSuite" time="0.01"/>
  <testcase name="test_synthetic_01306" classname="com.example.SyntheticSuite" time="0.01"/>
  <testcase name="test_synthetic_01307" classname="com.example.SyntheticSuite" time="0.01"/>
  <testcase name="test_synthetic_01308" classname="com.example.SyntheticSuite" time="0.01"/>
  <testcase name="test_synthetic_01309" classname="com.example.SyntheticSuite" time="0.01"/>
  <testcase name="test_synthetic_01310" classname="com.example.SyntheticSuite" time="0.01"/>
  <testcase name="test_synthetic_01311" classname="com.example.SyntheticSuite" time="0.01"/>
  <testcase name="test_synthetic_01312" classname="com.example.SyntheticSuite" time="0.01"/>
  <testcase name="test_synthetic_01313" classname="com.example.SyntheticSuite" time="0.01"/>
  <testcase name="test_synthetic_01314" classname="com.example.SyntheticSuite" time="0.01"/>
  <testcase name="test_synthetic_01315" classname="com.example.SyntheticSuite" time="0.01"/>
  <testcase name="test_synthetic_01316" classname="com.example.SyntheticSuite" time="0.01"/>
  <testcase name="test_synthetic_01317" classname="com.example.SyntheticSuite" time="0.01"/>
  <testcase name="test_synthetic_01318" classname="com.example.SyntheticSuite" time="0.01"/>
  <testcase name="test_synthetic_01319" classname="com.example.SyntheticSuite" time="0.01"/>
  <testcase name="test_synthetic_01320" classname="com.example.SyntheticSuite" time="0.01"/>
  <testcase name="test_synthetic_01321" classname="com.example.SyntheticSuite" time="0.01"/>
  <testcase name="test_synthetic_01322" classname="com.example.SyntheticSuite" time="0.01"/>
  <testcase name="test_synthetic_01323" classname="com.example.SyntheticSuite" time="0.01"/>
  <testcase name="test_synthetic_01324" classname="com.example.SyntheticSuite" time="0.01"/>
  <testcase name="test_synthetic_01325" classname="com.example.SyntheticSuite" time="0.01"/>
  <testcase name="test_synthetic_01326" classname="com.example.SyntheticSuite" time="0.01"/>
  <testcase name="test_synthetic_01327" classname="com.example.SyntheticSuite" time="0.01"/>
  <testcase name="test_synthetic_01328" classname="com.example.SyntheticSuite" time="0.01"/>
  <testcase name="test_synthetic_01329" classname="com.example.SyntheticSuite" time="0.01"/>
  <testcase name="test_synthetic_01330" classname="com.example.SyntheticSuite" time="0.01"/>
  <testcase name="test_synthetic_01331" classname="com.example.SyntheticSuite" time="0.01"/>
  <testcase name="test_synthetic_01332" classname="com.example.SyntheticSuite" time="0.01"/>
  <testcase name="test_synthetic_01333" classname="com.example.SyntheticSuite" time="0.01"/>
  <testcase name="test_synthetic_01334" classname="com.example.SyntheticSuite" time="0.01"/>
  <testcase name="test_synthetic_01335" classname="com.example.SyntheticSuite" time="0.01"/>
  <testcase name="test_synthetic_01336" classname="com.example.SyntheticSuite" time="0.01"/>
  <testcase name="test_synthetic_01337" classname="com.example.SyntheticSuite" time="0.01"/>
  <testcase name="test_synthetic_01338" classname="com.example.SyntheticSuite" time="0.01"/>
  <testcase name="test_synthetic_01339" classname="com.example.SyntheticSuite" time="0.01"/>
  <testcase name="test_synthetic_01340" classname="com.example.SyntheticSuite" time="0.01"/>
  <testcase name="test_synthetic_01341" classname="com.example.SyntheticSuite" time="0.01"/>
  <testcase name="test_synthetic_01342" classname="com.example.SyntheticSuite" time="0.01"/>
  <testcase name="test_synthetic_01343" classname="com.example.SyntheticSuite" time="0.01"/>
  <testcase name="test_synthetic_01344" classname="com.example.SyntheticSuite" time="0.01"/>
  <testcase name="test_synthetic_01345" classname="com.example.SyntheticSuite" time="0.01"/>
  <testcase name="test_synthetic_01346" classname="com.example.SyntheticSuite" time="0.01"/>
  <testcase name="test_synthetic_01347" classname="com.example.SyntheticSuite" time="0.01"/>
  <testcase name="test_synthetic_01348" classname="com.example.SyntheticSuite" time="0.01"/>
  <testcase name="test_synthetic_01349" classname="com.example.SyntheticSuite" time="0.01"/>
  <testcase name="test_synthetic_01350" classname="com.example.SyntheticSuite" time="0.01"/>
  <testcase name="test_synthetic_01351" classname="com.example.SyntheticSuite" time="0.01"/>
  <testcase name="test_synthetic_01352" classname="com.example.SyntheticSuite" time="0.01"/>
  <testcase name="test_synthetic_01353" classname="com.example.SyntheticSuite" time="0.01"/>
  <testcase name="test_synthetic_01354" classname="com.example.SyntheticSuite" time="0.01"/>
  <testcase name="test_synthetic_01355" classname="com.example.SyntheticSuite" time="0.01"/>
  <testcase name="test_synthetic_01356" classname="com.example.SyntheticSuite" time="0.01"/>
  <testcase name="test_synthetic_01357" classname="com.example.SyntheticSuite" time="0.01"/>
  <testcase name="test_synthetic_01358" classname="com.example.SyntheticSuite" time="0.01"/>
  <testcase name="test_synthetic_01359" classname="com.example.SyntheticSuite" time="0.01"/>
  <testcase name="test_synthetic_01360" classname="com.example.SyntheticSuite" time="0.01"/>
  <testcase name="test_synthetic_01361" classname="com.example.SyntheticSuite" time="0.01"/>
  <testcase name="test_synthetic_01362" classname="com.example.SyntheticSuite" time="0.01"/>
  <testcase name="test_synthetic_01363" classname="com.example.SyntheticSuite" time="0.01"/>
  <testcase name="test_synthetic_01364" classname="com.example.SyntheticSuite" time="0.01"/>
  <testcase name="test_synthetic_01365" classname="com.example.SyntheticSuite" time="0.01"/>
  <testcase name="test_synthetic_01366" classname="com.example.SyntheticSuite" time="0.01"/>
  <testcase name="test_synthetic_01367" classname="com.example.SyntheticSuite" time="0.01"/>
  <testcase name="test_synthetic_01368" classname="com.example.SyntheticSuite" time="0.01"/>
  <testcase name="test_synthetic_01369" classname="com.example.SyntheticSuite" time="0.01"/>
  <testcase name="test_synthetic_01370" classname="com.example.SyntheticSuite" time="0.01"/>
  <testcase name="test_synthetic_01371" classname="com.example.SyntheticSuite" time="0.01"/>
  <testcase name="test_synthetic_01372" classname="com.example.SyntheticSuite" time="0.01"/>
  <testcase name="test_synthetic_01373" classname="com.example.SyntheticSuite" time="0.01"/>
  <testcase name="test_synthetic_01374" classname="com.example.SyntheticSuite" time="0.01"/>
  <testcase name="test_synthetic_01375" classname="com.example.SyntheticSuite" time="0.01"/>
  <testcase name="test_synthetic_01376" classname="com.example.SyntheticSuite" time="0.01"/>
  <testcase name="test_synthetic_01377" classname="com.example.SyntheticSuite" time="0.01"/>
  <testcase name="test_synthetic_01378" classname="com.example.SyntheticSuite" time="0.01"/>
  <testcase name="test_synthetic_01379" classname="com.example.SyntheticSuite" time="0.01"/>
  <testcase name="test_synthetic_01380" classname="com.example.SyntheticSuite" time="0.01"/>
  <testcase name="test_synthetic_01381" classname="com.example.SyntheticSuite" time="0.01"/>
  <testcase name="test_synthetic_01382" classname="com.example.SyntheticSuite" time="0.01"/>
  <testcase name="test_synthetic_01383" classname="com.example.SyntheticSuite" time="0.01"/>
  <testcase name="test_synthetic_01384" classname="com.example.SyntheticSuite" time="0.01"/>
  <testcase name="test_synthetic_01385" classname="com.example.SyntheticSuite" time="0.01"/>
  <testcase name="test_synthetic_01386" classname="com.example.SyntheticSuite" time="0.01"/>
  <testcase name="test_synthetic_01387" classname="com.example.SyntheticSuite" time="0.01"/>
  <testcase name="test_synthetic_01388" classname="com.example.SyntheticSuite" time="0.01"/>
  <testcase name="test_synthetic_01389" classname="com.example.SyntheticSuite" time="0.01"/>
  <testcase name="test_synthetic_01390" classname="com.example.SyntheticSuite" time="0.01"/>
  <testcase name="test_synthetic_01391" classname="com.example.SyntheticSuite" time="0.01"/>
  <testcase name="test_synthetic_01392" classname="com.example.SyntheticSuite" time="0.01"/>
  <testcase name="test_synthetic_01393" classname="com.example.SyntheticSuite" time="0.01"/>
  <testcase name="test_synthetic_01394" classname="com.example.SyntheticSuite" time="0.01"/>
  <testcase name="test_synthetic_01395" classname="com.example.SyntheticSuite" time="0.01"/>
  <testcase name="test_synthetic_01396" classname="com.example.SyntheticSuite" time="0.01"/>
  <testcase name="test_synthetic_01397" classname="com.example.SyntheticSuite" time="0.01"/>
  <testcase name="test_synthetic_01398" classname="com.example.SyntheticSuite" time="0.01"/>
  <testcase name="test_synthetic_01399" classname="com.example.SyntheticSuite" time="0.01"/>
  <testcase name="test_synthetic_01400" classname="com.example.SyntheticSuite" time="0.01">
    <failure message="Synthetic failure at 1400">Assertion failed at iteration 1400</failure>
  </testcase>
  <testcase name="test_synthetic_01401" classname="com.example.SyntheticSuite" time="0.01"/>
  <testcase name="test_synthetic_01402" classname="com.example.SyntheticSuite" time="0.01"/>
  <testcase name="test_synthetic_01403" classname="com.example.SyntheticSuite" time="0.01"/>
  <testcase name="test_synthetic_01404" classname="com.example.SyntheticSuite" time="0.01"/>
  <testcase name="test_synthetic_01405" classname="com.example.SyntheticSuite" time="0.01"/>
  <testcase name="test_synthetic_01406" classname="com.example.SyntheticSuite" time="0.01"/>
  <testcase name="test_synthetic_01407" classname="com.example.SyntheticSuite" time="0.01"/>
  <testcase name="test_synthetic_01408" classname="com.example.SyntheticSuite" time="0.01"/>
  <testcase name="test_synthetic_01409" classname="com.example.SyntheticSuite" time="0.01"/>
  <testcase name="test_synthetic_01410" classname="com.example.SyntheticSuite" time="0.01"/>
  <testcase name="test_synthetic_01411" classname="com.example.SyntheticSuite" time="0.01"/>
  <testcase name="test_synthetic_01412" classname="com.example.SyntheticSuite" time="0.01"/>
  <testcase name="test_synthetic_01413" classname="com.example.SyntheticSuite" time="0.01"/>
  <testcase name="test_synthetic_01414" classname="com.example.SyntheticSuite" time="0.01"/>
  <testcase name="test_synthetic_01415" classname="com.example.SyntheticSuite" time="0.01"/>
  <testcase name="test_synthetic_01416" classname="com.example.SyntheticSuite" time="0.01"/>
  <testcase name="test_synthetic_01417" classname="com.example.SyntheticSuite" time="0.01"/>
  <testcase name="test_synthetic_01418" classname="com.example.SyntheticSuite" time="0.01"/>
  <testcase name="test_synthetic_01419" classname="com.example.SyntheticSuite" time="0.01"/>
  <testcase name="test_synthetic_01420" classname="com.example.SyntheticSuite" time="0.01"/>
  <testcase name="test_synthetic_01421" classname="com.example.SyntheticSuite" time="0.01"/>
  <testcase name="test_synthetic_01422" classname="com.example.SyntheticSuite" time="0.01"/>
  <testcase name="test_synthetic_01423" classname="com.example.SyntheticSuite" time="0.01"/>
  <testcase name="test_synthetic_01424" classname="com.example.SyntheticSuite" time="0.01"/>
  <testcase name="test_synthetic_01425" classname="com.example.SyntheticSuite" time="0.01"/>
  <testcase name="test_synthetic_01426" classname="com.example.SyntheticSuite" time="0.01"/>
  <testcase name="test_synthetic_01427" classname="com.example.SyntheticSuite" time="0.01"/>
  <testcase name="test_synthetic_01428" classname="com.example.SyntheticSuite" time="0.01"/>
  <testcase name="test_synthetic_01429" classname="com.example.SyntheticSuite" time="0.01"/>
  <testcase name="test_synthetic_01430" classname="com.example.SyntheticSuite" time="0.01"/>
  <testcase name="test_synthetic_01431" classname="com.example.SyntheticSuite" time="0.01"/>
  <testcase name="test_synthetic_01432" classname="com.example.SyntheticSuite" time="0.01"/>
  <testcase name="test_synthetic_01433" classname="com.example.SyntheticSuite" time="0.01"/>
  <testcase name="test_synthetic_01434" classname="com.example.SyntheticSuite" time="0.01"/>
  <testcase name="test_synthetic_01435" classname="com.example.SyntheticSuite" time="0.01"/>
  <testcase name="test_synthetic_01436" classname="com.example.SyntheticSuite" time="0.01"/>
  <testcase name="test_synthetic_01437" classname="com.example.SyntheticSuite" time="0.01"/>
  <testcase name="test_synthetic_01438" classname="com.example.SyntheticSuite" time="0.01"/>
  <testcase name="test_synthetic_01439" classname="com.example.SyntheticSuite" time="0.01"/>
  <testcase name="test_synthetic_01440" classname="com.example.SyntheticSuite" time="0.01"/>
  <testcase name="test_synthetic_01441" classname="com.example.SyntheticSuite" time="0.01"/>
  <testcase name="test_synthetic_01442" classname="com.example.SyntheticSuite" time="0.01"/>
  <testcase name="test_synthetic_01443" classname="com.example.SyntheticSuite" time="0.01"/>
  <testcase name="test_synthetic_01444" classname="com.example.SyntheticSuite" time="0.01"/>
  <testcase name="test_synthetic_01445" classname="com.example.SyntheticSuite" time="0.01"/>
  <testcase name="test_synthetic_01446" classname="com.example.SyntheticSuite" time="0.01"/>
  <testcase name="test_synthetic_01447" classname="com.example.SyntheticSuite" time="0.01"/>
  <testcase name="test_synthetic_01448" classname="com.example.SyntheticSuite" time="0.01"/>
  <testcase name="test_synthetic_01449" classname="com.example.SyntheticSuite" time="0.01"/>
  <testcase name="test_synthetic_01450" classname="com.example.SyntheticSuite" time="0.01"/>
  <testcase name="test_synthetic_01451" classname="com.example.SyntheticSuite" time="0.01"/>
  <testcase name="test_synthetic_01452" classname="com.example.SyntheticSuite" time="0.01"/>
  <testcase name="test_synthetic_01453" classname="com.example.SyntheticSuite" time="0.01"/>
  <testcase name="test_synthetic_01454" classname="com.example.SyntheticSuite" time="0.01"/>
  <testcase name="test_synthetic_01455" classname="com.example.SyntheticSuite" time="0.01"/>
  <testcase name="test_synthetic_01456" classname="com.example.SyntheticSuite" time="0.01"/>
  <testcase name="test_synthetic_01457" classname="com.example.SyntheticSuite" time="0.01"/>
  <testcase name="test_synthetic_01458" classname="com.example.SyntheticSuite" time="0.01"/>
  <testcase name="test_synthetic_01459" classname="com.example.SyntheticSuite" time="0.01"/>
  <testcase name="test_synthetic_01460" classname="com.example.SyntheticSuite" time="0.01"/>
  <testcase name="test_synthetic_01461" classname="com.example.SyntheticSuite" time="0.01"/>
  <testcase name="test_synthetic_01462" classname="com.example.SyntheticSuite" time="0.01"/>
  <testcase name="test_synthetic_01463" classname="com.example.SyntheticSuite" time="0.01"/>
  <testcase name="test_synthetic_01464" classname="com.example.SyntheticSuite" time="0.01"/>
  <testcase name="test_synthetic_01465" classname="com.example.SyntheticSuite" time="0.01"/>
  <testcase name="test_synthetic_01466" classname="com.example.SyntheticSuite" time="0.01"/>
  <testcase name="test_synthetic_01467" classname="com.example.SyntheticSuite" time="0.01"/>
  <testcase name="test_synthetic_01468" classname="com.example.SyntheticSuite" time="0.01"/>
  <testcase name="test_synthetic_01469" classname="com.example.SyntheticSuite" time="0.01"/>
  <testcase name="test_synthetic_01470" classname="com.example.SyntheticSuite" time="0.01"/>
  <testcase name="test_synthetic_01471" classname="com.example.SyntheticSuite" time="0.01"/>
  <testcase name="test_synthetic_01472" classname="com.example.SyntheticSuite" time="0.01"/>
  <testcase name="test_synthetic_01473" classname="com.example.SyntheticSuite" time="0.01"/>
  <testcase name="test_synthetic_01474" classname="com.example.SyntheticSuite" time="0.01"/>
  <testcase name="test_synthetic_01475" classname="com.example.SyntheticSuite" time="0.01"/>
  <testcase name="test_synthetic_01476" classname="com.example.SyntheticSuite" time="0.01"/>
  <testcase name="test_synthetic_01477" classname="com.example.SyntheticSuite" time="0.01"/>
  <testcase name="test_synthetic_01478" classname="com.example.SyntheticSuite" time="0.01"/>
  <testcase name="test_synthetic_01479" classname="com.example.SyntheticSuite" time="0.01"/>
  <testcase name="test_synthetic_01480" classname="com.example.SyntheticSuite" time="0.01"/>
  <testcase name="test_synthetic_01481" classname="com.example.SyntheticSuite" time="0.01"/>
  <testcase name="test_synthetic_01482" classname="com.example.SyntheticSuite" time="0.01"/>
  <testcase name="test_synthetic_01483" classname="com.example.SyntheticSuite" time="0.01"/>
  <testcase name="test_synthetic_01484" classname="com.example.SyntheticSuite" time="0.01"/>
  <testcase name="test_synthetic_01485" classname="com.example.SyntheticSuite" time="0.01"/>
  <testcase name="test_synthetic_01486" classname="com.example.SyntheticSuite" time="0.01"/>
  <testcase name="test_synthetic_01487" classname="com.example.SyntheticSuite" time="0.01"/>
  <testcase name="test_synthetic_01488" classname="com.example.SyntheticSuite" time="0.01"/>
  <testcase name="test_synthetic_01489" classname="com.example.SyntheticSuite" time="0.01"/>
  <testcase name="test_synthetic_01490" classname="com.example.SyntheticSuite" time="0.01"/>
  <testcase name="test_synthetic_01491" classname="com.example.SyntheticSuite" time="0.01"/>
  <testcase name="test_synthetic_01492" classname="com.example.SyntheticSuite" time="0.01"/>
  <testcase name="test_synthetic_01493" classname="com.example.SyntheticSuite" time="0.01"/>
  <testcase name="test_synthetic_01494" classname="com.example.SyntheticSuite" time="0.01"/>
  <testcase name="test_synthetic_01495" classname="com.example.SyntheticSuite" time="0.01"/>
  <testcase name="test_synthetic_01496" classname="com.example.SyntheticSuite" time="0.01"/>
  <testcase name="test_synthetic_01497" classname="com.example.SyntheticSuite" time="0.01"/>
  <testcase name="test_synthetic_01498" classname="com.example.SyntheticSuite" time="0.01"/>
  <testcase name="test_synthetic_01499" classname="com.example.SyntheticSuite" time="0.01"/>
  <testcase name="test_synthetic_01500" classname="com.example.SyntheticSuite" time="0.01">
    <failure message="Synthetic failure at 1500">Assertion failed at iteration 1500</failure>
  </testcase>
  <testcase name="test_synthetic_01501" classname="com.example.SyntheticSuite" time="0.01"/>
  <testcase name="test_synthetic_01502" classname="com.example.SyntheticSuite" time="0.01"/>
  <testcase name="test_synthetic_01503" classname="com.example.SyntheticSuite" time="0.01"/>
  <testcase name="test_synthetic_01504" classname="com.example.SyntheticSuite" time="0.01"/>
  <testcase name="test_synthetic_01505" classname="com.example.SyntheticSuite" time="0.01"/>
  <testcase name="test_synthetic_01506" classname="com.example.SyntheticSuite" time="0.01"/>
  <testcase name="test_synthetic_01507" classname="com.example.SyntheticSuite" time="0.01"/>
  <testcase name="test_synthetic_01508" classname="com.example.SyntheticSuite" time="0.01"/>
  <testcase name="test_synthetic_01509" classname="com.example.SyntheticSuite" time="0.01"/>
  <testcase name="test_synthetic_01510" classname="com.example.SyntheticSuite" time="0.01"/>
  <testcase name="test_synthetic_01511" classname="com.example.SyntheticSuite" time="0.01"/>
  <testcase name="test_synthetic_01512" classname="com.example.SyntheticSuite" time="0.01"/>
  <testcase name="test_synthetic_01513" classname="com.example.SyntheticSuite" time="0.01"/>
  <testcase name="test_synthetic_01514" classname="com.example.SyntheticSuite" time="0.01"/>
  <testcase name="test_synthetic_01515" classname="com.example.SyntheticSuite" time="0.01"/>
  <testcase name="test_synthetic_01516" classname="com.example.SyntheticSuite" time="0.01"/>
  <testcase name="test_synthetic_01517" classname="com.example.SyntheticSuite" time="0.01"/>
  <testcase name="test_synthetic_01518" classname="com.example.SyntheticSuite" time="0.01"/>
  <testcase name="test_synthetic_01519" classname="com.example.SyntheticSuite" time="0.01"/>
  <testcase name="test_synthetic_01520" classname="com.example.SyntheticSuite" time="0.01"/>
  <testcase name="test_synthetic_01521" classname="com.example.SyntheticSuite" time="0.01"/>
  <testcase name="test_synthetic_01522" classname="com.example.SyntheticSuite" time="0.01"/>
  <testcase name="test_synthetic_01523" classname="com.example.SyntheticSuite" time="0.01"/>
  <testcase name="test_synthetic_01524" classname="com.example.SyntheticSuite" time="0.01"/>
  <testcase name="test_synthetic_01525" classname="com.example.SyntheticSuite" time="0.01"/>
  <testcase name="test_synthetic_01526" classname="com.example.SyntheticSuite" time="0.01"/>
  <testcase name="test_synthetic_01527" classname="com.example.SyntheticSuite" time="0.01"/>
  <testcase name="test_synthetic_01528" classname="com.example.SyntheticSuite" time="0.01"/>
  <testcase name="test_synthetic_01529" classname="com.example.SyntheticSuite" time="0.01"/>
  <testcase name="test_synthetic_01530" classname="com.example.SyntheticSuite" time="0.01"/>
  <testcase name="test_synthetic_01531" classname="com.example.SyntheticSuite" time="0.01"/>
  <testcase name="test_synthetic_01532" classname="com.example.SyntheticSuite" time="0.01"/>
  <testcase name="test_synthetic_01533" classname="com.example.SyntheticSuite" time="0.01"/>
  <testcase name="test_synthetic_01534" classname="com.example.SyntheticSuite" time="0.01"/>
  <testcase name="test_synthetic_01535" classname="com.example.SyntheticSuite" time="0.01"/>
  <testcase name="test_synthetic_01536" classname="com.example.SyntheticSuite" time="0.01"/>
  <testcase name="test_synthetic_01537" classname="com.example.SyntheticSuite" time="0.01"/>
  <testcase name="test_synthetic_01538" classname="com.example.SyntheticSuite" time="0.01"/>
  <testcase name="test_synthetic_01539" classname="com.example.SyntheticSuite" time="0.01"/>
  <testcase name="test_synthetic_01540" classname="com.example.SyntheticSuite" time="0.01"/>
  <testcase name="test_synthetic_01541" classname="com.example.SyntheticSuite" time="0.01"/>
  <testcase name="test_synthetic_01542" classname="com.example.SyntheticSuite" time="0.01"/>
  <testcase name="test_synthetic_01543" classname="com.example.SyntheticSuite" time="0.01"/>
  <testcase name="test_synthetic_01544" classname="com.example.SyntheticSuite" time="0.01"/>
  <testcase name="test_synthetic_01545" classname="com.example.SyntheticSuite" time="0.01"/>
  <testcase name="test_synthetic_01546" classname="com.example.SyntheticSuite" time="0.01"/>
  <testcase name="test_synthetic_01547" classname="com.example.SyntheticSuite" time="0.01"/>
  <testcase name="test_synthetic_01548" classname="com.example.SyntheticSuite" time="0.01"/>
  <testcase name="test_synthetic_01549" classname="com.example.SyntheticSuite" time="0.01"/>
  <testcase name="test_synthetic_01550" classname="com.example.SyntheticSuite" time="0.01"/>
  <testcase name="test_synthetic_01551" classname="com.example.SyntheticSuite" time="0.01"/>
  <testcase name="test_synthetic_01552" classname="com.example.SyntheticSuite" time="0.01"/>
  <testcase name="test_synthetic_01553" classname="com.example.SyntheticSuite" time="0.01"/>
  <testcase name="test_synthetic_01554" classname="com.example.SyntheticSuite" time="0.01"/>
  <testcase name="test_synthetic_01555" classname="com.example.SyntheticSuite" time="0.01"/>
  <testcase name="test_synthetic_01556" classname="com.example.SyntheticSuite" time="0.01"/>
  <testcase name="test_synthetic_01557" classname="com.example.SyntheticSuite" time="0.01"/>
  <testcase name="test_synthetic_01558" classname="com.example.SyntheticSuite" time="0.01"/>
  <testcase name="test_synthetic_01559" classname="com.example.SyntheticSuite" time="0.01"/>
  <testcase name="test_synthetic_01560" classname="com.example.SyntheticSuite" time="0.01"/>
  <testcase name="test_synthetic_01561" classname="com.example.SyntheticSuite" time="0.01"/>
  <testcase name="test_synthetic_01562" classname="com.example.SyntheticSuite" time="0.01"/>
  <testcase name="test_synthetic_01563" classname="com.example.SyntheticSuite" time="0.01"/>
  <testcase name="test_synthetic_01564" classname="com.example.SyntheticSuite" time="0.01"/>
  <testcase name="test_synthetic_01565" classname="com.example.SyntheticSuite" time="0.01"/>
  <testcase name="test_synthetic_01566" classname="com.example.SyntheticSuite" time="0.01"/>
  <testcase name="test_synthetic_01567" classname="com.example.SyntheticSuite" time="0.01"/>
  <testcase name="test_synthetic_01568" classname="com.example.SyntheticSuite" time="0.01"/>
  <testcase name="test_synthetic_01569" classname="com.example.SyntheticSuite" time="0.01"/>
  <testcase name="test_synthetic_01570" classname="com.example.SyntheticSuite" time="0.01"/>
  <testcase name="test_synthetic_01571" classname="com.example.SyntheticSuite" time="0.01"/>
  <testcase name="test_synthetic_01572" classname="com.example.SyntheticSuite" time="0.01"/>
  <testcase name="test_synthetic_01573" classname="com.example.SyntheticSuite" time="0.01"/>
  <testcase name="test_synthetic_01574" classname="com.example.SyntheticSuite" time="0.01"/>
  <testcase name="test_synthetic_01575" classname="com.example.SyntheticSuite" time="0.01"/>
  <testcase name="test_synthetic_01576" classname="com.example.SyntheticSuite" time="0.01"/>
  <testcase name="test_synthetic_01577" classname="com.example.SyntheticSuite" time="0.01"/>
  <testcase name="test_synthetic_01578" classname="com.example.SyntheticSuite" time="0.01"/>
  <testcase name="test_synthetic_01579" classname="com.example.SyntheticSuite" time="0.01"/>
  <testcase name="test_synthetic_01580" classname="com.example.SyntheticSuite" time="0.01"/>
  <testcase name="test_synthetic_01581" classname="com.example.SyntheticSuite" time="0.01"/>
  <testcase name="test_synthetic_01582" classname="com.example.SyntheticSuite" time="0.01"/>
  <testcase name="test_synthetic_01583" classname="com.example.SyntheticSuite" time="0.01"/>
  <testcase name="test_synthetic_01584" classname="com.example.SyntheticSuite" time="0.01"/>
  <testcase name="test_synthetic_01585" classname="com.example.SyntheticSuite" time="0.01"/>
  <testcase name="test_synthetic_01586" classname="com.example.SyntheticSuite" time="0.01"/>
  <testcase name="test_synthetic_01587" classname="com.example.SyntheticSuite" time="0.01"/>
  <testcase name="test_synthetic_01588" classname="com.example.SyntheticSuite" time="0.01"/>
  <testcase name="test_synthetic_01589" classname="com.example.SyntheticSuite" time="0.01"/>
  <testcase name="test_synthetic_01590" classname="com.example.SyntheticSuite" time="0.01"/>
  <testcase name="test_synthetic_01591" classname="com.example.SyntheticSuite" time="0.01"/>
  <testcase name="test_synthetic_01592" classname="com.example.SyntheticSuite" time="0.01"/>
  <testcase name="test_synthetic_01593" classname="com.example.SyntheticSuite" time="0.01"/>
  <testcase name="test_synthetic_01594" classname="com.example.SyntheticSuite" time="0.01"/>
  <testcase name="test_synthetic_01595" classname="com.example.SyntheticSuite" time="0.01"/>
  <testcase name="test_synthetic_01596" classname="com.example.SyntheticSuite" time="0.01"/>
  <testcase name="test_synthetic_01597" classname="com.example.SyntheticSuite" time="0.01"/>
  <testcase name="test_synthetic_01598" classname="com.example.SyntheticSuite" time="0.01"/>
  <testcase name="test_synthetic_01599" classname="com.example.SyntheticSuite" time="0.01"/>
  <testcase name="test_synthetic_01600" classname="com.example.SyntheticSuite" time="0.01">
    <failure message="Synthetic failure at 1600">Assertion failed at iteration 1600</failure>
  </testcase>
  <testcase name="test_synthetic_01601" classname="com.example.SyntheticSuite" time="0.01"/>
  <testcase name="test_synthetic_01602" classname="com.example.SyntheticSuite" time="0.01"/>
  <testcase name="test_synthetic_01603" classname="com.example.SyntheticSuite" time="0.01"/>
  <testcase name="test_synthetic_01604" classname="com.example.SyntheticSuite" time="0.01"/>
  <testcase name="test_synthetic_01605" classname="com.example.SyntheticSuite" time="0.01"/>
  <testcase name="test_synthetic_01606" classname="com.example.SyntheticSuite" time="0.01"/>
  <testcase name="test_synthetic_01607" classname="com.example.SyntheticSuite" time="0.01"/>
  <testcase name="test_synthetic_01608" classname="com.example.SyntheticSuite" time="0.01"/>
  <testcase name="test_synthetic_01609" classname="com.example.SyntheticSuite" time="0.01"/>
  <testcase name="test_synthetic_01610" classname="com.example.SyntheticSuite" time="0.01"/>
  <testcase name="test_synthetic_01611" classname="com.example.SyntheticSuite" time="0.01"/>
  <testcase name="test_synthetic_01612" classname="com.example.SyntheticSuite" time="0.01"/>
  <testcase name="test_synthetic_01613" classname="com.example.SyntheticSuite" time="0.01"/>
  <testcase name="test_synthetic_01614" classname="com.example.SyntheticSuite" time="0.01"/>
  <testcase name="test_synthetic_01615" classname="com.example.SyntheticSuite" time="0.01"/>
  <testcase name="test_synthetic_01616" classname="com.example.SyntheticSuite" time="0.01"/>
  <testcase name="test_synthetic_01617" classname="com.example.SyntheticSuite" time="0.01"/>
  <testcase name="test_synthetic_01618" classname="com.example.SyntheticSuite" time="0.01"/>
  <testcase name="test_synthetic_01619" classname="com.example.SyntheticSuite" time="0.01"/>
  <testcase name="test_synthetic_01620" classname="com.example.SyntheticSuite" time="0.01"/>
  <testcase name="test_synthetic_01621" classname="com.example.SyntheticSuite" time="0.01"/>
  <testcase name="test_synthetic_01622" classname="com.example.SyntheticSuite" time="0.01"/>
  <testcase name="test_synthetic_01623" classname="com.example.SyntheticSuite" time="0.01"/>
  <testcase name="test_synthetic_01624" classname="com.example.SyntheticSuite" time="0.01"/>
  <testcase name="test_synthetic_01625" classname="com.example.SyntheticSuite" time="0.01"/>
  <testcase name="test_synthetic_01626" classname="com.example.SyntheticSuite" time="0.01"/>
  <testcase name="test_synthetic_01627" classname="com.example.SyntheticSuite" time="0.01"/>
  <testcase name="test_synthetic_01628" classname="com.example.SyntheticSuite" time="0.01"/>
  <testcase name="test_synthetic_01629" classname="com.example.SyntheticSuite" time="0.01"/>
  <testcase name="test_synthetic_01630" classname="com.example.SyntheticSuite" time="0.01"/>
  <testcase name="test_synthetic_01631" classname="com.example.SyntheticSuite" time="0.01"/>
  <testcase name="test_synthetic_01632" classname="com.example.SyntheticSuite" time="0.01"/>
  <testcase name="test_synthetic_01633" classname="com.example.SyntheticSuite" time="0.01"/>
  <testcase name="test_synthetic_01634" classname="com.example.SyntheticSuite" time="0.01"/>
  <testcase name="test_synthetic_01635" classname="com.example.SyntheticSuite" time="0.01"/>
  <testcase name="test_synthetic_01636" classname="com.example.SyntheticSuite" time="0.01"/>
  <testcase name="test_synthetic_01637" classname="com.example.SyntheticSuite" time="0.01"/>
  <testcase name="test_synthetic_01638" classname="com.example.SyntheticSuite" time="0.01"/>
  <testcase name="test_synthetic_01639" classname="com.example.SyntheticSuite" time="0.01"/>
  <testcase name="test_synthetic_01640" classname="com.example.SyntheticSuite" time="0.01"/>
  <testcase name="test_synthetic_01641" classname="com.example.SyntheticSuite" time="0.01"/>
  <testcase name="test_synthetic_01642" classname="com.example.SyntheticSuite" time="0.01"/>
  <testcase name="test_synthetic_01643" classname="com.example.SyntheticSuite" time="0.01"/>
  <testcase name="test_synthetic_01644" classname="com.example.SyntheticSuite" time="0.01"/>
  <testcase name="test_synthetic_01645" classname="com.example.SyntheticSuite" time="0.01"/>
  <testcase name="test_synthetic_01646" classname="com.example.SyntheticSuite" time="0.01"/>
  <testcase name="test_synthetic_01647" classname="com.example.SyntheticSuite" time="0.01"/>
  <testcase name="test_synthetic_01648" classname="com.example.SyntheticSuite" time="0.01"/>
  <testcase name="test_synthetic_01649" classname="com.example.SyntheticSuite" time="0.01"/>
  <testcase name="test_synthetic_01650" classname="com.example.SyntheticSuite" time="0.01"/>
  <testcase name="test_synthetic_01651" classname="com.example.SyntheticSuite" time="0.01"/>
  <testcase name="test_synthetic_01652" classname="com.example.SyntheticSuite" time="0.01"/>
  <testcase name="test_synthetic_01653" classname="com.example.SyntheticSuite" time="0.01"/>
  <testcase name="test_synthetic_01654" classname="com.example.SyntheticSuite" time="0.01"/>
  <testcase name="test_synthetic_01655" classname="com.example.SyntheticSuite" time="0.01"/>
  <testcase name="test_synthetic_01656" classname="com.example.SyntheticSuite" time="0.01"/>
  <testcase name="test_synthetic_01657" classname="com.example.SyntheticSuite" time="0.01"/>
  <testcase name="test_synthetic_01658" classname="com.example.SyntheticSuite" time="0.01"/>
  <testcase name="test_synthetic_01659" classname="com.example.SyntheticSuite" time="0.01"/>
  <testcase name="test_synthetic_01660" classname="com.example.SyntheticSuite" time="0.01"/>
  <testcase name="test_synthetic_01661" classname="com.example.SyntheticSuite" time="0.01"/>
  <testcase name="test_synthetic_01662" classname="com.example.SyntheticSuite" time="0.01"/>
  <testcase name="test_synthetic_01663" classname="com.example.SyntheticSuite" time="0.01"/>
  <testcase name="test_synthetic_01664" classname="com.example.SyntheticSuite" time="0.01"/>
  <testcase name="test_synthetic_01665" classname="com.example.SyntheticSuite" time="0.01"/>
  <testcase name="test_synthetic_01666" classname="com.example.SyntheticSuite" time="0.01"/>
  <testcase name="test_synthetic_01667" classname="com.example.SyntheticSuite" time="0.01"/>
  <testcase name="test_synthetic_01668" classname="com.example.SyntheticSuite" time="0.01"/>
  <testcase name="test_synthetic_01669" classname="com.example.SyntheticSuite" time="0.01"/>
  <testcase name="test_synthetic_01670" classname="com.example.SyntheticSuite" time="0.01"/>
  <testcase name="test_synthetic_01671" classname="com.example.SyntheticSuite" time="0.01"/>
  <testcase name="test_synthetic_01672" classname="com.example.SyntheticSuite" time="0.01"/>
  <testcase name="test_synthetic_01673" classname="com.example.SyntheticSuite" time="0.01"/>
  <testcase name="test_synthetic_01674" classname="com.example.SyntheticSuite" time="0.01"/>
  <testcase name="test_synthetic_01675" classname="com.example.SyntheticSuite" time="0.01"/>
  <testcase name="test_synthetic_01676" classname="com.example.SyntheticSuite" time="0.01"/>
  <testcase name="test_synthetic_01677" classname="com.example.SyntheticSuite" time="0.01"/>
  <testcase name="test_synthetic_01678" classname="com.example.SyntheticSuite" time="0.01"/>
  <testcase name="test_synthetic_01679" classname="com.example.SyntheticSuite" time="0.01"/>
  <testcase name="test_synthetic_01680" classname="com.example.SyntheticSuite" time="0.01"/>
  <testcase name="test_synthetic_01681" classname="com.example.SyntheticSuite" time="0.01"/>
  <testcase name="test_synthetic_01682" classname="com.example.SyntheticSuite" time="0.01"/>
  <testcase name="test_synthetic_01683" classname="com.example.SyntheticSuite" time="0.01"/>
  <testcase name="test_synthetic_01684" classname="com.example.SyntheticSuite" time="0.01"/>
  <testcase name="test_synthetic_01685" classname="com.example.SyntheticSuite" time="0.01"/>
  <testcase name="test_synthetic_01686" classname="com.example.SyntheticSuite" time="0.01"/>
  <testcase name="test_synthetic_01687" classname="com.example.SyntheticSuite" time="0.01"/>
  <testcase name="test_synthetic_01688" classname="com.example.SyntheticSuite" time="0.01"/>
  <testcase name="test_synthetic_01689" classname="com.example.SyntheticSuite" time="0.01"/>
  <testcase name="test_synthetic_01690" classname="com.example.SyntheticSuite" time="0.01"/>
  <testcase name="test_synthetic_01691" classname="com.example.SyntheticSuite" time="0.01"/>
  <testcase name="test_synthetic_01692" classname="com.example.SyntheticSuite" time="0.01"/>
  <testcase name="test_synthetic_01693" classname="com.example.SyntheticSuite" time="0.01"/>
  <testcase name="test_synthetic_01694" classname="com.example.SyntheticSuite" time="0.01"/>
  <testcase name="test_synthetic_01695" classname="com.example.SyntheticSuite" time="0.01"/>
  <testcase name="test_synthetic_01696" classname="com.example.SyntheticSuite" time="0.01"/>
  <testcase name="test_synthetic_01697" classname="com.example.SyntheticSuite" time="0.01"/>
  <testcase name="test_synthetic_01698" classname="com.example.SyntheticSuite" time="0.01"/>
  <testcase name="test_synthetic_01699" classname="com.example.SyntheticSuite" time="0.01"/>
  <testcase name="test_synthetic_01700" classname="com.example.SyntheticSuite" time="0.01">
    <failure message="Synthetic failure at 1700">Assertion failed at iteration 1700</failure>
  </testcase>
  <testcase name="test_synthetic_01701" classname="com.example.SyntheticSuite" time="0.01"/>
  <testcase name="test_synthetic_01702" classname="com.example.SyntheticSuite" time="0.01"/>
  <testcase name="test_synthetic_01703" classname="com.example.SyntheticSuite" time="0.01"/>
  <testcase name="test_synthetic_01704" classname="com.example.SyntheticSuite" time="0.01"/>
  <testcase name="test_synthetic_01705" classname="com.example.SyntheticSuite" time="0.01"/>
  <testcase name="test_synthetic_01706" classname="com.example.SyntheticSuite" time="0.01"/>
  <testcase name="test_synthetic_01707" classname="com.example.SyntheticSuite" time="0.01"/>
  <testcase name="test_synthetic_01708" classname="com.example.SyntheticSuite" time="0.01"/>
  <testcase name="test_synthetic_01709" classname="com.example.SyntheticSuite" time="0.01"/>
  <testcase name="test_synthetic_01710" classname="com.example.SyntheticSuite" time="0.01"/>
  <testcase name="test_synthetic_01711" classname="com.example.SyntheticSuite" time="0.01"/>
  <testcase name="test_synthetic_01712" classname="com.example.SyntheticSuite" time="0.01"/>
  <testcase name="test_synthetic_01713" classname="com.example.SyntheticSuite" time="0.01"/>
  <testcase name="test_synthetic_01714" classname="com.example.SyntheticSuite" time="0.01"/>
  <testcase name="test_synthetic_01715" classname="com.example.SyntheticSuite" time="0.01"/>
  <testcase name="test_synthetic_01716" classname="com.example.SyntheticSuite" time="0.01"/>
  <testcase name="test_synthetic_01717" classname="com.example.SyntheticSuite" time="0.01"/>
  <testcase name="test_synthetic_01718" classname="com.example.SyntheticSuite" time="0.01"/>
  <testcase name="test_synthetic_01719" classname="com.example.SyntheticSuite" time="0.01"/>
  <testcase name="test_synthetic_01720" classname="com.example.SyntheticSuite" time="0.01"/>
  <testcase name="test_synthetic_01721" classname="com.example.SyntheticSuite" time="0.01"/>
  <testcase name="test_synthetic_01722" classname="com.example.SyntheticSuite" time="0.01"/>
  <testcase name="test_synthetic_01723" classname="com.example.SyntheticSuite" time="0.01"/>
  <testcase name="test_synthetic_01724" classname="com.example.SyntheticSuite" time="0.01"/>
  <testcase name="test_synthetic_01725" classname="com.example.SyntheticSuite" time="0.01"/>
  <testcase name="test_synthetic_01726" classname="com.example.SyntheticSuite" time="0.01"/>
  <testcase name="test_synthetic_01727" classname="com.example.SyntheticSuite" time="0.01"/>
  <testcase name="test_synthetic_01728" classname="com.example.SyntheticSuite" time="0.01"/>
  <testcase name="test_synthetic_01729" classname="com.example.SyntheticSuite" time="0.01"/>
  <testcase name="test_synthetic_01730" classname="com.example.SyntheticSuite" time="0.01"/>
  <testcase name="test_synthetic_01731" classname="com.example.SyntheticSuite" time="0.01"/>
  <testcase name="test_synthetic_01732" classname="com.example.SyntheticSuite" time="0.01"/>
  <testcase name="test_synthetic_01733" classname="com.example.SyntheticSuite" time="0.01"/>
  <testcase name="test_synthetic_01734" classname="com.example.SyntheticSuite" time="0.01"/>
  <testcase name="test_synthetic_01735" classname="com.example.SyntheticSuite" time="0.01"/>
  <testcase name="test_synthetic_01736" classname="com.example.SyntheticSuite" time="0.01"/>
  <testcase name="test_synthetic_01737" classname="com.example.SyntheticSuite" time="0.01"/>
  <testcase name="test_synthetic_01738" classname="com.example.SyntheticSuite" time="0.01"/>
  <testcase name="test_synthetic_01739" classname="com.example.SyntheticSuite" time="0.01"/>
  <testcase name="test_synthetic_01740" classname="com.example.SyntheticSuite" time="0.01"/>
  <testcase name="test_synthetic_01741" classname="com.example.SyntheticSuite" time="0.01"/>
  <testcase name="test_synthetic_01742" classname="com.example.SyntheticSuite" time="0.01"/>
  <testcase name="test_synthetic_01743" classname="com.example.SyntheticSuite" time="0.01"/>
  <testcase name="test_synthetic_01744" classname="com.example.SyntheticSuite" time="0.01"/>
  <testcase name="test_synthetic_01745" classname="com.example.SyntheticSuite" time="0.01"/>
  <testcase name="test_synthetic_01746" classname="com.example.SyntheticSuite" time="0.01"/>
  <testcase name="test_synthetic_01747" classname="com.example.SyntheticSuite" time="0.01"/>
  <testcase name="test_synthetic_01748" classname="com.example.SyntheticSuite" time="0.01"/>
  <testcase name="test_synthetic_01749" classname="com.example.SyntheticSuite" time="0.01"/>
  <testcase name="test_synthetic_01750" classname="com.example.SyntheticSuite" time="0.01"/>
  <testcase name="test_synthetic_01751" classname="com.example.SyntheticSuite" time="0.01"/>
  <testcase name="test_synthetic_01752" classname="com.example.SyntheticSuite" time="0.01"/>
  <testcase name="test_synthetic_01753" classname="com.example.SyntheticSuite" time="0.01"/>
  <testcase name="test_synthetic_01754" classname="com.example.SyntheticSuite" time="0.01"/>
  <testcase name="test_synthetic_01755" classname="com.example.SyntheticSuite" time="0.01"/>
  <testcase name="test_synthetic_01756" classname="com.example.SyntheticSuite" time="0.01"/>
  <testcase name="test_synthetic_01757" classname="com.example.SyntheticSuite" time="0.01"/>
  <testcase name="test_synthetic_01758" classname="com.example.SyntheticSuite" time="0.01"/>
  <testcase name="test_synthetic_01759" classname="com.example.SyntheticSuite" time="0.01"/>
  <testcase name="test_synthetic_01760" classname="com.example.SyntheticSuite" time="0.01"/>
  <testcase name="test_synthetic_01761" classname="com.example.SyntheticSuite" time="0.01"/>
  <testcase name="test_synthetic_01762" classname="com.example.SyntheticSuite" time="0.01"/>
  <testcase name="test_synthetic_01763" classname="com.example.SyntheticSuite" time="0.01"/>
  <testcase name="test_synthetic_01764" classname="com.example.SyntheticSuite" time="0.01"/>
  <testcase name="test_synthetic_01765" classname="com.example.SyntheticSuite" time="0.01"/>
  <testcase name="test_synthetic_01766" classname="com.example.SyntheticSuite" time="0.01"/>
  <testcase name="test_synthetic_01767" classname="com.example.SyntheticSuite" time="0.01"/>
  <testcase name="test_synthetic_01768" classname="com.example.SyntheticSuite" time="0.01"/>
  <testcase name="test_synthetic_01769" classname="com.example.SyntheticSuite" time="0.01"/>
  <testcase name="test_synthetic_01770" classname="com.example.SyntheticSuite" time="0.01"/>
  <testcase name="test_synthetic_01771" classname="com.example.SyntheticSuite" time="0.01"/>
  <testcase name="test_synthetic_01772" classname="com.example.SyntheticSuite" time="0.01"/>
  <testcase name="test_synthetic_01773" classname="com.example.SyntheticSuite" time="0.01"/>
  <testcase name="test_synthetic_01774" classname="com.example.SyntheticSuite" time="0.01"/>
  <testcase name="test_synthetic_01775" classname="com.example.SyntheticSuite" time="0.01"/>
  <testcase name="test_synthetic_01776" classname="com.example.SyntheticSuite" time="0.01"/>
  <testcase name="test_synthetic_01777" classname="com.example.SyntheticSuite" time="0.01"/>
  <testcase name="test_synthetic_01778" classname="com.example.SyntheticSuite" time="0.01"/>
  <testcase name="test_synthetic_01779" classname="com.example.SyntheticSuite" time="0.01"/>
  <testcase name="test_synthetic_01780" classname="com.example.SyntheticSuite" time="0.01"/>
  <testcase name="test_synthetic_01781" classname="com.example.SyntheticSuite" time="0.01"/>
  <testcase name="test_synthetic_01782" classname="com.example.SyntheticSuite" time="0.01"/>
  <testcase name="test_synthetic_01783" classname="com.example.SyntheticSuite" time="0.01"/>
  <testcase name="test_synthetic_01784" classname="com.example.SyntheticSuite" time="0.01"/>
  <testcase name="test_synthetic_01785" classname="com.example.SyntheticSuite" time="0.01"/>
  <testcase name="test_synthetic_01786" classname="com.example.SyntheticSuite" time="0.01"/>
  <testcase name="test_synthetic_01787" classname="com.example.SyntheticSuite" time="0.01"/>
  <testcase name="test_synthetic_01788" classname="com.example.SyntheticSuite" time="0.01"/>
  <testcase name="test_synthetic_01789" classname="com.example.SyntheticSuite" time="0.01"/>
  <testcase name="test_synthetic_01790" classname="com.example.SyntheticSuite" time="0.01"/>
  <testcase name="test_synthetic_01791" classname="com.example.SyntheticSuite" time="0.01"/>
  <testcase name="test_synthetic_01792" classname="com.example.SyntheticSuite" time="0.01"/>
  <testcase name="test_synthetic_01793" classname="com.example.SyntheticSuite" time="0.01"/>
  <testcase name="test_synthetic_01794" classname="com.example.SyntheticSuite" time="0.01"/>
  <testcase name="test_synthetic_01795" classname="com.example.SyntheticSuite" time="0.01"/>
  <testcase name="test_synthetic_01796" classname="com.example.SyntheticSuite" time="0.01"/>
  <testcase name="test_synthetic_01797" classname="com.example.SyntheticSuite" time="0.01"/>
  <testcase name="test_synthetic_01798" classname="com.example.SyntheticSuite" time="0.01"/>
  <testcase name="test_synthetic_01799" classname="com.example.SyntheticSuite" time="0.01"/>
  <testcase name="test_synthetic_01800" classname="com.example.SyntheticSuite" time="0.01">
    <failure message="Synthetic failure at 1800">Assertion failed at iteration 1800</failure>
  </testcase>
  <testcase name="test_synthetic_01801" classname="com.example.SyntheticSuite" time="0.01"/>
  <testcase name="test_synthetic_01802" classname="com.example.SyntheticSuite" time="0.01"/>
  <testcase name="test_synthetic_01803" classname="com.example.SyntheticSuite" time="0.01"/>
  <testcase name="test_synthetic_01804" classname="com.example.SyntheticSuite" time="0.01"/>
  <testcase name="test_synthetic_01805" classname="com.example.SyntheticSuite" time="0.01"/>
  <testcase name="test_synthetic_01806" classname="com.example.SyntheticSuite" time="0.01"/>
  <testcase name="test_synthetic_01807" classname="com.example.SyntheticSuite" time="0.01"/>
  <testcase name="test_synthetic_01808" classname="com.example.SyntheticSuite" time="0.01"/>
  <testcase name="test_synthetic_01809" classname="com.example.SyntheticSuite" time="0.01"/>
  <testcase name="test_synthetic_01810" classname="com.example.SyntheticSuite" time="0.01"/>
  <testcase name="test_synthetic_01811" classname="com.example.SyntheticSuite" time="0.01"/>
  <testcase name="test_synthetic_01812" classname="com.example.SyntheticSuite" time="0.01"/>
  <testcase name="test_synthetic_01813" classname="com.example.SyntheticSuite" time="0.01"/>
  <testcase name="test_synthetic_01814" classname="com.example.SyntheticSuite" time="0.01"/>
  <testcase name="test_synthetic_01815" classname="com.example.SyntheticSuite" time="0.01"/>
  <testcase name="test_synthetic_01816" classname="com.example.SyntheticSuite" time="0.01"/>
  <testcase name="test_synthetic_01817" classname="com.example.SyntheticSuite" time="0.01"/>
  <testcase name="test_synthetic_01818" classname="com.example.SyntheticSuite" time="0.01"/>
  <testcase name="test_synthetic_01819" classname="com.example.SyntheticSuite" time="0.01"/>
  <testcase name="test_synthetic_01820" classname="com.example.SyntheticSuite" time="0.01"/>
  <testcase name="test_synthetic_01821" classname="com.example.SyntheticSuite" time="0.01"/>
  <testcase name="test_synthetic_01822" classname="com.example.SyntheticSuite" time="0.01"/>
  <testcase name="test_synthetic_01823" classname="com.example.SyntheticSuite" time="0.01"/>
  <testcase name="test_synthetic_01824" classname="com.example.SyntheticSuite" time="0.01"/>
  <testcase name="test_synthetic_01825" classname="com.example.SyntheticSuite" time="0.01"/>
  <testcase name="test_synthetic_01826" classname="com.example.SyntheticSuite" time="0.01"/>
  <testcase name="test_synthetic_01827" classname="com.example.SyntheticSuite" time="0.01"/>
  <testcase name="test_synthetic_01828" classname="com.example.SyntheticSuite" time="0.01"/>
  <testcase name="test_synthetic_01829" classname="com.example.SyntheticSuite" time="0.01"/>
  <testcase name="test_synthetic_01830" classname="com.example.SyntheticSuite" time="0.01"/>
  <testcase name="test_synthetic_01831" classname="com.example.SyntheticSuite" time="0.01"/>
  <testcase name="test_synthetic_01832" classname="com.example.SyntheticSuite" time="0.01"/>
  <testcase name="test_synthetic_01833" classname="com.example.SyntheticSuite" time="0.01"/>
  <testcase name="test_synthetic_01834" classname="com.example.SyntheticSuite" time="0.01"/>
  <testcase name="test_synthetic_01835" classname="com.example.SyntheticSuite" time="0.01"/>
  <testcase name="test_synthetic_01836" classname="com.example.SyntheticSuite" time="0.01"/>
  <testcase name="test_synthetic_01837" classname="com.example.SyntheticSuite" time="0.01"/>
  <testcase name="test_synthetic_01838" classname="com.example.SyntheticSuite" time="0.01"/>
  <testcase name="test_synthetic_01839" classname="com.example.SyntheticSuite" time="0.01"/>
  <testcase name="test_synthetic_01840" classname="com.example.SyntheticSuite" time="0.01"/>
  <testcase name="test_synthetic_01841" classname="com.example.SyntheticSuite" time="0.01"/>
  <testcase name="test_synthetic_01842" classname="com.example.SyntheticSuite" time="0.01"/>
  <testcase name="test_synthetic_01843" classname="com.example.SyntheticSuite" time="0.01"/>
  <testcase name="test_synthetic_01844" classname="com.example.SyntheticSuite" time="0.01"/>
  <testcase name="test_synthetic_01845" classname="com.example.SyntheticSuite" time="0.01"/>
  <testcase name="test_synthetic_01846" classname="com.example.SyntheticSuite" time="0.01"/>
  <testcase name="test_synthetic_01847" classname="com.example.SyntheticSuite" time="0.01"/>
  <testcase name="test_synthetic_01848" classname="com.example.SyntheticSuite" time="0.01"/>
  <testcase name="test_synthetic_01849" classname="com.example.SyntheticSuite" time="0.01"/>
  <testcase name="test_synthetic_01850" classname="com.example.SyntheticSuite" time="0.01"/>
  <testcase name="test_synthetic_01851" classname="com.example.SyntheticSuite" time="0.01"/>
  <testcase name="test_synthetic_01852" classname="com.example.SyntheticSuite" time="0.01"/>
  <testcase name="test_synthetic_01853" classname="com.example.SyntheticSuite" time="0.01"/>
  <testcase name="test_synthetic_01854" classname="com.example.SyntheticSuite" time="0.01"/>
  <testcase name="test_synthetic_01855" classname="com.example.SyntheticSuite" time="0.01"/>
  <testcase name="test_synthetic_01856" classname="com.example.SyntheticSuite" time="0.01"/>
  <testcase name="test_synthetic_01857" classname="com.example.SyntheticSuite" time="0.01"/>
  <testcase name="test_synthetic_01858" classname="com.example.SyntheticSuite" time="0.01"/>
  <testcase name="test_synthetic_01859" classname="com.example.SyntheticSuite" time="0.01"/>
  <testcase name="test_synthetic_01860" classname="com.example.SyntheticSuite" time="0.01"/>
  <testcase name="test_synthetic_01861" classname="com.example.SyntheticSuite" time="0.01"/>
  <testcase name="test_synthetic_01862" classname="com.example.SyntheticSuite" time="0.01"/>
  <testcase name="test_synthetic_01863" classname="com.example.SyntheticSuite" time="0.01"/>
  <testcase name="test_synthetic_01864" classname="com.example.SyntheticSuite" time="0.01"/>
  <testcase name="test_synthetic_01865" classname="com.example.SyntheticSuite" time="0.01"/>
  <testcase name="test_synthetic_01866" classname="com.example.SyntheticSuite" time="0.01"/>
  <testcase name="test_synthetic_01867" classname="com.example.SyntheticSuite" time="0.01"/>
  <testcase name="test_synthetic_01868" classname="com.example.SyntheticSuite" time="0.01"/>
  <testcase name="test_synthetic_01869" classname="com.example.SyntheticSuite" time="0.01"/>
  <testcase name="test_synthetic_01870" classname="com.example.SyntheticSuite" time="0.01"/>
  <testcase name="test_synthetic_01871" classname="com.example.SyntheticSuite" time="0.01"/>
  <testcase name="test_synthetic_01872" classname="com.example.SyntheticSuite" time="0.01"/>
  <testcase name="test_synthetic_01873" classname="com.example.SyntheticSuite" time="0.01"/>
  <testcase name="test_synthetic_01874" classname="com.example.SyntheticSuite" time="0.01"/>
  <testcase name="test_synthetic_01875" classname="com.example.SyntheticSuite" time="0.01"/>
  <testcase name="test_synthetic_01876" classname="com.example.SyntheticSuite" time="0.01"/>
  <testcase name="test_synthetic_01877" classname="com.example.SyntheticSuite" time="0.01"/>
  <testcase name="test_synthetic_01878" classname="com.example.SyntheticSuite" time="0.01"/>
  <testcase name="test_synthetic_01879" classname="com.example.SyntheticSuite" time="0.01"/>
  <testcase name="test_synthetic_01880" classname="com.example.SyntheticSuite" time="0.01"/>
  <testcase name="test_synthetic_01881" classname="com.example.SyntheticSuite" time="0.01"/>
  <testcase name="test_synthetic_01882" classname="com.example.SyntheticSuite" time="0.01"/>
  <testcase name="test_synthetic_01883" classname="com.example.SyntheticSuite" time="0.01"/>
  <testcase name="test_synthetic_01884" classname="com.example.SyntheticSuite" time="0.01"/>
  <testcase name="test_synthetic_01885" classname="com.example.SyntheticSuite" time="0.01"/>
  <testcase name="test_synthetic_01886" classname="com.example.SyntheticSuite" time="0.01"/>
  <testcase name="test_synthetic_01887" classname="com.example.SyntheticSuite" time="0.01"/>
  <testcase name="test_synthetic_01888" classname="com.example.SyntheticSuite" time="0.01"/>
  <testcase name="test_synthetic_01889" classname="com.example.SyntheticSuite" time="0.01"/>
  <testcase name="test_synthetic_01890" classname="com.example.SyntheticSuite" time="0.01"/>
  <testcase name="test_synthetic_01891" classname="com.example.SyntheticSuite" time="0.01"/>
  <testcase name="test_synthetic_01892" classname="com.example.SyntheticSuite" time="0.01"/>
  <testcase name="test_synthetic_01893" classname="com.example.SyntheticSuite" time="0.01"/>
  <testcase name="test_synthetic_01894" classname="com.example.SyntheticSuite" time="0.01"/>
  <testcase name="test_synthetic_01895" classname="com.example.SyntheticSuite" time="0.01"/>
  <testcase name="test_synthetic_01896" classname="com.example.SyntheticSuite" time="0.01"/>
  <testcase name="test_synthetic_01897" classname="com.example.SyntheticSuite" time="0.01"/>
  <testcase name="test_synthetic_01898" classname="com.example.SyntheticSuite" time="0.01"/>
  <testcase name="test_synthetic_01899" classname="com.example.SyntheticSuite" time="0.01"/>
  <testcase name="test_synthetic_01900" classname="com.example.SyntheticSuite" time="0.01">
    <failure message="Synthetic failure at 1900">Assertion failed at iteration 1900</failure>
  </testcase>
  <testcase name="test_synthetic_01901" classname="com.example.SyntheticSuite" time="0.01"/>
  <testcase name="test_synthetic_01902" classname="com.example.SyntheticSuite" time="0.01"/>
  <testcase name="test_synthetic_01903" classname="com.example.SyntheticSuite" time="0.01"/>
  <testcase name="test_synthetic_01904" classname="com.example.SyntheticSuite" time="0.01"/>
  <testcase name="test_synthetic_01905" classname="com.example.SyntheticSuite" time="0.01"/>
  <testcase name="test_synthetic_01906" classname="com.example.SyntheticSuite" time="0.01"/>
  <testcase name="test_synthetic_01907" classname="com.example.SyntheticSuite" time="0.01"/>
  <testcase name="test_synthetic_01908" classname="com.example.SyntheticSuite" time="0.01"/>
  <testcase name="test_synthetic_01909" classname="com.example.SyntheticSuite" time="0.01"/>
  <testcase name="test_synthetic_01910" classname="com.example.SyntheticSuite" time="0.01"/>
  <testcase name="test_synthetic_01911" classname="com.example.SyntheticSuite" time="0.01"/>
  <testcase name="test_synthetic_01912" classname="com.example.SyntheticSuite" time="0.01"/>
  <testcase name="test_synthetic_01913" classname="com.example.SyntheticSuite" time="0.01"/>
  <testcase name="test_synthetic_01914" classname="com.example.SyntheticSuite" time="0.01"/>
  <testcase name="test_synthetic_01915" classname="com.example.SyntheticSuite" time="0.01"/>
  <testcase name="test_synthetic_01916" classname="com.example.SyntheticSuite" time="0.01"/>
  <testcase name="test_synthetic_01917" classname="com.example.SyntheticSuite" time="0.01"/>
  <testcase name="test_synthetic_01918" classname="com.example.SyntheticSuite" time="0.01"/>
  <testcase name="test_synthetic_01919" classname="com.example.SyntheticSuite" time="0.01"/>
  <testcase name="test_synthetic_01920" classname="com.example.SyntheticSuite" time="0.01"/>
  <testcase name="test_synthetic_01921" classname="com.example.SyntheticSuite" time="0.01"/>
  <testcase name="test_synthetic_01922" classname="com.example.SyntheticSuite" time="0.01"/>
  <testcase name="test_synthetic_01923" classname="com.example.SyntheticSuite" time="0.01"/>
  <testcase name="test_synthetic_01924" classname="com.example.SyntheticSuite" time="0.01"/>
  <testcase name="test_synthetic_01925" classname="com.example.SyntheticSuite" time="0.01"/>
  <testcase name="test_synthetic_01926" classname="com.example.SyntheticSuite" time="0.01"/>
  <testcase name="test_synthetic_01927" classname="com.example.SyntheticSuite" time="0.01"/>
  <testcase name="test_synthetic_01928" classname="com.example.SyntheticSuite" time="0.01"/>
  <testcase name="test_synthetic_01929" classname="com.example.SyntheticSuite" time="0.01"/>
  <testcase name="test_synthetic_01930" classname="com.example.SyntheticSuite" time="0.01"/>
  <testcase name="test_synthetic_01931" classname="com.example.SyntheticSuite" time="0.01"/>
  <testcase name="test_synthetic_01932" classname="com.example.SyntheticSuite" time="0.01"/>
  <testcase name="test_synthetic_01933" classname="com.example.SyntheticSuite" time="0.01"/>
  <testcase name="test_synthetic_01934" classname="com.example.SyntheticSuite" time="0.01"/>
  <testcase name="test_synthetic_01935" classname="com.example.SyntheticSuite" time="0.01"/>
  <testcase name="test_synthetic_01936" classname="com.example.SyntheticSuite" time="0.01"/>
  <testcase name="test_synthetic_01937" classname="com.example.SyntheticSuite" time="0.01"/>
  <testcase name="test_synthetic_01938" classname="com.example.SyntheticSuite" time="0.01"/>
  <testcase name="test_synthetic_01939" classname="com.example.SyntheticSuite" time="0.01"/>
  <testcase name="test_synthetic_01940" classname="com.example.SyntheticSuite" time="0.01"/>
  <testcase name="test_synthetic_01941" classname="com.example.SyntheticSuite" time="0.01"/>
  <testcase name="test_synthetic_01942" classname="com.example.SyntheticSuite" time="0.01"/>
  <testcase name="test_synthetic_01943" classname="com.example.SyntheticSuite" time="0.01"/>
  <testcase name="test_synthetic_01944" classname="com.example.SyntheticSuite" time="0.01"/>
  <testcase name="test_synthetic_01945" classname="com.example.SyntheticSuite" time="0.01"/>
  <testcase name="test_synthetic_01946" classname="com.example.SyntheticSuite" time="0.01"/>
  <testcase name="test_synthetic_01947" classname="com.example.SyntheticSuite" time="0.01"/>
  <testcase name="test_synthetic_01948" classname="com.example.SyntheticSuite" time="0.01"/>
  <testcase name="test_synthetic_01949" classname="com.example.SyntheticSuite" time="0.01"/>
  <testcase name="test_synthetic_01950" classname="com.example.SyntheticSuite" time="0.01"/>
  <testcase name="test_synthetic_01951" classname="com.example.SyntheticSuite" time="0.01"/>
  <testcase name="test_synthetic_01952" classname="com.example.SyntheticSuite" time="0.01"/>
  <testcase name="test_synthetic_01953" classname="com.example.SyntheticSuite" time="0.01"/>
  <testcase name="test_synthetic_01954" classname="com.example.SyntheticSuite" time="0.01"/>
  <testcase name="test_synthetic_01955" classname="com.example.SyntheticSuite" time="0.01"/>
  <testcase name="test_synthetic_01956" classname="com.example.SyntheticSuite" time="0.01"/>
  <testcase name="test_synthetic_01957" classname="com.example.SyntheticSuite" time="0.01"/>
  <testcase name="test_synthetic_01958" classname="com.example.SyntheticSuite" time="0.01"/>
  <testcase name="test_synthetic_01959" classname="com.example.SyntheticSuite" time="0.01"/>
  <testcase name="test_synthetic_01960" classname="com.example.SyntheticSuite" time="0.01"/>
  <testcase name="test_synthetic_01961" classname="com.example.SyntheticSuite" time="0.01"/>
  <testcase name="test_synthetic_01962" classname="com.example.SyntheticSuite" time="0.01"/>
  <testcase name="test_synthetic_01963" classname="com.example.SyntheticSuite" time="0.01"/>
  <testcase name="test_synthetic_01964" classname="com.example.SyntheticSuite" time="0.01"/>
  <testcase name="test_synthetic_01965" classname="com.example.SyntheticSuite" time="0.01"/>
  <testcase name="test_synthetic_01966" classname="com.example.SyntheticSuite" time="0.01"/>
  <testcase name="test_synthetic_01967" classname="com.example.SyntheticSuite" time="0.01"/>
  <testcase name="test_synthetic_01968" classname="com.example.SyntheticSuite" time="0.01"/>
  <testcase name="test_synthetic_01969" classname="com.example.SyntheticSuite" time="0.01"/>
  <testcase name="test_synthetic_01970" classname="com.example.SyntheticSuite" time="0.01"/>
  <testcase name="test_synthetic_01971" classname="com.example.SyntheticSuite" time="0.01"/>
  <testcase name="test_synthetic_01972" classname="com.example.SyntheticSuite" time="0.01"/>
  <testcase name="test_synthetic_01973" classname="com.example.SyntheticSuite" time="0.01"/>
  <testcase name="test_synthetic_01974" classname="com.example.SyntheticSuite" time="0.01"/>
  <testcase name="test_synthetic_01975" classname="com.example.SyntheticSuite" time="0.01"/>
  <testcase name="test_synthetic_01976" classname="com.example.SyntheticSuite" time="0.01"/>
  <testcase name="test_synthetic_01977" classname="com.example.SyntheticSuite" time="0.01"/>
  <testcase name="test_synthetic_01978" classname="com.example.SyntheticSuite" time="0.01"/>
  <testcase name="test_synthetic_01979" classname="com.example.SyntheticSuite" time="0.01"/>
  <testcase name="test_synthetic_01980" classname="com.example.SyntheticSuite" time="0.01"/>
  <testcase name="test_synthetic_01981" classname="com.example.SyntheticSuite" time="0.01"/>
  <testcase name="test_synthetic_01982" classname="com.example.SyntheticSuite" time="0.01"/>
  <testcase name="test_synthetic_01983" classname="com.example.SyntheticSuite" time="0.01"/>
  <testcase name="test_synthetic_01984" classname="com.example.SyntheticSuite" time="0.01"/>
  <testcase name="test_synthetic_01985" classname="com.example.SyntheticSuite" time="0.01"/>
  <testcase name="test_synthetic_01986" classname="com.example.SyntheticSuite" time="0.01"/>
  <testcase name="test_synthetic_01987" classname="com.example.SyntheticSuite" time="0.01"/>
  <testcase name="test_synthetic_01988" classname="com.example.SyntheticSuite" time="0.01"/>
  <testcase name="test_synthetic_01989" classname="com.example.SyntheticSuite" time="0.01"/>
  <testcase name="test_synthetic_01990" classname="com.example.SyntheticSuite" time="0.01"/>
  <testcase name="test_synthetic_01991" classname="com.example.SyntheticSuite" time="0.01"/>
  <testcase name="test_synthetic_01992" classname="com.example.SyntheticSuite" time="0.01"/>
  <testcase name="test_synthetic_01993" classname="com.example.SyntheticSuite" time="0.01"/>
  <testcase name="test_synthetic_01994" classname="com.example.SyntheticSuite" time="0.01"/>
  <testcase name="test_synthetic_01995" classname="com.example.SyntheticSuite" time="0.01"/>
  <testcase name="test_synthetic_01996" classname="com.example.SyntheticSuite" time="0.01"/>
  <testcase name="test_synthetic_01997" classname="com.example.SyntheticSuite" time="0.01"/>
  <testcase name="test_synthetic_01998" classname="com.example.SyntheticSuite" time="0.01"/>
  <testcase name="test_synthetic_01999" classname="com.example.SyntheticSuite" time="0.01"/>
  <testcase name="test_synthetic_02000" classname="com.example.SyntheticSuite" time="0.01">
    <failure message="Synthetic failure at 2000">Assertion failed at iteration 2000</failure>
  </testcase>
  <testcase name="test_synthetic_02001" classname="com.example.SyntheticSuite" time="0.01"/>
  <testcase name="test_synthetic_02002" classname="com.example.SyntheticSuite" time="0.01"/>
  <testcase name="test_synthetic_02003" classname="com.example.SyntheticSuite" time="0.01"/>
  <testcase name="test_synthetic_02004" classname="com.example.SyntheticSuite" time="0.01"/>
  <testcase name="test_synthetic_02005" classname="com.example.SyntheticSuite" time="0.01"/>
  <testcase name="test_synthetic_02006" classname="com.example.SyntheticSuite" time="0.01"/>
  <testcase name="test_synthetic_02007" classname="com.example.SyntheticSuite" time="0.01"/>
  <testcase name="test_synthetic_02008" classname="com.example.SyntheticSuite" time="0.01"/>
  <testcase name="test_synthetic_02009" classname="com.example.SyntheticSuite" time="0.01"/>
  <testcase name="test_synthetic_02010" classname="com.example.SyntheticSuite" time="0.01"/>
  <testcase name="test_synthetic_02011" classname="com.example.SyntheticSuite" time="0.01"/>
  <testcase name="test_synthetic_02012" classname="com.example.SyntheticSuite" time="0.01"/>
  <testcase name="test_synthetic_02013" classname="com.example.SyntheticSuite" time="0.01"/>
  <testcase name="test_synthetic_02014" classname="com.example.SyntheticSuite" time="0.01"/>
  <testcase name="test_synthetic_02015" classname="com.example.SyntheticSuite" time="0.01"/>
  <testcase name="test_synthetic_02016" classname="com.example.SyntheticSuite" time="0.01"/>
  <testcase name="test_synthetic_02017" classname="com.example.SyntheticSuite" time="0.01"/>
  <testcase name="test_synthetic_02018" classname="com.example.SyntheticSuite" time="0.01"/>
  <testcase name="test_synthetic_02019" classname="com.example.SyntheticSuite" time="0.01"/>
  <testcase name="test_synthetic_02020" classname="com.example.SyntheticSuite" time="0.01"/>
  <testcase name="test_synthetic_02021" classname="com.example.SyntheticSuite" time="0.01"/>
  <testcase name="test_synthetic_02022" classname="com.example.SyntheticSuite" time="0.01"/>
  <testcase name="test_synthetic_02023" classname="com.example.SyntheticSuite" time="0.01"/>
  <testcase name="test_synthetic_02024" classname="com.example.SyntheticSuite" time="0.01"/>
  <testcase name="test_synthetic_02025" classname="com.example.SyntheticSuite" time="0.01"/>
  <testcase name="test_synthetic_02026" classname="com.example.SyntheticSuite" time="0.01"/>
  <testcase name="test_synthetic_02027" classname="com.example.SyntheticSuite" time="0.01"/>
  <testcase name="test_synthetic_02028" classname="com.example.SyntheticSuite" time="0.01"/>
  <testcase name="test_synthetic_02029" classname="com.example.SyntheticSuite" time="0.01"/>
  <testcase name="test_synthetic_02030" classname="com.example.SyntheticSuite" time="0.01"/>
  <testcase name="test_synthetic_02031" classname="com.example.SyntheticSuite" time="0.01"/>
  <testcase name="test_synthetic_02032" classname="com.example.SyntheticSuite" time="0.01"/>
  <testcase name="test_synthetic_02033" classname="com.example.SyntheticSuite" time="0.01"/>
  <testcase name="test_synthetic_02034" classname="com.example.SyntheticSuite" time="0.01"/>
  <testcase name="test_synthetic_02035" classname="com.example.SyntheticSuite" time="0.01"/>
  <testcase name="test_synthetic_02036" classname="com.example.SyntheticSuite" time="0.01"/>
  <testcase name="test_synthetic_02037" classname="com.example.SyntheticSuite" time="0.01"/>
  <testcase name="test_synthetic_02038" classname="com.example.SyntheticSuite" time="0.01"/>
  <testcase name="test_synthetic_02039" classname="com.example.SyntheticSuite" time="0.01"/>
  <testcase name="test_synthetic_02040" classname="com.example.SyntheticSuite" time="0.01"/>
  <testcase name="test_synthetic_02041" classname="com.example.SyntheticSuite" time="0.01"/>
  <testcase name="test_synthetic_02042" classname="com.example.SyntheticSuite" time="0.01"/>
  <testcase name="test_synthetic_02043" classname="com.example.SyntheticSuite" time="0.01"/>
  <testcase name="test_synthetic_02044" classname="com.example.SyntheticSuite" time="0.01"/>
  <testcase name="test_synthetic_02045" classname="com.example.SyntheticSuite" time="0.01"/>
  <testcase name="test_synthetic_02046" classname="com.example.SyntheticSuite" time="0.01"/>
  <testcase name="test_synthetic_02047" classname="com.example.SyntheticSuite" time="0.01"/>
  <testcase name="test_synthetic_02048" classname="com.example.SyntheticSuite" time="0.01"/>
  <testcase name="test_synthetic_02049" classname="com.example.SyntheticSuite" time="0.01"/>
  <testcase name="test_synthetic_02050" classname="com.example.SyntheticSuite" time="0.01"/>
  <testcase name="test_synthetic_02051" classname="com.example.SyntheticSuite" time="0.01"/>
  <testcase name="test_synthetic_02052" classname="com.example.SyntheticSuite" time="0.01"/>
  <testcase name="test_synthetic_02053" classname="com.example.SyntheticSuite" time="0.01"/>
  <testcase name="test_synthetic_02054" classname="com.example.SyntheticSuite" time="0.01"/>
  <testcase name="test_synthetic_02055" classname="com.example.SyntheticSuite" time="0.01"/>
  <testcase name="test_synthetic_02056" classname="com.example.SyntheticSuite" time="0.01"/>
  <testcase name="test_synthetic_02057" classname="com.example.SyntheticSuite" time="0.01"/>
  <testcase name="test_synthetic_02058" classname="com.example.SyntheticSuite" time="0.01"/>
  <testcase name="test_synthetic_02059" classname="com.example.SyntheticSuite" time="0.01"/>
  <testcase name="test_synthetic_02060" classname="com.example.SyntheticSuite" time="0.01"/>
  <testcase name="test_synthetic_02061" classname="com.example.SyntheticSuite" time="0.01"/>
  <testcase name="test_synthetic_02062" classname="com.example.SyntheticSuite" time="0.01"/>
  <testcase name="test_synthetic_02063" classname="com.example.SyntheticSuite" time="0.01"/>
  <testcase name="test_synthetic_02064" classname="com.example.SyntheticSuite" time="0.01"/>
  <testcase name="test_synthetic_02065" classname="com.example.SyntheticSuite" time="0.01"/>
  <testcase name="test_synthetic_02066" classname="com.example.SyntheticSuite" time="0.01"/>
  <testcase name="test_synthetic_02067" classname="com.example.SyntheticSuite" time="0.01"/>
  <testcase name="test_synthetic_02068" classname="com.example.SyntheticSuite" time="0.01"/>
  <testcase name="test_synthetic_02069" classname="com.example.SyntheticSuite" time="0.01"/>
  <testcase name="test_synthetic_02070" classname="com.example.SyntheticSuite" time="0.01"/>
  <testcase name="test_synthetic_02071" classname="com.example.SyntheticSuite" time="0.01"/>
  <testcase name="test_synthetic_02072" classname="com.example.SyntheticSuite" time="0.01"/>
  <testcase name="test_synthetic_02073" classname="com.example.SyntheticSuite" time="0.01"/>
  <testcase name="test_synthetic_02074" classname="com.example.SyntheticSuite" time="0.01"/>
  <testcase name="test_synthetic_02075" classname="com.example.SyntheticSuite" time="0.01"/>
  <testcase name="test_synthetic_02076" classname="com.example.SyntheticSuite" time="0.01"/>
  <testcase name="test_synthetic_02077" classname="com.example.SyntheticSuite" time="0.01"/>
  <testcase name="test_synthetic_02078" classname="com.example.SyntheticSuite" time="0.01"/>
  <testcase name="test_synthetic_02079" classname="com.example.SyntheticSuite" time="0.01"/>
  <testcase name="test_synthetic_02080" classname="com.example.SyntheticSuite" time="0.01"/>
  <testcase name="test_synthetic_02081" classname="com.example.SyntheticSuite" time="0.01"/>
  <testcase name="test_synthetic_02082" classname="com.example.SyntheticSuite" time="0.01"/>
  <testcase name="test_synthetic_02083" classname="com.example.SyntheticSuite" time="0.01"/>
  <testcase name="test_synthetic_02084" classname="com.example.SyntheticSuite" time="0.01"/>
  <testcase name="test_synthetic_02085" classname="com.example.SyntheticSuite" time="0.01"/>
  <testcase name="test_synthetic_02086" classname="com.example.SyntheticSuite" time="0.01"/>
  <testcase name="test_synthetic_02087" classname="com.example.SyntheticSuite" time="0.01"/>
  <testcase name="test_synthetic_02088" classname="com.example.SyntheticSuite" time="0.01"/>
  <testcase name="test_synthetic_02089" classname="com.example.SyntheticSuite" time="0.01"/>
  <testcase name="test_synthetic_02090" classname="com.example.SyntheticSuite" time="0.01"/>
  <testcase name="test_synthetic_02091" classname="com.example.SyntheticSuite" time="0.01"/>
  <testcase name="test_synthetic_02092" classname="com.example.SyntheticSuite" time="0.01"/>
  <testcase name="test_synthetic_02093" classname="com.example.SyntheticSuite" time="0.01"/>
  <testcase name="test_synthetic_02094" classname="com.example.SyntheticSuite" time="0.01"/>
  <testcase name="test_synthetic_02095" classname="com.example.SyntheticSuite" time="0.01"/>
  <testcase name="test_synthetic_02096" classname="com.example.SyntheticSuite" time="0.01"/>
  <testcase name="test_synthetic_02097" classname="com.example.SyntheticSuite" time="0.01"/>
  <testcase name="test_synthetic_02098" classname="com.example.SyntheticSuite" time="0.01"/>
  <testcase name="test_synthetic_02099" classname="com.example.SyntheticSuite" time="0.01"/>
  <testcase name="test_synthetic_02100" classname="com.example.SyntheticSuite" time="0.01">
    <failure message="Synthetic failure at 2100">Assertion failed at iteration 2100</failure>
  </testcase>
  <testcase name="test_synthetic_02101" classname="com.example.SyntheticSuite" time="0.01"/>
  <testcase name="test_synthetic_02102" classname="com.example.SyntheticSuite" time="0.01"/>
  <testcase name="test_synthetic_02103" classname="com.example.SyntheticSuite" time="0.01"/>
  <testcase name="test_synthetic_02104" classname="com.example.SyntheticSuite" time="0.01"/>
  <testcase name="test_synthetic_02105" classname="com.example.SyntheticSuite" time="0.01"/>
  <testcase name="test_synthetic_02106" classname="com.example.SyntheticSuite" time="0.01"/>
  <testcase name="test_synthetic_02107" classname="com.example.SyntheticSuite" time="0.01"/>
  <testcase name="test_synthetic_02108" classname="com.example.SyntheticSuite" time="0.01"/>
  <testcase name="test_synthetic_02109" classname="com.example.SyntheticSuite" time="0.01"/>
  <testcase name="test_synthetic_02110" classname="com.example.SyntheticSuite" time="0.01"/>
  <testcase name="test_synthetic_02111" classname="com.example.SyntheticSuite" time="0.01"/>
  <testcase name="test_synthetic_02112" classname="com.example.SyntheticSuite" time="0.01"/>
  <testcase name="test_synthetic_02113" classname="com.example.SyntheticSuite" time="0.01"/>
  <testcase name="test_synthetic_02114" classname="com.example.SyntheticSuite" time="0.01"/>
  <testcase name="test_synthetic_02115" classname="com.example.SyntheticSuite" time="0.01"/>
  <testcase name="test_synthetic_02116" classname="com.example.SyntheticSuite" time="0.01"/>
  <testcase name="test_synthetic_02117" classname="com.example.SyntheticSuite" time="0.01"/>
  <testcase name="test_synthetic_02118" classname="com.example.SyntheticSuite" time="0.01"/>
  <testcase name="test_synthetic_02119" classname="com.example.SyntheticSuite" time="0.01"/>
  <testcase name="test_synthetic_02120" classname="com.example.SyntheticSuite" time="0.01"/>
  <testcase name="test_synthetic_02121" classname="com.example.SyntheticSuite" time="0.01"/>
  <testcase name="test_synthetic_02122" classname="com.example.SyntheticSuite" time="0.01"/>
  <testcase name="test_synthetic_02123" classname="com.example.SyntheticSuite" time="0.01"/>
  <testcase name="test_synthetic_02124" classname="com.example.SyntheticSuite" time="0.01"/>
  <testcase name="test_synthetic_02125" classname="com.example.SyntheticSuite" time="0.01"/>
  <testcase name="test_synthetic_02126" classname="com.example.SyntheticSuite" time="0.01"/>
  <testcase name="test_synthetic_02127" classname="com.example.SyntheticSuite" time="0.01"/>
  <testcase name="test_synthetic_02128" classname="com.example.SyntheticSuite" time="0.01"/>
  <testcase name="test_synthetic_02129" classname="com.example.SyntheticSuite" time="0.01"/>
  <testcase name="test_synthetic_02130" classname="com.example.SyntheticSuite" time="0.01"/>
  <testcase name="test_synthetic_02131" classname="com.example.SyntheticSuite" time="0.01"/>
  <testcase name="test_synthetic_02132" classname="com.example.SyntheticSuite" time="0.01"/>
  <testcase name="test_synthetic_02133" classname="com.example.SyntheticSuite" time="0.01"/>
  <testcase name="test_synthetic_02134" classname="com.example.SyntheticSuite" time="0.01"/>
  <testcase name="test_synthetic_02135" classname="com.example.SyntheticSuite" time="0.01"/>
  <testcase name="test_synthetic_02136" classname="com.example.SyntheticSuite" time="0.01"/>
  <testcase name="test_synthetic_02137" classname="com.example.SyntheticSuite" time="0.01"/>
  <testcase name="test_synthetic_02138" classname="com.example.SyntheticSuite" time="0.01"/>
  <testcase name="test_synthetic_02139" classname="com.example.SyntheticSuite" time="0.01"/>
  <testcase name="test_synthetic_02140" classname="com.example.SyntheticSuite" time="0.01"/>
  <testcase name="test_synthetic_02141" classname="com.example.SyntheticSuite" time="0.01"/>
  <testcase name="test_synthetic_02142" classname="com.example.SyntheticSuite" time="0.01"/>
  <testcase name="test_synthetic_02143" classname="com.example.SyntheticSuite" time="0.01"/>
  <testcase name="test_synthetic_02144" classname="com.example.SyntheticSuite" time="0.01"/>
  <testcase name="test_synthetic_02145" classname="com.example.SyntheticSuite" time="0.01"/>
  <testcase name="test_synthetic_02146" classname="com.example.SyntheticSuite" time="0.01"/>
  <testcase name="test_synthetic_02147" classname="com.example.SyntheticSuite" time="0.01"/>
  <testcase name="test_synthetic_02148" classname="com.example.SyntheticSuite" time="0.01"/>
  <testcase name="test_synthetic_02149" classname="com.example.SyntheticSuite" time="0.01"/>
  <testcase name="test_synthetic_02150" classname="com.example.SyntheticSuite" time="0.01"/>
  <testcase name="test_synthetic_02151" classname="com.example.SyntheticSuite" time="0.01"/>
  <testcase name="test_synthetic_02152" classname="com.example.SyntheticSuite" time="0.01"/>
  <testcase name="test_synthetic_02153" classname="com.example.SyntheticSuite" time="0.01"/>
  <testcase name="test_synthetic_02154" classname="com.example.SyntheticSuite" time="0.01"/>
  <testcase name="test_synthetic_02155" classname="com.example.SyntheticSuite" time="0.01"/>
  <testcase name="test_synthetic_02156" classname="com.example.SyntheticSuite" time="0.01"/>
  <testcase name="test_synthetic_02157" classname="com.example.SyntheticSuite" time="0.01"/>
  <testcase name="test_synthetic_02158" classname="com.example.SyntheticSuite" time="0.01"/>
  <testcase name="test_synthetic_02159" classname="com.example.SyntheticSuite" time="0.01"/>
  <testcase name="test_synthetic_02160" classname="com.example.SyntheticSuite" time="0.01"/>
  <testcase name="test_synthetic_02161" classname="com.example.SyntheticSuite" time="0.01"/>
  <testcase name="test_synthetic_02162" classname="com.example.SyntheticSuite" time="0.01"/>
  <testcase name="test_synthetic_02163" classname="com.example.SyntheticSuite" time="0.01"/>
  <testcase name="test_synthetic_02164" classname="com.example.SyntheticSuite" time="0.01"/>
  <testcase name="test_synthetic_02165" classname="com.example.SyntheticSuite" time="0.01"/>
  <testcase name="test_synthetic_02166" classname="com.example.SyntheticSuite" time="0.01"/>
  <testcase name="test_synthetic_02167" classname="com.example.SyntheticSuite" time="0.01"/>
  <testcase name="test_synthetic_02168" classname="com.example.SyntheticSuite" time="0.01"/>
  <testcase name="test_synthetic_02169" classname="com.example.SyntheticSuite" time="0.01"/>
  <testcase name="test_synthetic_02170" classname="com.example.SyntheticSuite" time="0.01"/>
  <testcase name="test_synthetic_02171" classname="com.example.SyntheticSuite" time="0.01"/>
  <testcase name="test_synthetic_02172" classname="com.example.SyntheticSuite" time="0.01"/>
  <testcase name="test_synthetic_02173" classname="com.example.SyntheticSuite" time="0.01"/>
  <testcase name="test_synthetic_02174" classname="com.example.SyntheticSuite" time="0.01"/>
  <testcase name="test_synthetic_02175" classname="com.example.SyntheticSuite" time="0.01"/>
  <testcase name="test_synthetic_02176" classname="com.example.SyntheticSuite" time="0.01"/>
  <testcase name="test_synthetic_02177" classname="com.example.SyntheticSuite" time="0.01"/>
  <testcase name="test_synthetic_02178" classname="com.example.SyntheticSuite" time="0.01"/>
  <testcase name="test_synthetic_02179" classname="com.example.SyntheticSuite" time="0.01"/>
  <testcase name="test_synthetic_02180" classname="com.example.SyntheticSuite" time="0.01"/>
  <testcase name="test_synthetic_02181" classname="com.example.SyntheticSuite" time="0.01"/>
  <testcase name="test_synthetic_02182" classname="com.example.SyntheticSuite" time="0.01"/>
  <testcase name="test_synthetic_02183" classname="com.example.SyntheticSuite" time="0.01"/>
  <testcase name="test_synthetic_02184" classname="com.example.SyntheticSuite" time="0.01"/>
  <testcase name="test_synthetic_02185" classname="com.example.SyntheticSuite" time="0.01"/>
  <testcase name="test_synthetic_02186" classname="com.example.SyntheticSuite" time="0.01"/>
  <testcase name="test_synthetic_02187" classname="com.example.SyntheticSuite" time="0.01"/>
  <testcase name="test_synthetic_02188" classname="com.example.SyntheticSuite" time="0.01"/>
  <testcase name="test_synthetic_02189" classname="com.example.SyntheticSuite" time="0.01"/>
  <testcase name="test_synthetic_02190" classname="com.example.SyntheticSuite" time="0.01"/>
  <testcase name="test_synthetic_02191" classname="com.example.SyntheticSuite" time="0.01"/>
  <testcase name="test_synthetic_02192" classname="com.example.SyntheticSuite" time="0.01"/>
  <testcase name="test_synthetic_02193" classname="com.example.SyntheticSuite" time="0.01"/>
  <testcase name="test_synthetic_02194" classname="com.example.SyntheticSuite" time="0.01"/>
  <testcase name="test_synthetic_02195" classname="com.example.SyntheticSuite" time="0.01"/>
  <testcase name="test_synthetic_02196" classname="com.example.SyntheticSuite" time="0.01"/>
  <testcase name="test_synthetic_02197" classname="com.example.SyntheticSuite" time="0.01"/>
  <testcase name="test_synthetic_02198" classname="com.example.SyntheticSuite" time="0.01"/>
  <testcase name="test_synthetic_02199" classname="com.example.SyntheticSuite" time="0.01"/>
  <testcase name="test_synthetic_02200" classname="com.example.SyntheticSuite" time="0.01">
    <failure message="Synthetic failure at 2200">Assertion failed at iteration 2200</failure>
  </testcase>
  <testcase name="test_synthetic_02201" classname="com.example.SyntheticSuite" time="0.01"/>
  <testcase name="test_synthetic_02202" classname="com.example.SyntheticSuite" time="0.01"/>
  <testcase name="test_synthetic_02203" classname="com.example.SyntheticSuite" time="0.01"/>
  <testcase name="test_synthetic_02204" classname="com.example.SyntheticSuite" time="0.01"/>
  <testcase name="test_synthetic_02205" classname="com.example.SyntheticSuite" time="0.01"/>
  <testcase name="test_synthetic_02206" classname="com.example.SyntheticSuite" time="0.01"/>
  <testcase name="test_synthetic_02207" classname="com.example.SyntheticSuite" time="0.01"/>
  <testcase name="test_synthetic_02208" classname="com.example.SyntheticSuite" time="0.01"/>
  <testcase name="test_synthetic_02209" classname="com.example.SyntheticSuite" time="0.01"/>
  <testcase name="test_synthetic_02210" classname="com.example.SyntheticSuite" time="0.01"/>
  <testcase name="test_synthetic_02211" classname="com.example.SyntheticSuite" time="0.01"/>
  <testcase name="test_synthetic_02212" classname="com.example.SyntheticSuite" time="0.01"/>
  <testcase name="test_synthetic_02213" classname="com.example.SyntheticSuite" time="0.01"/>
  <testcase name="test_synthetic_02214" classname="com.example.SyntheticSuite" time="0.01"/>
  <testcase name="test_synthetic_02215" classname="com.example.SyntheticSuite" time="0.01"/>
  <testcase name="test_synthetic_02216" classname="com.example.SyntheticSuite" time="0.01"/>
  <testcase name="test_synthetic_02217" classname="com.example.SyntheticSuite" time="0.01"/>
  <testcase name="test_synthetic_02218" classname="com.example.SyntheticSuite" time="0.01"/>
  <testcase name="test_synthetic_02219" classname="com.example.SyntheticSuite" time="0.01"/>
  <testcase name="test_synthetic_02220" classname="com.example.SyntheticSuite" time="0.01"/>
  <testcase name="test_synthetic_02221" classname="com.example.SyntheticSuite" time="0.01"/>
  <testcase name="test_synthetic_02222" classname="com.example.SyntheticSuite" time="0.01"/>
  <testcase name="test_synthetic_02223" classname="com.example.SyntheticSuite" time="0.01"/>
  <testcase name="test_synthetic_02224" classname="com.example.SyntheticSuite" time="0.01"/>
  <testcase name="test_synthetic_02225" classname="com.example.SyntheticSuite" time="0.01"/>
  <testcase name="test_synthetic_02226" classname="com.example.SyntheticSuite" time="0.01"/>
  <testcase name="test_synthetic_02227" classname="com.example.SyntheticSuite" time="0.01"/>
  <testcase name="test_synthetic_02228" classname="com.example.SyntheticSuite" time="0.01"/>
  <testcase name="test_synthetic_02229" classname="com.example.SyntheticSuite" time="0.01"/>
  <testcase name="test_synthetic_02230" classname="com.example.SyntheticSuite" time="0.01"/>
  <testcase name="test_synthetic_02231" classname="com.example.SyntheticSuite" time="0.01"/>
  <testcase name="test_synthetic_02232" classname="com.example.SyntheticSuite" time="0.01"/>
  <testcase name="test_synthetic_02233" classname="com.example.SyntheticSuite" time="0.01"/>
  <testcase name="test_synthetic_02234" classname="com.example.SyntheticSuite" time="0.01"/>
  <testcase name="test_synthetic_02235" classname="com.example.SyntheticSuite" time="0.01"/>
  <testcase name="test_synthetic_02236" classname="com.example.SyntheticSuite" time="0.01"/>
  <testcase name="test_synthetic_02237" classname="com.example.SyntheticSuite" time="0.01"/>
  <testcase name="test_synthetic_02238" classname="com.example.SyntheticSuite" time="0.01"/>
  <testcase name="test_synthetic_02239" classname="com.example.SyntheticSuite" time="0.01"/>
  <testcase name="test_synthetic_02240" classname="com.example.SyntheticSuite" time="0.01"/>
  <testcase name="test_synthetic_02241" classname="com.example.SyntheticSuite" time="0.01"/>
  <testcase name="test_synthetic_02242" classname="com.example.SyntheticSuite" time="0.01"/>
  <testcase name="test_synthetic_02243" classname="com.example.SyntheticSuite" time="0.01"/>
  <testcase name="test_synthetic_02244" classname="com.example.SyntheticSuite" time="0.01"/>
  <testcase name="test_synthetic_02245" classname="com.example.SyntheticSuite" time="0.01"/>
  <testcase name="test_synthetic_02246" classname="com.example.SyntheticSuite" time="0.01"/>
  <testcase name="test_synthetic_02247" classname="com.example.SyntheticSuite" time="0.01"/>
  <testcase name="test_synthetic_02248" classname="com.example.SyntheticSuite" time="0.01"/>
  <testcase name="test_synthetic_02249" classname="com.example.SyntheticSuite" time="0.01"/>
  <testcase name="test_synthetic_02250" classname="com.example.SyntheticSuite" time="0.01"/>
  <testcase name="test_synthetic_02251" classname="com.example.SyntheticSuite" time="0.01"/>
  <testcase name="test_synthetic_02252" classname="com.example.SyntheticSuite" time="0.01"/>
  <testcase name="test_synthetic_02253" classname="com.example.SyntheticSuite" time="0.01"/>
  <testcase name="test_synthetic_02254" classname="com.example.SyntheticSuite" time="0.01"/>
  <testcase name="test_synthetic_02255" classname="com.example.SyntheticSuite" time="0.01"/>
  <testcase name="test_synthetic_02256" classname="com.example.SyntheticSuite" time="0.01"/>
  <testcase name="test_synthetic_02257" classname="com.example.SyntheticSuite" time="0.01"/>
  <testcase name="test_synthetic_02258" classname="com.example.SyntheticSuite" time="0.01"/>
  <testcase name="test_synthetic_02259" classname="com.example.SyntheticSuite" time="0.01"/>
  <testcase name="test_synthetic_02260" classname="com.example.SyntheticSuite" time="0.01"/>
  <testcase name="test_synthetic_02261" classname="com.example.SyntheticSuite" time="0.01"/>
  <testcase name="test_synthetic_02262" classname="com.example.SyntheticSuite" time="0.01"/>
  <testcase name="test_synthetic_02263" classname="com.example.SyntheticSuite" time="0.01"/>
  <testcase name="test_synthetic_02264" classname="com.example.SyntheticSuite" time="0.01"/>
  <testcase name="test_synthetic_02265" classname="com.example.SyntheticSuite" time="0.01"/>
  <testcase name="test_synthetic_02266" classname="com.example.SyntheticSuite" time="0.01"/>
  <testcase name="test_synthetic_02267" classname="com.example.SyntheticSuite" time="0.01"/>
  <testcase name="test_synthetic_02268" classname="com.example.SyntheticSuite" time="0.01"/>
  <testcase name="test_synthetic_02269" classname="com.example.SyntheticSuite" time="0.01"/>
  <testcase name="test_synthetic_02270" classname="com.example.SyntheticSuite" time="0.01"/>
  <testcase name="test_synthetic_02271" classname="com.example.SyntheticSuite" time="0.01"/>
  <testcase name="test_synthetic_02272" classname="com.example.SyntheticSuite" time="0.01"/>
  <testcase name="test_synthetic_02273" classname="com.example.SyntheticSuite" time="0.01"/>
  <testcase name="test_synthetic_02274" classname="com.example.SyntheticSuite" time="0.01"/>
  <testcase name="test_synthetic_02275" classname="com.example.SyntheticSuite" time="0.01"/>
  <testcase name="test_synthetic_02276" classname="com.example.SyntheticSuite" time="0.01"/>
  <testcase name="test_synthetic_02277" classname="com.example.SyntheticSuite" time="0.01"/>
  <testcase name="test_synthetic_02278" classname="com.example.SyntheticSuite" time="0.01"/>
  <testcase name="test_synthetic_02279" classname="com.example.SyntheticSuite" time="0.01"/>
  <testcase name="test_synthetic_02280" classname="com.example.SyntheticSuite" time="0.01"/>
  <testcase name="test_synthetic_02281" classname="com.example.SyntheticSuite" time="0.01"/>
  <testcase name="test_synthetic_02282" classname="com.example.SyntheticSuite" time="0.01"/>
  <testcase name="test_synthetic_02283" classname="com.example.SyntheticSuite" time="0.01"/>
  <testcase name="test_synthetic_02284" classname="com.example.SyntheticSuite" time="0.01"/>
  <testcase name="test_synthetic_02285" classname="com.example.SyntheticSuite" time="0.01"/>
  <testcase name="test_synthetic_02286" classname="com.example.SyntheticSuite" time="0.01"/>
  <testcase name="test_synthetic_02287" classname="com.example.SyntheticSuite" time="0.01"/>
  <testcase name="test_synthetic_02288" classname="com.example.SyntheticSuite" time="0.01"/>
  <testcase name="test_synthetic_02289" classname="com.example.SyntheticSuite" time="0.01"/>
  <testcase name="test_synthetic_02290" classname="com.example.SyntheticSuite" time="0.01"/>
  <testcase name="test_synthetic_02291" classname="com.example.SyntheticSuite" time="0.01"/>
  <testcase name="test_synthetic_02292" classname="com.example.SyntheticSuite" time="0.01"/>
  <testcase name="test_synthetic_02293" classname="com.example.SyntheticSuite" time="0.01"/>
  <testcase name="test_synthetic_02294" classname="com.example.SyntheticSuite" time="0.01"/>
  <testcase name="test_synthetic_02295" classname="com.example.SyntheticSuite" time="0.01"/>
  <testcase name="test_synthetic_02296" classname="com.example.SyntheticSuite" time="0.01"/>
  <testcase name="test_synthetic_02297" classname="com.example.SyntheticSuite" time="0.01"/>
  <testcase name="test_synthetic_02298" classname="com.example.SyntheticSuite" time="0.01"/>
  <testcase name="test_synthetic_02299" classname="com.example.SyntheticSuite" time="0.01"/>
  <testcase name="test_synthetic_02300" classname="com.example.SyntheticSuite" time="0.01">
    <failure message="Synthetic failure at 2300">Assertion failed at iteration 2300</failure>
  </testcase>
  <testcase name="test_synthetic_02301" classname="com.example.SyntheticSuite" time="0.01"/>
  <testcase name="test_synthetic_02302" classname="com.example.SyntheticSuite" time="0.01"/>
  <testcase name="test_synthetic_02303" classname="com.example.SyntheticSuite" time="0.01"/>
  <testcase name="test_synthetic_02304" classname="com.example.SyntheticSuite" time="0.01"/>
  <testcase name="test_synthetic_02305" classname="com.example.SyntheticSuite" time="0.01"/>
  <testcase name="test_synthetic_02306" classname="com.example.SyntheticSuite" time="0.01"/>
  <testcase name="test_synthetic_02307" classname="com.example.SyntheticSuite" time="0.01"/>
  <testcase name="test_synthetic_02308" classname="com.example.SyntheticSuite" time="0.01"/>
  <testcase name="test_synthetic_02309" classname="com.example.SyntheticSuite" time="0.01"/>
  <testcase name="test_synthetic_02310" classname="com.example.SyntheticSuite" time="0.01"/>
  <testcase name="test_synthetic_02311" classname="com.example.SyntheticSuite" time="0.01"/>
  <testcase name="test_synthetic_02312" classname="com.example.SyntheticSuite" time="0.01"/>
  <testcase name="test_synthetic_02313" classname="com.example.SyntheticSuite" time="0.01"/>
  <testcase name="test_synthetic_02314" classname="com.example.SyntheticSuite" time="0.01"/>
  <testcase name="test_synthetic_02315" classname="com.example.SyntheticSuite" time="0.01"/>
  <testcase name="test_synthetic_02316" classname="com.example.SyntheticSuite" time="0.01"/>
  <testcase name="test_synthetic_02317" classname="com.example.SyntheticSuite" time="0.01"/>
  <testcase name="test_synthetic_02318" classname="com.example.SyntheticSuite" time="0.01"/>
  <testcase name="test_synthetic_02319" classname="com.example.SyntheticSuite" time="0.01"/>
  <testcase name="test_synthetic_02320" classname="com.example.SyntheticSuite" time="0.01"/>
  <testcase name="test_synthetic_02321" classname="com.example.SyntheticSuite" time="0.01"/>
  <testcase name="test_synthetic_02322" classname="com.example.SyntheticSuite" time="0.01"/>
  <testcase name="test_synthetic_02323" classname="com.example.SyntheticSuite" time="0.01"/>
  <testcase name="test_synthetic_02324" classname="com.example.SyntheticSuite" time="0.01"/>
  <testcase name="test_synthetic_02325" classname="com.example.SyntheticSuite" time="0.01"/>
  <testcase name="test_synthetic_02326" classname="com.example.SyntheticSuite" time="0.01"/>
  <testcase name="test_synthetic_02327" classname="com.example.SyntheticSuite" time="0.01"/>
  <testcase name="test_synthetic_02328" classname="com.example.SyntheticSuite" time="0.01"/>
  <testcase name="test_synthetic_02329" classname="com.example.SyntheticSuite" time="0.01"/>
  <testcase name="test_synthetic_02330" classname="com.example.SyntheticSuite" time="0.01"/>
  <testcase name="test_synthetic_02331" classname="com.example.SyntheticSuite" time="0.01"/>
  <testcase name="test_synthetic_02332" classname="com.example.SyntheticSuite" time="0.01"/>
  <testcase name="test_synthetic_02333" classname="com.example.SyntheticSuite" time="0.01"/>
  <testcase name="test_synthetic_02334" classname="com.example.SyntheticSuite" time="0.01"/>
  <testcase name="test_synthetic_02335" classname="com.example.SyntheticSuite" time="0.01"/>
  <testcase name="test_synthetic_02336" classname="com.example.SyntheticSuite" time="0.01"/>
  <testcase name="test_synthetic_02337" classname="com.example.SyntheticSuite" time="0.01"/>
  <testcase name="test_synthetic_02338" classname="com.example.SyntheticSuite" time="0.01"/>
  <testcase name="test_synthetic_02339" classname="com.example.SyntheticSuite" time="0.01"/>
  <testcase name="test_synthetic_02340" classname="com.example.SyntheticSuite" time="0.01"/>
  <testcase name="test_synthetic_02341" classname="com.example.SyntheticSuite" time="0.01"/>
  <testcase name="test_synthetic_02342" classname="com.example.SyntheticSuite" time="0.01"/>
  <testcase name="test_synthetic_02343" classname="com.example.SyntheticSuite" time="0.01"/>
  <testcase name="test_synthetic_02344" classname="com.example.SyntheticSuite" time="0.01"/>
  <testcase name="test_synthetic_02345" classname="com.example.SyntheticSuite" time="0.01"/>
  <testcase name="test_synthetic_02346" classname="com.example.SyntheticSuite" time="0.01"/>
  <testcase name="test_synthetic_02347" classname="com.example.SyntheticSuite" time="0.01"/>
  <testcase name="test_synthetic_02348" classname="com.example.SyntheticSuite" time="0.01"/>
  <testcase name="test_synthetic_02349" classname="com.example.SyntheticSuite" time="0.01"/>
  <testcase name="test_synthetic_02350" classname="com.example.SyntheticSuite" time="0.01"/>
  <testcase name="test_synthetic_02351" classname="com.example.SyntheticSuite" time="0.01"/>
  <testcase name="test_synthetic_02352" classname="com.example.SyntheticSuite" time="0.01"/>
  <testcase name="test_synthetic_02353" classname="com.example.SyntheticSuite" time="0.01"/>
  <testcase name="test_synthetic_02354" classname="com.example.SyntheticSuite" time="0.01"/>
  <testcase name="test_synthetic_02355" classname="com.example.SyntheticSuite" time="0.01"/>
  <testcase name="test_synthetic_02356" classname="com.example.SyntheticSuite" time="0.01"/>
  <testcase name="test_synthetic_02357" classname="com.example.SyntheticSuite" time="0.01"/>
  <testcase name="test_synthetic_02358" classname="com.example.SyntheticSuite" time="0.01"/>
  <testcase name="test_synthetic_02359" classname="com.example.SyntheticSuite" time="0.01"/>
  <testcase name="test_synthetic_02360" classname="com.example.SyntheticSuite" time="0.01"/>
  <testcase name="test_synthetic_02361" classname="com.example.SyntheticSuite" time="0.01"/>
  <testcase name="test_synthetic_02362" classname="com.example.SyntheticSuite" time="0.01"/>
  <testcase name="test_synthetic_02363" classname="com.example.SyntheticSuite" time="0.01"/>
  <testcase name="test_synthetic_02364" classname="com.example.SyntheticSuite" time="0.01"/>
  <testcase name="test_synthetic_02365" classname="com.example.SyntheticSuite" time="0.01"/>
  <testcase name="test_synthetic_02366" classname="com.example.SyntheticSuite" time="0.01"/>
  <testcase name="test_synthetic_02367" classname="com.example.SyntheticSuite" time="0.01"/>
  <testcase name="test_synthetic_02368" classname="com.example.SyntheticSuite" time="0.01"/>
  <testcase name="test_synthetic_02369" classname="com.example.SyntheticSuite" time="0.01"/>
  <testcase name="test_synthetic_02370" classname="com.example.SyntheticSuite" time="0.01"/>
  <testcase name="test_synthetic_02371" classname="com.example.SyntheticSuite" time="0.01"/>
  <testcase name="test_synthetic_02372" classname="com.example.SyntheticSuite" time="0.01"/>
  <testcase name="test_synthetic_02373" classname="com.example.SyntheticSuite" time="0.01"/>
  <testcase name="test_synthetic_02374" classname="com.example.SyntheticSuite" time="0.01"/>
  <testcase name="test_synthetic_02375" classname="com.example.SyntheticSuite" time="0.01"/>
  <testcase name="test_synthetic_02376" classname="com.example.SyntheticSuite" time="0.01"/>
  <testcase name="test_synthetic_02377" classname="com.example.SyntheticSuite" time="0.01"/>
  <testcase name="test_synthetic_02378" classname="com.example.SyntheticSuite" time="0.01"/>
  <testcase name="test_synthetic_02379" classname="com.example.SyntheticSuite" time="0.01"/>
  <testcase name="test_synthetic_02380" classname="com.example.SyntheticSuite" time="0.01"/>
  <testcase name="test_synthetic_02381" classname="com.example.SyntheticSuite" time="0.01"/>
  <testcase name="test_synthetic_02382" classname="com.example.SyntheticSuite" time="0.01"/>
  <testcase name="test_synthetic_02383" classname="com.example.SyntheticSuite" time="0.01"/>
  <testcase name="test_synthetic_02384" classname="com.example.SyntheticSuite" time="0.01"/>
  <testcase name="test_synthetic_02385" classname="com.example.SyntheticSuite" time="0.01"/>
  <testcase name="test_synthetic_02386" classname="com.example.SyntheticSuite" time="0.01"/>
  <testcase name="test_synthetic_02387" classname="com.example.SyntheticSuite" time="0.01"/>
  <testcase name="test_synthetic_02388" classname="com.example.SyntheticSuite" time="0.01"/>
  <testcase name="test_synthetic_02389" classname="com.example.SyntheticSuite" time="0.01"/>
  <testcase name="test_synthetic_02390" classname="com.example.SyntheticSuite" time="0.01"/>
  <testcase name="test_synthetic_02391" classname="com.example.SyntheticSuite" time="0.01"/>
  <testcase name="test_synthetic_02392" classname="com.example.SyntheticSuite" time="0.01"/>
  <testcase name="test_synthetic_02393" classname="com.example.SyntheticSuite" time="0.01"/>
  <testcase name="test_synthetic_02394" classname="com.example.SyntheticSuite" time="0.01"/>
  <testcase name="test_synthetic_02395" classname="com.example.SyntheticSuite" time="0.01"/>
  <testcase name="test_synthetic_02396" classname="com.example.SyntheticSuite" time="0.01"/>
  <testcase name="test_synthetic_02397" classname="com.example.SyntheticSuite" time="0.01"/>
  <testcase name="test_synthetic_02398" classname="com.example.SyntheticSuite" time="0.01"/>
  <testcase name="test_synthetic_02399" classname="com.example.SyntheticSuite" time="0.01"/>
  <testcase name="test_synthetic_02400" classname="com.example.SyntheticSuite" time="0.01">
    <failure message="Synthetic failure at 2400">Assertion failed at iteration 2400</failure>
  </testcase>
  <testcase name="test_synthetic_02401" classname="com.example.SyntheticSuite" time="0.01"/>
  <testcase name="test_synthetic_02402" classname="com.example.SyntheticSuite" time="0.01"/>
  <testcase name="test_synthetic_02403" classname="com.example.SyntheticSuite" time="0.01"/>
  <testcase name="test_synthetic_02404" classname="com.example.SyntheticSuite" time="0.01"/>
  <testcase name="test_synthetic_02405" classname="com.example.SyntheticSuite" time="0.01"/>
  <testcase name="test_synthetic_02406" classname="com.example.SyntheticSuite" time="0.01"/>
  <testcase name="test_synthetic_02407" classname="com.example.SyntheticSuite" time="0.01"/>
  <testcase name="test_synthetic_02408" classname="com.example.SyntheticSuite" time="0.01"/>
  <testcase name="test_synthetic_02409" classname="com.example.SyntheticSuite" time="0.01"/>
  <testcase name="test_synthetic_02410" classname="com.example.SyntheticSuite" time="0.01"/>
  <testcase name="test_synthetic_02411" classname="com.example.SyntheticSuite" time="0.01"/>
  <testcase name="test_synthetic_02412" classname="com.example.SyntheticSuite" time="0.01"/>
  <testcase name="test_synthetic_02413" classname="com.example.SyntheticSuite" time="0.01"/>
  <testcase name="test_synthetic_02414" classname="com.example.SyntheticSuite" time="0.01"/>
  <testcase name="test_synthetic_02415" classname="com.example.SyntheticSuite" time="0.01"/>
  <testcase name="test_synthetic_02416" classname="com.example.SyntheticSuite" time="0.01"/>
  <testcase name="test_synthetic_02417" classname="com.example.SyntheticSuite" time="0.01"/>
  <testcase name="test_synthetic_02418" classname="com.example.SyntheticSuite" time="0.01"/>
  <testcase name="test_synthetic_02419" classname="com.example.SyntheticSuite" time="0.01"/>
  <testcase name="test_synthetic_02420" classname="com.example.SyntheticSuite" time="0.01"/>
  <testcase name="test_synthetic_02421" classname="com.example.SyntheticSuite" time="0.01"/>
  <testcase name="test_synthetic_02422" classname="com.example.SyntheticSuite" time="0.01"/>
  <testcase name="test_synthetic_02423" classname="com.example.SyntheticSuite" time="0.01"/>
  <testcase name="test_synthetic_02424" classname="com.example.SyntheticSuite" time="0.01"/>
  <testcase name="test_synthetic_02425" classname="com.example.SyntheticSuite" time="0.01"/>
  <testcase name="test_synthetic_02426" classname="com.example.SyntheticSuite" time="0.01"/>
  <testcase name="test_synthetic_02427" classname="com.example.SyntheticSuite" time="0.01"/>
  <testcase name="test_synthetic_02428" classname="com.example.SyntheticSuite" time="0.01"/>
  <testcase name="test_synthetic_02429" classname="com.example.SyntheticSuite" time="0.01"/>
  <testcase name="test_synthetic_02430" classname="com.example.SyntheticSuite" time="0.01"/>
  <testcase name="test_synthetic_02431" classname="com.example.SyntheticSuite" time="0.01"/>
  <testcase name="test_synthetic_02432" classname="com.example.SyntheticSuite" time="0.01"/>
  <testcase name="test_synthetic_02433" classname="com.example.SyntheticSuite" time="0.01"/>
  <testcase name="test_synthetic_02434" classname="com.example.SyntheticSuite" time="0.01"/>
  <testcase name="test_synthetic_02435" classname="com.example.SyntheticSuite" time="0.01"/>
  <testcase name="test_synthetic_02436" classname="com.example.SyntheticSuite" time="0.01"/>
  <testcase name="test_synthetic_02437" classname="com.example.SyntheticSuite" time="0.01"/>
  <testcase name="test_synthetic_02438" classname="com.example.SyntheticSuite" time="0.01"/>
  <testcase name="test_synthetic_02439" classname="com.example.SyntheticSuite" time="0.01"/>
  <testcase name="test_synthetic_02440" classname="com.example.SyntheticSuite" time="0.01"/>
  <testcase name="test_synthetic_02441" classname="com.example.SyntheticSuite" time="0.01"/>
  <testcase name="test_synthetic_02442" classname="com.example.SyntheticSuite" time="0.01"/>
  <testcase name="test_synthetic_02443" classname="com.example.SyntheticSuite" time="0.01"/>
  <testcase name="test_synthetic_02444" classname="com.example.SyntheticSuite" time="0.01"/>
  <testcase name="test_synthetic_02445" classname="com.example.SyntheticSuite" time="0.01"/>
  <testcase name="test_synthetic_02446" classname="com.example.SyntheticSuite" time="0.01"/>
  <testcase name="test_synthetic_02447" classname="com.example.SyntheticSuite" time="0.01"/>
  <testcase name="test_synthetic_02448" classname="com.example.SyntheticSuite" time="0.01"/>
  <testcase name="test_synthetic_02449" classname="com.example.SyntheticSuite" time="0.01"/>
  <testcase name="test_synthetic_02450" classname="com.example.SyntheticSuite" time="0.01"/>
  <testcase name="test_synthetic_02451" classname="com.example.SyntheticSuite" time="0.01"/>
  <testcase name="test_synthetic_02452" classname="com.example.SyntheticSuite" time="0.01"/>
  <testcase name="test_synthetic_02453" classname="com.example.SyntheticSuite" time="0.01"/>
  <testcase name="test_synthetic_02454" classname="com.example.SyntheticSuite" time="0.01"/>
  <testcase name="test_synthetic_02455" classname="com.example.SyntheticSuite" time="0.01"/>
  <testcase name="test_synthetic_02456" classname="com.example.SyntheticSuite" time="0.01"/>
  <testcase name="test_synthetic_02457" classname="com.example.SyntheticSuite" time="0.01"/>
  <testcase name="test_synthetic_02458" classname="com.example.SyntheticSuite" time="0.01"/>
  <testcase name="test_synthetic_02459" classname="com.example.SyntheticSuite" time="0.01"/>
  <testcase name="test_synthetic_02460" classname="com.example.SyntheticSuite" time="0.01"/>
  <testcase name="test_synthetic_02461" classname="com.example.SyntheticSuite" time="0.01"/>
  <testcase name="test_synthetic_02462" classname="com.example.SyntheticSuite" time="0.01"/>
  <testcase name="test_synthetic_02463" classname="com.example.SyntheticSuite" time="0.01"/>
  <testcase name="test_synthetic_02464" classname="com.example.SyntheticSuite" time="0.01"/>
  <testcase name="test_synthetic_02465" classname="com.example.SyntheticSuite" time="0.01"/>
  <testcase name="test_synthetic_02466" classname="com.example.SyntheticSuite" time="0.01"/>
  <testcase name="test_synthetic_02467" classname="com.example.SyntheticSuite" time="0.01"/>
  <testcase name="test_synthetic_02468" classname="com.example.SyntheticSuite" time="0.01"/>
  <testcase name="test_synthetic_02469" classname="com.example.SyntheticSuite" time="0.01"/>
  <testcase name="test_synthetic_02470" classname="com.example.SyntheticSuite" time="0.01"/>
  <testcase name="test_synthetic_02471" classname="com.example.SyntheticSuite" time="0.01"/>
  <testcase name="test_synthetic_02472" classname="com.example.SyntheticSuite" time="0.01"/>
  <testcase name="test_synthetic_02473" classname="com.example.SyntheticSuite" time="0.01"/>
  <testcase name="test_synthetic_02474" classname="com.example.SyntheticSuite" time="0.01"/>
  <testcase name="test_synthetic_02475" classname="com.example.SyntheticSuite" time="0.01"/>
  <testcase name="test_synthetic_02476" classname="com.example.SyntheticSuite" time="0.01"/>
  <testcase name="test_synthetic_02477" classname="com.example.SyntheticSuite" time="0.01"/>
  <testcase name="test_synthetic_02478" classname="com.example.SyntheticSuite" time="0.01"/>
  <testcase name="test_synthetic_02479" classname="com.example.SyntheticSuite" time="0.01"/>
  <testcase name="test_synthetic_02480" classname="com.example.SyntheticSuite" time="0.01"/>
  <testcase name="test_synthetic_02481" classname="com.example.SyntheticSuite" time="0.01"/>
  <testcase name="test_synthetic_02482" classname="com.example.SyntheticSuite" time="0.01"/>
  <testcase name="test_synthetic_02483" classname="com.example.SyntheticSuite" time="0.01"/>
  <testcase name="test_synthetic_02484" classname="com.example.SyntheticSuite" time="0.01"/>
  <testcase name="test_synthetic_02485" classname="com.example.SyntheticSuite" time="0.01"/>
  <testcase name="test_synthetic_02486" classname="com.example.SyntheticSuite" time="0.01"/>
  <testcase name="test_synthetic_02487" classname="com.example.SyntheticSuite" time="0.01"/>
  <testcase name="test_synthetic_02488" classname="com.example.SyntheticSuite" time="0.01"/>
  <testcase name="test_synthetic_02489" classname="com.example.SyntheticSuite" time="0.01"/>
  <testcase name="test_synthetic_02490" classname="com.example.SyntheticSuite" time="0.01"/>
  <testcase name="test_synthetic_02491" classname="com.example.SyntheticSuite" time="0.01"/>
  <testcase name="test_synthetic_02492" classname="com.example.SyntheticSuite" time="0.01"/>
  <testcase name="test_synthetic_02493" classname="com.example.SyntheticSuite" time="0.01"/>
  <testcase name="test_synthetic_02494" classname="com.example.SyntheticSuite" time="0.01"/>
  <testcase name="test_synthetic_02495" classname="com.example.SyntheticSuite" time="0.01"/>
  <testcase name="test_synthetic_02496" classname="com.example.SyntheticSuite" time="0.01"/>
  <testcase name="test_synthetic_02497" classname="com.example.SyntheticSuite" time="0.01"/>
  <testcase name="test_synthetic_02498" classname="com.example.SyntheticSuite" time="0.01"/>
  <testcase name="test_synthetic_02499" classname="com.example.SyntheticSuite" time="0.01"/>
  <testcase name="test_synthetic_02500" classname="com.example.SyntheticSuite" time="0.01">
    <failure message="Synthetic failure at 2500">Assertion failed at iteration 2500</failure>
  </testcase>
  <testcase name="test_synthetic_02501" classname="com.example.SyntheticSuite" time="0.01"/>
  <testcase name="test_synthetic_02502" classname="com.example.SyntheticSuite" time="0.01"/>
  <testcase name="test_synthetic_02503" classname="com.example.SyntheticSuite" time="0.01"/>
  <testcase name="test_synthetic_02504" classname="com.example.SyntheticSuite" time="0.01"/>
  <testcase name="test_synthetic_02505" classname="com.example.SyntheticSuite" time="0.01"/>
  <testcase name="test_synthetic_02506" classname="com.example.SyntheticSuite" time="0.01"/>
  <testcase name="test_synthetic_02507" classname="com.example.SyntheticSuite" time="0.01"/>
  <testcase name="test_synthetic_02508" classname="com.example.SyntheticSuite" time="0.01"/>
  <testcase name="test_synthetic_02509" classname="com.example.SyntheticSuite" time="0.01"/>
  <testcase name="test_synthetic_02510" classname="com.example.SyntheticSuite" time="0.01"/>
  <testcase name="test_synthetic_02511" classname="com.example.SyntheticSuite" time="0.01"/>
  <testcase name="test_synthetic_02512" classname="com.example.SyntheticSuite" time="0.01"/>
  <testcase name="test_synthetic_02513" classname="com.example.SyntheticSuite" time="0.01"/>
  <testcase name="test_synthetic_02514" classname="com.example.SyntheticSuite" time="0.01"/>
  <testcase name="test_synthetic_02515" classname="com.example.SyntheticSuite" time="0.01"/>
  <testcase name="test_synthetic_02516" classname="com.example.SyntheticSuite" time="0.01"/>
  <testcase name="test_synthetic_02517" classname="com.example.SyntheticSuite" time="0.01"/>
  <testcase name="test_synthetic_02518" classname="com.example.SyntheticSuite" time="0.01"/>
  <testcase name="test_synthetic_02519" classname="com.example.SyntheticSuite" time="0.01"/>
  <testcase name="test_synthetic_02520" classname="com.example.SyntheticSuite" time="0.01"/>
  <testcase name="test_synthetic_02521" classname="com.example.SyntheticSuite" time="0.01"/>
  <testcase name="test_synthetic_02522" classname="com.example.SyntheticSuite" time="0.01"/>
  <testcase name="test_synthetic_02523" classname="com.example.SyntheticSuite" time="0.01"/>
  <testcase name="test_synthetic_02524" classname="com.example.SyntheticSuite" time="0.01"/>
  <testcase name="test_synthetic_02525" classname="com.example.SyntheticSuite" time="0.01"/>
  <testcase name="test_synthetic_02526" classname="com.example.SyntheticSuite" time="0.01"/>
  <testcase name="test_synthetic_02527" classname="com.example.SyntheticSuite" time="0.01"/>
  <testcase name="test_synthetic_02528" classname="com.example.SyntheticSuite" time="0.01"/>
  <testcase name="test_synthetic_02529" classname="com.example.SyntheticSuite" time="0.01"/>
  <testcase name="test_synthetic_02530" classname="com.example.SyntheticSuite" time="0.01"/>
  <testcase name="test_synthetic_02531" classname="com.example.SyntheticSuite" time="0.01"/>
  <testcase name="test_synthetic_02532" classname="com.example.SyntheticSuite" time="0.01"/>
  <testcase name="test_synthetic_02533" classname="com.example.SyntheticSuite" time="0.01"/>
  <testcase name="test_synthetic_02534" classname="com.example.SyntheticSuite" time="0.01"/>
  <testcase name="test_synthetic_02535" classname="com.example.SyntheticSuite" time="0.01"/>
  <testcase name="test_synthetic_02536" classname="com.example.SyntheticSuite" time="0.01"/>
  <testcase name="test_synthetic_02537" classname="com.example.SyntheticSuite" time="0.01"/>
  <testcase name="test_synthetic_02538" classname="com.example.SyntheticSuite" time="0.01"/>
  <testcase name="test_synthetic_02539" classname="com.example.SyntheticSuite" time="0.01"/>
  <testcase name="test_synthetic_02540" classname="com.example.SyntheticSuite" time="0.01"/>
  <testcase name="test_synthetic_02541" classname="com.example.SyntheticSuite" time="0.01"/>
  <testcase name="test_synthetic_02542" classname="com.example.SyntheticSuite" time="0.01"/>
  <testcase name="test_synthetic_02543" classname="com.example.SyntheticSuite" time="0.01"/>
  <testcase name="test_synthetic_02544" classname="com.example.SyntheticSuite" time="0.01"/>
  <testcase name="test_synthetic_02545" classname="com.example.SyntheticSuite" time="0.01"/>
  <testcase name="test_synthetic_02546" classname="com.example.SyntheticSuite" time="0.01"/>
  <testcase name="test_synthetic_02547" classname="com.example.SyntheticSuite" time="0.01"/>
  <testcase name="test_synthetic_02548" classname="com.example.SyntheticSuite" time="0.01"/>
  <testcase name="test_synthetic_02549" classname="com.example.SyntheticSuite" time="0.01"/>
  <testcase name="test_synthetic_02550" classname="com.example.SyntheticSuite" time="0.01"/>
  <testcase name="test_synthetic_02551" classname="com.example.SyntheticSuite" time="0.01"/>
  <testcase name="test_synthetic_02552" classname="com.example.SyntheticSuite" time="0.01"/>
  <testcase name="test_synthetic_02553" classname="com.example.SyntheticSuite" time="0.01"/>
  <testcase name="test_synthetic_02554" classname="com.example.SyntheticSuite" time="0.01"/>
  <testcase name="test_synthetic_02555" classname="com.example.SyntheticSuite" time="0.01"/>
  <testcase name="test_synthetic_02556" classname="com.example.SyntheticSuite" time="0.01"/>
  <testcase name="test_synthetic_02557" classname="com.example.SyntheticSuite" time="0.01"/>
  <testcase name="test_synthetic_02558" classname="com.example.SyntheticSuite" time="0.01"/>
  <testcase name="test_synthetic_02559" classname="com.example.SyntheticSuite" time="0.01"/>
  <testcase name="test_synthetic_02560" classname="com.example.SyntheticSuite" time="0.01"/>
  <testcase name="test_synthetic_02561" classname="com.example.SyntheticSuite" time="0.01"/>
  <testcase name="test_synthetic_02562" classname="com.example.SyntheticSuite" time="0.01"/>
  <testcase name="test_synthetic_02563" classname="com.example.SyntheticSuite" time="0.01"/>
  <testcase name="test_synthetic_02564" classname="com.example.SyntheticSuite" time="0.01"/>
  <testcase name="test_synthetic_02565" classname="com.example.SyntheticSuite" time="0.01"/>
  <testcase name="test_synthetic_02566" classname="com.example.SyntheticSuite" time="0.01"/>
  <testcase name="test_synthetic_02567" classname="com.example.SyntheticSuite" time="0.01"/>
  <testcase name="test_synthetic_02568" classname="com.example.SyntheticSuite" time="0.01"/>
  <testcase name="test_synthetic_02569" classname="com.example.SyntheticSuite" time="0.01"/>
  <testcase name="test_synthetic_02570" classname="com.example.SyntheticSuite" time="0.01"/>
  <testcase name="test_synthetic_02571" classname="com.example.SyntheticSuite" time="0.01"/>
  <testcase name="test_synthetic_02572" classname="com.example.SyntheticSuite" time="0.01"/>
  <testcase name="test_synthetic_02573" classname="com.example.SyntheticSuite" time="0.01"/>
  <testcase name="test_synthetic_02574" classname="com.example.SyntheticSuite" time="0.01"/>
  <testcase name="test_synthetic_02575" classname="com.example.SyntheticSuite" time="0.01"/>
  <testcase name="test_synthetic_02576" classname="com.example.SyntheticSuite" time="0.01"/>
  <testcase name="test_synthetic_02577" classname="com.example.SyntheticSuite" time="0.01"/>
  <testcase name="test_synthetic_02578" classname="com.example.SyntheticSuite" time="0.01"/>
  <testcase name="test_synthetic_02579" classname="com.example.SyntheticSuite" time="0.01"/>
  <testcase name="test_synthetic_02580" classname="com.example.SyntheticSuite" time="0.01"/>
  <testcase name="test_synthetic_02581" classname="com.example.SyntheticSuite" time="0.01"/>
  <testcase name="test_synthetic_02582" classname="com.example.SyntheticSuite" time="0.01"/>
  <testcase name="test_synthetic_02583" classname="com.example.SyntheticSuite" time="0.01"/>
  <testcase name="test_synthetic_02584" classname="com.example.SyntheticSuite" time="0.01"/>
  <testcase name="test_synthetic_02585" classname="com.example.SyntheticSuite" time="0.01"/>
  <testcase name="test_synthetic_02586" classname="com.example.SyntheticSuite" time="0.01"/>
  <testcase name="test_synthetic_02587" classname="com.example.SyntheticSuite" time="0.01"/>
  <testcase name="test_synthetic_02588" classname="com.example.SyntheticSuite" time="0.01"/>
  <testcase name="test_synthetic_02589" classname="com.example.SyntheticSuite" time="0.01"/>
  <testcase name="test_synthetic_02590" classname="com.example.SyntheticSuite" time="0.01"/>
  <testcase name="test_synthetic_02591" classname="com.example.SyntheticSuite" time="0.01"/>
  <testcase name="test_synthetic_02592" classname="com.example.SyntheticSuite" time="0.01"/>
  <testcase name="test_synthetic_02593" classname="com.example.SyntheticSuite" time="0.01"/>
  <testcase name="test_synthetic_02594" classname="com.example.SyntheticSuite" time="0.01"/>
  <testcase name="test_synthetic_02595" classname="com.example.SyntheticSuite" time="0.01"/>
  <testcase name="test_synthetic_02596" classname="com.example.SyntheticSuite" time="0.01"/>
  <testcase name="test_synthetic_02597" classname="com.example.SyntheticSuite" time="0.01"/>
  <testcase name="test_synthetic_02598" classname="com.example.SyntheticSuite" time="0.01"/>
  <testcase name="test_synthetic_02599" classname="com.example.SyntheticSuite" time="0.01"/>
  <testcase name="test_synthetic_02600" classname="com.example.SyntheticSuite" time="0.01">
    <failure message="Synthetic failure at 2600">Assertion failed at iteration 2600</failure>
  </testcase>
  <testcase name="test_synthetic_02601" classname="com.example.SyntheticSuite" time="0.01"/>
  <testcase name="test_synthetic_02602" classname="com.example.SyntheticSuite" time="0.01"/>
  <testcase name="test_synthetic_02603" classname="com.example.SyntheticSuite" time="0.01"/>
  <testcase name="test_synthetic_02604" classname="com.example.SyntheticSuite" time="0.01"/>
  <testcase name="test_synthetic_02605" classname="com.example.SyntheticSuite" time="0.01"/>
  <testcase name="test_synthetic_02606" classname="com.example.SyntheticSuite" time="0.01"/>
  <testcase name="test_synthetic_02607" classname="com.example.SyntheticSuite" time="0.01"/>
  <testcase name="test_synthetic_02608" classname="com.example.SyntheticSuite" time="0.01"/>
  <testcase name="test_synthetic_02609" classname="com.example.SyntheticSuite" time="0.01"/>
  <testcase name="test_synthetic_02610" classname="com.example.SyntheticSuite" time="0.01"/>
  <testcase name="test_synthetic_02611" classname="com.example.SyntheticSuite" time="0.01"/>
  <testcase name="test_synthetic_02612" classname="com.example.SyntheticSuite" time="0.01"/>
  <testcase name="test_synthetic_02613" classname="com.example.SyntheticSuite" time="0.01"/>
  <testcase name="test_synthetic_02614" classname="com.example.SyntheticSuite" time="0.01"/>
  <testcase name="test_synthetic_02615" classname="com.example.SyntheticSuite" time="0.01"/>
  <testcase name="test_synthetic_02616" classname="com.example.SyntheticSuite" time="0.01"/>
  <testcase name="test_synthetic_02617" classname="com.example.SyntheticSuite" time="0.01"/>
  <testcase name="test_synthetic_02618" classname="com.example.SyntheticSuite" time="0.01"/>
  <testcase name="test_synthetic_02619" classname="com.example.SyntheticSuite" time="0.01"/>
  <testcase name="test_synthetic_02620" classname="com.example.SyntheticSuite" time="0.01"/>
  <testcase name="test_synthetic_02621" classname="com.example.SyntheticSuite" time="0.01"/>
  <testcase name="test_synthetic_02622" classname="com.example.SyntheticSuite" time="0.01"/>
  <testcase name="test_synthetic_02623" classname="com.example.SyntheticSuite" time="0.01"/>
  <testcase name="test_synthetic_02624" classname="com.example.SyntheticSuite" time="0.01"/>
  <testcase name="test_synthetic_02625" classname="com.example.SyntheticSuite" time="0.01"/>
  <testcase name="test_synthetic_02626" classname="com.example.SyntheticSuite" time="0.01"/>
  <testcase name="test_synthetic_02627" classname="com.example.SyntheticSuite" time="0.01"/>
  <testcase name="test_synthetic_02628" classname="com.example.SyntheticSuite" time="0.01"/>
  <testcase name="test_synthetic_02629" classname="com.example.SyntheticSuite" time="0.01"/>
  <testcase name="test_synthetic_02630" classname="com.example.SyntheticSuite" time="0.01"/>
  <testcase name="test_synthetic_02631" classname="com.example.SyntheticSuite" time="0.01"/>
  <testcase name="test_synthetic_02632" classname="com.example.SyntheticSuite" time="0.01"/>
  <testcase name="test_synthetic_02633" classname="com.example.SyntheticSuite" time="0.01"/>
  <testcase name="test_synthetic_02634" classname="com.example.SyntheticSuite" time="0.01"/>
  <testcase name="test_synthetic_02635" classname="com.example.SyntheticSuite" time="0.01"/>
  <testcase name="test_synthetic_02636" classname="com.example.SyntheticSuite" time="0.01"/>
  <testcase name="test_synthetic_02637" classname="com.example.SyntheticSuite" time="0.01"/>
  <testcase name="test_synthetic_02638" classname="com.example.SyntheticSuite" time="0.01"/>
  <testcase name="test_synthetic_02639" classname="com.example.SyntheticSuite" time="0.01"/>
  <testcase name="test_synthetic_02640" classname="com.example.SyntheticSuite" time="0.01"/>
  <testcase name="test_synthetic_02641" classname="com.example.SyntheticSuite" time="0.01"/>
  <testcase name="test_synthetic_02642" classname="com.example.SyntheticSuite" time="0.01"/>
  <testcase name="test_synthetic_02643" classname="com.example.SyntheticSuite" time="0.01"/>
  <testcase name="test_synthetic_02644" classname="com.example.SyntheticSuite" time="0.01"/>
  <testcase name="test_synthetic_02645" classname="com.example.SyntheticSuite" time="0.01"/>
  <testcase name="test_synthetic_02646" classname="com.example.SyntheticSuite" time="0.01"/>
  <testcase name="test_synthetic_02647" classname="com.example.SyntheticSuite" time="0.01"/>
  <testcase name="test_synthetic_02648" classname="com.example.SyntheticSuite" time="0.01"/>
  <testcase name="test_synthetic_02649" classname="com.example.SyntheticSuite" time="0.01"/>
  <testcase name="test_synthetic_02650" classname="com.example.SyntheticSuite" time="0.01"/>
  <testcase name="test_synthetic_02651" classname="com.example.SyntheticSuite" time="0.01"/>
  <testcase name="test_synthetic_02652" classname="com.example.SyntheticSuite" time="0.01"/>
  <testcase name="test_synthetic_02653" classname="com.example.SyntheticSuite" time="0.01"/>
  <testcase name="test_synthetic_02654" classname="com.example.SyntheticSuite" time="0.01"/>
  <testcase name="test_synthetic_02655" classname="com.example.SyntheticSuite" time="0.01"/>
  <testcase name="test_synthetic_02656" classname="com.example.SyntheticSuite" time="0.01"/>
  <testcase name="test_synthetic_02657" classname="com.example.SyntheticSuite" time="0.01"/>
  <testcase name="test_synthetic_02658" classname="com.example.SyntheticSuite" time="0.01"/>
  <testcase name="test_synthetic_02659" classname="com.example.SyntheticSuite" time="0.01"/>
  <testcase name="test_synthetic_02660" classname="com.example.SyntheticSuite" time="0.01"/>
  <testcase name="test_synthetic_02661" classname="com.example.SyntheticSuite" time="0.01"/>
  <testcase name="test_synthetic_02662" classname="com.example.SyntheticSuite" time="0.01"/>
  <testcase name="test_synthetic_02663" classname="com.example.SyntheticSuite" time="0.01"/>
  <testcase name="test_synthetic_02664" classname="com.example.SyntheticSuite" time="0.01"/>
  <testcase name="test_synthetic_02665" classname="com.example.SyntheticSuite" time="0.01"/>
  <testcase name="test_synthetic_02666" classname="com.example.SyntheticSuite" time="0.01"/>
  <testcase name="test_synthetic_02667" classname="com.example.SyntheticSuite" time="0.01"/>
  <testcase name="test_synthetic_02668" classname="com.example.SyntheticSuite" time="0.01"/>
  <testcase name="test_synthetic_02669" classname="com.example.SyntheticSuite" time="0.01"/>
  <testcase name="test_synthetic_02670" classname="com.example.SyntheticSuite" time="0.01"/>
  <testcase name="test_synthetic_02671" classname="com.example.SyntheticSuite" time="0.01"/>
  <testcase name="test_synthetic_02672" classname="com.example.SyntheticSuite" time="0.01"/>
  <testcase name="test_synthetic_02673" classname="com.example.SyntheticSuite" time="0.01"/>
  <testcase name="test_synthetic_02674" classname="com.example.SyntheticSuite" time="0.01"/>
  <testcase name="test_synthetic_02675" classname="com.example.SyntheticSuite" time="0.01"/>
  <testcase name="test_synthetic_02676" classname="com.example.SyntheticSuite" time="0.01"/>
  <testcase name="test_synthetic_02677" classname="com.example.SyntheticSuite" time="0.01"/>
  <testcase name="test_synthetic_02678" classname="com.example.SyntheticSuite" time="0.01"/>
  <testcase name="test_synthetic_02679" classname="com.example.SyntheticSuite" time="0.01"/>
  <testcase name="test_synthetic_02680" classname="com.example.SyntheticSuite" time="0.01"/>
  <testcase name="test_synthetic_02681" classname="com.example.SyntheticSuite" time="0.01"/>
  <testcase name="test_synthetic_02682" classname="com.example.SyntheticSuite" time="0.01"/>
  <testcase name="test_synthetic_02683" classname="com.example.SyntheticSuite" time="0.01"/>
  <testcase name="test_synthetic_02684" classname="com.example.SyntheticSuite" time="0.01"/>
  <testcase name="test_synthetic_02685" classname="com.example.SyntheticSuite" time="0.01"/>
  <testcase name="test_synthetic_02686" classname="com.example.SyntheticSuite" time="0.01"/>
  <testcase name="test_synthetic_02687" classname="com.example.SyntheticSuite" time="0.01"/>
  <testcase name="test_synthetic_02688" classname="com.example.SyntheticSuite" time="0.01"/>
  <testcase name="test_synthetic_02689" classname="com.example.SyntheticSuite" time="0.01"/>
  <testcase name="test_synthetic_02690" classname="com.example.SyntheticSuite" time="0.01"/>
  <testcase name="test_synthetic_02691" classname="com.example.SyntheticSuite" time="0.01"/>
  <testcase name="test_synthetic_02692" classname="com.example.SyntheticSuite" time="0.01"/>
  <testcase name="test_synthetic_02693" classname="com.example.SyntheticSuite" time="0.01"/>
  <testcase name="test_synthetic_02694" classname="com.example.SyntheticSuite" time="0.01"/>
  <testcase name="test_synthetic_02695" classname="com.example.SyntheticSuite" time="0.01"/>
  <testcase name="test_synthetic_02696" classname="com.example.SyntheticSuite" time="0.01"/>
  <testcase name="test_synthetic_02697" classname="com.example.SyntheticSuite" time="0.01"/>
  <testcase name="test_synthetic_02698" classname="com.example.SyntheticSuite" time="0.01"/>
  <testcase name="test_synthetic_02699" classname="com.example.SyntheticSuite" time="0.01"/>
  <testcase name="test_synthetic_02700" classname="com.example.SyntheticSuite" time="0.01">
    <failure message="Synthetic failure at 2700">Assertion failed at iteration 2700</failure>
  </testcase>
  <testcase name="test_synthetic_02701" classname="com.example.SyntheticSuite" time="0.01"/>
  <testcase name="test_synthetic_02702" classname="com.example.SyntheticSuite" time="0.01"/>
  <testcase name="test_synthetic_02703" classname="com.example.SyntheticSuite" time="0.01"/>
  <testcase name="test_synthetic_02704" classname="com.example.SyntheticSuite" time="0.01"/>
  <testcase name="test_synthetic_02705" classname="com.example.SyntheticSuite" time="0.01"/>
  <testcase name="test_synthetic_02706" classname="com.example.SyntheticSuite" time="0.01"/>
  <testcase name="test_synthetic_02707" classname="com.example.SyntheticSuite" time="0.01"/>
  <testcase name="test_synthetic_02708" classname="com.example.SyntheticSuite" time="0.01"/>
  <testcase name="test_synthetic_02709" classname="com.example.SyntheticSuite" time="0.01"/>
  <testcase name="test_synthetic_02710" classname="com.example.SyntheticSuite" time="0.01"/>
  <testcase name="test_synthetic_02711" classname="com.example.SyntheticSuite" time="0.01"/>
  <testcase name="test_synthetic_02712" classname="com.example.SyntheticSuite" time="0.01"/>
  <testcase name="test_synthetic_02713" classname="com.example.SyntheticSuite" time="0.01"/>
  <testcase name="test_synthetic_02714" classname="com.example.SyntheticSuite" time="0.01"/>
  <testcase name="test_synthetic_02715" classname="com.example.SyntheticSuite" time="0.01"/>
  <testcase name="test_synthetic_02716" classname="com.example.SyntheticSuite" time="0.01"/>
  <testcase name="test_synthetic_02717" classname="com.example.SyntheticSuite" time="0.01"/>
  <testcase name="test_synthetic_02718" classname="com.example.SyntheticSuite" time="0.01"/>
  <testcase name="test_synthetic_02719" classname="com.example.SyntheticSuite" time="0.01"/>
  <testcase name="test_synthetic_02720" classname="com.example.SyntheticSuite" time="0.01"/>
  <testcase name="test_synthetic_02721" classname="com.example.SyntheticSuite" time="0.01"/>
  <testcase name="test_synthetic_02722" classname="com.example.SyntheticSuite" time="0.01"/>
  <testcase name="test_synthetic_02723" classname="com.example.SyntheticSuite" time="0.01"/>
  <testcase name="test_synthetic_02724" classname="com.example.SyntheticSuite" time="0.01"/>
  <testcase name="test_synthetic_02725" classname="com.example.SyntheticSuite" time="0.01"/>
  <testcase name="test_synthetic_02726" classname="com.example.SyntheticSuite" time="0.01"/>
  <testcase name="test_synthetic_02727" classname="com.example.SyntheticSuite" time="0.01"/>
  <testcase name="test_synthetic_02728" classname="com.example.SyntheticSuite" time="0.01"/>
  <testcase name="test_synthetic_02729" classname="com.example.SyntheticSuite" time="0.01"/>
  <testcase name="test_synthetic_02730" classname="com.example.SyntheticSuite" time="0.01"/>
  <testcase name="test_synthetic_02731" classname="com.example.SyntheticSuite" time="0.01"/>
  <testcase name="test_synthetic_02732" classname="com.example.SyntheticSuite" time="0.01"/>
  <testcase name="test_synthetic_02733" classname="com.example.SyntheticSuite" time="0.01"/>
  <testcase name="test_synthetic_02734" classname="com.example.SyntheticSuite" time="0.01"/>
  <testcase name="test_synthetic_02735" classname="com.example.SyntheticSuite" time="0.01"/>
  <testcase name="test_synthetic_02736" classname="com.example.SyntheticSuite" time="0.01"/>
  <testcase name="test_synthetic_02737" classname="com.example.SyntheticSuite" time="0.01"/>
  <testcase name="test_synthetic_02738" classname="com.example.SyntheticSuite" time="0.01"/>
  <testcase name="test_synthetic_02739" classname="com.example.SyntheticSuite" time="0.01"/>
  <testcase name="test_synthetic_02740" classname="com.example.SyntheticSuite" time="0.01"/>
  <testcase name="test_synthetic_02741" classname="com.example.SyntheticSuite" time="0.01"/>
  <testcase name="test_synthetic_02742" classname="com.example.SyntheticSuite" time="0.01"/>
  <testcase name="test_synthetic_02743" classname="com.example.SyntheticSuite" time="0.01"/>
  <testcase name="test_synthetic_02744" classname="com.example.SyntheticSuite" time="0.01"/>
  <testcase name="test_synthetic_02745" classname="com.example.SyntheticSuite" time="0.01"/>
  <testcase name="test_synthetic_02746" classname="com.example.SyntheticSuite" time="0.01"/>
  <testcase name="test_synthetic_02747" classname="com.example.SyntheticSuite" time="0.01"/>
  <testcase name="test_synthetic_02748" classname="com.example.SyntheticSuite" time="0.01"/>
  <testcase name="test_synthetic_02749" classname="com.example.SyntheticSuite" time="0.01"/>
  <testcase name="test_synthetic_02750" classname="com.example.SyntheticSuite" time="0.01"/>
  <testcase name="test_synthetic_02751" classname="com.example.SyntheticSuite" time="0.01"/>
  <testcase name="test_synthetic_02752" classname="com.example.SyntheticSuite" time="0.01"/>
  <testcase name="test_synthetic_02753" classname="com.example.SyntheticSuite" time="0.01"/>
  <testcase name="test_synthetic_02754" classname="com.example.SyntheticSuite" time="0.01"/>
  <testcase name="test_synthetic_02755" classname="com.example.SyntheticSuite" time="0.01"/>
  <testcase name="test_synthetic_02756" classname="com.example.SyntheticSuite" time="0.01"/>
  <testcase name="test_synthetic_02757" classname="com.example.SyntheticSuite" time="0.01"/>
  <testcase name="test_synthetic_02758" classname="com.example.SyntheticSuite" time="0.01"/>
  <testcase name="test_synthetic_02759" classname="com.example.SyntheticSuite" time="0.01"/>
  <testcase name="test_synthetic_02760" classname="com.example.SyntheticSuite" time="0.01"/>
  <testcase name="test_synthetic_02761" classname="com.example.SyntheticSuite" time="0.01"/>
  <testcase name="test_synthetic_02762" classname="com.example.SyntheticSuite" time="0.01"/>
  <testcase name="test_synthetic_02763" classname="com.example.SyntheticSuite" time="0.01"/>
  <testcase name="test_synthetic_02764" classname="com.example.SyntheticSuite" time="0.01"/>
  <testcase name="test_synthetic_02765" classname="com.example.SyntheticSuite" time="0.01"/>
  <testcase name="test_synthetic_02766" classname="com.example.SyntheticSuite" time="0.01"/>
  <testcase name="test_synthetic_02767" classname="com.example.SyntheticSuite" time="0.01"/>
  <testcase name="test_synthetic_02768" classname="com.example.SyntheticSuite" time="0.01"/>
  <testcase name="test_synthetic_02769" classname="com.example.SyntheticSuite" time="0.01"/>
  <testcase name="test_synthetic_02770" classname="com.example.SyntheticSuite" time="0.01"/>
  <testcase name="test_synthetic_02771" classname="com.example.SyntheticSuite" time="0.01"/>
  <testcase name="test_synthetic_02772" classname="com.example.SyntheticSuite" time="0.01"/>
  <testcase name="test_synthetic_02773" classname="com.example.SyntheticSuite" time="0.01"/>
  <testcase name="test_synthetic_02774" classname="com.example.SyntheticSuite" time="0.01"/>
  <testcase name="test_synthetic_02775" classname="com.example.SyntheticSuite" time="0.01"/>
  <testcase name="test_synthetic_02776" classname="com.example.SyntheticSuite" time="0.01"/>
  <testcase name="test_synthetic_02777" classname="com.example.SyntheticSuite" time="0.01"/>
  <testcase name="test_synthetic_02778" classname="com.example.SyntheticSuite" time="0.01"/>
  <testcase name="test_synthetic_02779" classname="com.example.SyntheticSuite" time="0.01"/>
  <testcase name="test_synthetic_02780" classname="com.example.SyntheticSuite" time="0.01"/>
  <testcase name="test_synthetic_02781" classname="com.example.SyntheticSuite" time="0.01"/>
  <testcase name="test_synthetic_02782" classname="com.example.SyntheticSuite" time="0.01"/>
  <testcase name="test_synthetic_02783" classname="com.example.SyntheticSuite" time="0.01"/>
  <testcase name="test_synthetic_02784" classname="com.example.SyntheticSuite" time="0.01"/>
  <testcase name="test_synthetic_02785" classname="com.example.SyntheticSuite" time="0.01"/>
  <testcase name="test_synthetic_02786" classname="com.example.SyntheticSuite" time="0.01"/>
  <testcase name="test_synthetic_02787" classname="com.example.SyntheticSuite" time="0.01"/>
  <testcase name="test_synthetic_02788" classname="com.example.SyntheticSuite" time="0.01"/>
  <testcase name="test_synthetic_02789" classname="com.example.SyntheticSuite" time="0.01"/>
  <testcase name="test_synthetic_02790" classname="com.example.SyntheticSuite" time="0.01"/>
  <testcase name="test_synthetic_02791" classname="com.example.SyntheticSuite" time="0.01"/>
  <testcase name="test_synthetic_02792" classname="com.example.SyntheticSuite" time="0.01"/>
  <testcase name="test_synthetic_02793" classname="com.example.SyntheticSuite" time="0.01"/>
  <testcase name="test_synthetic_02794" classname="com.example.SyntheticSuite" time="0.01"/>
  <testcase name="test_synthetic_02795" classname="com.example.SyntheticSuite" time="0.01"/>
  <testcase name="test_synthetic_02796" classname="com.example.SyntheticSuite" time="0.01"/>
  <testcase name="test_synthetic_02797" classname="com.example.SyntheticSuite" time="0.01"/>
  <testcase name="test_synthetic_02798" classname="com.example.SyntheticSuite" time="0.01"/>
  <testcase name="test_synthetic_02799" classname="com.example.SyntheticSuite" time="0.01"/>
  <testcase name="test_synthetic_02800" classname="com.example.SyntheticSuite" time="0.01">
    <failure message="Synthetic failure at 2800">Assertion failed at iteration 2800</failure>
  </testcase>
  <testcase name="test_synthetic_02801" classname="com.example.SyntheticSuite" time="0.01"/>
  <testcase name="test_synthetic_02802" classname="com.example.SyntheticSuite" time="0.01"/>
  <testcase name="test_synthetic_02803" classname="com.example.SyntheticSuite" time="0.01"/>
  <testcase name="test_synthetic_02804" classname="com.example.SyntheticSuite" time="0.01"/>
  <testcase name="test_synthetic_02805" classname="com.example.SyntheticSuite" time="0.01"/>
  <testcase name="test_synthetic_02806" classname="com.example.SyntheticSuite" time="0.01"/>
  <testcase name="test_synthetic_02807" classname="com.example.SyntheticSuite" time="0.01"/>
  <testcase name="test_synthetic_02808" classname="com.example.SyntheticSuite" time="0.01"/>
  <testcase name="test_synthetic_02809" classname="com.example.SyntheticSuite" time="0.01"/>
  <testcase name="test_synthetic_02810" classname="com.example.SyntheticSuite" time="0.01"/>
  <testcase name="test_synthetic_02811" classname="com.example.SyntheticSuite" time="0.01"/>
  <testcase name="test_synthetic_02812" classname="com.example.SyntheticSuite" time="0.01"/>
  <testcase name="test_synthetic_02813" classname="com.example.SyntheticSuite" time="0.01"/>
  <testcase name="test_synthetic_02814" classname="com.example.SyntheticSuite" time="0.01"/>
  <testcase name="test_synthetic_02815" classname="com.example.SyntheticSuite" time="0.01"/>
  <testcase name="test_synthetic_02816" classname="com.example.SyntheticSuite" time="0.01"/>
  <testcase name="test_synthetic_02817" classname="com.example.SyntheticSuite" time="0.01"/>
  <testcase name="test_synthetic_02818" classname="com.example.SyntheticSuite" time="0.01"/>
  <testcase name="test_synthetic_02819" classname="com.example.SyntheticSuite" time="0.01"/>
  <testcase name="test_synthetic_02820" classname="com.example.SyntheticSuite" time="0.01"/>
  <testcase name="test_synthetic_02821" classname="com.example.SyntheticSuite" time="0.01"/>
  <testcase name="test_synthetic_02822" classname="com.example.SyntheticSuite" time="0.01"/>
  <testcase name="test_synthetic_02823" classname="com.example.SyntheticSuite" time="0.01"/>
  <testcase name="test_synthetic_02824" classname="com.example.SyntheticSuite" time="0.01"/>
  <testcase name="test_synthetic_02825" classname="com.example.SyntheticSuite" time="0.01"/>
  <testcase name="test_synthetic_02826" classname="com.example.SyntheticSuite" time="0.01"/>
  <testcase name="test_synthetic_02827" classname="com.example.SyntheticSuite" time="0.01"/>
  <testcase name="test_synthetic_02828" classname="com.example.SyntheticSuite" time="0.01"/>
  <testcase name="test_synthetic_02829" classname="com.example.SyntheticSuite" time="0.01"/>
  <testcase name="test_synthetic_02830" classname="com.example.SyntheticSuite" time="0.01"/>
  <testcase name="test_synthetic_02831" classname="com.example.SyntheticSuite" time="0.01"/>
  <testcase name="test_synthetic_02832" classname="com.example.SyntheticSuite" time="0.01"/>
  <testcase name="test_synthetic_02833" classname="com.example.SyntheticSuite" time="0.01"/>
  <testcase name="test_synthetic_02834" classname="com.example.SyntheticSuite" time="0.01"/>
  <testcase name="test_synthetic_02835" classname="com.example.SyntheticSuite" time="0.01"/>
  <testcase name="test_synthetic_02836" classname="com.example.SyntheticSuite" time="0.01"/>
  <testcase name="test_synthetic_02837" classname="com.example.SyntheticSuite" time="0.01"/>
  <testcase name="test_synthetic_02838" classname="com.example.SyntheticSuite" time="0.01"/>
  <testcase name="test_synthetic_02839" classname="com.example.SyntheticSuite" time="0.01"/>
  <testcase name="test_synthetic_02840" classname="com.example.SyntheticSuite" time="0.01"/>
  <testcase name="test_synthetic_02841" classname="com.example.SyntheticSuite" time="0.01"/>
  <testcase name="test_synthetic_02842" classname="com.example.SyntheticSuite" time="0.01"/>
  <testcase name="test_synthetic_02843" classname="com.example.SyntheticSuite" time="0.01"/>
  <testcase name="test_synthetic_02844" classname="com.example.SyntheticSuite" time="0.01"/>
  <testcase name="test_synthetic_02845" classname="com.example.SyntheticSuite" time="0.01"/>
  <testcase name="test_synthetic_02846" classname="com.example.SyntheticSuite" time="0.01"/>
  <testcase name="test_synthetic_02847" classname="com.example.SyntheticSuite" time="0.01"/>
  <testcase name="test_synthetic_02848" classname="com.example.SyntheticSuite" time="0.01"/>
  <testcase name="test_synthetic_02849" classname="com.example.SyntheticSuite" time="0.01"/>
  <testcase name="test_synthetic_02850" classname="com.example.SyntheticSuite" time="0.01"/>
  <testcase name="test_synthetic_02851" classname="com.example.SyntheticSuite" time="0.01"/>
  <testcase name="test_synthetic_02852" classname="com.example.SyntheticSuite" time="0.01"/>
  <testcase name="test_synthetic_02853" classname="com.example.SyntheticSuite" time="0.01"/>
  <testcase name="test_synthetic_02854" classname="com.example.SyntheticSuite" time="0.01"/>
  <testcase name="test_synthetic_02855" classname="com.example.SyntheticSuite" time="0.01"/>
  <testcase name="test_synthetic_02856" classname="com.example.SyntheticSuite" time="0.01"/>
  <testcase name="test_synthetic_02857" classname="com.example.SyntheticSuite" time="0.01"/>
  <testcase name="test_synthetic_02858" classname="com.example.SyntheticSuite" time="0.01"/>
  <testcase name="test_synthetic_02859" classname="com.example.SyntheticSuite" time="0.01"/>
  <testcase name="test_synthetic_02860" classname="com.example.SyntheticSuite" time="0.01"/>
  <testcase name="test_synthetic_02861" classname="com.example.SyntheticSuite" time="0.01"/>
  <testcase name="test_synthetic_02862" classname="com.example.SyntheticSuite" time="0.01"/>
  <testcase name="test_synthetic_02863" classname="com.example.SyntheticSuite" time="0.01"/>
  <testcase name="test_synthetic_02864" classname="com.example.SyntheticSuite" time="0.01"/>
  <testcase name="test_synthetic_02865" classname="com.example.SyntheticSuite" time="0.01"/>
  <testcase name="test_synthetic_02866" classname="com.example.SyntheticSuite" time="0.01"/>
  <testcase name="test_synthetic_02867" classname="com.example.SyntheticSuite" time="0.01"/>
  <testcase name="test_synthetic_02868" classname="com.example.SyntheticSuite" time="0.01"/>
  <testcase name="test_synthetic_02869" classname="com.example.SyntheticSuite" time="0.01"/>
  <testcase name="test_synthetic_02870" classname="com.example.SyntheticSuite" time="0.01"/>
  <testcase name="test_synthetic_02871" classname="com.example.SyntheticSuite" time="0.01"/>
  <testcase name="test_synthetic_02872" classname="com.example.SyntheticSuite" time="0.01"/>
  <testcase name="test_synthetic_02873" classname="com.example.SyntheticSuite" time="0.01"/>
  <testcase name="test_synthetic_02874" classname="com.example.SyntheticSuite" time="0.01"/>
  <testcase name="test_synthetic_02875" classname="com.example.SyntheticSuite" time="0.01"/>
  <testcase name="test_synthetic_02876" classname="com.example.SyntheticSuite" time="0.01"/>
  <testcase name="test_synthetic_02877" classname="com.example.SyntheticSuite" time="0.01"/>
  <testcase name="test_synthetic_02878" classname="com.example.SyntheticSuite" time="0.01"/>
  <testcase name="test_synthetic_02879" classname="com.example.SyntheticSuite" time="0.01"/>
  <testcase name="test_synthetic_02880" classname="com.example.SyntheticSuite" time="0.01"/>
  <testcase name="test_synthetic_02881" classname="com.example.SyntheticSuite" time="0.01"/>
  <testcase name="test_synthetic_02882" classname="com.example.SyntheticSuite" time="0.01"/>
  <testcase name="test_synthetic_02883" classname="com.example.SyntheticSuite" time="0.01"/>
  <testcase name="test_synthetic_02884" classname="com.example.SyntheticSuite" time="0.01"/>
  <testcase name="test_synthetic_02885" classname="com.example.SyntheticSuite" time="0.01"/>
  <testcase name="test_synthetic_02886" classname="com.example.SyntheticSuite" time="0.01"/>
  <testcase name="test_synthetic_02887" classname="com.example.SyntheticSuite" time="0.01"/>
  <testcase name="test_synthetic_02888" classname="com.example.SyntheticSuite" time="0.01"/>
  <testcase name="test_synthetic_02889" classname="com.example.SyntheticSuite" time="0.01"/>
  <testcase name="test_synthetic_02890" classname="com.example.SyntheticSuite" time="0.01"/>
  <testcase name="test_synthetic_02891" classname="com.example.SyntheticSuite" time="0.01"/>
  <testcase name="test_synthetic_02892" classname="com.example.SyntheticSuite" time="0.01"/>
  <testcase name="test_synthetic_02893" classname="com.example.SyntheticSuite" time="0.01"/>
  <testcase name="test_synthetic_02894" classname="com.example.SyntheticSuite" time="0.01"/>
  <testcase name="test_synthetic_02895" classname="com.example.SyntheticSuite" time="0.01"/>
  <testcase name="test_synthetic_02896" classname="com.example.SyntheticSuite" time="0.01"/>
  <testcase name="test_synthetic_02897" classname="com.example.SyntheticSuite" time="0.01"/>
  <testcase name="test_synthetic_02898" classname="com.example.SyntheticSuite" time="0.01"/>
  <testcase name="test_synthetic_02899" classname="com.example.SyntheticSuite" time="0.01"/>
  <testcase name="test_synthetic_02900" classname="com.example.SyntheticSuite" time="0.01">
    <failure message="Synthetic failure at 2900">Assertion failed at iteration 2900</failure>
  </testcase>
  <testcase name="test_synthetic_02901" classname="com.example.SyntheticSuite" time="0.01"/>
  <testcase name="test_synthetic_02902" classname="com.example.SyntheticSuite" time="0.01"/>
  <testcase name="test_synthetic_02903" classname="com.example.SyntheticSuite" time="0.01"/>
  <testcase name="test_synthetic_02904" classname="com.example.SyntheticSuite" time="0.01"/>
  <testcase name="test_synthetic_02905" classname="com.example.SyntheticSuite" time="0.01"/>
  <testcase name="test_synthetic_02906" classname="com.example.SyntheticSuite" time="0.01"/>
  <testcase name="test_synthetic_02907" classname="com.example.SyntheticSuite" time="0.01"/>
  <testcase name="test_synthetic_02908" classname="com.example.SyntheticSuite" time="0.01"/>
  <testcase name="test_synthetic_02909" classname="com.example.SyntheticSuite" time="0.01"/>
  <testcase name="test_synthetic_02910" classname="com.example.SyntheticSuite" time="0.01"/>
  <testcase name="test_synthetic_02911" classname="com.example.SyntheticSuite" time="0.01"/>
  <testcase name="test_synthetic_02912" classname="com.example.SyntheticSuite" time="0.01"/>
  <testcase name="test_synthetic_02913" classname="com.example.SyntheticSuite" time="0.01"/>
  <testcase name="test_synthetic_02914" classname="com.example.SyntheticSuite" time="0.01"/>
  <testcase name="test_synthetic_02915" classname="com.example.SyntheticSuite" time="0.01"/>
  <testcase name="test_synthetic_02916" classname="com.example.SyntheticSuite" time="0.01"/>
  <testcase name="test_synthetic_02917" classname="com.example.SyntheticSuite" time="0.01"/>
  <testcase name="test_synthetic_02918" classname="com.example.SyntheticSuite" time="0.01"/>
  <testcase name="test_synthetic_02919" classname="com.example.SyntheticSuite" time="0.01"/>
  <testcase name="test_synthetic_02920" classname="com.example.SyntheticSuite" time="0.01"/>
  <testcase name="test_synthetic_02921" classname="com.example.SyntheticSuite" time="0.01"/>
  <testcase name="test_synthetic_02922" classname="com.example.SyntheticSuite" time="0.01"/>
  <testcase name="test_synthetic_02923" classname="com.example.SyntheticSuite" time="0.01"/>
  <testcase name="test_synthetic_02924" classname="com.example.SyntheticSuite" time="0.01"/>
  <testcase name="test_synthetic_02925" classname="com.example.SyntheticSuite" time="0.01"/>
  <testcase name="test_synthetic_02926" classname="com.example.SyntheticSuite" time="0.01"/>
  <testcase name="test_synthetic_02927" classname="com.example.SyntheticSuite" time="0.01"/>
  <testcase name="test_synthetic_02928" classname="com.example.SyntheticSuite" time="0.01"/>
  <testcase name="test_synthetic_02929" classname="com.example.SyntheticSuite" time="0.01"/>
  <testcase name="test_synthetic_02930" classname="com.example.SyntheticSuite" time="0.01"/>
  <testcase name="test_synthetic_02931" classname="com.example.SyntheticSuite" time="0.01"/>
  <testcase name="test_synthetic_02932" classname="com.example.SyntheticSuite" time="0.01"/>
  <testcase name="test_synthetic_02933" classname="com.example.SyntheticSuite" time="0.01"/>
  <testcase name="test_synthetic_02934" classname="com.example.SyntheticSuite" time="0.01"/>
  <testcase name="test_synthetic_02935" classname="com.example.SyntheticSuite" time="0.01"/>
  <testcase name="test_synthetic_02936" classname="com.example.SyntheticSuite" time="0.01"/>
  <testcase name="test_synthetic_02937" classname="com.example.SyntheticSuite" time="0.01"/>
  <testcase name="test_synthetic_02938" classname="com.example.SyntheticSuite" time="0.01"/>
  <testcase name="test_synthetic_02939" classname="com.example.SyntheticSuite" time="0.01"/>
  <testcase name="test_synthetic_02940" classname="com.example.SyntheticSuite" time="0.01"/>
  <testcase name="test_synthetic_02941" classname="com.example.SyntheticSuite" time="0.01"/>
  <testcase name="test_synthetic_02942" classname="com.example.SyntheticSuite" time="0.01"/>
  <testcase name="test_synthetic_02943" classname="com.example.SyntheticSuite" time="0.01"/>
  <testcase name="test_synthetic_02944" classname="com.example.SyntheticSuite" time="0.01"/>
  <testcase name="test_synthetic_02945" classname="com.example.SyntheticSuite" time="0.01"/>
  <testcase name="test_synthetic_02946" classname="com.example.SyntheticSuite" time="0.01"/>
  <testcase name="test_synthetic_02947" classname="com.example.SyntheticSuite" time="0.01"/>
  <testcase name="test_synthetic_02948" classname="com.example.SyntheticSuite" time="0.01"/>
  <testcase name="test_synthetic_02949" classname="com.example.SyntheticSuite" time="0.01"/>
  <testcase name="test_synthetic_02950" classname="com.example.SyntheticSuite" time="0.01"/>
  <testcase name="test_synthetic_02951" classname="com.example.SyntheticSuite" time="0.01"/>
  <testcase name="test_synthetic_02952" classname="com.example.SyntheticSuite" time="0.01"/>
  <testcase name="test_synthetic_02953" classname="com.example.SyntheticSuite" time="0.01"/>
  <testcase name="test_synthetic_02954" classname="com.example.SyntheticSuite" time="0.01"/>
  <testcase name="test_synthetic_02955" classname="com.example.SyntheticSuite" time="0.01"/>
  <testcase name="test_synthetic_02956" classname="com.example.SyntheticSuite" time="0.01"/>
  <testcase name="test_synthetic_02957" classname="com.example.SyntheticSuite" time="0.01"/>
  <testcase name="test_synthetic_02958" classname="com.example.SyntheticSuite" time="0.01"/>
  <testcase name="test_synthetic_02959" classname="com.example.SyntheticSuite" time="0.01"/>
  <testcase name="test_synthetic_02960" classname="com.example.SyntheticSuite" time="0.01"/>
  <testcase name="test_synthetic_02961" classname="com.example.SyntheticSuite" time="0.01"/>
  <testcase name="test_synthetic_02962" classname="com.example.SyntheticSuite" time="0.01"/>
  <testcase name="test_synthetic_02963" classname="com.example.SyntheticSuite" time="0.01"/>
  <testcase name="test_synthetic_02964" classname="com.example.SyntheticSuite" time="0.01"/>
  <testcase name="test_synthetic_02965" classname="com.example.SyntheticSuite" time="0.01"/>
  <testcase name="test_synthetic_02966" classname="com.example.SyntheticSuite" time="0.01"/>
  <testcase name="test_synthetic_02967" classname="com.example.SyntheticSuite" time="0.01"/>
  <testcase name="test_synthetic_02968" classname="com.example.SyntheticSuite" time="0.01"/>
  <testcase name="test_synthetic_02969" classname="com.example.SyntheticSuite" time="0.01"/>
  <testcase name="test_synthetic_02970" classname="com.example.SyntheticSuite" time="0.01"/>
  <testcase name="test_synthetic_02971" classname="com.example.SyntheticSuite" time="0.01"/>
  <testcase name="test_synthetic_02972" classname="com.example.SyntheticSuite" time="0.01"/>
  <testcase name="test_synthetic_02973" classname="com.example.SyntheticSuite" time="0.01"/>
  <testcase name="test_synthetic_02974" classname="com.example.SyntheticSuite" time="0.01"/>
  <testcase name="test_synthetic_02975" classname="com.example.SyntheticSuite" time="0.01"/>
  <testcase name="test_synthetic_02976" classname="com.example.SyntheticSuite" time="0.01"/>
  <testcase name="test_synthetic_02977" classname="com.example.SyntheticSuite" time="0.01"/>
  <testcase name="test_synthetic_02978" classname="com.example.SyntheticSuite" time="0.01"/>
  <testcase name="test_synthetic_02979" classname="com.example.SyntheticSuite" time="0.01"/>
  <testcase name="test_synthetic_02980" classname="com.example.SyntheticSuite" time="0.01"/>
  <testcase name="test_synthetic_02981" classname="com.example.SyntheticSuite" time="0.01"/>
  <testcase name="test_synthetic_02982" classname="com.example.SyntheticSuite" time="0.01"/>
  <testcase name="test_synthetic_02983" classname="com.example.SyntheticSuite" time="0.01"/>
  <testcase name="test_synthetic_02984" classname="com.example.SyntheticSuite" time="0.01"/>
  <testcase name="test_synthetic_02985" classname="com.example.SyntheticSuite" time="0.01"/>
  <testcase name="test_synthetic_02986" classname="com.example.SyntheticSuite" time="0.01"/>
  <testcase name="test_synthetic_02987" classname="com.example.SyntheticSuite" time="0.01"/>
  <testcase name="test_synthetic_02988" classname="com.example.SyntheticSuite" time="0.01"/>
  <testcase name="test_synthetic_02989" classname="com.example.SyntheticSuite" time="0.01"/>
  <testcase name="test_synthetic_02990" classname="com.example.SyntheticSuite" time="0.01"/>
  <testcase name="test_synthetic_02991" classname="com.example.SyntheticSuite" time="0.01"/>
  <testcase name="test_synthetic_02992" classname="com.example.SyntheticSuite" time="0.01"/>
  <testcase name="test_synthetic_02993" classname="com.example.SyntheticSuite" time="0.01"/>
  <testcase name="test_synthetic_02994" classname="com.example.SyntheticSuite" time="0.01"/>
  <testcase name="test_synthetic_02995" classname="com.example.SyntheticSuite" time="0.01"/>
  <testcase name="test_synthetic_02996" classname="com.example.SyntheticSuite" time="0.01"/>
  <testcase name="test_synthetic_02997" classname="com.example.SyntheticSuite" time="0.01"/>
  <testcase name="test_synthetic_02998" classname="com.example.SyntheticSuite" time="0.01"/>
  <testcase name="test_synthetic_02999" classname="com.example.SyntheticSuite" time="0.01"/>
  <testcase name="test_synthetic_03000" classname="com.example.SyntheticSuite" time="0.01">
    <failure message="Synthetic failure at 3000">Assertion failed at iteration 3000</failure>
  </testcase>
  <testcase name="test_synthetic_03001" classname="com.example.SyntheticSuite" time="0.01"/>
  <testcase name="test_synthetic_03002" classname="com.example.SyntheticSuite" time="0.01"/>
  <testcase name="test_synthetic_03003" classname="com.example.SyntheticSuite" time="0.01"/>
  <testcase name="test_synthetic_03004" classname="com.example.SyntheticSuite" time="0.01"/>
  <testcase name="test_synthetic_03005" classname="com.example.SyntheticSuite" time="0.01"/>
  <testcase name="test_synthetic_03006" classname="com.example.SyntheticSuite" time="0.01"/>
  <testcase name="test_synthetic_03007" classname="com.example.SyntheticSuite" time="0.01"/>
  <testcase name="test_synthetic_03008" classname="com.example.SyntheticSuite" time="0.01"/>
  <testcase name="test_synthetic_03009" classname="com.example.SyntheticSuite" time="0.01"/>
  <testcase name="test_synthetic_03010" classname="com.example.SyntheticSuite" time="0.01"/>
  <testcase name="test_synthetic_03011" classname="com.example.SyntheticSuite" time="0.01"/>
  <testcase name="test_synthetic_03012" classname="com.example.SyntheticSuite" time="0.01"/>
  <testcase name="test_synthetic_03013" classname="com.example.SyntheticSuite" time="0.01"/>
  <testcase name="test_synthetic_03014" classname="com.example.SyntheticSuite" time="0.01"/>
  <testcase name="test_synthetic_03015" classname="com.example.SyntheticSuite" time="0.01"/>
  <testcase name="test_synthetic_03016" classname="com.example.SyntheticSuite" time="0.01"/>
  <testcase name="test_synthetic_03017" classname="com.example.SyntheticSuite" time="0.01"/>
  <testcase name="test_synthetic_03018" classname="com.example.SyntheticSuite" time="0.01"/>
  <testcase name="test_synthetic_03019" classname="com.example.SyntheticSuite" time="0.01"/>
  <testcase name="test_synthetic_03020" classname="com.example.SyntheticSuite" time="0.01"/>
  <testcase name="test_synthetic_03021" classname="com.example.SyntheticSuite" time="0.01"/>
  <testcase name="test_synthetic_03022" classname="com.example.SyntheticSuite" time="0.01"/>
  <testcase name="test_synthetic_03023" classname="com.example.SyntheticSuite" time="0.01"/>
  <testcase name="test_synthetic_03024" classname="com.example.SyntheticSuite" time="0.01"/>
  <testcase name="test_synthetic_03025" classname="com.example.SyntheticSuite" time="0.01"/>
  <testcase name="test_synthetic_03026" classname="com.example.SyntheticSuite" time="0.01"/>
  <testcase name="test_synthetic_03027" classname="com.example.SyntheticSuite" time="0.01"/>
  <testcase name="test_synthetic_03028" classname="com.example.SyntheticSuite" time="0.01"/>
  <testcase name="test_synthetic_03029" classname="com.example.SyntheticSuite" time="0.01"/>
  <testcase name="test_synthetic_03030" classname="com.example.SyntheticSuite" time="0.01"/>
  <testcase name="test_synthetic_03031" classname="com.example.SyntheticSuite" time="0.01"/>
  <testcase name="test_synthetic_03032" classname="com.example.SyntheticSuite" time="0.01"/>
  <testcase name="test_synthetic_03033" classname="com.example.SyntheticSuite" time="0.01"/>
  <testcase name="test_synthetic_03034" classname="com.example.SyntheticSuite" time="0.01"/>
  <testcase name="test_synthetic_03035" classname="com.example.SyntheticSuite" time="0.01"/>
  <testcase name="test_synthetic_03036" classname="com.example.SyntheticSuite" time="0.01"/>
  <testcase name="test_synthetic_03037" classname="com.example.SyntheticSuite" time="0.01"/>
  <testcase name="test_synthetic_03038" classname="com.example.SyntheticSuite" time="0.01"/>
  <testcase name="test_synthetic_03039" classname="com.example.SyntheticSuite" time="0.01"/>
  <testcase name="test_synthetic_03040" classname="com.example.SyntheticSuite" time="0.01"/>
  <testcase name="test_synthetic_03041" classname="com.example.SyntheticSuite" time="0.01"/>
  <testcase name="test_synthetic_03042" classname="com.example.SyntheticSuite" time="0.01"/>
  <testcase name="test_synthetic_03043" classname="com.example.SyntheticSuite" time="0.01"/>
  <testcase name="test_synthetic_03044" classname="com.example.SyntheticSuite" time="0.01"/>
  <testcase name="test_synthetic_03045" classname="com.example.SyntheticSuite" time="0.01"/>
  <testcase name="test_synthetic_03046" classname="com.example.SyntheticSuite" time="0.01"/>
  <testcase name="test_synthetic_03047" classname="com.example.SyntheticSuite" time="0.01"/>
  <testcase name="test_synthetic_03048" classname="com.example.SyntheticSuite" time="0.01"/>
  <testcase name="test_synthetic_03049" classname="com.example.SyntheticSuite" time="0.01"/>
  <testcase name="test_synthetic_03050" classname="com.example.SyntheticSuite" time="0.01"/>
  <testcase name="test_synthetic_03051" classname="com.example.SyntheticSuite" time="0.01"/>
  <testcase name="test_synthetic_03052" classname="com.example.SyntheticSuite" time="0.01"/>
  <testcase name="test_synthetic_03053" classname="com.example.SyntheticSuite" time="0.01"/>
  <testcase name="test_synthetic_03054" classname="com.example.SyntheticSuite" time="0.01"/>
  <testcase name="test_synthetic_03055" classname="com.example.SyntheticSuite" time="0.01"/>
  <testcase name="test_synthetic_03056" classname="com.example.SyntheticSuite" time="0.01"/>
  <testcase name="test_synthetic_03057" classname="com.example.SyntheticSuite" time="0.01"/>
  <testcase name="test_synthetic_03058" classname="com.example.SyntheticSuite" time="0.01"/>
  <testcase name="test_synthetic_03059" classname="com.example.SyntheticSuite" time="0.01"/>
  <testcase name="test_synthetic_03060" classname="com.example.SyntheticSuite" time="0.01"/>
  <testcase name="test_synthetic_03061" classname="com.example.SyntheticSuite" time="0.01"/>
  <testcase name="test_synthetic_03062" classname="com.example.SyntheticSuite" time="0.01"/>
  <testcase name="test_synthetic_03063" classname="com.example.SyntheticSuite" time="0.01"/>
  <testcase name="test_synthetic_03064" classname="com.example.SyntheticSuite" time="0.01"/>
  <testcase name="test_synthetic_03065" classname="com.example.SyntheticSuite" time="0.01"/>
  <testcase name="test_synthetic_03066" classname="com.example.SyntheticSuite" time="0.01"/>
  <testcase name="test_synthetic_03067" classname="com.example.SyntheticSuite" time="0.01"/>
  <testcase name="test_synthetic_03068" classname="com.example.SyntheticSuite" time="0.01"/>
  <testcase name="test_synthetic_03069" classname="com.example.SyntheticSuite" time="0.01"/>
  <testcase name="test_synthetic_03070" classname="com.example.SyntheticSuite" time="0.01"/>
  <testcase name="test_synthetic_03071" classname="com.example.SyntheticSuite" time="0.01"/>
  <testcase name="test_synthetic_03072" classname="com.example.SyntheticSuite" time="0.01"/>
  <testcase name="test_synthetic_03073" classname="com.example.SyntheticSuite" time="0.01"/>
  <testcase name="test_synthetic_03074" classname="com.example.SyntheticSuite" time="0.01"/>
  <testcase name="test_synthetic_03075" classname="com.example.SyntheticSuite" time="0.01"/>
  <testcase name="test_synthetic_03076" classname="com.example.SyntheticSuite" time="0.01"/>
  <testcase name="test_synthetic_03077" classname="com.example.SyntheticSuite" time="0.01"/>
  <testcase name="test_synthetic_03078" classname="com.example.SyntheticSuite" time="0.01"/>
  <testcase name="test_synthetic_03079" classname="com.example.SyntheticSuite" time="0.01"/>
  <testcase name="test_synthetic_03080" classname="com.example.SyntheticSuite" time="0.01"/>
  <testcase name="test_synthetic_03081" classname="com.example.SyntheticSuite" time="0.01"/>
  <testcase name="test_synthetic_03082" classname="com.example.SyntheticSuite" time="0.01"/>
  <testcase name="test_synthetic_03083" classname="com.example.SyntheticSuite" time="0.01"/>
  <testcase name="test_synthetic_03084" classname="com.example.SyntheticSuite" time="0.01"/>
  <testcase name="test_synthetic_03085" classname="com.example.SyntheticSuite" time="0.01"/>
  <testcase name="test_synthetic_03086" classname="com.example.SyntheticSuite" time="0.01"/>
  <testcase name="test_synthetic_03087" classname="com.example.SyntheticSuite" time="0.01"/>
  <testcase name="test_synthetic_03088" classname="com.example.SyntheticSuite" time="0.01"/>
  <testcase name="test_synthetic_03089" classname="com.example.SyntheticSuite" time="0.01"/>
  <testcase name="test_synthetic_03090" classname="com.example.SyntheticSuite" time="0.01"/>
  <testcase name="test_synthetic_03091" classname="com.example.SyntheticSuite" time="0.01"/>
  <testcase name="test_synthetic_03092" classname="com.example.SyntheticSuite" time="0.01"/>
  <testcase name="test_synthetic_03093" classname="com.example.SyntheticSuite" time="0.01"/>
  <testcase name="test_synthetic_03094" classname="com.example.SyntheticSuite" time="0.01"/>
  <testcase name="test_synthetic_03095" classname="com.example.SyntheticSuite" time="0.01"/>
  <testcase name="test_synthetic_03096" classname="com.example.SyntheticSuite" time="0.01"/>
  <testcase name="test_synthetic_03097" classname="com.example.SyntheticSuite" time="0.01"/>
  <testcase name="test_synthetic_03098" classname="com.example.SyntheticSuite" time="0.01"/>
  <testcase name="test_synthetic_03099" classname="com.example.SyntheticSuite" time="0.01"/>
  <testcase name="test_synthetic_03100" classname="com.example.SyntheticSuite" time="0.01">
    <failure message="Synthetic failure at 3100">Assertion failed at iteration 3100</failure>
  </testcase>
  <testcase name="test_synthetic_03101" classname="com.example.SyntheticSuite" time="0.01"/>
  <testcase name="test_synthetic_03102" classname="com.example.SyntheticSuite" time="0.01"/>
  <testcase name="test_synthetic_03103" classname="com.example.SyntheticSuite" time="0.01"/>
  <testcase name="test_synthetic_03104" classname="com.example.SyntheticSuite" time="0.01"/>
  <testcase name="test_synthetic_03105" classname="com.example.SyntheticSuite" time="0.01"/>
  <testcase name="test_synthetic_03106" classname="com.example.SyntheticSuite" time="0.01"/>
  <testcase name="test_synthetic_03107" classname="com.example.SyntheticSuite" time="0.01"/>
  <testcase name="test_synthetic_03108" classname="com.example.SyntheticSuite" time="0.01"/>
  <testcase name="test_synthetic_03109" classname="com.example.SyntheticSuite" time="0.01"/>
  <testcase name="test_synthetic_03110" classname="com.example.SyntheticSuite" time="0.01"/>
  <testcase name="test_synthetic_03111" classname="com.example.SyntheticSuite" time="0.01"/>
  <testcase name="test_synthetic_03112" classname="com.example.SyntheticSuite" time="0.01"/>
  <testcase name="test_synthetic_03113" classname="com.example.SyntheticSuite" time="0.01"/>
  <testcase name="test_synthetic_03114" classname="com.example.SyntheticSuite" time="0.01"/>
  <testcase name="test_synthetic_03115" classname="com.example.SyntheticSuite" time="0.01"/>
  <testcase name="test_synthetic_03116" classname="com.example.SyntheticSuite" time="0.01"/>
  <testcase name="test_synthetic_03117" classname="com.example.SyntheticSuite" time="0.01"/>
  <testcase name="test_synthetic_03118" classname="com.example.SyntheticSuite" time="0.01"/>
  <testcase name="test_synthetic_03119" classname="com.example.SyntheticSuite" time="0.01"/>
  <testcase name="test_synthetic_03120" classname="com.example.SyntheticSuite" time="0.01"/>
  <testcase name="test_synthetic_03121" classname="com.example.SyntheticSuite" time="0.01"/>
  <testcase name="test_synthetic_03122" classname="com.example.SyntheticSuite" time="0.01"/>
  <testcase name="test_synthetic_03123" classname="com.example.SyntheticSuite" time="0.01"/>
  <testcase name="test_synthetic_03124" classname="com.example.SyntheticSuite" time="0.01"/>
  <testcase name="test_synthetic_03125" classname="com.example.SyntheticSuite" time="0.01"/>
  <testcase name="test_synthetic_03126" classname="com.example.SyntheticSuite" time="0.01"/>
  <testcase name="test_synthetic_03127" classname="com.example.SyntheticSuite" time="0.01"/>
  <testcase name="test_synthetic_03128" classname="com.example.SyntheticSuite" time="0.01"/>
  <testcase name="test_synthetic_03129" classname="com.example.SyntheticSuite" time="0.01"/>
  <testcase name="test_synthetic_03130" classname="com.example.SyntheticSuite" time="0.01"/>
  <testcase name="test_synthetic_03131" classname="com.example.SyntheticSuite" time="0.01"/>
  <testcase name="test_synthetic_03132" classname="com.example.SyntheticSuite" time="0.01"/>
  <testcase name="test_synthetic_03133" classname="com.example.SyntheticSuite" time="0.01"/>
  <testcase name="test_synthetic_03134" classname="com.example.SyntheticSuite" time="0.01"/>
  <testcase name="test_synthetic_03135" classname="com.example.SyntheticSuite" time="0.01"/>
  <testcase name="test_synthetic_03136" classname="com.example.SyntheticSuite" time="0.01"/>
  <testcase name="test_synthetic_03137" classname="com.example.SyntheticSuite" time="0.01"/>
  <testcase name="test_synthetic_03138" classname="com.example.SyntheticSuite" time="0.01"/>
  <testcase name="test_synthetic_03139" classname="com.example.SyntheticSuite" time="0.01"/>
  <testcase name="test_synthetic_03140" classname="com.example.SyntheticSuite" time="0.01"/>
  <testcase name="test_synthetic_03141" classname="com.example.SyntheticSuite" time="0.01"/>
  <testcase name="test_synthetic_03142" classname="com.example.SyntheticSuite" time="0.01"/>
  <testcase name="test_synthetic_03143" classname="com.example.SyntheticSuite" time="0.01"/>
  <testcase name="test_synthetic_03144" classname="com.example.SyntheticSuite" time="0.01"/>
  <testcase name="test_synthetic_03145" classname="com.example.SyntheticSuite" time="0.01"/>
  <testcase name="test_synthetic_03146" classname="com.example.SyntheticSuite" time="0.01"/>
  <testcase name="test_synthetic_03147" classname="com.example.SyntheticSuite" time="0.01"/>
  <testcase name="test_synthetic_03148" classname="com.example.SyntheticSuite" time="0.01"/>
  <testcase name="test_synthetic_03149" classname="com.example.SyntheticSuite" time="0.01"/>
  <testcase name="test_synthetic_03150" classname="com.example.SyntheticSuite" time="0.01"/>
  <testcase name="test_synthetic_03151" classname="com.example.SyntheticSuite" time="0.01"/>
  <testcase name="test_synthetic_03152" classname="com.example.SyntheticSuite" time="0.01"/>
  <testcase name="test_synthetic_03153" classname="com.example.SyntheticSuite" time="0.01"/>
  <testcase name="test_synthetic_03154" classname="com.example.SyntheticSuite" time="0.01"/>
  <testcase name="test_synthetic_03155" classname="com.example.SyntheticSuite" time="0.01"/>
  <testcase name="test_synthetic_03156" classname="com.example.SyntheticSuite" time="0.01"/>
  <testcase name="test_synthetic_03157" classname="com.example.SyntheticSuite" time="0.01"/>
  <testcase name="test_synthetic_03158" classname="com.example.SyntheticSuite" time="0.01"/>
  <testcase name="test_synthetic_03159" classname="com.example.SyntheticSuite" time="0.01"/>
  <testcase name="test_synthetic_03160" classname="com.example.SyntheticSuite" time="0.01"/>
  <testcase name="test_synthetic_03161" classname="com.example.SyntheticSuite" time="0.01"/>
  <testcase name="test_synthetic_03162" classname="com.example.SyntheticSuite" time="0.01"/>
  <testcase name="test_synthetic_03163" classname="com.example.SyntheticSuite" time="0.01"/>
  <testcase name="test_synthetic_03164" classname="com.example.SyntheticSuite" time="0.01"/>
  <testcase name="test_synthetic_03165" classname="com.example.SyntheticSuite" time="0.01"/>
  <testcase name="test_synthetic_03166" classname="com.example.SyntheticSuite" time="0.01"/>
  <testcase name="test_synthetic_03167" classname="com.example.SyntheticSuite" time="0.01"/>
  <testcase name="test_synthetic_03168" classname="com.example.SyntheticSuite" time="0.01"/>
  <testcase name="test_synthetic_03169" classname="com.example.SyntheticSuite" time="0.01"/>
  <testcase name="test_synthetic_03170" classname="com.example.SyntheticSuite" time="0.01"/>
  <testcase name="test_synthetic_03171" classname="com.example.SyntheticSuite" time="0.01"/>
  <testcase name="test_synthetic_03172" classname="com.example.SyntheticSuite" time="0.01"/>
  <testcase name="test_synthetic_03173" classname="com.example.SyntheticSuite" time="0.01"/>
  <testcase name="test_synthetic_03174" classname="com.example.SyntheticSuite" time="0.01"/>
  <testcase name="test_synthetic_03175" classname="com.example.SyntheticSuite" time="0.01"/>
  <testcase name="test_synthetic_03176" classname="com.example.SyntheticSuite" time="0.01"/>
  <testcase name="test_synthetic_03177" classname="com.example.SyntheticSuite" time="0.01"/>
  <testcase name="test_synthetic_03178" classname="com.example.SyntheticSuite" time="0.01"/>
  <testcase name="test_synthetic_03179" classname="com.example.SyntheticSuite" time="0.01"/>
  <testcase name="test_synthetic_03180" classname="com.example.SyntheticSuite" time="0.01"/>
  <testcase name="test_synthetic_03181" classname="com.example.SyntheticSuite" time="0.01"/>
  <testcase name="test_synthetic_03182" classname="com.example.SyntheticSuite" time="0.01"/>
  <testcase name="test_synthetic_03183" classname="com.example.SyntheticSuite" time="0.01"/>
  <testcase name="test_synthetic_03184" classname="com.example.SyntheticSuite" time="0.01"/>
  <testcase name="test_synthetic_03185" classname="com.example.SyntheticSuite" time="0.01"/>
  <testcase name="test_synthetic_03186" classname="com.example.SyntheticSuite" time="0.01"/>
  <testcase name="test_synthetic_03187" classname="com.example.SyntheticSuite" time="0.01"/>
  <testcase name="test_synthetic_03188" classname="com.example.SyntheticSuite" time="0.01"/>
  <testcase name="test_synthetic_03189" classname="com.example.SyntheticSuite" time="0.01"/>
  <testcase name="test_synthetic_03190" classname="com.example.SyntheticSuite" time="0.01"/>
  <testcase name="test_synthetic_03191" classname="com.example.SyntheticSuite" time="0.01"/>
  <testcase name="test_synthetic_03192" classname="com.example.SyntheticSuite" time="0.01"/>
  <testcase name="test_synthetic_03193" classname="com.example.SyntheticSuite" time="0.01"/>
  <testcase name="test_synthetic_03194" classname="com.example.SyntheticSuite" time="0.01"/>
  <testcase name="test_synthetic_03195" classname="com.example.SyntheticSuite" time="0.01"/>
  <testcase name="test_synthetic_03196" classname="com.example.SyntheticSuite" time="0.01"/>
  <testcase name="test_synthetic_03197" classname="com.example.SyntheticSuite" time="0.01"/>
  <testcase name="test_synthetic_03198" classname="com.example.SyntheticSuite" time="0.01"/>
  <testcase name="test_synthetic_03199" classname="com.example.SyntheticSuite" time="0.01"/>
  <testcase name="test_synthetic_03200" classname="com.example.SyntheticSuite" time="0.01">
    <failure message="Synthetic failure at 3200">Assertion failed at iteration 3200</failure>
  </testcase>
  <testcase name="test_synthetic_03201" classname="com.example.SyntheticSuite" time="0.01"/>
  <testcase name="test_synthetic_03202" classname="com.example.SyntheticSuite" time="0.01"/>
  <testcase name="test_synthetic_03203" classname="com.example.SyntheticSuite" time="0.01"/>
  <testcase name="test_synthetic_03204" classname="com.example.SyntheticSuite" time="0.01"/>
  <testcase name="test_synthetic_03205" classname="com.example.SyntheticSuite" time="0.01"/>
  <testcase name="test_synthetic_03206" classname="com.example.SyntheticSuite" time="0.01"/>
  <testcase name="test_synthetic_03207" classname="com.example.SyntheticSuite" time="0.01"/>
  <testcase name="test_synthetic_03208" classname="com.example.SyntheticSuite" time="0.01"/>
  <testcase name="test_synthetic_03209" classname="com.example.SyntheticSuite" time="0.01"/>
  <testcase name="test_synthetic_03210" classname="com.example.SyntheticSuite" time="0.01"/>
  <testcase name="test_synthetic_03211" classname="com.example.SyntheticSuite" time="0.01"/>
  <testcase name="test_synthetic_03212" classname="com.example.SyntheticSuite" time="0.01"/>
  <testcase name="test_synthetic_03213" classname="com.example.SyntheticSuite" time="0.01"/>
  <testcase name="test_synthetic_03214" classname="com.example.SyntheticSuite" time="0.01"/>
  <testcase name="test_synthetic_03215" classname="com.example.SyntheticSuite" time="0.01"/>
  <testcase name="test_synthetic_03216" classname="com.example.SyntheticSuite" time="0.01"/>
  <testcase name="test_synthetic_03217" classname="com.example.SyntheticSuite" time="0.01"/>
  <testcase name="test_synthetic_03218" classname="com.example.SyntheticSuite" time="0.01"/>
  <testcase name="test_synthetic_03219" classname="com.example.SyntheticSuite" time="0.01"/>
  <testcase name="test_synthetic_03220" classname="com.example.SyntheticSuite" time="0.01"/>
  <testcase name="test_synthetic_03221" classname="com.example.SyntheticSuite" time="0.01"/>
  <testcase name="test_synthetic_03222" classname="com.example.SyntheticSuite" time="0.01"/>
  <testcase name="test_synthetic_03223" classname="com.example.SyntheticSuite" time="0.01"/>
  <testcase name="test_synthetic_03224" classname="com.example.SyntheticSuite" time="0.01"/>
  <testcase name="test_synthetic_03225" classname="com.example.SyntheticSuite" time="0.01"/>
  <testcase name="test_synthetic_03226" classname="com.example.SyntheticSuite" time="0.01"/>
  <testcase name="test_synthetic_03227" classname="com.example.SyntheticSuite" time="0.01"/>
  <testcase name="test_synthetic_03228" classname="com.example.SyntheticSuite" time="0.01"/>
  <testcase name="test_synthetic_03229" classname="com.example.SyntheticSuite" time="0.01"/>
  <testcase name="test_synthetic_03230" classname="com.example.SyntheticSuite" time="0.01"/>
  <testcase name="test_synthetic_03231" classname="com.example.SyntheticSuite" time="0.01"/>
  <testcase name="test_synthetic_03232" classname="com.example.SyntheticSuite" time="0.01"/>
  <testcase name="test_synthetic_03233" classname="com.example.SyntheticSuite" time="0.01"/>
  <testcase name="test_synthetic_03234" classname="com.example.SyntheticSuite" time="0.01"/>
  <testcase name="test_synthetic_03235" classname="com.example.SyntheticSuite" time="0.01"/>
  <testcase name="test_synthetic_03236" classname="com.example.SyntheticSuite" time="0.01"/>
  <testcase name="test_synthetic_03237" classname="com.example.SyntheticSuite" time="0.01"/>
  <testcase name="test_synthetic_03238" classname="com.example.SyntheticSuite" time="0.01"/>
  <testcase name="test_synthetic_03239" classname="com.example.SyntheticSuite" time="0.01"/>
  <testcase name="test_synthetic_03240" classname="com.example.SyntheticSuite" time="0.01"/>
  <testcase name="test_synthetic_03241" classname="com.example.SyntheticSuite" time="0.01"/>
  <testcase name="test_synthetic_03242" classname="com.example.SyntheticSuite" time="0.01"/>
  <testcase name="test_synthetic_03243" classname="com.example.SyntheticSuite" time="0.01"/>
  <testcase name="test_synthetic_03244" classname="com.example.SyntheticSuite" time="0.01"/>
  <testcase name="test_synthetic_03245" classname="com.example.SyntheticSuite" time="0.01"/>
  <testcase name="test_synthetic_03246" classname="com.example.SyntheticSuite" time="0.01"/>
  <testcase name="test_synthetic_03247" classname="com.example.SyntheticSuite" time="0.01"/>
  <testcase name="test_synthetic_03248" classname="com.example.SyntheticSuite" time="0.01"/>
  <testcase name="test_synthetic_03249" classname="com.example.SyntheticSuite" time="0.01"/>
  <testcase name="test_synthetic_03250" classname="com.example.SyntheticSuite" time="0.01"/>
  <testcase name="test_synthetic_03251" classname="com.example.SyntheticSuite" time="0.01"/>
  <testcase name="test_synthetic_03252" classname="com.example.SyntheticSuite" time="0.01"/>
  <testcase name="test_synthetic_03253" classname="com.example.SyntheticSuite" time="0.01"/>
  <testcase name="test_synthetic_03254" classname="com.example.SyntheticSuite" time="0.01"/>
  <testcase name="test_synthetic_03255" classname="com.example.SyntheticSuite" time="0.01"/>
  <testcase name="test_synthetic_03256" classname="com.example.SyntheticSuite" time="0.01"/>
  <testcase name="test_synthetic_03257" classname="com.example.SyntheticSuite" time="0.01"/>
  <testcase name="test_synthetic_03258" classname="com.example.SyntheticSuite" time="0.01"/>
  <testcase name="test_synthetic_03259" classname="com.example.SyntheticSuite" time="0.01"/>
  <testcase name="test_synthetic_03260" classname="com.example.SyntheticSuite" time="0.01"/>
  <testcase name="test_synthetic_03261" classname="com.example.SyntheticSuite" time="0.01"/>
  <testcase name="test_synthetic_03262" classname="com.example.SyntheticSuite" time="0.01"/>
  <testcase name="test_synthetic_03263" classname="com.example.SyntheticSuite" time="0.01"/>
  <testcase name="test_synthetic_03264" classname="com.example.SyntheticSuite" time="0.01"/>
  <testcase name="test_synthetic_03265" classname="com.example.SyntheticSuite" time="0.01"/>
  <testcase name="test_synthetic_03266" classname="com.example.SyntheticSuite" time="0.01"/>
  <testcase name="test_synthetic_03267" classname="com.example.SyntheticSuite" time="0.01"/>
  <testcase name="test_synthetic_03268" classname="com.example.SyntheticSuite" time="0.01"/>
  <testcase name="test_synthetic_03269" classname="com.example.SyntheticSuite" time="0.01"/>
  <testcase name="test_synthetic_03270" classname="com.example.SyntheticSuite" time="0.01"/>
  <testcase name="test_synthetic_03271" classname="com.example.SyntheticSuite" time="0.01"/>
  <testcase name="test_synthetic_03272" classname="com.example.SyntheticSuite" time="0.01"/>
  <testcase name="test_synthetic_03273" classname="com.example.SyntheticSuite" time="0.01"/>
  <testcase name="test_synthetic_03274" classname="com.example.SyntheticSuite" time="0.01"/>
  <testcase name="test_synthetic_03275" classname="com.example.SyntheticSuite" time="0.01"/>
  <testcase name="test_synthetic_03276" classname="com.example.SyntheticSuite" time="0.01"/>
  <testcase name="test_synthetic_03277" classname="com.example.SyntheticSuite" time="0.01"/>
  <testcase name="test_synthetic_03278" classname="com.example.SyntheticSuite" time="0.01"/>
  <testcase name="test_synthetic_03279" classname="com.example.SyntheticSuite" time="0.01"/>
  <testcase name="test_synthetic_03280" classname="com.example.SyntheticSuite" time="0.01"/>
  <testcase name="test_synthetic_03281" classname="com.example.SyntheticSuite" time="0.01"/>
  <testcase name="test_synthetic_03282" classname="com.example.SyntheticSuite" time="0.01"/>
  <testcase name="test_synthetic_03283" classname="com.example.SyntheticSuite" time="0.01"/>
  <testcase name="test_synthetic_03284" classname="com.example.SyntheticSuite" time="0.01"/>
  <testcase name="test_synthetic_03285" classname="com.example.SyntheticSuite" time="0.01"/>
  <testcase name="test_synthetic_03286" classname="com.example.SyntheticSuite" time="0.01"/>
  <testcase name="test_synthetic_03287" classname="com.example.SyntheticSuite" time="0.01"/>
  <testcase name="test_synthetic_03288" classname="com.example.SyntheticSuite" time="0.01"/>
  <testcase name="test_synthetic_03289" classname="com.example.SyntheticSuite" time="0.01"/>
  <testcase name="test_synthetic_03290" classname="com.example.SyntheticSuite" time="0.01"/>
  <testcase name="test_synthetic_03291" classname="com.example.SyntheticSuite" time="0.01"/>
  <testcase name="test_synthetic_03292" classname="com.example.SyntheticSuite" time="0.01"/>
  <testcase name="test_synthetic_03293" classname="com.example.SyntheticSuite" time="0.01"/>
  <testcase name="test_synthetic_03294" classname="com.example.SyntheticSuite" time="0.01"/>
  <testcase name="test_synthetic_03295" classname="com.example.SyntheticSuite" time="0.01"/>
  <testcase name="test_synthetic_03296" classname="com.example.SyntheticSuite" time="0.01"/>
  <testcase name="test_synthetic_03297" classname="com.example.SyntheticSuite" time="0.01"/>
  <testcase name="test_synthetic_03298" classname="com.example.SyntheticSuite" time="0.01"/>
  <testcase name="test_synthetic_03299" classname="com.example.SyntheticSuite" time="0.01"/>
  <testcase name="test_synthetic_03300" classname="com.example.SyntheticSuite" time="0.01">
    <failure message="Synthetic failure at 3300">Assertion failed at iteration 3300</failure>
  </testcase>
  <testcase name="test_synthetic_03301" classname="com.example.SyntheticSuite" time="0.01"/>
  <testcase name="test_synthetic_03302" classname="com.example.SyntheticSuite" time="0.01"/>
  <testcase name="test_synthetic_03303" classname="com.example.SyntheticSuite" time="0.01"/>
  <testcase name="test_synthetic_03304" classname="com.example.SyntheticSuite" time="0.01"/>
  <testcase name="test_synthetic_03305" classname="com.example.SyntheticSuite" time="0.01"/>
  <testcase name="test_synthetic_03306" classname="com.example.SyntheticSuite" time="0.01"/>
  <testcase name="test_synthetic_03307" classname="com.example.SyntheticSuite" time="0.01"/>
  <testcase name="test_synthetic_03308" classname="com.example.SyntheticSuite" time="0.01"/>
  <testcase name="test_synthetic_03309" classname="com.example.SyntheticSuite" time="0.01"/>
  <testcase name="test_synthetic_03310" classname="com.example.SyntheticSuite" time="0.01"/>
  <testcase name="test_synthetic_03311" classname="com.example.SyntheticSuite" time="0.01"/>
  <testcase name="test_synthetic_03312" classname="com.example.SyntheticSuite" time="0.01"/>
  <testcase name="test_synthetic_03313" classname="com.example.SyntheticSuite" time="0.01"/>
  <testcase name="test_synthetic_03314" classname="com.example.SyntheticSuite" time="0.01"/>
  <testcase name="test_synthetic_03315" classname="com.example.SyntheticSuite" time="0.01"/>
  <testcase name="test_synthetic_03316" classname="com.example.SyntheticSuite" time="0.01"/>
  <testcase name="test_synthetic_03317" classname="com.example.SyntheticSuite" time="0.01"/>
  <testcase name="test_synthetic_03318" classname="com.example.SyntheticSuite" time="0.01"/>
  <testcase name="test_synthetic_03319" classname="com.example.SyntheticSuite" time="0.01"/>
  <testcase name="test_synthetic_03320" classname="com.example.SyntheticSuite" time="0.01"/>
  <testcase name="test_synthetic_03321" classname="com.example.SyntheticSuite" time="0.01"/>
  <testcase name="test_synthetic_03322" classname="com.example.SyntheticSuite" time="0.01"/>
  <testcase name="test_synthetic_03323" classname="com.example.SyntheticSuite" time="0.01"/>
  <testcase name="test_synthetic_03324" classname="com.example.SyntheticSuite" time="0.01"/>
  <testcase name="test_synthetic_03325" classname="com.example.SyntheticSuite" time="0.01"/>
  <testcase name="test_synthetic_03326" classname="com.example.SyntheticSuite" time="0.01"/>
  <testcase name="test_synthetic_03327" classname="com.example.SyntheticSuite" time="0.01"/>
  <testcase name="test_synthetic_03328" classname="com.example.SyntheticSuite" time="0.01"/>
  <testcase name="test_synthetic_03329" classname="com.example.SyntheticSuite" time="0.01"/>
  <testcase name="test_synthetic_03330" classname="com.example.SyntheticSuite" time="0.01"/>
  <testcase name="test_synthetic_03331" classname="com.example.SyntheticSuite" time="0.01"/>
  <testcase name="test_synthetic_03332" classname="com.example.SyntheticSuite" time="0.01"/>
  <testcase name="test_synthetic_03333" classname="com.example.SyntheticSuite" time="0.01"/>
  <testcase name="test_synthetic_03334" classname="com.example.SyntheticSuite" time="0.01"/>
  <testcase name="test_synthetic_03335" classname="com.example.SyntheticSuite" time="0.01"/>
  <testcase name="test_synthetic_03336" classname="com.example.SyntheticSuite" time="0.01"/>
  <testcase name="test_synthetic_03337" classname="com.example.SyntheticSuite" time="0.01"/>
  <testcase name="test_synthetic_03338" classname="com.example.SyntheticSuite" time="0.01"/>
  <testcase name="test_synthetic_03339" classname="com.example.SyntheticSuite" time="0.01"/>
  <testcase name="test_synthetic_03340" classname="com.example.SyntheticSuite" time="0.01"/>
  <testcase name="test_synthetic_03341" classname="com.example.SyntheticSuite" time="0.01"/>
  <testcase name="test_synthetic_03342" classname="com.example.SyntheticSuite" time="0.01"/>
  <testcase name="test_synthetic_03343" classname="com.example.SyntheticSuite" time="0.01"/>
  <testcase name="test_synthetic_03344" classname="com.example.SyntheticSuite" time="0.01"/>
  <testcase name="test_synthetic_03345" classname="com.example.SyntheticSuite" time="0.01"/>
  <testcase name="test_synthetic_03346" classname="com.example.SyntheticSuite" time="0.01"/>
  <testcase name="test_synthetic_03347" classname="com.example.SyntheticSuite" time="0.01"/>
  <testcase name="test_synthetic_03348" classname="com.example.SyntheticSuite" time="0.01"/>
  <testcase name="test_synthetic_03349" classname="com.example.SyntheticSuite" time="0.01"/>
  <testcase name="test_synthetic_03350" classname="com.example.SyntheticSuite" time="0.01"/>
  <testcase name="test_synthetic_03351" classname="com.example.SyntheticSuite" time="0.01"/>
  <testcase name="test_synthetic_03352" classname="com.example.SyntheticSuite" time="0.01"/>
  <testcase name="test_synthetic_03353" classname="com.example.SyntheticSuite" time="0.01"/>
  <testcase name="test_synthetic_03354" classname="com.example.SyntheticSuite" time="0.01"/>
  <testcase name="test_synthetic_03355" classname="com.example.SyntheticSuite" time="0.01"/>
  <testcase name="test_synthetic_03356" classname="com.example.SyntheticSuite" time="0.01"/>
  <testcase name="test_synthetic_03357" classname="com.example.SyntheticSuite" time="0.01"/>
  <testcase name="test_synthetic_03358" classname="com.example.SyntheticSuite" time="0.01"/>
  <testcase name="test_synthetic_03359" classname="com.example.SyntheticSuite" time="0.01"/>
  <testcase name="test_synthetic_03360" classname="com.example.SyntheticSuite" time="0.01"/>
  <testcase name="test_synthetic_03361" classname="com.example.SyntheticSuite" time="0.01"/>
  <testcase name="test_synthetic_03362" classname="com.example.SyntheticSuite" time="0.01"/>
  <testcase name="test_synthetic_03363" classname="com.example.SyntheticSuite" time="0.01"/>
  <testcase name="test_synthetic_03364" classname="com.example.SyntheticSuite" time="0.01"/>
  <testcase name="test_synthetic_03365" classname="com.example.SyntheticSuite" time="0.01"/>
  <testcase name="test_synthetic_03366" classname="com.example.SyntheticSuite" time="0.01"/>
  <testcase name="test_synthetic_03367" classname="com.example.SyntheticSuite" time="0.01"/>
  <testcase name="test_synthetic_03368" classname="com.example.SyntheticSuite" time="0.01"/>
  <testcase name="test_synthetic_03369" classname="com.example.SyntheticSuite" time="0.01"/>
  <testcase name="test_synthetic_03370" classname="com.example.SyntheticSuite" time="0.01"/>
  <testcase name="test_synthetic_03371" classname="com.example.SyntheticSuite" time="0.01"/>
  <testcase name="test_synthetic_03372" classname="com.example.SyntheticSuite" time="0.01"/>
  <testcase name="test_synthetic_03373" classname="com.example.SyntheticSuite" time="0.01"/>
  <testcase name="test_synthetic_03374" classname="com.example.SyntheticSuite" time="0.01"/>
  <testcase name="test_synthetic_03375" classname="com.example.SyntheticSuite" time="0.01"/>
  <testcase name="test_synthetic_03376" classname="com.example.SyntheticSuite" time="0.01"/>
  <testcase name="test_synthetic_03377" classname="com.example.SyntheticSuite" time="0.01"/>
  <testcase name="test_synthetic_03378" classname="com.example.SyntheticSuite" time="0.01"/>
  <testcase name="test_synthetic_03379" classname="com.example.SyntheticSuite" time="0.01"/>
  <testcase name="test_synthetic_03380" classname="com.example.SyntheticSuite" time="0.01"/>
  <testcase name="test_synthetic_03381" classname="com.example.SyntheticSuite" time="0.01"/>
  <testcase name="test_synthetic_03382" classname="com.example.SyntheticSuite" time="0.01"/>
  <testcase name="test_synthetic_03383" classname="com.example.SyntheticSuite" time="0.01"/>
  <testcase name="test_synthetic_03384" classname="com.example.SyntheticSuite" time="0.01"/>
  <testcase name="test_synthetic_03385" classname="com.example.SyntheticSuite" time="0.01"/>
  <testcase name="test_synthetic_03386" classname="com.example.SyntheticSuite" time="0.01"/>
  <testcase name="test_synthetic_03387" classname="com.example.SyntheticSuite" time="0.01"/>
  <testcase name="test_synthetic_03388" classname="com.example.SyntheticSuite" time="0.01"/>
  <testcase name="test_synthetic_03389" classname="com.example.SyntheticSuite" time="0.01"/>
  <testcase name="test_synthetic_03390" classname="com.example.SyntheticSuite" time="0.01"/>
  <testcase name="test_synthetic_03391" classname="com.example.SyntheticSuite" time="0.01"/>
  <testcase name="test_synthetic_03392" classname="com.example.SyntheticSuite" time="0.01"/>
  <testcase name="test_synthetic_03393" classname="com.example.SyntheticSuite" time="0.01"/>
  <testcase name="test_synthetic_03394" classname="com.example.SyntheticSuite" time="0.01"/>
  <testcase name="test_synthetic_03395" classname="com.example.SyntheticSuite" time="0.01"/>
  <testcase name="test_synthetic_03396" classname="com.example.SyntheticSuite" time="0.01"/>
  <testcase name="test_synthetic_03397" classname="com.example.SyntheticSuite" time="0.01"/>
  <testcase name="test_synthetic_03398" classname="com.example.SyntheticSuite" time="0.01"/>
  <testcase name="test_synthetic_03399" classname="com.example.SyntheticSuite" time="0.01"/>
  <testcase name="test_synthetic_03400" classname="com.example.SyntheticSuite" time="0.01">
    <failure message="Synthetic failure at 3400">Assertion failed at iteration 3400</failure>
  </testcase>
  <testcase name="test_synthetic_03401" classname="com.example.SyntheticSuite" time="0.01"/>
  <testcase name="test_synthetic_03402" classname="com.example.SyntheticSuite" time="0.01"/>
  <testcase name="test_synthetic_03403" classname="com.example.SyntheticSuite" time="0.01"/>
  <testcase name="test_synthetic_03404" classname="com.example.SyntheticSuite" time="0.01"/>
  <testcase name="test_synthetic_03405" classname="com.example.SyntheticSuite" time="0.01"/>
  <testcase name="test_synthetic_03406" classname="com.example.SyntheticSuite" time="0.01"/>
  <testcase name="test_synthetic_03407" classname="com.example.SyntheticSuite" time="0.01"/>
  <testcase name="test_synthetic_03408" classname="com.example.SyntheticSuite" time="0.01"/>
  <testcase name="test_synthetic_03409" classname="com.example.SyntheticSuite" time="0.01"/>
  <testcase name="test_synthetic_03410" classname="com.example.SyntheticSuite" time="0.01"/>
  <testcase name="test_synthetic_03411" classname="com.example.SyntheticSuite" time="0.01"/>
  <testcase name="test_synthetic_03412" classname="com.example.SyntheticSuite" time="0.01"/>
  <testcase name="test_synthetic_03413" classname="com.example.SyntheticSuite" time="0.01"/>
  <testcase name="test_synthetic_03414" classname="com.example.SyntheticSuite" time="0.01"/>
  <testcase name="test_synthetic_03415" classname="com.example.SyntheticSuite" time="0.01"/>
  <testcase name="test_synthetic_03416" classname="com.example.SyntheticSuite" time="0.01"/>
  <testcase name="test_synthetic_03417" classname="com.example.SyntheticSuite" time="0.01"/>
  <testcase name="test_synthetic_03418" classname="com.example.SyntheticSuite" time="0.01"/>
  <testcase name="test_synthetic_03419" classname="com.example.SyntheticSuite" time="0.01"/>
  <testcase name="test_synthetic_03420" classname="com.example.SyntheticSuite" time="0.01"/>
  <testcase name="test_synthetic_03421" classname="com.example.SyntheticSuite" time="0.01"/>
  <testcase name="test_synthetic_03422" classname="com.example.SyntheticSuite" time="0.01"/>
  <testcase name="test_synthetic_03423" classname="com.example.SyntheticSuite" time="0.01"/>
  <testcase name="test_synthetic_03424" classname="com.example.SyntheticSuite" time="0.01"/>
  <testcase name="test_synthetic_03425" classname="com.example.SyntheticSuite" time="0.01"/>
  <testcase name="test_synthetic_03426" classname="com.example.SyntheticSuite" time="0.01"/>
  <testcase name="test_synthetic_03427" classname="com.example.SyntheticSuite" time="0.01"/>
  <testcase name="test_synthetic_03428" classname="com.example.SyntheticSuite" time="0.01"/>
  <testcase name="test_synthetic_03429" classname="com.example.SyntheticSuite" time="0.01"/>
  <testcase name="test_synthetic_03430" classname="com.example.SyntheticSuite" time="0.01"/>
  <testcase name="test_synthetic_03431" classname="com.example.SyntheticSuite" time="0.01"/>
  <testcase name="test_synthetic_03432" classname="com.example.SyntheticSuite" time="0.01"/>
  <testcase name="test_synthetic_03433" classname="com.example.SyntheticSuite" time="0.01"/>
  <testcase name="test_synthetic_03434" classname="com.example.SyntheticSuite" time="0.01"/>
  <testcase name="test_synthetic_03435" classname="com.example.SyntheticSuite" time="0.01"/>
  <testcase name="test_synthetic_03436" classname="com.example.SyntheticSuite" time="0.01"/>
  <testcase name="test_synthetic_03437" classname="com.example.SyntheticSuite" time="0.01"/>
  <testcase name="test_synthetic_03438" classname="com.example.SyntheticSuite" time="0.01"/>
  <testcase name="test_synthetic_03439" classname="com.example.SyntheticSuite" time="0.01"/>
  <testcase name="test_synthetic_03440" classname="com.example.SyntheticSuite" time="0.01"/>
  <testcase name="test_synthetic_03441" classname="com.example.SyntheticSuite" time="0.01"/>
  <testcase name="test_synthetic_03442" classname="com.example.SyntheticSuite" time="0.01"/>
  <testcase name="test_synthetic_03443" classname="com.example.SyntheticSuite" time="0.01"/>
  <testcase name="test_synthetic_03444" classname="com.example.SyntheticSuite" time="0.01"/>
  <testcase name="test_synthetic_03445" classname="com.example.SyntheticSuite" time="0.01"/>
  <testcase name="test_synthetic_03446" classname="com.example.SyntheticSuite" time="0.01"/>
  <testcase name="test_synthetic_03447" classname="com.example.SyntheticSuite" time="0.01"/>
  <testcase name="test_synthetic_03448" classname="com.example.SyntheticSuite" time="0.01"/>
  <testcase name="test_synthetic_03449" classname="com.example.SyntheticSuite" time="0.01"/>
  <testcase name="test_synthetic_03450" classname="com.example.SyntheticSuite" time="0.01"/>
  <testcase name="test_synthetic_03451" classname="com.example.SyntheticSuite" time="0.01"/>
  <testcase name="test_synthetic_03452" classname="com.example.SyntheticSuite" time="0.01"/>
  <testcase name="test_synthetic_03453" classname="com.example.SyntheticSuite" time="0.01"/>
  <testcase name="test_synthetic_03454" classname="com.example.SyntheticSuite" time="0.01"/>
  <testcase name="test_synthetic_03455" classname="com.example.SyntheticSuite" time="0.01"/>
  <testcase name="test_synthetic_03456" classname="com.example.SyntheticSuite" time="0.01"/>
  <testcase name="test_synthetic_03457" classname="com.example.SyntheticSuite" time="0.01"/>
  <testcase name="test_synthetic_03458" classname="com.example.SyntheticSuite" time="0.01"/>
  <testcase name="test_synthetic_03459" classname="com.example.SyntheticSuite" time="0.01"/>
  <testcase name="test_synthetic_03460" classname="com.example.SyntheticSuite" time="0.01"/>
  <testcase name="test_synthetic_03461" classname="com.example.SyntheticSuite" time="0.01"/>
  <testcase name="test_synthetic_03462" classname="com.example.SyntheticSuite" time="0.01"/>
  <testcase name="test_synthetic_03463" classname="com.example.SyntheticSuite" time="0.01"/>
  <testcase name="test_synthetic_03464" classname="com.example.SyntheticSuite" time="0.01"/>
  <testcase name="test_synthetic_03465" classname="com.example.SyntheticSuite" time="0.01"/>
  <testcase name="test_synthetic_03466" classname="com.example.SyntheticSuite" time="0.01"/>
  <testcase name="test_synthetic_03467" classname="com.example.SyntheticSuite" time="0.01"/>
  <testcase name="test_synthetic_03468" classname="com.example.SyntheticSuite" time="0.01"/>
  <testcase name="test_synthetic_03469" classname="com.example.SyntheticSuite" time="0.01"/>
  <testcase name="test_synthetic_03470" classname="com.example.SyntheticSuite" time="0.01"/>
  <testcase name="test_synthetic_03471" classname="com.example.SyntheticSuite" time="0.01"/>
  <testcase name="test_synthetic_03472" classname="com.example.SyntheticSuite" time="0.01"/>
  <testcase name="test_synthetic_03473" classname="com.example.SyntheticSuite" time="0.01"/>
  <testcase name="test_synthetic_03474" classname="com.example.SyntheticSuite" time="0.01"/>
  <testcase name="test_synthetic_03475" classname="com.example.SyntheticSuite" time="0.01"/>
  <testcase name="test_synthetic_03476" classname="com.example.SyntheticSuite" time="0.01"/>
  <testcase name="test_synthetic_03477" classname="com.example.SyntheticSuite" time="0.01"/>
  <testcase name="test_synthetic_03478" classname="com.example.SyntheticSuite" time="0.01"/>
  <testcase name="test_synthetic_03479" classname="com.example.SyntheticSuite" time="0.01"/>
  <testcase name="test_synthetic_03480" classname="com.example.SyntheticSuite" time="0.01"/>
  <testcase name="test_synthetic_03481" classname="com.example.SyntheticSuite" time="0.01"/>
  <testcase name="test_synthetic_03482" classname="com.example.SyntheticSuite" time="0.01"/>
  <testcase name="test_synthetic_03483" classname="com.example.SyntheticSuite" time="0.01"/>
  <testcase name="test_synthetic_03484" classname="com.example.SyntheticSuite" time="0.01"/>
  <testcase name="test_synthetic_03485" classname="com.example.SyntheticSuite" time="0.01"/>
  <testcase name="test_synthetic_03486" classname="com.example.SyntheticSuite" time="0.01"/>
  <testcase name="test_synthetic_03487" classname="com.example.SyntheticSuite" time="0.01"/>
  <testcase name="test_synthetic_03488" classname="com.example.SyntheticSuite" time="0.01"/>
  <testcase name="test_synthetic_03489" classname="com.example.SyntheticSuite" time="0.01"/>
  <testcase name="test_synthetic_03490" classname="com.example.SyntheticSuite" time="0.01"/>
  <testcase name="test_synthetic_03491" classname="com.example.SyntheticSuite" time="0.01"/>
  <testcase name="test_synthetic_03492" classname="com.example.SyntheticSuite" time="0.01"/>
  <testcase name="test_synthetic_03493" classname="com.example.SyntheticSuite" time="0.01"/>
  <testcase name="test_synthetic_03494" classname="com.example.SyntheticSuite" time="0.01"/>
  <testcase name="test_synthetic_03495" classname="com.example.SyntheticSuite" time="0.01"/>
  <testcase name="test_synthetic_03496" classname="com.example.SyntheticSuite" time="0.01"/>
  <testcase name="test_synthetic_03497" classname="com.example.SyntheticSuite" time="0.01"/>
  <testcase name="test_synthetic_03498" classname="com.example.SyntheticSuite" time="0.01"/>
  <testcase name="test_synthetic_03499" classname="com.example.SyntheticSuite" time="0.01"/>
  <testcase name="test_synthetic_03500" classname="com.example.SyntheticSuite" time="0.01">
    <failure message="Synthetic failure at 3500">Assertion failed at iteration 3500</failure>
  </testcase>
  <testcase name="test_synthetic_03501" classname="com.example.SyntheticSuite" time="0.01"/>
  <testcase name="test_synthetic_03502" classname="com.example.SyntheticSuite" time="0.01"/>
  <testcase name="test_synthetic_03503" classname="com.example.SyntheticSuite" time="0.01"/>
  <testcase name="test_synthetic_03504" classname="com.example.SyntheticSuite" time="0.01"/>
  <testcase name="test_synthetic_03505" classname="com.example.SyntheticSuite" time="0.01"/>
  <testcase name="test_synthetic_03506" classname="com.example.SyntheticSuite" time="0.01"/>
  <testcase name="test_synthetic_03507" classname="com.example.SyntheticSuite" time="0.01"/>
  <testcase name="test_synthetic_03508" classname="com.example.SyntheticSuite" time="0.01"/>
  <testcase name="test_synthetic_03509" classname="com.example.SyntheticSuite" time="0.01"/>
  <testcase name="test_synthetic_03510" classname="com.example.SyntheticSuite" time="0.01"/>
  <testcase name="test_synthetic_03511" classname="com.example.SyntheticSuite" time="0.01"/>
  <testcase name="test_synthetic_03512" classname="com.example.SyntheticSuite" time="0.01"/>
  <testcase name="test_synthetic_03513" classname="com.example.SyntheticSuite" time="0.01"/>
  <testcase name="test_synthetic_03514" classname="com.example.SyntheticSuite" time="0.01"/>
  <testcase name="test_synthetic_03515" classname="com.example.SyntheticSuite" time="0.01"/>
  <testcase name="test_synthetic_03516" classname="com.example.SyntheticSuite" time="0.01"/>
  <testcase name="test_synthetic_03517" classname="com.example.SyntheticSuite" time="0.01"/>
  <testcase name="test_synthetic_03518" classname="com.example.SyntheticSuite" time="0.01"/>
  <testcase name="test_synthetic_03519" classname="com.example.SyntheticSuite" time="0.01"/>
  <testcase name="test_synthetic_03520" classname="com.example.SyntheticSuite" time="0.01"/>
  <testcase name="test_synthetic_03521" classname="com.example.SyntheticSuite" time="0.01"/>
  <testcase name="test_synthetic_03522" classname="com.example.SyntheticSuite" time="0.01"/>
  <testcase name="test_synthetic_03523" classname="com.example.SyntheticSuite" time="0.01"/>
  <testcase name="test_synthetic_03524" classname="com.example.SyntheticSuite" time="0.01"/>
  <testcase name="test_synthetic_03525" classname="com.example.SyntheticSuite" time="0.01"/>
  <testcase name="test_synthetic_03526" classname="com.example.SyntheticSuite" time="0.01"/>
  <testcase name="test_synthetic_03527" classname="com.example.SyntheticSuite" time="0.01"/>
  <testcase name="test_synthetic_03528" classname="com.example.SyntheticSuite" time="0.01"/>
  <testcase name="test_synthetic_03529" classname="com.example.SyntheticSuite" time="0.01"/>
  <testcase name="test_synthetic_03530" classname="com.example.SyntheticSuite" time="0.01"/>
  <testcase name="test_synthetic_03531" classname="com.example.SyntheticSuite" time="0.01"/>
  <testcase name="test_synthetic_03532" classname="com.example.SyntheticSuite" time="0.01"/>
  <testcase name="test_synthetic_03533" classname="com.example.SyntheticSuite" time="0.01"/>
  <testcase name="test_synthetic_03534" classname="com.example.SyntheticSuite" time="0.01"/>
  <testcase name="test_synthetic_03535" classname="com.example.SyntheticSuite" time="0.01"/>
  <testcase name="test_synthetic_03536" classname="com.example.SyntheticSuite" time="0.01"/>
  <testcase name="test_synthetic_03537" classname="com.example.SyntheticSuite" time="0.01"/>
  <testcase name="test_synthetic_03538" classname="com.example.SyntheticSuite" time="0.01"/>
  <testcase name="test_synthetic_03539" classname="com.example.SyntheticSuite" time="0.01"/>
  <testcase name="test_synthetic_03540" classname="com.example.SyntheticSuite" time="0.01"/>
  <testcase name="test_synthetic_03541" classname="com.example.SyntheticSuite" time="0.01"/>
  <testcase name="test_synthetic_03542" classname="com.example.SyntheticSuite" time="0.01"/>
  <testcase name="test_synthetic_03543" classname="com.example.SyntheticSuite" time="0.01"/>
  <testcase name="test_synthetic_03544" classname="com.example.SyntheticSuite" time="0.01"/>
  <testcase name="test_synthetic_03545" classname="com.example.SyntheticSuite" time="0.01"/>
  <testcase name="test_synthetic_03546" classname="com.example.SyntheticSuite" time="0.01"/>
  <testcase name="test_synthetic_03547" classname="com.example.SyntheticSuite" time="0.01"/>
  <testcase name="test_synthetic_03548" classname="com.example.SyntheticSuite" time="0.01"/>
  <testcase name="test_synthetic_03549" classname="com.example.SyntheticSuite" time="0.01"/>
  <testcase name="test_synthetic_03550" classname="com.example.SyntheticSuite" time="0.01"/>
  <testcase name="test_synthetic_03551" classname="com.example.SyntheticSuite" time="0.01"/>
  <testcase name="test_synthetic_03552" classname="com.example.SyntheticSuite" time="0.01"/>
  <testcase name="test_synthetic_03553" classname="com.example.SyntheticSuite" time="0.01"/>
  <testcase name="test_synthetic_03554" classname="com.example.SyntheticSuite" time="0.01"/>
  <testcase name="test_synthetic_03555" classname="com.example.SyntheticSuite" time="0.01"/>
  <testcase name="test_synthetic_03556" classname="com.example.SyntheticSuite" time="0.01"/>
  <testcase name="test_synthetic_03557" classname="com.example.SyntheticSuite" time="0.01"/>
  <testcase name="test_synthetic_03558" classname="com.example.SyntheticSuite" time="0.01"/>
  <testcase name="test_synthetic_03559" classname="com.example.SyntheticSuite" time="0.01"/>
  <testcase name="test_synthetic_03560" classname="com.example.SyntheticSuite" time="0.01"/>
  <testcase name="test_synthetic_03561" classname="com.example.SyntheticSuite" time="0.01"/>
  <testcase name="test_synthetic_03562" classname="com.example.SyntheticSuite" time="0.01"/>
  <testcase name="test_synthetic_03563" classname="com.example.SyntheticSuite" time="0.01"/>
  <testcase name="test_synthetic_03564" classname="com.example.SyntheticSuite" time="0.01"/>
  <testcase name="test_synthetic_03565" classname="com.example.SyntheticSuite" time="0.01"/>
  <testcase name="test_synthetic_03566" classname="com.example.SyntheticSuite" time="0.01"/>
  <testcase name="test_synthetic_03567" classname="com.example.SyntheticSuite" time="0.01"/>
  <testcase name="test_synthetic_03568" classname="com.example.SyntheticSuite" time="0.01"/>
  <testcase name="test_synthetic_03569" classname="com.example.SyntheticSuite" time="0.01"/>
  <testcase name="test_synthetic_03570" classname="com.example.SyntheticSuite" time="0.01"/>
  <testcase name="test_synthetic_03571" classname="com.example.SyntheticSuite" time="0.01"/>
  <testcase name="test_synthetic_03572" classname="com.example.SyntheticSuite" time="0.01"/>
  <testcase name="test_synthetic_03573" classname="com.example.SyntheticSuite" time="0.01"/>
  <testcase name="test_synthetic_03574" classname="com.example.SyntheticSuite" time="0.01"/>
  <testcase name="test_synthetic_03575" classname="com.example.SyntheticSuite" time="0.01"/>
  <testcase name="test_synthetic_03576" classname="com.example.SyntheticSuite" time="0.01"/>
  <testcase name="test_synthetic_03577" classname="com.example.SyntheticSuite" time="0.01"/>
  <testcase name="test_synthetic_03578" classname="com.example.SyntheticSuite" time="0.01"/>
  <testcase name="test_synthetic_03579" classname="com.example.SyntheticSuite" time="0.01"/>
  <testcase name="test_synthetic_03580" classname="com.example.SyntheticSuite" time="0.01"/>
  <testcase name="test_synthetic_03581" classname="com.example.SyntheticSuite" time="0.01"/>
  <testcase name="test_synthetic_03582" classname="com.example.SyntheticSuite" time="0.01"/>
  <testcase name="test_synthetic_03583" classname="com.example.SyntheticSuite" time="0.01"/>
  <testcase name="test_synthetic_03584" classname="com.example.SyntheticSuite" time="0.01"/>
  <testcase name="test_synthetic_03585" classname="com.example.SyntheticSuite" time="0.01"/>
  <testcase name="test_synthetic_03586" classname="com.example.SyntheticSuite" time="0.01"/>
  <testcase name="test_synthetic_03587" classname="com.example.SyntheticSuite" time="0.01"/>
  <testcase name="test_synthetic_03588" classname="com.example.SyntheticSuite" time="0.01"/>
  <testcase name="test_synthetic_03589" classname="com.example.SyntheticSuite" time="0.01"/>
  <testcase name="test_synthetic_03590" classname="com.example.SyntheticSuite" time="0.01"/>
  <testcase name="test_synthetic_03591" classname="com.example.SyntheticSuite" time="0.01"/>
  <testcase name="test_synthetic_03592" classname="com.example.SyntheticSuite" time="0.01"/>
  <testcase name="test_synthetic_03593" classname="com.example.SyntheticSuite" time="0.01"/>
  <testcase name="test_synthetic_03594" classname="com.example.SyntheticSuite" time="0.01"/>
  <testcase name="test_synthetic_03595" classname="com.example.SyntheticSuite" time="0.01"/>
  <testcase name="test_synthetic_03596" classname="com.example.SyntheticSuite" time="0.01"/>
  <testcase name="test_synthetic_03597" classname="com.example.SyntheticSuite" time="0.01"/>
  <testcase name="test_synthetic_03598" classname="com.example.SyntheticSuite" time="0.01"/>
  <testcase name="test_synthetic_03599" classname="com.example.SyntheticSuite" time="0.01"/>
  <testcase name="test_synthetic_03600" classname="com.example.SyntheticSuite" time="0.01">
    <failure message="Synthetic failure at 3600">Assertion failed at iteration 3600</failure>
  </testcase>
  <testcase name="test_synthetic_03601" classname="com.example.SyntheticSuite" time="0.01"/>
  <testcase name="test_synthetic_03602" classname="com.example.SyntheticSuite" time="0.01"/>
  <testcase name="test_synthetic_03603" classname="com.example.SyntheticSuite" time="0.01"/>
  <testcase name="test_synthetic_03604" classname="com.example.SyntheticSuite" time="0.01"/>
  <testcase name="test_synthetic_03605" classname="com.example.SyntheticSuite" time="0.01"/>
  <testcase name="test_synthetic_03606" classname="com.example.SyntheticSuite" time="0.01"/>
  <testcase name="test_synthetic_03607" classname="com.example.SyntheticSuite" time="0.01"/>
  <testcase name="test_synthetic_03608" classname="com.example.SyntheticSuite" time="0.01"/>
  <testcase name="test_synthetic_03609" classname="com.example.SyntheticSuite" time="0.01"/>
  <testcase name="test_synthetic_03610" classname="com.example.SyntheticSuite" time="0.01"/>
  <testcase name="test_synthetic_03611" classname="com.example.SyntheticSuite" time="0.01"/>
  <testcase name="test_synthetic_03612" classname="com.example.SyntheticSuite" time="0.01"/>
  <testcase name="test_synthetic_03613" classname="com.example.SyntheticSuite" time="0.01"/>
  <testcase name="test_synthetic_03614" classname="com.example.SyntheticSuite" time="0.01"/>
  <testcase name="test_synthetic_03615" classname="com.example.SyntheticSuite" time="0.01"/>
  <testcase name="test_synthetic_03616" classname="com.example.SyntheticSuite" time="0.01"/>
  <testcase name="test_synthetic_03617" classname="com.example.SyntheticSuite" time="0.01"/>
  <testcase name="test_synthetic_03618" classname="com.example.SyntheticSuite" time="0.01"/>
  <testcase name="test_synthetic_03619" classname="com.example.SyntheticSuite" time="0.01"/>
  <testcase name="test_synthetic_03620" classname="com.example.SyntheticSuite" time="0.01"/>
  <testcase name="test_synthetic_03621" classname="com.example.SyntheticSuite" time="0.01"/>
  <testcase name="test_synthetic_03622" classname="com.example.SyntheticSuite" time="0.01"/>
  <testcase name="test_synthetic_03623" classname="com.example.SyntheticSuite" time="0.01"/>
  <testcase name="test_synthetic_03624" classname="com.example.SyntheticSuite" time="0.01"/>
  <testcase name="test_synthetic_03625" classname="com.example.SyntheticSuite" time="0.01"/>
  <testcase name="test_synthetic_03626" classname="com.example.SyntheticSuite" time="0.01"/>
  <testcase name="test_synthetic_03627" classname="com.example.SyntheticSuite" time="0.01"/>
  <testcase name="test_synthetic_03628" classname="com.example.SyntheticSuite" time="0.01"/>
  <testcase name="test_synthetic_03629" classname="com.example.SyntheticSuite" time="0.01"/>
  <testcase name="test_synthetic_03630" classname="com.example.SyntheticSuite" time="0.01"/>
  <testcase name="test_synthetic_03631" classname="com.example.SyntheticSuite" time="0.01"/>
  <testcase name="test_synthetic_03632" classname="com.example.SyntheticSuite" time="0.01"/>
  <testcase name="test_synthetic_03633" classname="com.example.SyntheticSuite" time="0.01"/>
  <testcase name="test_synthetic_03634" classname="com.example.SyntheticSuite" time="0.01"/>
  <testcase name="test_synthetic_03635" classname="com.example.SyntheticSuite" time="0.01"/>
  <testcase name="test_synthetic_03636" classname="com.example.SyntheticSuite" time="0.01"/>
  <testcase name="test_synthetic_03637" classname="com.example.SyntheticSuite" time="0.01"/>
  <testcase name="test_synthetic_03638" classname="com.example.SyntheticSuite" time="0.01"/>
  <testcase name="test_synthetic_03639" classname="com.example.SyntheticSuite" time="0.01"/>
  <testcase name="test_synthetic_03640" classname="com.example.SyntheticSuite" time="0.01"/>
  <testcase name="test_synthetic_03641" classname="com.example.SyntheticSuite" time="0.01"/>
  <testcase name="test_synthetic_03642" classname="com.example.SyntheticSuite" time="0.01"/>
  <testcase name="test_synthetic_03643" classname="com.example.SyntheticSuite" time="0.01"/>
  <testcase name="test_synthetic_03644" classname="com.example.SyntheticSuite" time="0.01"/>
  <testcase name="test_synthetic_03645" classname="com.example.SyntheticSuite" time="0.01"/>
  <testcase name="test_synthetic_03646" classname="com.example.SyntheticSuite" time="0.01"/>
  <testcase name="test_synthetic_03647" classname="com.example.SyntheticSuite" time="0.01"/>
  <testcase name="test_synthetic_03648" classname="com.example.SyntheticSuite" time="0.01"/>
  <testcase name="test_synthetic_03649" classname="com.example.SyntheticSuite" time="0.01"/>
  <testcase name="test_synthetic_03650" classname="com.example.SyntheticSuite" time="0.01"/>
  <testcase name="test_synthetic_03651" classname="com.example.SyntheticSuite" time="0.01"/>
  <testcase name="test_synthetic_03652" classname="com.example.SyntheticSuite" time="0.01"/>
  <testcase name="test_synthetic_03653" classname="com.example.SyntheticSuite" time="0.01"/>
  <testcase name="test_synthetic_03654" classname="com.example.SyntheticSuite" time="0.01"/>
  <testcase name="test_synthetic_03655" classname="com.example.SyntheticSuite" time="0.01"/>
  <testcase name="test_synthetic_03656" classname="com.example.SyntheticSuite" time="0.01"/>
  <testcase name="test_synthetic_03657" classname="com.example.SyntheticSuite" time="0.01"/>
  <testcase name="test_synthetic_03658" classname="com.example.SyntheticSuite" time="0.01"/>
  <testcase name="test_synthetic_03659" classname="com.example.SyntheticSuite" time="0.01"/>
  <testcase name="test_synthetic_03660" classname="com.example.SyntheticSuite" time="0.01"/>
  <testcase name="test_synthetic_03661" classname="com.example.SyntheticSuite" time="0.01"/>
  <testcase name="test_synthetic_03662" classname="com.example.SyntheticSuite" time="0.01"/>
  <testcase name="test_synthetic_03663" classname="com.example.SyntheticSuite" time="0.01"/>
  <testcase name="test_synthetic_03664" classname="com.example.SyntheticSuite" time="0.01"/>
  <testcase name="test_synthetic_03665" classname="com.example.SyntheticSuite" time="0.01"/>
  <testcase name="test_synthetic_03666" classname="com.example.SyntheticSuite" time="0.01"/>
  <testcase name="test_synthetic_03667" classname="com.example.SyntheticSuite" time="0.01"/>
  <testcase name="test_synthetic_03668" classname="com.example.SyntheticSuite" time="0.01"/>
  <testcase name="test_synthetic_03669" classname="com.example.SyntheticSuite" time="0.01"/>
  <testcase name="test_synthetic_03670" classname="com.example.SyntheticSuite" time="0.01"/>
  <testcase name="test_synthetic_03671" classname="com.example.SyntheticSuite" time="0.01"/>
  <testcase name="test_synthetic_03672" classname="com.example.SyntheticSuite" time="0.01"/>
  <testcase name="test_synthetic_03673" classname="com.example.SyntheticSuite" time="0.01"/>
  <testcase name="test_synthetic_03674" classname="com.example.SyntheticSuite" time="0.01"/>
  <testcase name="test_synthetic_03675" classname="com.example.SyntheticSuite" time="0.01"/>
  <testcase name="test_synthetic_03676" classname="com.example.SyntheticSuite" time="0.01"/>
  <testcase name="test_synthetic_03677" classname="com.example.SyntheticSuite" time="0.01"/>
  <testcase name="test_synthetic_03678" classname="com.example.SyntheticSuite" time="0.01"/>
  <testcase name="test_synthetic_03679" classname="com.example.SyntheticSuite" time="0.01"/>
  <testcase name="test_synthetic_03680" classname="com.example.SyntheticSuite" time="0.01"/>
  <testcase name="test_synthetic_03681" classname="com.example.SyntheticSuite" time="0.01"/>
  <testcase name="test_synthetic_03682" classname="com.example.SyntheticSuite" time="0.01"/>
  <testcase name="test_synthetic_03683" classname="com.example.SyntheticSuite" time="0.01"/>
  <testcase name="test_synthetic_03684" classname="com.example.SyntheticSuite" time="0.01"/>
  <testcase name="test_synthetic_03685" classname="com.example.SyntheticSuite" time="0.01"/>
  <testcase name="test_synthetic_03686" classname="com.example.SyntheticSuite" time="0.01"/>
  <testcase name="test_synthetic_03687" classname="com.example.SyntheticSuite" time="0.01"/>
  <testcase name="test_synthetic_03688" classname="com.example.SyntheticSuite" time="0.01"/>
  <testcase name="test_synthetic_03689" classname="com.example.SyntheticSuite" time="0.01"/>
  <testcase name="test_synthetic_03690" classname="com.example.SyntheticSuite" time="0.01"/>
  <testcase name="test_synthetic_03691" classname="com.example.SyntheticSuite" time="0.01"/>
  <testcase name="test_synthetic_03692" classname="com.example.SyntheticSuite" time="0.01"/>
  <testcase name="test_synthetic_03693" classname="com.example.SyntheticSuite" time="0.01"/>
  <testcase name="test_synthetic_03694" classname="com.example.SyntheticSuite" time="0.01"/>
  <testcase name="test_synthetic_03695" classname="com.example.SyntheticSuite" time="0.01"/>
  <testcase name="test_synthetic_03696" classname="com.example.SyntheticSuite" time="0.01"/>
  <testcase name="test_synthetic_03697" classname="com.example.SyntheticSuite" time="0.01"/>
  <testcase name="test_synthetic_03698" classname="com.example.SyntheticSuite" time="0.01"/>
  <testcase name="test_synthetic_03699" classname="com.example.SyntheticSuite" time="0.01"/>
  <testcase name="test_synthetic_03700" classname="com.example.SyntheticSuite" time="0.01">
    <failure message="Synthetic failure at 3700">Assertion failed at iteration 3700</failure>
  </testcase>
  <testcase name="test_synthetic_03701" classname="com.example.SyntheticSuite" time="0.01"/>
  <testcase name="test_synthetic_03702" classname="com.example.SyntheticSuite" time="0.01"/>
  <testcase name="test_synthetic_03703" classname="com.example.SyntheticSuite" time="0.01"/>
  <testcase name="test_synthetic_03704" classname="com.example.SyntheticSuite" time="0.01"/>
  <testcase name="test_synthetic_03705" classname="com.example.SyntheticSuite" time="0.01"/>
  <testcase name="test_synthetic_03706" classname="com.example.SyntheticSuite" time="0.01"/>
  <testcase name="test_synthetic_03707" classname="com.example.SyntheticSuite" time="0.01"/>
  <testcase name="test_synthetic_03708" classname="com.example.SyntheticSuite" time="0.01"/>
  <testcase name="test_synthetic_03709" classname="com.example.SyntheticSuite" time="0.01"/>
  <testcase name="test_synthetic_03710" classname="com.example.SyntheticSuite" time="0.01"/>
  <testcase name="test_synthetic_03711" classname="com.example.SyntheticSuite" time="0.01"/>
  <testcase name="test_synthetic_03712" classname="com.example.SyntheticSuite" time="0.01"/>
  <testcase name="test_synthetic_03713" classname="com.example.SyntheticSuite" time="0.01"/>
  <testcase name="test_synthetic_03714" classname="com.example.SyntheticSuite" time="0.01"/>
  <testcase name="test_synthetic_03715" classname="com.example.SyntheticSuite" time="0.01"/>
  <testcase name="test_synthetic_03716" classname="com.example.SyntheticSuite" time="0.01"/>
  <testcase name="test_synthetic_03717" classname="com.example.SyntheticSuite" time="0.01"/>
  <testcase name="test_synthetic_03718" classname="com.example.SyntheticSuite" time="0.01"/>
  <testcase name="test_synthetic_03719" classname="com.example.SyntheticSuite" time="0.01"/>
  <testcase name="test_synthetic_03720" classname="com.example.SyntheticSuite" time="0.01"/>
  <testcase name="test_synthetic_03721" classname="com.example.SyntheticSuite" time="0.01"/>
  <testcase name="test_synthetic_03722" classname="com.example.SyntheticSuite" time="0.01"/>
  <testcase name="test_synthetic_03723" classname="com.example.SyntheticSuite" time="0.01"/>
  <testcase name="test_synthetic_03724" classname="com.example.SyntheticSuite" time="0.01"/>
  <testcase name="test_synthetic_03725" classname="com.example.SyntheticSuite" time="0.01"/>
  <testcase name="test_synthetic_03726" classname="com.example.SyntheticSuite" time="0.01"/>
  <testcase name="test_synthetic_03727" classname="com.example.SyntheticSuite" time="0.01"/>
  <testcase name="test_synthetic_03728" classname="com.example.SyntheticSuite" time="0.01"/>
  <testcase name="test_synthetic_03729" classname="com.example.SyntheticSuite" time="0.01"/>
  <testcase name="test_synthetic_03730" classname="com.example.SyntheticSuite" time="0.01"/>
  <testcase name="test_synthetic_03731" classname="com.example.SyntheticSuite" time="0.01"/>
  <testcase name="test_synthetic_03732" classname="com.example.SyntheticSuite" time="0.01"/>
  <testcase name="test_synthetic_03733" classname="com.example.SyntheticSuite" time="0.01"/>
  <testcase name="test_synthetic_03734" classname="com.example.SyntheticSuite" time="0.01"/>
  <testcase name="test_synthetic_03735" classname="com.example.SyntheticSuite" time="0.01"/>
  <testcase name="test_synthetic_03736" classname="com.example.SyntheticSuite" time="0.01"/>
  <testcase name="test_synthetic_03737" classname="com.example.SyntheticSuite" time="0.01"/>
  <testcase name="test_synthetic_03738" classname="com.example.SyntheticSuite" time="0.01"/>
  <testcase name="test_synthetic_03739" classname="com.example.SyntheticSuite" time="0.01"/>
  <testcase name="test_synthetic_03740" classname="com.example.SyntheticSuite" time="0.01"/>
  <testcase name="test_synthetic_03741" classname="com.example.SyntheticSuite" time="0.01"/>
  <testcase name="test_synthetic_03742" classname="com.example.SyntheticSuite" time="0.01"/>
  <testcase name="test_synthetic_03743" classname="com.example.SyntheticSuite" time="0.01"/>
  <testcase name="test_synthetic_03744" classname="com.example.SyntheticSuite" time="0.01"/>
  <testcase name="test_synthetic_03745" classname="com.example.SyntheticSuite" time="0.01"/>
  <testcase name="test_synthetic_03746" classname="com.example.SyntheticSuite" time="0.01"/>
  <testcase name="test_synthetic_03747" classname="com.example.SyntheticSuite" time="0.01"/>
  <testcase name="test_synthetic_03748" classname="com.example.SyntheticSuite" time="0.01"/>
  <testcase name="test_synthetic_03749" classname="com.example.SyntheticSuite" time="0.01"/>
  <testcase name="test_synthetic_03750" classname="com.example.SyntheticSuite" time="0.01"/>
  <testcase name="test_synthetic_03751" classname="com.example.SyntheticSuite" time="0.01"/>
  <testcase name="test_synthetic_03752" classname="com.example.SyntheticSuite" time="0.01"/>
  <testcase name="test_synthetic_03753" classname="com.example.SyntheticSuite" time="0.01"/>
  <testcase name="test_synthetic_03754" classname="com.example.SyntheticSuite" time="0.01"/>
  <testcase name="test_synthetic_03755" classname="com.example.SyntheticSuite" time="0.01"/>
  <testcase name="test_synthetic_03756" classname="com.example.SyntheticSuite" time="0.01"/>
  <testcase name="test_synthetic_03757" classname="com.example.SyntheticSuite" time="0.01"/>
  <testcase name="test_synthetic_03758" classname="com.example.SyntheticSuite" time="0.01"/>
  <testcase name="test_synthetic_03759" classname="com.example.SyntheticSuite" time="0.01"/>
  <testcase name="test_synthetic_03760" classname="com.example.SyntheticSuite" time="0.01"/>
  <testcase name="test_synthetic_03761" classname="com.example.SyntheticSuite" time="0.01"/>
  <testcase name="test_synthetic_03762" classname="com.example.SyntheticSuite" time="0.01"/>
  <testcase name="test_synthetic_03763" classname="com.example.SyntheticSuite" time="0.01"/>
  <testcase name="test_synthetic_03764" classname="com.example.SyntheticSuite" time="0.01"/>
  <testcase name="test_synthetic_03765" classname="com.example.SyntheticSuite" time="0.01"/>
  <testcase name="test_synthetic_03766" classname="com.example.SyntheticSuite" time="0.01"/>
  <testcase name="test_synthetic_03767" classname="com.example.SyntheticSuite" time="0.01"/>
  <testcase name="test_synthetic_03768" classname="com.example.SyntheticSuite" time="0.01"/>
  <testcase name="test_synthetic_03769" classname="com.example.SyntheticSuite" time="0.01"/>
  <testcase name="test_synthetic_03770" classname="com.example.SyntheticSuite" time="0.01"/>
  <testcase name="test_synthetic_03771" classname="com.example.SyntheticSuite" time="0.01"/>
  <testcase name="test_synthetic_03772" classname="com.example.SyntheticSuite" time="0.01"/>
  <testcase name="test_synthetic_03773" classname="com.example.SyntheticSuite" time="0.01"/>
  <testcase name="test_synthetic_03774" classname="com.example.SyntheticSuite" time="0.01"/>
  <testcase name="test_synthetic_03775" classname="com.example.SyntheticSuite" time="0.01"/>
  <testcase name="test_synthetic_03776" classname="com.example.SyntheticSuite" time="0.01"/>
  <testcase name="test_synthetic_03777" classname="com.example.SyntheticSuite" time="0.01"/>
  <testcase name="test_synthetic_03778" classname="com.example.SyntheticSuite" time="0.01"/>
  <testcase name="test_synthetic_03779" classname="com.example.SyntheticSuite" time="0.01"/>
  <testcase name="test_synthetic_03780" classname="com.example.SyntheticSuite" time="0.01"/>
  <testcase name="test_synthetic_03781" classname="com.example.SyntheticSuite" time="0.01"/>
  <testcase name="test_synthetic_03782" classname="com.example.SyntheticSuite" time="0.01"/>
  <testcase name="test_synthetic_03783" classname="com.example.SyntheticSuite" time="0.01"/>
  <testcase name="test_synthetic_03784" classname="com.example.SyntheticSuite" time="0.01"/>
  <testcase name="test_synthetic_03785" classname="com.example.SyntheticSuite" time="0.01"/>
  <testcase name="test_synthetic_03786" classname="com.example.SyntheticSuite" time="0.01"/>
  <testcase name="test_synthetic_03787" classname="com.example.SyntheticSuite" time="0.01"/>
  <testcase name="test_synthetic_03788" classname="com.example.SyntheticSuite" time="0.01"/>
  <testcase name="test_synthetic_03789" classname="com.example.SyntheticSuite" time="0.01"/>
  <testcase name="test_synthetic_03790" classname="com.example.SyntheticSuite" time="0.01"/>
  <testcase name="test_synthetic_03791" classname="com.example.SyntheticSuite" time="0.01"/>
  <testcase name="test_synthetic_03792" classname="com.example.SyntheticSuite" time="0.01"/>
  <testcase name="test_synthetic_03793" classname="com.example.SyntheticSuite" time="0.01"/>
  <testcase name="test_synthetic_03794" classname="com.example.SyntheticSuite" time="0.01"/>
  <testcase name="test_synthetic_03795" classname="com.example.SyntheticSuite" time="0.01"/>
  <testcase name="test_synthetic_03796" classname="com.example.SyntheticSuite" time="0.01"/>
  <testcase name="test_synthetic_03797" classname="com.example.SyntheticSuite" time="0.01"/>
  <testcase name="test_synthetic_03798" classname="com.example.SyntheticSuite" time="0.01"/>
  <testcase name="test_synthetic_03799" classname="com.example.SyntheticSuite" time="0.01"/>
  <testcase name="test_synthetic_03800" classname="com.example.SyntheticSuite" time="0.01">
    <failure message="Synthetic failure at 3800">Assertion failed at iteration 3800</failure>
  </testcase>
  <testcase name="test_synthetic_03801" classname="com.example.SyntheticSuite" time="0.01"/>
  <testcase name="test_synthetic_03802" classname="com.example.SyntheticSuite" time="0.01"/>
  <testcase name="test_synthetic_03803" classname="com.example.SyntheticSuite" time="0.01"/>
  <testcase name="test_synthetic_03804" classname="com.example.SyntheticSuite" time="0.01"/>
  <testcase name="test_synthetic_03805" classname="com.example.SyntheticSuite" time="0.01"/>
  <testcase name="test_synthetic_03806" classname="com.example.SyntheticSuite" time="0.01"/>
  <testcase name="test_synthetic_03807" classname="com.example.SyntheticSuite" time="0.01"/>
  <testcase name="test_synthetic_03808" classname="com.example.SyntheticSuite" time="0.01"/>
  <testcase name="test_synthetic_03809" classname="com.example.SyntheticSuite" time="0.01"/>
  <testcase name="test_synthetic_03810" classname="com.example.SyntheticSuite" time="0.01"/>
  <testcase name="test_synthetic_03811" classname="com.example.SyntheticSuite" time="0.01"/>
  <testcase name="test_synthetic_03812" classname="com.example.SyntheticSuite" time="0.01"/>
  <testcase name="test_synthetic_03813" classname="com.example.SyntheticSuite" time="0.01"/>
  <testcase name="test_synthetic_03814" classname="com.example.SyntheticSuite" time="0.01"/>
  <testcase name="test_synthetic_03815" classname="com.example.SyntheticSuite" time="0.01"/>
  <testcase name="test_synthetic_03816" classname="com.example.SyntheticSuite" time="0.01"/>
  <testcase name="test_synthetic_03817" classname="com.example.SyntheticSuite" time="0.01"/>
  <testcase name="test_synthetic_03818" classname="com.example.SyntheticSuite" time="0.01"/>
  <testcase name="test_synthetic_03819" classname="com.example.SyntheticSuite" time="0.01"/>
  <testcase name="test_synthetic_03820" classname="com.example.SyntheticSuite" time="0.01"/>
  <testcase name="test_synthetic_03821" classname="com.example.SyntheticSuite" time="0.01"/>
  <testcase name="test_synthetic_03822" classname="com.example.SyntheticSuite" time="0.01"/>
  <testcase name="test_synthetic_03823" classname="com.example.SyntheticSuite" time="0.01"/>
  <testcase name="test_synthetic_03824" classname="com.example.SyntheticSuite" time="0.01"/>
  <testcase name="test_synthetic_03825" classname="com.example.SyntheticSuite" time="0.01"/>
  <testcase name="test_synthetic_03826" classname="com.example.SyntheticSuite" time="0.01"/>
  <testcase name="test_synthetic_03827" classname="com.example.SyntheticSuite" time="0.01"/>
  <testcase name="test_synthetic_03828" classname="com.example.SyntheticSuite" time="0.01"/>
  <testcase name="test_synthetic_03829" classname="com.example.SyntheticSuite" time="0.01"/>
  <testcase name="test_synthetic_03830" classname="com.example.SyntheticSuite" time="0.01"/>
  <testcase name="test_synthetic_03831" classname="com.example.SyntheticSuite" time="0.01"/>
  <testcase name="test_synthetic_03832" classname="com.example.SyntheticSuite" time="0.01"/>
  <testcase name="test_synthetic_03833" classname="com.example.SyntheticSuite" time="0.01"/>
  <testcase name="test_synthetic_03834" classname="com.example.SyntheticSuite" time="0.01"/>
  <testcase name="test_synthetic_03835" classname="com.example.SyntheticSuite" time="0.01"/>
  <testcase name="test_synthetic_03836" classname="com.example.SyntheticSuite" time="0.01"/>
  <testcase name="test_synthetic_03837" classname="com.example.SyntheticSuite" time="0.01"/>
  <testcase name="test_synthetic_03838" classname="com.example.SyntheticSuite" time="0.01"/>
  <testcase name="test_synthetic_03839" classname="com.example.SyntheticSuite" time="0.01"/>
  <testcase name="test_synthetic_03840" classname="com.example.SyntheticSuite" time="0.01"/>
  <testcase name="test_synthetic_03841" classname="com.example.SyntheticSuite" time="0.01"/>
  <testcase name="test_synthetic_03842" classname="com.example.SyntheticSuite" time="0.01"/>
  <testcase name="test_synthetic_03843" classname="com.example.SyntheticSuite" time="0.01"/>
  <testcase name="test_synthetic_03844" classname="com.example.SyntheticSuite" time="0.01"/>
  <testcase name="test_synthetic_03845" classname="com.example.SyntheticSuite" time="0.01"/>
  <testcase name="test_synthetic_03846" classname="com.example.SyntheticSuite" time="0.01"/>
  <testcase name="test_synthetic_03847" classname="com.example.SyntheticSuite" time="0.01"/>
  <testcase name="test_synthetic_03848" classname="com.example.SyntheticSuite" time="0.01"/>
  <testcase name="test_synthetic_03849" classname="com.example.SyntheticSuite" time="0.01"/>
  <testcase name="test_synthetic_03850" classname="com.example.SyntheticSuite" time="0.01"/>
  <testcase name="test_synthetic_03851" classname="com.example.SyntheticSuite" time="0.01"/>
  <testcase name="test_synthetic_03852" classname="com.example.SyntheticSuite" time="0.01"/>
  <testcase name="test_synthetic_03853" classname="com.example.SyntheticSuite" time="0.01"/>
  <testcase name="test_synthetic_03854" classname="com.example.SyntheticSuite" time="0.01"/>
  <testcase name="test_synthetic_03855" classname="com.example.SyntheticSuite" time="0.01"/>
  <testcase name="test_synthetic_03856" classname="com.example.SyntheticSuite" time="0.01"/>
  <testcase name="test_synthetic_03857" classname="com.example.SyntheticSuite" time="0.01"/>
  <testcase name="test_synthetic_03858" classname="com.example.SyntheticSuite" time="0.01"/>
  <testcase name="test_synthetic_03859" classname="com.example.SyntheticSuite" time="0.01"/>
  <testcase name="test_synthetic_03860" classname="com.example.SyntheticSuite" time="0.01"/>
  <testcase name="test_synthetic_03861" classname="com.example.SyntheticSuite" time="0.01"/>
  <testcase name="test_synthetic_03862" classname="com.example.SyntheticSuite" time="0.01"/>
  <testcase name="test_synthetic_03863" classname="com.example.SyntheticSuite" time="0.01"/>
  <testcase name="test_synthetic_03864" classname="com.example.SyntheticSuite" time="0.01"/>
  <testcase name="test_synthetic_03865" classname="com.example.SyntheticSuite" time="0.01"/>
  <testcase name="test_synthetic_03866" classname="com.example.SyntheticSuite" time="0.01"/>
  <testcase name="test_synthetic_03867" classname="com.example.SyntheticSuite" time="0.01"/>
  <testcase name="test_synthetic_03868" classname="com.example.SyntheticSuite" time="0.01"/>
  <testcase name="test_synthetic_03869" classname="com.example.SyntheticSuite" time="0.01"/>
  <testcase name="test_synthetic_03870" classname="com.example.SyntheticSuite" time="0.01"/>
  <testcase name="test_synthetic_03871" classname="com.example.SyntheticSuite" time="0.01"/>
  <testcase name="test_synthetic_03872" classname="com.example.SyntheticSuite" time="0.01"/>
  <testcase name="test_synthetic_03873" classname="com.example.SyntheticSuite" time="0.01"/>
  <testcase name="test_synthetic_03874" classname="com.example.SyntheticSuite" time="0.01"/>
  <testcase name="test_synthetic_03875" classname="com.example.SyntheticSuite" time="0.01"/>
  <testcase name="test_synthetic_03876" classname="com.example.SyntheticSuite" time="0.01"/>
  <testcase name="test_synthetic_03877" classname="com.example.SyntheticSuite" time="0.01"/>
  <testcase name="test_synthetic_03878" classname="com.example.SyntheticSuite" time="0.01"/>
  <testcase name="test_synthetic_03879" classname="com.example.SyntheticSuite" time="0.01"/>
  <testcase name="test_synthetic_03880" classname="com.example.SyntheticSuite" time="0.01"/>
  <testcase name="test_synthetic_03881" classname="com.example.SyntheticSuite" time="0.01"/>
  <testcase name="test_synthetic_03882" classname="com.example.SyntheticSuite" time="0.01"/>
  <testcase name="test_synthetic_03883" classname="com.example.SyntheticSuite" time="0.01"/>
  <testcase name="test_synthetic_03884" classname="com.example.SyntheticSuite" time="0.01"/>
  <testcase name="test_synthetic_03885" classname="com.example.SyntheticSuite" time="0.01"/>
  <testcase name="test_synthetic_03886" classname="com.example.SyntheticSuite" time="0.01"/>
  <testcase name="test_synthetic_03887" classname="com.example.SyntheticSuite" time="0.01"/>
  <testcase name="test_synthetic_03888" classname="com.example.SyntheticSuite" time="0.01"/>
  <testcase name="test_synthetic_03889" classname="com.example.SyntheticSuite" time="0.01"/>
  <testcase name="test_synthetic_03890" classname="com.example.SyntheticSuite" time="0.01"/>
  <testcase name="test_synthetic_03891" classname="com.example.SyntheticSuite" time="0.01"/>
  <testcase name="test_synthetic_03892" classname="com.example.SyntheticSuite" time="0.01"/>
  <testcase name="test_synthetic_03893" classname="com.example.SyntheticSuite" time="0.01"/>
  <testcase name="test_synthetic_03894" classname="com.example.SyntheticSuite" time="0.01"/>
  <testcase name="test_synthetic_03895" classname="com.example.SyntheticSuite" time="0.01"/>
  <testcase name="test_synthetic_03896" classname="com.example.SyntheticSuite" time="0.01"/>
  <testcase name="test_synthetic_03897" classname="com.example.SyntheticSuite" time="0.01"/>
  <testcase name="test_synthetic_03898" classname="com.example.SyntheticSuite" time="0.01"/>
  <testcase name="test_synthetic_03899" classname="com.example.SyntheticSuite" time="0.01"/>
  <testcase name="test_synthetic_03900" classname="com.example.SyntheticSuite" time="0.01">
    <failure message="Synthetic failure at 3900">Assertion failed at iteration 3900</failure>
  </testcase>
  <testcase name="test_synthetic_03901" classname="com.example.SyntheticSuite" time="0.01"/>
  <testcase name="test_synthetic_03902" classname="com.example.SyntheticSuite" time="0.01"/>
  <testcase name="test_synthetic_03903" classname="com.example.SyntheticSuite" time="0.01"/>
  <testcase name="test_synthetic_03904" classname="com.example.SyntheticSuite" time="0.01"/>
  <testcase name="test_synthetic_03905" classname="com.example.SyntheticSuite" time="0.01"/>
  <testcase name="test_synthetic_03906" classname="com.example.SyntheticSuite" time="0.01"/>
  <testcase name="test_synthetic_03907" classname="com.example.SyntheticSuite" time="0.01"/>
  <testcase name="test_synthetic_03908" classname="com.example.SyntheticSuite" time="0.01"/>
  <testcase name="test_synthetic_03909" classname="com.example.SyntheticSuite" time="0.01"/>
  <testcase name="test_synthetic_03910" classname="com.example.SyntheticSuite" time="0.01"/>
  <testcase name="test_synthetic_03911" classname="com.example.SyntheticSuite" time="0.01"/>
  <testcase name="test_synthetic_03912" classname="com.example.SyntheticSuite" time="0.01"/>
  <testcase name="test_synthetic_03913" classname="com.example.SyntheticSuite" time="0.01"/>
  <testcase name="test_synthetic_03914" classname="com.example.SyntheticSuite" time="0.01"/>
  <testcase name="test_synthetic_03915" classname="com.example.SyntheticSuite" time="0.01"/>
  <testcase name="test_synthetic_03916" classname="com.example.SyntheticSuite" time="0.01"/>
  <testcase name="test_synthetic_03917" classname="com.example.SyntheticSuite" time="0.01"/>
  <testcase name="test_synthetic_03918" classname="com.example.SyntheticSuite" time="0.01"/>
  <testcase name="test_synthetic_03919" classname="com.example.SyntheticSuite" time="0.01"/>
  <testcase name="test_synthetic_03920" classname="com.example.SyntheticSuite" time="0.01"/>
  <testcase name="test_synthetic_03921" classname="com.example.SyntheticSuite" time="0.01"/>
  <testcase name="test_synthetic_03922" classname="com.example.SyntheticSuite" time="0.01"/>
  <testcase name="test_synthetic_03923" classname="com.example.SyntheticSuite" time="0.01"/>
  <testcase name="test_synthetic_03924" classname="com.example.SyntheticSuite" time="0.01"/>
  <testcase name="test_synthetic_03925" classname="com.example.SyntheticSuite" time="0.01"/>
  <testcase name="test_synthetic_03926" classname="com.example.SyntheticSuite" time="0.01"/>
  <testcase name="test_synthetic_03927" classname="com.example.SyntheticSuite" time="0.01"/>
  <testcase name="test_synthetic_03928" classname="com.example.SyntheticSuite" time="0.01"/>
  <testcase name="test_synthetic_03929" classname="com.example.SyntheticSuite" time="0.01"/>
  <testcase name="test_synthetic_03930" classname="com.example.SyntheticSuite" time="0.01"/>
  <testcase name="test_synthetic_03931" classname="com.example.SyntheticSuite" time="0.01"/>
  <testcase name="test_synthetic_03932" classname="com.example.SyntheticSuite" time="0.01"/>
  <testcase name="test_synthetic_03933" classname="com.example.SyntheticSuite" time="0.01"/>
  <testcase name="test_synthetic_03934" classname="com.example.SyntheticSuite" time="0.01"/>
  <testcase name="test_synthetic_03935" classname="com.example.SyntheticSuite" time="0.01"/>
  <testcase name="test_synthetic_03936" classname="com.example.SyntheticSuite" time="0.01"/>
  <testcase name="test_synthetic_03937" classname="com.example.SyntheticSuite" time="0.01"/>
  <testcase name="test_synthetic_03938" classname="com.example.SyntheticSuite" time="0.01"/>
  <testcase name="test_synthetic_03939" classname="com.example.SyntheticSuite" time="0.01"/>
  <testcase name="test_synthetic_03940" classname="com.example.SyntheticSuite" time="0.01"/>
  <testcase name="test_synthetic_03941" classname="com.example.SyntheticSuite" time="0.01"/>
  <testcase name="test_synthetic_03942" classname="com.example.SyntheticSuite" time="0.01"/>
  <testcase name="test_synthetic_03943" classname="com.example.SyntheticSuite" time="0.01"/>
  <testcase name="test_synthetic_03944" classname="com.example.SyntheticSuite" time="0.01"/>
  <testcase name="test_synthetic_03945" classname="com.example.SyntheticSuite" time="0.01"/>
  <testcase name="test_synthetic_03946" classname="com.example.SyntheticSuite" time="0.01"/>
  <testcase name="test_synthetic_03947" classname="com.example.SyntheticSuite" time="0.01"/>
  <testcase name="test_synthetic_03948" classname="com.example.SyntheticSuite" time="0.01"/>
  <testcase name="test_synthetic_03949" classname="com.example.SyntheticSuite" time="0.01"/>
  <testcase name="test_synthetic_03950" classname="com.example.SyntheticSuite" time="0.01"/>
  <testcase name="test_synthetic_03951" classname="com.example.SyntheticSuite" time="0.01"/>
  <testcase name="test_synthetic_03952" classname="com.example.SyntheticSuite" time="0.01"/>
  <testcase name="test_synthetic_03953" classname="com.example.SyntheticSuite" time="0.01"/>
  <testcase name="test_synthetic_03954" classname="com.example.SyntheticSuite" time="0.01"/>
  <testcase name="test_synthetic_03955" classname="com.example.SyntheticSuite" time="0.01"/>
  <testcase name="test_synthetic_03956" classname="com.example.SyntheticSuite" time="0.01"/>
  <testcase name="test_synthetic_03957" classname="com.example.SyntheticSuite" time="0.01"/>
  <testcase name="test_synthetic_03958" classname="com.example.SyntheticSuite" time="0.01"/>
  <testcase name="test_synthetic_03959" classname="com.example.SyntheticSuite" time="0.01"/>
  <testcase name="test_synthetic_03960" classname="com.example.SyntheticSuite" time="0.01"/>
  <testcase name="test_synthetic_03961" classname="com.example.SyntheticSuite" time="0.01"/>
  <testcase name="test_synthetic_03962" classname="com.example.SyntheticSuite" time="0.01"/>
  <testcase name="test_synthetic_03963" classname="com.example.SyntheticSuite" time="0.01"/>
  <testcase name="test_synthetic_03964" classname="com.example.SyntheticSuite" time="0.01"/>
  <testcase name="test_synthetic_03965" classname="com.example.SyntheticSuite" time="0.01"/>
  <testcase name="test_synthetic_03966" classname="com.example.SyntheticSuite" time="0.01"/>
  <testcase name="test_synthetic_03967" classname="com.example.SyntheticSuite" time="0.01"/>
  <testcase name="test_synthetic_03968" classname="com.example.SyntheticSuite" time="0.01"/>
  <testcase name="test_synthetic_03969" classname="com.example.SyntheticSuite" time="0.01"/>
  <testcase name="test_synthetic_03970" classname="com.example.SyntheticSuite" time="0.01"/>
  <testcase name="test_synthetic_03971" classname="com.example.SyntheticSuite" time="0.01"/>
  <testcase name="test_synthetic_03972" classname="com.example.SyntheticSuite" time="0.01"/>
  <testcase name="test_synthetic_03973" classname="com.example.SyntheticSuite" time="0.01"/>
  <testcase name="test_synthetic_03974" classname="com.example.SyntheticSuite" time="0.01"/>
  <testcase name="test_synthetic_03975" classname="com.example.SyntheticSuite" time="0.01"/>
  <testcase name="test_synthetic_03976" classname="com.example.SyntheticSuite" time="0.01"/>
  <testcase name="test_synthetic_03977" classname="com.example.SyntheticSuite" time="0.01"/>
  <testcase name="test_synthetic_03978" classname="com.example.SyntheticSuite" time="0.01"/>
  <testcase name="test_synthetic_03979" classname="com.example.SyntheticSuite" time="0.01"/>
  <testcase name="test_synthetic_03980" classname="com.example.SyntheticSuite" time="0.01"/>
  <testcase name="test_synthetic_03981" classname="com.example.SyntheticSuite" time="0.01"/>
  <testcase name="test_synthetic_03982" classname="com.example.SyntheticSuite" time="0.01"/>
  <testcase name="test_synthetic_03983" classname="com.example.SyntheticSuite" time="0.01"/>
  <testcase name="test_synthetic_03984" classname="com.example.SyntheticSuite" time="0.01"/>
  <testcase name="test_synthetic_03985" classname="com.example.SyntheticSuite" time="0.01"/>
  <testcase name="test_synthetic_03986" classname="com.example.SyntheticSuite" time="0.01"/>
  <testcase name="test_synthetic_03987" classname="com.example.SyntheticSuite" time="0.01"/>
  <testcase name="test_synthetic_03988" classname="com.example.SyntheticSuite" time="0.01"/>
  <testcase name="test_synthetic_03989" classname="com.example.SyntheticSuite" time="0.01"/>
  <testcase name="test_synthetic_03990" classname="com.example.SyntheticSuite" time="0.01"/>
  <testcase name="test_synthetic_03991" classname="com.example.SyntheticSuite" time="0.01"/>
  <testcase name="test_synthetic_03992" classname="com.example.SyntheticSuite" time="0.01"/>
  <testcase name="test_synthetic_03993" classname="com.example.SyntheticSuite" time="0.01"/>
  <testcase name="test_synthetic_03994" classname="com.example.SyntheticSuite" time="0.01"/>
  <testcase name="test_synthetic_03995" classname="com.example.SyntheticSuite" time="0.01"/>
  <testcase name="test_synthetic_03996" classname="com.example.SyntheticSuite" time="0.01"/>
  <testcase name="test_synthetic_03997" classname="com.example.SyntheticSuite" time="0.01"/>
  <testcase name="test_synthetic_03998" classname="com.example.SyntheticSuite" time="0.01"/>
  <testcase name="test_synthetic_03999" classname="com.example.SyntheticSuite" time="0.01"/>
  <testcase name="test_synthetic_04000" classname="com.example.SyntheticSuite" time="0.01">
    <failure message="Synthetic failure at 4000">Assertion failed at iteration 4000</failure>
  </testcase>
  <testcase name="test_synthetic_04001" classname="com.example.SyntheticSuite" time="0.01"/>
  <testcase name="test_synthetic_04002" classname="com.example.SyntheticSuite" time="0.01"/>
  <testcase name="test_synthetic_04003" classname="com.example.SyntheticSuite" time="0.01"/>
  <testcase name="test_synthetic_04004" classname="com.example.SyntheticSuite" time="0.01"/>
  <testcase name="test_synthetic_04005" classname="com.example.SyntheticSuite" time="0.01"/>
  <testcase name="test_synthetic_04006" classname="com.example.SyntheticSuite" time="0.01"/>
  <testcase name="test_synthetic_04007" classname="com.example.SyntheticSuite" time="0.01"/>
  <testcase name="test_synthetic_04008" classname="com.example.SyntheticSuite" time="0.01"/>
  <testcase name="test_synthetic_04009" classname="com.example.SyntheticSuite" time="0.01"/>
  <testcase name="test_synthetic_04010" classname="com.example.SyntheticSuite" time="0.01"/>
  <testcase name="test_synthetic_04011" classname="com.example.SyntheticSuite" time="0.01"/>
  <testcase name="test_synthetic_04012" classname="com.example.SyntheticSuite" time="0.01"/>
  <testcase name="test_synthetic_04013" classname="com.example.SyntheticSuite" time="0.01"/>
  <testcase name="test_synthetic_04014" classname="com.example.SyntheticSuite" time="0.01"/>
  <testcase name="test_synthetic_04015" classname="com.example.SyntheticSuite" time="0.01"/>
  <testcase name="test_synthetic_04016" classname="com.example.SyntheticSuite" time="0.01"/>
  <testcase name="test_synthetic_04017" classname="com.example.SyntheticSuite" time="0.01"/>
  <testcase name="test_synthetic_04018" classname="com.example.SyntheticSuite" time="0.01"/>
  <testcase name="test_synthetic_04019" classname="com.example.SyntheticSuite" time="0.01"/>
  <testcase name="test_synthetic_04020" classname="com.example.SyntheticSuite" time="0.01"/>
  <testcase name="test_synthetic_04021" classname="com.example.SyntheticSuite" time="0.01"/>
  <testcase name="test_synthetic_04022" classname="com.example.SyntheticSuite" time="0.01"/>
  <testcase name="test_synthetic_04023" classname="com.example.SyntheticSuite" time="0.01"/>
  <testcase name="test_synthetic_04024" classname="com.example.SyntheticSuite" time="0.01"/>
  <testcase name="test_synthetic_04025" classname="com.example.SyntheticSuite" time="0.01"/>
  <testcase name="test_synthetic_04026" classname="com.example.SyntheticSuite" time="0.01"/>
  <testcase name="test_synthetic_04027" classname="com.example.SyntheticSuite" time="0.01"/>
  <testcase name="test_synthetic_04028" classname="com.example.SyntheticSuite" time="0.01"/>
  <testcase name="test_synthetic_04029" classname="com.example.SyntheticSuite" time="0.01"/>
  <testcase name="test_synthetic_04030" classname="com.example.SyntheticSuite" time="0.01"/>
  <testcase name="test_synthetic_04031" classname="com.example.SyntheticSuite" time="0.01"/>
  <testcase name="test_synthetic_04032" classname="com.example.SyntheticSuite" time="0.01"/>
  <testcase name="test_synthetic_04033" classname="com.example.SyntheticSuite" time="0.01"/>
  <testcase name="test_synthetic_04034" classname="com.example.SyntheticSuite" time="0.01"/>
  <testcase name="test_synthetic_04035" classname="com.example.SyntheticSuite" time="0.01"/>
  <testcase name="test_synthetic_04036" classname="com.example.SyntheticSuite" time="0.01"/>
  <testcase name="test_synthetic_04037" classname="com.example.SyntheticSuite" time="0.01"/>
  <testcase name="test_synthetic_04038" classname="com.example.SyntheticSuite" time="0.01"/>
  <testcase name="test_synthetic_04039" classname="com.example.SyntheticSuite" time="0.01"/>
  <testcase name="test_synthetic_04040" classname="com.example.SyntheticSuite" time="0.01"/>
  <testcase name="test_synthetic_04041" classname="com.example.SyntheticSuite" time="0.01"/>
  <testcase name="test_synthetic_04042" classname="com.example.SyntheticSuite" time="0.01"/>
  <testcase name="test_synthetic_04043" classname="com.example.SyntheticSuite" time="0.01"/>
  <testcase name="test_synthetic_04044" classname="com.example.SyntheticSuite" time="0.01"/>
  <testcase name="test_synthetic_04045" classname="com.example.SyntheticSuite" time="0.01"/>
  <testcase name="test_synthetic_04046" classname="com.example.SyntheticSuite" time="0.01"/>
  <testcase name="test_synthetic_04047" classname="com.example.SyntheticSuite" time="0.01"/>
  <testcase name="test_synthetic_04048" classname="com.example.SyntheticSuite" time="0.01"/>
  <testcase name="test_synthetic_04049" classname="com.example.SyntheticSuite" time="0.01"/>
  <testcase name="test_synthetic_04050" classname="com.example.SyntheticSuite" time="0.01"/>
  <testcase name="test_synthetic_04051" classname="com.example.SyntheticSuite" time="0.01"/>
  <testcase name="test_synthetic_04052" classname="com.example.SyntheticSuite" time="0.01"/>
  <testcase name="test_synthetic_04053" classname="com.example.SyntheticSuite" time="0.01"/>
  <testcase name="test_synthetic_04054" classname="com.example.SyntheticSuite" time="0.01"/>
  <testcase name="test_synthetic_04055" classname="com.example.SyntheticSuite" time="0.01"/>
  <testcase name="test_synthetic_04056" classname="com.example.SyntheticSuite" time="0.01"/>
  <testcase name="test_synthetic_04057" classname="com.example.SyntheticSuite" time="0.01"/>
  <testcase name="test_synthetic_04058" classname="com.example.SyntheticSuite" time="0.01"/>
  <testcase name="test_synthetic_04059" classname="com.example.SyntheticSuite" time="0.01"/>
  <testcase name="test_synthetic_04060" classname="com.example.SyntheticSuite" time="0.01"/>
  <testcase name="test_synthetic_04061" classname="com.example.SyntheticSuite" time="0.01"/>
  <testcase name="test_synthetic_04062" classname="com.example.SyntheticSuite" time="0.01"/>
  <testcase name="test_synthetic_04063" classname="com.example.SyntheticSuite" time="0.01"/>
  <testcase name="test_synthetic_04064" classname="com.example.SyntheticSuite" time="0.01"/>
  <testcase name="test_synthetic_04065" classname="com.example.SyntheticSuite" time="0.01"/>
  <testcase name="test_synthetic_04066" classname="com.example.SyntheticSuite" time="0.01"/>
  <testcase name="test_synthetic_04067" classname="com.example.SyntheticSuite" time="0.01"/>
  <testcase name="test_synthetic_04068" classname="com.example.SyntheticSuite" time="0.01"/>
  <testcase name="test_synthetic_04069" classname="com.example.SyntheticSuite" time="0.01"/>
  <testcase name="test_synthetic_04070" classname="com.example.SyntheticSuite" time="0.01"/>
  <testcase name="test_synthetic_04071" classname="com.example.SyntheticSuite" time="0.01"/>
  <testcase name="test_synthetic_04072" classname="com.example.SyntheticSuite" time="0.01"/>
  <testcase name="test_synthetic_04073" classname="com.example.SyntheticSuite" time="0.01"/>
  <testcase name="test_synthetic_04074" classname="com.example.SyntheticSuite" time="0.01"/>
  <testcase name="test_synthetic_04075" classname="com.example.SyntheticSuite" time="0.01"/>
  <testcase name="test_synthetic_04076" classname="com.example.SyntheticSuite" time="0.01"/>
  <testcase name="test_synthetic_04077" classname="com.example.SyntheticSuite" time="0.01"/>
  <testcase name="test_synthetic_04078" classname="com.example.SyntheticSuite" time="0.01"/>
  <testcase name="test_synthetic_04079" classname="com.example.SyntheticSuite" time="0.01"/>
  <testcase name="test_synthetic_04080" classname="com.example.SyntheticSuite" time="0.01"/>
  <testcase name="test_synthetic_04081" classname="com.example.SyntheticSuite" time="0.01"/>
  <testcase name="test_synthetic_04082" classname="com.example.SyntheticSuite" time="0.01"/>
  <testcase name="test_synthetic_04083" classname="com.example.SyntheticSuite" time="0.01"/>
  <testcase name="test_synthetic_04084" classname="com.example.SyntheticSuite" time="0.01"/>
  <testcase name="test_synthetic_04085" classname="com.example.SyntheticSuite" time="0.01"/>
  <testcase name="test_synthetic_04086" classname="com.example.SyntheticSuite" time="0.01"/>
  <testcase name="test_synthetic_04087" classname="com.example.SyntheticSuite" time="0.01"/>
  <testcase name="test_synthetic_04088" classname="com.example.SyntheticSuite" time="0.01"/>
  <testcase name="test_synthetic_04089" classname="com.example.SyntheticSuite" time="0.01"/>
  <testcase name="test_synthetic_04090" classname="com.example.SyntheticSuite" time="0.01"/>
  <testcase name="test_synthetic_04091" classname="com.example.SyntheticSuite" time="0.01"/>
  <testcase name="test_synthetic_04092" classname="com.example.SyntheticSuite" time="0.01"/>
  <testcase name="test_synthetic_04093" classname="com.example.SyntheticSuite" time="0.01"/>
  <testcase name="test_synthetic_04094" classname="com.example.SyntheticSuite" time="0.01"/>
  <testcase name="test_synthetic_04095" classname="com.example.SyntheticSuite" time="0.01"/>
  <testcase name="test_synthetic_04096" classname="com.example.SyntheticSuite" time="0.01"/>
  <testcase name="test_synthetic_04097" classname="com.example.SyntheticSuite" time="0.01"/>
  <testcase name="test_synthetic_04098" classname="com.example.SyntheticSuite" time="0.01"/>
  <testcase name="test_synthetic_04099" classname="com.example.SyntheticSuite" time="0.01"/>
  <testcase name="test_synthetic_04100" classname="com.example.SyntheticSuite" time="0.01">
    <failure message="Synthetic failure at 4100">Assertion failed at iteration 4100</failure>
  </testcase>
  <testcase name="test_synthetic_04101" classname="com.example.SyntheticSuite" time="0.01"/>
  <testcase name="test_synthetic_04102" classname="com.example.SyntheticSuite" time="0.01"/>
  <testcase name="test_synthetic_04103" classname="com.example.SyntheticSuite" time="0.01"/>
  <testcase name="test_synthetic_04104" classname="com.example.SyntheticSuite" time="0.01"/>
  <testcase name="test_synthetic_04105" classname="com.example.SyntheticSuite" time="0.01"/>
  <testcase name="test_synthetic_04106" classname="com.example.SyntheticSuite" time="0.01"/>
  <testcase name="test_synthetic_04107" classname="com.example.SyntheticSuite" time="0.01"/>
  <testcase name="test_synthetic_04108" classname="com.example.SyntheticSuite" time="0.01"/>
  <testcase name="test_synthetic_04109" classname="com.example.SyntheticSuite" time="0.01"/>
  <testcase name="test_synthetic_04110" classname="com.example.SyntheticSuite" time="0.01"/>
  <testcase name="test_synthetic_04111" classname="com.example.SyntheticSuite" time="0.01"/>
  <testcase name="test_synthetic_04112" classname="com.example.SyntheticSuite" time="0.01"/>
  <testcase name="test_synthetic_04113" classname="com.example.SyntheticSuite" time="0.01"/>
  <testcase name="test_synthetic_04114" classname="com.example.SyntheticSuite" time="0.01"/>
  <testcase name="test_synthetic_04115" classname="com.example.SyntheticSuite" time="0.01"/>
  <testcase name="test_synthetic_04116" classname="com.example.SyntheticSuite" time="0.01"/>
  <testcase name="test_synthetic_04117" classname="com.example.SyntheticSuite" time="0.01"/>
  <testcase name="test_synthetic_04118" classname="com.example.SyntheticSuite" time="0.01"/>
  <testcase name="test_synthetic_04119" classname="com.example.SyntheticSuite" time="0.01"/>
  <testcase name="test_synthetic_04120" classname="com.example.SyntheticSuite" time="0.01"/>
  <testcase name="test_synthetic_04121" classname="com.example.SyntheticSuite" time="0.01"/>
  <testcase name="test_synthetic_04122" classname="com.example.SyntheticSuite" time="0.01"/>
  <testcase name="test_synthetic_04123" classname="com.example.SyntheticSuite" time="0.01"/>
  <testcase name="test_synthetic_04124" classname="com.example.SyntheticSuite" time="0.01"/>
  <testcase name="test_synthetic_04125" classname="com.example.SyntheticSuite" time="0.01"/>
  <testcase name="test_synthetic_04126" classname="com.example.SyntheticSuite" time="0.01"/>
  <testcase name="test_synthetic_04127" classname="com.example.SyntheticSuite" time="0.01"/>
  <testcase name="test_synthetic_04128" classname="com.example.SyntheticSuite" time="0.01"/>
  <testcase name="test_synthetic_04129" classname="com.example.SyntheticSuite" time="0.01"/>
  <testcase name="test_synthetic_04130" classname="com.example.SyntheticSuite" time="0.01"/>
  <testcase name="test_synthetic_04131" classname="com.example.SyntheticSuite" time="0.01"/>
  <testcase name="test_synthetic_04132" classname="com.example.SyntheticSuite" time="0.01"/>
  <testcase name="test_synthetic_04133" classname="com.example.SyntheticSuite" time="0.01"/>
  <testcase name="test_synthetic_04134" classname="com.example.SyntheticSuite" time="0.01"/>
  <testcase name="test_synthetic_04135" classname="com.example.SyntheticSuite" time="0.01"/>
  <testcase name="test_synthetic_04136" classname="com.example.SyntheticSuite" time="0.01"/>
  <testcase name="test_synthetic_04137" classname="com.example.SyntheticSuite" time="0.01"/>
  <testcase name="test_synthetic_04138" classname="com.example.SyntheticSuite" time="0.01"/>
  <testcase name="test_synthetic_04139" classname="com.example.SyntheticSuite" time="0.01"/>
  <testcase name="test_synthetic_04140" classname="com.example.SyntheticSuite" time="0.01"/>
  <testcase name="test_synthetic_04141" classname="com.example.SyntheticSuite" time="0.01"/>
  <testcase name="test_synthetic_04142" classname="com.example.SyntheticSuite" time="0.01"/>
  <testcase name="test_synthetic_04143" classname="com.example.SyntheticSuite" time="0.01"/>
  <testcase name="test_synthetic_04144" classname="com.example.SyntheticSuite" time="0.01"/>
  <testcase name="test_synthetic_04145" classname="com.example.SyntheticSuite" time="0.01"/>
  <testcase name="test_synthetic_04146" classname="com.example.SyntheticSuite" time="0.01"/>
  <testcase name="test_synthetic_04147" classname="com.example.SyntheticSuite" time="0.01"/>
  <testcase name="test_synthetic_04148" classname="com.example.SyntheticSuite" time="0.01"/>
  <testcase name="test_synthetic_04149" classname="com.example.SyntheticSuite" time="0.01"/>
  <testcase name="test_synthetic_04150" classname="com.example.SyntheticSuite" time="0.01"/>
  <testcase name="test_synthetic_04151" classname="com.example.SyntheticSuite" time="0.01"/>
  <testcase name="test_synthetic_04152" classname="com.example.SyntheticSuite" time="0.01"/>
  <testcase name="test_synthetic_04153" classname="com.example.SyntheticSuite" time="0.01"/>
  <testcase name="test_synthetic_04154" classname="com.example.SyntheticSuite" time="0.01"/>
  <testcase name="test_synthetic_04155" classname="com.example.SyntheticSuite" time="0.01"/>
  <testcase name="test_synthetic_04156" classname="com.example.SyntheticSuite" time="0.01"/>
  <testcase name="test_synthetic_04157" classname="com.example.SyntheticSuite" time="0.01"/>
  <testcase name="test_synthetic_04158" classname="com.example.SyntheticSuite" time="0.01"/>
  <testcase name="test_synthetic_04159" classname="com.example.SyntheticSuite" time="0.01"/>
  <testcase name="test_synthetic_04160" classname="com.example.SyntheticSuite" time="0.01"/>
  <testcase name="test_synthetic_04161" classname="com.example.SyntheticSuite" time="0.01"/>
  <testcase name="test_synthetic_04162" classname="com.example.SyntheticSuite" time="0.01"/>
  <testcase name="test_synthetic_04163" classname="com.example.SyntheticSuite" time="0.01"/>
  <testcase name="test_synthetic_04164" classname="com.example.SyntheticSuite" time="0.01"/>
  <testcase name="test_synthetic_04165" classname="com.example.SyntheticSuite" time="0.01"/>
  <testcase name="test_synthetic_04166" classname="com.example.SyntheticSuite" time="0.01"/>
  <testcase name="test_synthetic_04167" classname="com.example.SyntheticSuite" time="0.01"/>
  <testcase name="test_synthetic_04168" classname="com.example.SyntheticSuite" time="0.01"/>
  <testcase name="test_synthetic_04169" classname="com.example.SyntheticSuite" time="0.01"/>
  <testcase name="test_synthetic_04170" classname="com.example.SyntheticSuite" time="0.01"/>
  <testcase name="test_synthetic_04171" classname="com.example.SyntheticSuite" time="0.01"/>
  <testcase name="test_synthetic_04172" classname="com.example.SyntheticSuite" time="0.01"/>
  <testcase name="test_synthetic_04173" classname="com.example.SyntheticSuite" time="0.01"/>
  <testcase name="test_synthetic_04174" classname="com.example.SyntheticSuite" time="0.01"/>
  <testcase name="test_synthetic_04175" classname="com.example.SyntheticSuite" time="0.01"/>
  <testcase name="test_synthetic_04176" classname="com.example.SyntheticSuite" time="0.01"/>
  <testcase name="test_synthetic_04177" classname="com.example.SyntheticSuite" time="0.01"/>
  <testcase name="test_synthetic_04178" classname="com.example.SyntheticSuite" time="0.01"/>
  <testcase name="test_synthetic_04179" classname="com.example.SyntheticSuite" time="0.01"/>
  <testcase name="test_synthetic_04180" classname="com.example.SyntheticSuite" time="0.01"/>
  <testcase name="test_synthetic_04181" classname="com.example.SyntheticSuite" time="0.01"/>
  <testcase name="test_synthetic_04182" classname="com.example.SyntheticSuite" time="0.01"/>
  <testcase name="test_synthetic_04183" classname="com.example.SyntheticSuite" time="0.01"/>
  <testcase name="test_synthetic_04184" classname="com.example.SyntheticSuite" time="0.01"/>
  <testcase name="test_synthetic_04185" classname="com.example.SyntheticSuite" time="0.01"/>
  <testcase name="test_synthetic_04186" classname="com.example.SyntheticSuite" time="0.01"/>
  <testcase name="test_synthetic_04187" classname="com.example.SyntheticSuite" time="0.01"/>
  <testcase name="test_synthetic_04188" classname="com.example.SyntheticSuite" time="0.01"/>
  <testcase name="test_synthetic_04189" classname="com.example.SyntheticSuite" time="0.01"/>
  <testcase name="test_synthetic_04190" classname="com.example.SyntheticSuite" time="0.01"/>
  <testcase name="test_synthetic_04191" classname="com.example.SyntheticSuite" time="0.01"/>
  <testcase name="test_synthetic_04192" classname="com.example.SyntheticSuite" time="0.01"/>
  <testcase name="test_synthetic_04193" classname="com.example.SyntheticSuite" time="0.01"/>
  <testcase name="test_synthetic_04194" classname="com.example.SyntheticSuite" time="0.01"/>
  <testcase name="test_synthetic_04195" classname="com.example.SyntheticSuite" time="0.01"/>
  <testcase name="test_synthetic_04196" classname="com.example.SyntheticSuite" time="0.01"/>
  <testcase name="test_synthetic_04197" classname="com.example.SyntheticSuite" time="0.01"/>
  <testcase name="test_synthetic_04198" classname="com.example.SyntheticSuite" time="0.01"/>
  <testcase name="test_synthetic_04199" classname="com.example.SyntheticSuite" time="0.01"/>
  <testcase name="test_synthetic_04200" classname="com.example.SyntheticSuite" time="0.01">
    <failure message="Synthetic failure at 4200">Assertion failed at iteration 4200</failure>
  </testcase>
  <testcase name="test_synthetic_04201" classname="com.example.SyntheticSuite" time="0.01"/>
  <testcase name="test_synthetic_04202" classname="com.example.SyntheticSuite" time="0.01"/>
  <testcase name="test_synthetic_04203" classname="com.example.SyntheticSuite" time="0.01"/>
  <testcase name="test_synthetic_04204" classname="com.example.SyntheticSuite" time="0.01"/>
  <testcase name="test_synthetic_04205" classname="com.example.SyntheticSuite" time="0.01"/>
  <testcase name="test_synthetic_04206" classname="com.example.SyntheticSuite" time="0.01"/>
  <testcase name="test_synthetic_04207" classname="com.example.SyntheticSuite" time="0.01"/>
  <testcase name="test_synthetic_04208" classname="com.example.SyntheticSuite" time="0.01"/>
  <testcase name="test_synthetic_04209" classname="com.example.SyntheticSuite" time="0.01"/>
  <testcase name="test_synthetic_04210" classname="com.example.SyntheticSuite" time="0.01"/>
  <testcase name="test_synthetic_04211" classname="com.example.SyntheticSuite" time="0.01"/>
  <testcase name="test_synthetic_04212" classname="com.example.SyntheticSuite" time="0.01"/>
  <testcase name="test_synthetic_04213" classname="com.example.SyntheticSuite" time="0.01"/>
  <testcase name="test_synthetic_04214" classname="com.example.SyntheticSuite" time="0.01"/>
  <testcase name="test_synthetic_04215" classname="com.example.SyntheticSuite" time="0.01"/>
  <testcase name="test_synthetic_04216" classname="com.example.SyntheticSuite" time="0.01"/>
  <testcase name="test_synthetic_04217" classname="com.example.SyntheticSuite" time="0.01"/>
  <testcase name="test_synthetic_04218" classname="com.example.SyntheticSuite" time="0.01"/>
  <testcase name="test_synthetic_04219" classname="com.example.SyntheticSuite" time="0.01"/>
  <testcase name="test_synthetic_04220" classname="com.example.SyntheticSuite" time="0.01"/>
  <testcase name="test_synthetic_04221" classname="com.example.SyntheticSuite" time="0.01"/>
  <testcase name="test_synthetic_04222" classname="com.example.SyntheticSuite" time="0.01"/>
  <testcase name="test_synthetic_04223" classname="com.example.SyntheticSuite" time="0.01"/>
  <testcase name="test_synthetic_04224" classname="com.example.SyntheticSuite" time="0.01"/>
  <testcase name="test_synthetic_04225" classname="com.example.SyntheticSuite" time="0.01"/>
  <testcase name="test_synthetic_04226" classname="com.example.SyntheticSuite" time="0.01"/>
  <testcase name="test_synthetic_04227" classname="com.example.SyntheticSuite" time="0.01"/>
  <testcase name="test_synthetic_04228" classname="com.example.SyntheticSuite" time="0.01"/>
  <testcase name="test_synthetic_04229" classname="com.example.SyntheticSuite" time="0.01"/>
  <testcase name="test_synthetic_04230" classname="com.example.SyntheticSuite" time="0.01"/>
  <testcase name="test_synthetic_04231" classname="com.example.SyntheticSuite" time="0.01"/>
  <testcase name="test_synthetic_04232" classname="com.example.SyntheticSuite" time="0.01"/>
  <testcase name="test_synthetic_04233" classname="com.example.SyntheticSuite" time="0.01"/>
  <testcase name="test_synthetic_04234" classname="com.example.SyntheticSuite" time="0.01"/>
  <testcase name="test_synthetic_04235" classname="com.example.SyntheticSuite" time="0.01"/>
  <testcase name="test_synthetic_04236" classname="com.example.SyntheticSuite" time="0.01"/>
  <testcase name="test_synthetic_04237" classname="com.example.SyntheticSuite" time="0.01"/>
  <testcase name="test_synthetic_04238" classname="com.example.SyntheticSuite" time="0.01"/>
  <testcase name="test_synthetic_04239" classname="com.example.SyntheticSuite" time="0.01"/>
  <testcase name="test_synthetic_04240" classname="com.example.SyntheticSuite" time="0.01"/>
  <testcase name="test_synthetic_04241" classname="com.example.SyntheticSuite" time="0.01"/>
  <testcase name="test_synthetic_04242" classname="com.example.SyntheticSuite" time="0.01"/>
  <testcase name="test_synthetic_04243" classname="com.example.SyntheticSuite" time="0.01"/>
  <testcase name="test_synthetic_04244" classname="com.example.SyntheticSuite" time="0.01"/>
  <testcase name="test_synthetic_04245" classname="com.example.SyntheticSuite" time="0.01"/>
  <testcase name="test_synthetic_04246" classname="com.example.SyntheticSuite" time="0.01"/>
  <testcase name="test_synthetic_04247" classname="com.example.SyntheticSuite" time="0.01"/>
  <testcase name="test_synthetic_04248" classname="com.example.SyntheticSuite" time="0.01"/>
  <testcase name="test_synthetic_04249" classname="com.example.SyntheticSuite" time="0.01"/>
  <testcase name="test_synthetic_04250" classname="com.example.SyntheticSuite" time="0.01"/>
  <testcase name="test_synthetic_04251" classname="com.example.SyntheticSuite" time="0.01"/>
  <testcase name="test_synthetic_04252" classname="com.example.SyntheticSuite" time="0.01"/>
  <testcase name="test_synthetic_04253" classname="com.example.SyntheticSuite" time="0.01"/>
  <testcase name="test_synthetic_04254" classname="com.example.SyntheticSuite" time="0.01"/>
  <testcase name="test_synthetic_04255" classname="com.example.SyntheticSuite" time="0.01"/>
  <testcase name="test_synthetic_04256" classname="com.example.SyntheticSuite" time="0.01"/>
  <testcase name="test_synthetic_04257" classname="com.example.SyntheticSuite" time="0.01"/>
  <testcase name="test_synthetic_04258" classname="com.example.SyntheticSuite" time="0.01"/>
  <testcase name="test_synthetic_04259" classname="com.example.SyntheticSuite" time="0.01"/>
  <testcase name="test_synthetic_04260" classname="com.example.SyntheticSuite" time="0.01"/>
  <testcase name="test_synthetic_04261" classname="com.example.SyntheticSuite" time="0.01"/>
  <testcase name="test_synthetic_04262" classname="com.example.SyntheticSuite" time="0.01"/>
  <testcase name="test_synthetic_04263" classname="com.example.SyntheticSuite" time="0.01"/>
  <testcase name="test_synthetic_04264" classname="com.example.SyntheticSuite" time="0.01"/>
  <testcase name="test_synthetic_04265" classname="com.example.SyntheticSuite" time="0.01"/>
  <testcase name="test_synthetic_04266" classname="com.example.SyntheticSuite" time="0.01"/>
  <testcase name="test_synthetic_04267" classname="com.example.SyntheticSuite" time="0.01"/>
  <testcase name="test_synthetic_04268" classname="com.example.SyntheticSuite" time="0.01"/>
  <testcase name="test_synthetic_04269" classname="com.example.SyntheticSuite" time="0.01"/>
  <testcase name="test_synthetic_04270" classname="com.example.SyntheticSuite" time="0.01"/>
  <testcase name="test_synthetic_04271" classname="com.example.SyntheticSuite" time="0.01"/>
  <testcase name="test_synthetic_04272" classname="com.example.SyntheticSuite" time="0.01"/>
  <testcase name="test_synthetic_04273" classname="com.example.SyntheticSuite" time="0.01"/>
  <testcase name="test_synthetic_04274" classname="com.example.SyntheticSuite" time="0.01"/>
  <testcase name="test_synthetic_04275" classname="com.example.SyntheticSuite" time="0.01"/>
  <testcase name="test_synthetic_04276" classname="com.example.SyntheticSuite" time="0.01"/>
  <testcase name="test_synthetic_04277" classname="com.example.SyntheticSuite" time="0.01"/>
  <testcase name="test_synthetic_04278" classname="com.example.SyntheticSuite" time="0.01"/>
  <testcase name="test_synthetic_04279" classname="com.example.SyntheticSuite" time="0.01"/>
  <testcase name="test_synthetic_04280" classname="com.example.SyntheticSuite" time="0.01"/>
  <testcase name="test_synthetic_04281" classname="com.example.SyntheticSuite" time="0.01"/>
  <testcase name="test_synthetic_04282" classname="com.example.SyntheticSuite" time="0.01"/>
  <testcase name="test_synthetic_04283" classname="com.example.SyntheticSuite" time="0.01"/>
  <testcase name="test_synthetic_04284" classname="com.example.SyntheticSuite" time="0.01"/>
  <testcase name="test_synthetic_04285" classname="com.example.SyntheticSuite" time="0.01"/>
  <testcase name="test_synthetic_04286" classname="com.example.SyntheticSuite" time="0.01"/>
  <testcase name="test_synthetic_04287" classname="com.example.SyntheticSuite" time="0.01"/>
  <testcase name="test_synthetic_04288" classname="com.example.SyntheticSuite" time="0.01"/>
  <testcase name="test_synthetic_04289" classname="com.example.SyntheticSuite" time="0.01"/>
  <testcase name="test_synthetic_04290" classname="com.example.SyntheticSuite" time="0.01"/>
  <testcase name="test_synthetic_04291" classname="com.example.SyntheticSuite" time="0.01"/>
  <testcase name="test_synthetic_04292" classname="com.example.SyntheticSuite" time="0.01"/>
  <testcase name="test_synthetic_04293" classname="com.example.SyntheticSuite" time="0.01"/>
  <testcase name="test_synthetic_04294" classname="com.example.SyntheticSuite" time="0.01"/>
  <testcase name="test_synthetic_04295" classname="com.example.SyntheticSuite" time="0.01"/>
  <testcase name="test_synthetic_04296" classname="com.example.SyntheticSuite" time="0.01"/>
  <testcase name="test_synthetic_04297" classname="com.example.SyntheticSuite" time="0.01"/>
  <testcase name="test_synthetic_04298" classname="com.example.SyntheticSuite" time="0.01"/>
  <testcase name="test_synthetic_04299" classname="com.example.SyntheticSuite" time="0.01"/>
  <testcase name="test_synthetic_04300" classname="com.example.SyntheticSuite" time="0.01">
    <failure message="Synthetic failure at 4300">Assertion failed at iteration 4300</failure>
  </testcase>
  <testcase name="test_synthetic_04301" classname="com.example.SyntheticSuite" time="0.01"/>
  <testcase name="test_synthetic_04302" classname="com.example.SyntheticSuite" time="0.01"/>
  <testcase name="test_synthetic_04303" classname="com.example.SyntheticSuite" time="0.01"/>
  <testcase name="test_synthetic_04304" classname="com.example.SyntheticSuite" time="0.01"/>
  <testcase name="test_synthetic_04305" classname="com.example.SyntheticSuite" time="0.01"/>
  <testcase name="test_synthetic_04306" classname="com.example.SyntheticSuite" time="0.01"/>
  <testcase name="test_synthetic_04307" classname="com.example.SyntheticSuite" time="0.01"/>
  <testcase name="test_synthetic_04308" classname="com.example.SyntheticSuite" time="0.01"/>
  <testcase name="test_synthetic_04309" classname="com.example.SyntheticSuite" time="0.01"/>
  <testcase name="test_synthetic_04310" classname="com.example.SyntheticSuite" time="0.01"/>
  <testcase name="test_synthetic_04311" classname="com.example.SyntheticSuite" time="0.01"/>
  <testcase name="test_synthetic_04312" classname="com.example.SyntheticSuite" time="0.01"/>
  <testcase name="test_synthetic_04313" classname="com.example.SyntheticSuite" time="0.01"/>
  <testcase name="test_synthetic_04314" classname="com.example.SyntheticSuite" time="0.01"/>
  <testcase name="test_synthetic_04315" classname="com.example.SyntheticSuite" time="0.01"/>
  <testcase name="test_synthetic_04316" classname="com.example.SyntheticSuite" time="0.01"/>
  <testcase name="test_synthetic_04317" classname="com.example.SyntheticSuite" time="0.01"/>
  <testcase name="test_synthetic_04318" classname="com.example.SyntheticSuite" time="0.01"/>
  <testcase name="test_synthetic_04319" classname="com.example.SyntheticSuite" time="0.01"/>
  <testcase name="test_synthetic_04320" classname="com.example.SyntheticSuite" time="0.01"/>
  <testcase name="test_synthetic_04321" classname="com.example.SyntheticSuite" time="0.01"/>
  <testcase name="test_synthetic_04322" classname="com.example.SyntheticSuite" time="0.01"/>
  <testcase name="test_synthetic_04323" classname="com.example.SyntheticSuite" time="0.01"/>
  <testcase name="test_synthetic_04324" classname="com.example.SyntheticSuite" time="0.01"/>
  <testcase name="test_synthetic_04325" classname="com.example.SyntheticSuite" time="0.01"/>
  <testcase name="test_synthetic_04326" classname="com.example.SyntheticSuite" time="0.01"/>
  <testcase name="test_synthetic_04327" classname="com.example.SyntheticSuite" time="0.01"/>
  <testcase name="test_synthetic_04328" classname="com.example.SyntheticSuite" time="0.01"/>
  <testcase name="test_synthetic_04329" classname="com.example.SyntheticSuite" time="0.01"/>
  <testcase name="test_synthetic_04330" classname="com.example.SyntheticSuite" time="0.01"/>
  <testcase name="test_synthetic_04331" classname="com.example.SyntheticSuite" time="0.01"/>
  <testcase name="test_synthetic_04332" classname="com.example.SyntheticSuite" time="0.01"/>
  <testcase name="test_synthetic_04333" classname="com.example.SyntheticSuite" time="0.01"/>
  <testcase name="test_synthetic_04334" classname="com.example.SyntheticSuite" time="0.01"/>
  <testcase name="test_synthetic_04335" classname="com.example.SyntheticSuite" time="0.01"/>
  <testcase name="test_synthetic_04336" classname="com.example.SyntheticSuite" time="0.01"/>
  <testcase name="test_synthetic_04337" classname="com.example.SyntheticSuite" time="0.01"/>
  <testcase name="test_synthetic_04338" classname="com.example.SyntheticSuite" time="0.01"/>
  <testcase name="test_synthetic_04339" classname="com.example.SyntheticSuite" time="0.01"/>
  <testcase name="test_synthetic_04340" classname="com.example.SyntheticSuite" time="0.01"/>
  <testcase name="test_synthetic_04341" classname="com.example.SyntheticSuite" time="0.01"/>
  <testcase name="test_synthetic_04342" classname="com.example.SyntheticSuite" time="0.01"/>
  <testcase name="test_synthetic_04343" classname="com.example.SyntheticSuite" time="0.01"/>
  <testcase name="test_synthetic_04344" classname="com.example.SyntheticSuite" time="0.01"/>
  <testcase name="test_synthetic_04345" classname="com.example.SyntheticSuite" time="0.01"/>
  <testcase name="test_synthetic_04346" classname="com.example.SyntheticSuite" time="0.01"/>
  <testcase name="test_synthetic_04347" classname="com.example.SyntheticSuite" time="0.01"/>
  <testcase name="test_synthetic_04348" classname="com.example.SyntheticSuite" time="0.01"/>
  <testcase name="test_synthetic_04349" classname="com.example.SyntheticSuite" time="0.01"/>
  <testcase name="test_synthetic_04350" classname="com.example.SyntheticSuite" time="0.01"/>
  <testcase name="test_synthetic_04351" classname="com.example.SyntheticSuite" time="0.01"/>
  <testcase name="test_synthetic_04352" classname="com.example.SyntheticSuite" time="0.01"/>
  <testcase name="test_synthetic_04353" classname="com.example.SyntheticSuite" time="0.01"/>
  <testcase name="test_synthetic_04354" classname="com.example.SyntheticSuite" time="0.01"/>
  <testcase name="test_synthetic_04355" classname="com.example.SyntheticSuite" time="0.01"/>
  <testcase name="test_synthetic_04356" classname="com.example.SyntheticSuite" time="0.01"/>
  <testcase name="test_synthetic_04357" classname="com.example.SyntheticSuite" time="0.01"/>
  <testcase name="test_synthetic_04358" classname="com.example.SyntheticSuite" time="0.01"/>
  <testcase name="test_synthetic_04359" classname="com.example.SyntheticSuite" time="0.01"/>
  <testcase name="test_synthetic_04360" classname="com.example.SyntheticSuite" time="0.01"/>
  <testcase name="test_synthetic_04361" classname="com.example.SyntheticSuite" time="0.01"/>
  <testcase name="test_synthetic_04362" classname="com.example.SyntheticSuite" time="0.01"/>
  <testcase name="test_synthetic_04363" classname="com.example.SyntheticSuite" time="0.01"/>
  <testcase name="test_synthetic_04364" classname="com.example.SyntheticSuite" time="0.01"/>
  <testcase name="test_synthetic_04365" classname="com.example.SyntheticSuite" time="0.01"/>
  <testcase name="test_synthetic_04366" classname="com.example.SyntheticSuite" time="0.01"/>
  <testcase name="test_synthetic_04367" classname="com.example.SyntheticSuite" time="0.01"/>
  <testcase name="test_synthetic_04368" classname="com.example.SyntheticSuite" time="0.01"/>
  <testcase name="test_synthetic_04369" classname="com.example.SyntheticSuite" time="0.01"/>
  <testcase name="test_synthetic_04370" classname="com.example.SyntheticSuite" time="0.01"/>
  <testcase name="test_synthetic_04371" classname="com.example.SyntheticSuite" time="0.01"/>
  <testcase name="test_synthetic_04372" classname="com.example.SyntheticSuite" time="0.01"/>
  <testcase name="test_synthetic_04373" classname="com.example.SyntheticSuite" time="0.01"/>
  <testcase name="test_synthetic_04374" classname="com.example.SyntheticSuite" time="0.01"/>
  <testcase name="test_synthetic_04375" classname="com.example.SyntheticSuite" time="0.01"/>
  <testcase name="test_synthetic_04376" classname="com.example.SyntheticSuite" time="0.01"/>
  <testcase name="test_synthetic_04377" classname="com.example.SyntheticSuite" time="0.01"/>
  <testcase name="test_synthetic_04378" classname="com.example.SyntheticSuite" time="0.01"/>
  <testcase name="test_synthetic_04379" classname="com.example.SyntheticSuite" time="0.01"/>
  <testcase name="test_synthetic_04380" classname="com.example.SyntheticSuite" time="0.01"/>
  <testcase name="test_synthetic_04381" classname="com.example.SyntheticSuite" time="0.01"/>
  <testcase name="test_synthetic_04382" classname="com.example.SyntheticSuite" time="0.01"/>
  <testcase name="test_synthetic_04383" classname="com.example.SyntheticSuite" time="0.01"/>
  <testcase name="test_synthetic_04384" classname="com.example.SyntheticSuite" time="0.01"/>
  <testcase name="test_synthetic_04385" classname="com.example.SyntheticSuite" time="0.01"/>
  <testcase name="test_synthetic_04386" classname="com.example.SyntheticSuite" time="0.01"/>
  <testcase name="test_synthetic_04387" classname="com.example.SyntheticSuite" time="0.01"/>
  <testcase name="test_synthetic_04388" classname="com.example.SyntheticSuite" time="0.01"/>
  <testcase name="test_synthetic_04389" classname="com.example.SyntheticSuite" time="0.01"/>
  <testcase name="test_synthetic_04390" classname="com.example.SyntheticSuite" time="0.01"/>
  <testcase name="test_synthetic_04391" classname="com.example.SyntheticSuite" time="0.01"/>
  <testcase name="test_synthetic_04392" classname="com.example.SyntheticSuite" time="0.01"/>
  <testcase name="test_synthetic_04393" classname="com.example.SyntheticSuite" time="0.01"/>
  <testcase name="test_synthetic_04394" classname="com.example.SyntheticSuite" time="0.01"/>
  <testcase name="test_synthetic_04395" classname="com.example.SyntheticSuite" time="0.01"/>
  <testcase name="test_synthetic_04396" classname="com.example.SyntheticSuite" time="0.01"/>
  <testcase name="test_synthetic_04397" classname="com.example.SyntheticSuite" time="0.01"/>
  <testcase name="test_synthetic_04398" classname="com.example.SyntheticSuite" time="0.01"/>
  <testcase name="test_synthetic_04399" classname="com.example.SyntheticSuite" time="0.01"/>
  <testcase name="test_synthetic_04400" classname="com.example.SyntheticSuite" time="0.01">
    <failure message="Synthetic failure at 4400">Assertion failed at iteration 4400</failure>
  </testcase>
  <testcase name="test_synthetic_04401" classname="com.example.SyntheticSuite" time="0.01"/>
  <testcase name="test_synthetic_04402" classname="com.example.SyntheticSuite" time="0.01"/>
  <testcase name="test_synthetic_04403" classname="com.example.SyntheticSuite" time="0.01"/>
  <testcase name="test_synthetic_04404" classname="com.example.SyntheticSuite" time="0.01"/>
  <testcase name="test_synthetic_04405" classname="com.example.SyntheticSuite" time="0.01"/>
  <testcase name="test_synthetic_04406" classname="com.example.SyntheticSuite" time="0.01"/>
  <testcase name="test_synthetic_04407" classname="com.example.SyntheticSuite" time="0.01"/>
  <testcase name="test_synthetic_04408" classname="com.example.SyntheticSuite" time="0.01"/>
  <testcase name="test_synthetic_04409" classname="com.example.SyntheticSuite" time="0.01"/>
  <testcase name="test_synthetic_04410" classname="com.example.SyntheticSuite" time="0.01"/>
  <testcase name="test_synthetic_04411" classname="com.example.SyntheticSuite" time="0.01"/>
  <testcase name="test_synthetic_04412" classname="com.example.SyntheticSuite" time="0.01"/>
  <testcase name="test_synthetic_04413" classname="com.example.SyntheticSuite" time="0.01"/>
  <testcase name="test_synthetic_04414" classname="com.example.SyntheticSuite" time="0.01"/>
  <testcase name="test_synthetic_04415" classname="com.example.SyntheticSuite" time="0.01"/>
  <testcase name="test_synthetic_04416" classname="com.example.SyntheticSuite" time="0.01"/>
  <testcase name="test_synthetic_04417" classname="com.example.SyntheticSuite" time="0.01"/>
  <testcase name="test_synthetic_04418" classname="com.example.SyntheticSuite" time="0.01"/>
  <testcase name="test_synthetic_04419" classname="com.example.SyntheticSuite" time="0.01"/>
  <testcase name="test_synthetic_04420" classname="com.example.SyntheticSuite" time="0.01"/>
  <testcase name="test_synthetic_04421" classname="com.example.SyntheticSuite" time="0.01"/>
  <testcase name="test_synthetic_04422" classname="com.example.SyntheticSuite" time="0.01"/>
  <testcase name="test_synthetic_04423" classname="com.example.SyntheticSuite" time="0.01"/>
  <testcase name="test_synthetic_04424" classname="com.example.SyntheticSuite" time="0.01"/>
  <testcase name="test_synthetic_04425" classname="com.example.SyntheticSuite" time="0.01"/>
  <testcase name="test_synthetic_04426" classname="com.example.SyntheticSuite" time="0.01"/>
  <testcase name="test_synthetic_04427" classname="com.example.SyntheticSuite" time="0.01"/>
  <testcase name="test_synthetic_04428" classname="com.example.SyntheticSuite" time="0.01"/>
  <testcase name="test_synthetic_04429" classname="com.example.SyntheticSuite" time="0.01"/>
  <testcase name="test_synthetic_04430" classname="com.example.SyntheticSuite" time="0.01"/>
  <testcase name="test_synthetic_04431" classname="com.example.SyntheticSuite" time="0.01"/>
  <testcase name="test_synthetic_04432" classname="com.example.SyntheticSuite" time="0.01"/>
  <testcase name="test_synthetic_04433" classname="com.example.SyntheticSuite" time="0.01"/>
  <testcase name="test_synthetic_04434" classname="com.example.SyntheticSuite" time="0.01"/>
  <testcase name="test_synthetic_04435" classname="com.example.SyntheticSuite" time="0.01"/>
  <testcase name="test_synthetic_04436" classname="com.example.SyntheticSuite" time="0.01"/>
  <testcase name="test_synthetic_04437" classname="com.example.SyntheticSuite" time="0.01"/>
  <testcase name="test_synthetic_04438" classname="com.example.SyntheticSuite" time="0.01"/>
  <testcase name="test_synthetic_04439" classname="com.example.SyntheticSuite" time="0.01"/>
  <testcase name="test_synthetic_04440" classname="com.example.SyntheticSuite" time="0.01"/>
  <testcase name="test_synthetic_04441" classname="com.example.SyntheticSuite" time="0.01"/>
  <testcase name="test_synthetic_04442" classname="com.example.SyntheticSuite" time="0.01"/>
  <testcase name="test_synthetic_04443" classname="com.example.SyntheticSuite" time="0.01"/>
  <testcase name="test_synthetic_04444" classname="com.example.SyntheticSuite" time="0.01"/>
  <testcase name="test_synthetic_04445" classname="com.example.SyntheticSuite" time="0.01"/>
  <testcase name="test_synthetic_04446" classname="com.example.SyntheticSuite" time="0.01"/>
  <testcase name="test_synthetic_04447" classname="com.example.SyntheticSuite" time="0.01"/>
  <testcase name="test_synthetic_04448" classname="com.example.SyntheticSuite" time="0.01"/>
  <testcase name="test_synthetic_04449" classname="com.example.SyntheticSuite" time="0.01"/>
  <testcase name="test_synthetic_04450" classname="com.example.SyntheticSuite" time="0.01"/>
  <testcase name="test_synthetic_04451" classname="com.example.SyntheticSuite" time="0.01"/>
  <testcase name="test_synthetic_04452" classname="com.example.SyntheticSuite" time="0.01"/>
  <testcase name="test_synthetic_04453" classname="com.example.SyntheticSuite" time="0.01"/>
  <testcase name="test_synthetic_04454" classname="com.example.SyntheticSuite" time="0.01"/>
  <testcase name="test_synthetic_04455" classname="com.example.SyntheticSuite" time="0.01"/>
  <testcase name="test_synthetic_04456" classname="com.example.SyntheticSuite" time="0.01"/>
  <testcase name="test_synthetic_04457" classname="com.example.SyntheticSuite" time="0.01"/>
  <testcase name="test_synthetic_04458" classname="com.example.SyntheticSuite" time="0.01"/>
  <testcase name="test_synthetic_04459" classname="com.example.SyntheticSuite" time="0.01"/>
  <testcase name="test_synthetic_04460" classname="com.example.SyntheticSuite" time="0.01"/>
  <testcase name="test_synthetic_04461" classname="com.example.SyntheticSuite" time="0.01"/>
  <testcase name="test_synthetic_04462" classname="com.example.SyntheticSuite" time="0.01"/>
  <testcase name="test_synthetic_04463" classname="com.example.SyntheticSuite" time="0.01"/>
  <testcase name="test_synthetic_04464" classname="com.example.SyntheticSuite" time="0.01"/>
  <testcase name="test_synthetic_04465" classname="com.example.SyntheticSuite" time="0.01"/>
  <testcase name="test_synthetic_04466" classname="com.example.SyntheticSuite" time="0.01"/>
  <testcase name="test_synthetic_04467" classname="com.example.SyntheticSuite" time="0.01"/>
  <testcase name="test_synthetic_04468" classname="com.example.SyntheticSuite" time="0.01"/>
  <testcase name="test_synthetic_04469" classname="com.example.SyntheticSuite" time="0.01"/>
  <testcase name="test_synthetic_04470" classname="com.example.SyntheticSuite" time="0.01"/>
  <testcase name="test_synthetic_04471" classname="com.example.SyntheticSuite" time="0.01"/>
  <testcase name="test_synthetic_04472" classname="com.example.SyntheticSuite" time="0.01"/>
  <testcase name="test_synthetic_04473" classname="com.example.SyntheticSuite" time="0.01"/>
  <testcase name="test_synthetic_04474" classname="com.example.SyntheticSuite" time="0.01"/>
  <testcase name="test_synthetic_04475" classname="com.example.SyntheticSuite" time="0.01"/>
  <testcase name="test_synthetic_04476" classname="com.example.SyntheticSuite" time="0.01"/>
  <testcase name="test_synthetic_04477" classname="com.example.SyntheticSuite" time="0.01"/>
  <testcase name="test_synthetic_04478" classname="com.example.SyntheticSuite" time="0.01"/>
  <testcase name="test_synthetic_04479" classname="com.example.SyntheticSuite" time="0.01"/>
  <testcase name="test_synthetic_04480" classname="com.example.SyntheticSuite" time="0.01"/>
  <testcase name="test_synthetic_04481" classname="com.example.SyntheticSuite" time="0.01"/>
  <testcase name="test_synthetic_04482" classname="com.example.SyntheticSuite" time="0.01"/>
  <testcase name="test_synthetic_04483" classname="com.example.SyntheticSuite" time="0.01"/>
  <testcase name="test_synthetic_04484" classname="com.example.SyntheticSuite" time="0.01"/>
  <testcase name="test_synthetic_04485" classname="com.example.SyntheticSuite" time="0.01"/>
  <testcase name="test_synthetic_04486" classname="com.example.SyntheticSuite" time="0.01"/>
  <testcase name="test_synthetic_04487" classname="com.example.SyntheticSuite" time="0.01"/>
  <testcase name="test_synthetic_04488" classname="com.example.SyntheticSuite" time="0.01"/>
  <testcase name="test_synthetic_04489" classname="com.example.SyntheticSuite" time="0.01"/>
  <testcase name="test_synthetic_04490" classname="com.example.SyntheticSuite" time="0.01"/>
  <testcase name="test_synthetic_04491" classname="com.example.SyntheticSuite" time="0.01"/>
  <testcase name="test_synthetic_04492" classname="com.example.SyntheticSuite" time="0.01"/>
  <testcase name="test_synthetic_04493" classname="com.example.SyntheticSuite" time="0.01"/>
  <testcase name="test_synthetic_04494" classname="com.example.SyntheticSuite" time="0.01"/>
  <testcase name="test_synthetic_04495" classname="com.example.SyntheticSuite" time="0.01"/>
  <testcase name="test_synthetic_04496" classname="com.example.SyntheticSuite" time="0.01"/>
  <testcase name="test_synthetic_04497" classname="com.example.SyntheticSuite" time="0.01"/>
  <testcase name="test_synthetic_04498" classname="com.example.SyntheticSuite" time="0.01"/>
  <testcase name="test_synthetic_04499" classname="com.example.SyntheticSuite" time="0.01"/>
  <testcase name="test_synthetic_04500" classname="com.example.SyntheticSuite" time="0.01">
    <failure message="Synthetic failure at 4500">Assertion failed at iteration 4500</failure>
  </testcase>
  <testcase name="test_synthetic_04501" classname="com.example.SyntheticSuite" time="0.01"/>
  <testcase name="test_synthetic_04502" classname="com.example.SyntheticSuite" time="0.01"/>
  <testcase name="test_synthetic_04503" classname="com.example.SyntheticSuite" time="0.01"/>
  <testcase name="test_synthetic_04504" classname="com.example.SyntheticSuite" time="0.01"/>
  <testcase name="test_synthetic_04505" classname="com.example.SyntheticSuite" time="0.01"/>
  <testcase name="test_synthetic_04506" classname="com.example.SyntheticSuite" time="0.01"/>
  <testcase name="test_synthetic_04507" classname="com.example.SyntheticSuite" time="0.01"/>
  <testcase name="test_synthetic_04508" classname="com.example.SyntheticSuite" time="0.01"/>
  <testcase name="test_synthetic_04509" classname="com.example.SyntheticSuite" time="0.01"/>
  <testcase name="test_synthetic_04510" classname="com.example.SyntheticSuite" time="0.01"/>
  <testcase name="test_synthetic_04511" classname="com.example.SyntheticSuite" time="0.01"/>
  <testcase name="test_synthetic_04512" classname="com.example.SyntheticSuite" time="0.01"/>
  <testcase name="test_synthetic_04513" classname="com.example.SyntheticSuite" time="0.01"/>
  <testcase name="test_synthetic_04514" classname="com.example.SyntheticSuite" time="0.01"/>
  <testcase name="test_synthetic_04515" classname="com.example.SyntheticSuite" time="0.01"/>
  <testcase name="test_synthetic_04516" classname="com.example.SyntheticSuite" time="0.01"/>
  <testcase name="test_synthetic_04517" classname="com.example.SyntheticSuite" time="0.01"/>
  <testcase name="test_synthetic_04518" classname="com.example.SyntheticSuite" time="0.01"/>
  <testcase name="test_synthetic_04519" classname="com.example.SyntheticSuite" time="0.01"/>
  <testcase name="test_synthetic_04520" classname="com.example.SyntheticSuite" time="0.01"/>
  <testcase name="test_synthetic_04521" classname="com.example.SyntheticSuite" time="0.01"/>
  <testcase name="test_synthetic_04522" classname="com.example.SyntheticSuite" time="0.01"/>
  <testcase name="test_synthetic_04523" classname="com.example.SyntheticSuite" time="0.01"/>
  <testcase name="test_synthetic_04524" classname="com.example.SyntheticSuite" time="0.01"/>
  <testcase name="test_synthetic_04525" classname="com.example.SyntheticSuite" time="0.01"/>
  <testcase name="test_synthetic_04526" classname="com.example.SyntheticSuite" time="0.01"/>
  <testcase name="test_synthetic_04527" classname="com.example.SyntheticSuite" time="0.01"/>
  <testcase name="test_synthetic_04528" classname="com.example.SyntheticSuite" time="0.01"/>
  <testcase name="test_synthetic_04529" classname="com.example.SyntheticSuite" time="0.01"/>
  <testcase name="test_synthetic_04530" classname="com.example.SyntheticSuite" time="0.01"/>
  <testcase name="test_synthetic_04531" classname="com.example.SyntheticSuite" time="0.01"/>
  <testcase name="test_synthetic_04532" classname="com.example.SyntheticSuite" time="0.01"/>
  <testcase name="test_synthetic_04533" classname="com.example.SyntheticSuite" time="0.01"/>
  <testcase name="test_synthetic_04534" classname="com.example.SyntheticSuite" time="0.01"/>
  <testcase name="test_synthetic_04535" classname="com.example.SyntheticSuite" time="0.01"/>
  <testcase name="test_synthetic_04536" classname="com.example.SyntheticSuite" time="0.01"/>
  <testcase name="test_synthetic_04537" classname="com.example.SyntheticSuite" time="0.01"/>
  <testcase name="test_synthetic_04538" classname="com.example.SyntheticSuite" time="0.01"/>
  <testcase name="test_synthetic_04539" classname="com.example.SyntheticSuite" time="0.01"/>
  <testcase name="test_synthetic_04540" classname="com.example.SyntheticSuite" time="0.01"/>
  <testcase name="test_synthetic_04541" classname="com.example.SyntheticSuite" time="0.01"/>
  <testcase name="test_synthetic_04542" classname="com.example.SyntheticSuite" time="0.01"/>
  <testcase name="test_synthetic_04543" classname="com.example.SyntheticSuite" time="0.01"/>
  <testcase name="test_synthetic_04544" classname="com.example.SyntheticSuite" time="0.01"/>
  <testcase name="test_synthetic_04545" classname="com.example.SyntheticSuite" time="0.01"/>
  <testcase name="test_synthetic_04546" classname="com.example.SyntheticSuite" time="0.01"/>
  <testcase name="test_synthetic_04547" classname="com.example.SyntheticSuite" time="0.01"/>
  <testcase name="test_synthetic_04548" classname="com.example.SyntheticSuite" time="0.01"/>
  <testcase name="test_synthetic_04549" classname="com.example.SyntheticSuite" time="0.01"/>
  <testcase name="test_synthetic_04550" classname="com.example.SyntheticSuite" time="0.01"/>
  <testcase name="test_synthetic_04551" classname="com.example.SyntheticSuite" time="0.01"/>
  <testcase name="test_synthetic_04552" classname="com.example.SyntheticSuite" time="0.01"/>
  <testcase name="test_synthetic_04553" classname="com.example.SyntheticSuite" time="0.01"/>
  <testcase name="test_synthetic_04554" classname="com.example.SyntheticSuite" time="0.01"/>
  <testcase name="test_synthetic_04555" classname="com.example.SyntheticSuite" time="0.01"/>
  <testcase name="test_synthetic_04556" classname="com.example.SyntheticSuite" time="0.01"/>
  <testcase name="test_synthetic_04557" classname="com.example.SyntheticSuite" time="0.01"/>
  <testcase name="test_synthetic_04558" classname="com.example.SyntheticSuite" time="0.01"/>
  <testcase name="test_synthetic_04559" classname="com.example.SyntheticSuite" time="0.01"/>
  <testcase name="test_synthetic_04560" classname="com.example.SyntheticSuite" time="0.01"/>
  <testcase name="test_synthetic_04561" classname="com.example.SyntheticSuite" time="0.01"/>
  <testcase name="test_synthetic_04562" classname="com.example.SyntheticSuite" time="0.01"/>
  <testcase name="test_synthetic_04563" classname="com.example.SyntheticSuite" time="0.01"/>
  <testcase name="test_synthetic_04564" classname="com.example.SyntheticSuite" time="0.01"/>
  <testcase name="test_synthetic_04565" classname="com.example.SyntheticSuite" time="0.01"/>
  <testcase name="test_synthetic_04566" classname="com.example.SyntheticSuite" time="0.01"/>
  <testcase name="test_synthetic_04567" classname="com.example.SyntheticSuite" time="0.01"/>
  <testcase name="test_synthetic_04568" classname="com.example.SyntheticSuite" time="0.01"/>
  <testcase name="test_synthetic_04569" classname="com.example.SyntheticSuite" time="0.01"/>
  <testcase name="test_synthetic_04570" classname="com.example.SyntheticSuite" time="0.01"/>
  <testcase name="test_synthetic_04571" classname="com.example.SyntheticSuite" time="0.01"/>
  <testcase name="test_synthetic_04572" classname="com.example.SyntheticSuite" time="0.01"/>
  <testcase name="test_synthetic_04573" classname="com.example.SyntheticSuite" time="0.01"/>
  <testcase name="test_synthetic_04574" classname="com.example.SyntheticSuite" time="0.01"/>
  <testcase name="test_synthetic_04575" classname="com.example.SyntheticSuite" time="0.01"/>
  <testcase name="test_synthetic_04576" classname="com.example.SyntheticSuite" time="0.01"/>
  <testcase name="test_synthetic_04577" classname="com.example.SyntheticSuite" time="0.01"/>
  <testcase name="test_synthetic_04578" classname="com.example.SyntheticSuite" time="0.01"/>
  <testcase name="test_synthetic_04579" classname="com.example.SyntheticSuite" time="0.01"/>
  <testcase name="test_synthetic_04580" classname="com.example.SyntheticSuite" time="0.01"/>
  <testcase name="test_synthetic_04581" classname="com.example.SyntheticSuite" time="0.01"/>
  <testcase name="test_synthetic_04582" classname="com.example.SyntheticSuite" time="0.01"/>
  <testcase name="test_synthetic_04583" classname="com.example.SyntheticSuite" time="0.01"/>
  <testcase name="test_synthetic_04584" classname="com.example.SyntheticSuite" time="0.01"/>
  <testcase name="test_synthetic_04585" classname="com.example.SyntheticSuite" time="0.01"/>
  <testcase name="test_synthetic_04586" classname="com.example.SyntheticSuite" time="0.01"/>
  <testcase name="test_synthetic_04587" classname="com.example.SyntheticSuite" time="0.01"/>
  <testcase name="test_synthetic_04588" classname="com.example.SyntheticSuite" time="0.01"/>
  <testcase name="test_synthetic_04589" classname="com.example.SyntheticSuite" time="0.01"/>
  <testcase name="test_synthetic_04590" classname="com.example.SyntheticSuite" time="0.01"/>
  <testcase name="test_synthetic_04591" classname="com.example.SyntheticSuite" time="0.01"/>
  <testcase name="test_synthetic_04592" classname="com.example.SyntheticSuite" time="0.01"/>
  <testcase name="test_synthetic_04593" classname="com.example.SyntheticSuite" time="0.01"/>
  <testcase name="test_synthetic_04594" classname="com.example.SyntheticSuite" time="0.01"/>
  <testcase name="test_synthetic_04595" classname="com.example.SyntheticSuite" time="0.01"/>
  <testcase name="test_synthetic_04596" classname="com.example.SyntheticSuite" time="0.01"/>
  <testcase name="test_synthetic_04597" classname="com.example.SyntheticSuite" time="0.01"/>
  <testcase name="test_synthetic_04598" classname="com.example.SyntheticSuite" time="0.01"/>
  <testcase name="test_synthetic_04599" classname="com.example.SyntheticSuite" time="0.01"/>
  <testcase name="test_synthetic_04600" classname="com.example.SyntheticSuite" time="0.01">
    <failure message="Synthetic failure at 4600">Assertion failed at iteration 4600</failure>
  </testcase>
  <testcase name="test_synthetic_04601" classname="com.example.SyntheticSuite" time="0.01"/>
  <testcase name="test_synthetic_04602" classname="com.example.SyntheticSuite" time="0.01"/>
  <testcase name="test_synthetic_04603" classname="com.example.SyntheticSuite" time="0.01"/>
  <testcase name="test_synthetic_04604" classname="com.example.SyntheticSuite" time="0.01"/>
  <testcase name="test_synthetic_04605" classname="com.example.SyntheticSuite" time="0.01"/>
  <testcase name="test_synthetic_04606" classname="com.example.SyntheticSuite" time="0.01"/>
  <testcase name="test_synthetic_04607" classname="com.example.SyntheticSuite" time="0.01"/>
  <testcase name="test_synthetic_04608" classname="com.example.SyntheticSuite" time="0.01"/>
  <testcase name="test_synthetic_04609" classname="com.example.SyntheticSuite" time="0.01"/>
  <testcase name="test_synthetic_04610" classname="com.example.SyntheticSuite" time="0.01"/>
  <testcase name="test_synthetic_04611" classname="com.example.SyntheticSuite" time="0.01"/>
  <testcase name="test_synthetic_04612" classname="com.example.SyntheticSuite" time="0.01"/>
  <testcase name="test_synthetic_04613" classname="com.example.SyntheticSuite" time="0.01"/>
  <testcase name="test_synthetic_04614" classname="com.example.SyntheticSuite" time="0.01"/>
  <testcase name="test_synthetic_04615" classname="com.example.SyntheticSuite" time="0.01"/>
  <testcase name="test_synthetic_04616" classname="com.example.SyntheticSuite" time="0.01"/>
  <testcase name="test_synthetic_04617" classname="com.example.SyntheticSuite" time="0.01"/>
  <testcase name="test_synthetic_04618" classname="com.example.SyntheticSuite" time="0.01"/>
  <testcase name="test_synthetic_04619" classname="com.example.SyntheticSuite" time="0.01"/>
  <testcase name="test_synthetic_04620" classname="com.example.SyntheticSuite" time="0.01"/>
  <testcase name="test_synthetic_04621" classname="com.example.SyntheticSuite" time="0.01"/>
  <testcase name="test_synthetic_04622" classname="com.example.SyntheticSuite" time="0.01"/>
  <testcase name="test_synthetic_04623" classname="com.example.SyntheticSuite" time="0.01"/>
  <testcase name="test_synthetic_04624" classname="com.example.SyntheticSuite" time="0.01"/>
  <testcase name="test_synthetic_04625" classname="com.example.SyntheticSuite" time="0.01"/>
  <testcase name="test_synthetic_04626" classname="com.example.SyntheticSuite" time="0.01"/>
  <testcase name="test_synthetic_04627" classname="com.example.SyntheticSuite" time="0.01"/>
  <testcase name="test_synthetic_04628" classname="com.example.SyntheticSuite" time="0.01"/>
  <testcase name="test_synthetic_04629" classname="com.example.SyntheticSuite" time="0.01"/>
  <testcase name="test_synthetic_04630" classname="com.example.SyntheticSuite" time="0.01"/>
  <testcase name="test_synthetic_04631" classname="com.example.SyntheticSuite" time="0.01"/>
  <testcase name="test_synthetic_04632" classname="com.example.SyntheticSuite" time="0.01"/>
  <testcase name="test_synthetic_04633" classname="com.example.SyntheticSuite" time="0.01"/>
  <testcase name="test_synthetic_04634" classname="com.example.SyntheticSuite" time="0.01"/>
  <testcase name="test_synthetic_04635" classname="com.example.SyntheticSuite" time="0.01"/>
  <testcase name="test_synthetic_04636" classname="com.example.SyntheticSuite" time="0.01"/>
  <testcase name="test_synthetic_04637" classname="com.example.SyntheticSuite" time="0.01"/>
  <testcase name="test_synthetic_04638" classname="com.example.SyntheticSuite" time="0.01"/>
  <testcase name="test_synthetic_04639" classname="com.example.SyntheticSuite" time="0.01"/>
  <testcase name="test_synthetic_04640" classname="com.example.SyntheticSuite" time="0.01"/>
  <testcase name="test_synthetic_04641" classname="com.example.SyntheticSuite" time="0.01"/>
  <testcase name="test_synthetic_04642" classname="com.example.SyntheticSuite" time="0.01"/>
  <testcase name="test_synthetic_04643" classname="com.example.SyntheticSuite" time="0.01"/>
  <testcase name="test_synthetic_04644" classname="com.example.SyntheticSuite" time="0.01"/>
  <testcase name="test_synthetic_04645" classname="com.example.SyntheticSuite" time="0.01"/>
  <testcase name="test_synthetic_04646" classname="com.example.SyntheticSuite" time="0.01"/>
  <testcase name="test_synthetic_04647" classname="com.example.SyntheticSuite" time="0.01"/>
  <testcase name="test_synthetic_04648" classname="com.example.SyntheticSuite" time="0.01"/>
  <testcase name="test_synthetic_04649" classname="com.example.SyntheticSuite" time="0.01"/>
  <testcase name="test_synthetic_04650" classname="com.example.SyntheticSuite" time="0.01"/>
  <testcase name="test_synthetic_04651" classname="com.example.SyntheticSuite" time="0.01"/>
  <testcase name="test_synthetic_04652" classname="com.example.SyntheticSuite" time="0.01"/>
  <testcase name="test_synthetic_04653" classname="com.example.SyntheticSuite" time="0.01"/>
  <testcase name="test_synthetic_04654" classname="com.example.SyntheticSuite" time="0.01"/>
  <testcase name="test_synthetic_04655" classname="com.example.SyntheticSuite" time="0.01"/>
  <testcase name="test_synthetic_04656" classname="com.example.SyntheticSuite" time="0.01"/>
  <testcase name="test_synthetic_04657" classname="com.example.SyntheticSuite" time="0.01"/>
  <testcase name="test_synthetic_04658" classname="com.example.SyntheticSuite" time="0.01"/>
  <testcase name="test_synthetic_04659" classname="com.example.SyntheticSuite" time="0.01"/>
  <testcase name="test_synthetic_04660" classname="com.example.SyntheticSuite" time="0.01"/>
  <testcase name="test_synthetic_04661" classname="com.example.SyntheticSuite" time="0.01"/>
  <testcase name="test_synthetic_04662" classname="com.example.SyntheticSuite" time="0.01"/>
  <testcase name="test_synthetic_04663" classname="com.example.SyntheticSuite" time="0.01"/>
  <testcase name="test_synthetic_04664" classname="com.example.SyntheticSuite" time="0.01"/>
  <testcase name="test_synthetic_04665" classname="com.example.SyntheticSuite" time="0.01"/>
  <testcase name="test_synthetic_04666" classname="com.example.SyntheticSuite" time="0.01"/>
  <testcase name="test_synthetic_04667" classname="com.example.SyntheticSuite" time="0.01"/>
  <testcase name="test_synthetic_04668" classname="com.example.SyntheticSuite" time="0.01"/>
  <testcase name="test_synthetic_04669" classname="com.example.SyntheticSuite" time="0.01"/>
  <testcase name="test_synthetic_04670" classname="com.example.SyntheticSuite" time="0.01"/>
  <testcase name="test_synthetic_04671" classname="com.example.SyntheticSuite" time="0.01"/>
  <testcase name="test_synthetic_04672" classname="com.example.SyntheticSuite" time="0.01"/>
  <testcase name="test_synthetic_04673" classname="com.example.SyntheticSuite" time="0.01"/>
  <testcase name="test_synthetic_04674" classname="com.example.SyntheticSuite" time="0.01"/>
  <testcase name="test_synthetic_04675" classname="com.example.SyntheticSuite" time="0.01"/>
  <testcase name="test_synthetic_04676" classname="com.example.SyntheticSuite" time="0.01"/>
  <testcase name="test_synthetic_04677" classname="com.example.SyntheticSuite" time="0.01"/>
  <testcase name="test_synthetic_04678" classname="com.example.SyntheticSuite" time="0.01"/>
  <testcase name="test_synthetic_04679" classname="com.example.SyntheticSuite" time="0.01"/>
  <testcase name="test_synthetic_04680" classname="com.example.SyntheticSuite" time="0.01"/>
  <testcase name="test_synthetic_04681" classname="com.example.SyntheticSuite" time="0.01"/>
  <testcase name="test_synthetic_04682" classname="com.example.SyntheticSuite" time="0.01"/>
  <testcase name="test_synthetic_04683" classname="com.example.SyntheticSuite" time="0.01"/>
  <testcase name="test_synthetic_04684" classname="com.example.SyntheticSuite" time="0.01"/>
  <testcase name="test_synthetic_04685" classname="com.example.SyntheticSuite" time="0.01"/>
  <testcase name="test_synthetic_04686" classname="com.example.SyntheticSuite" time="0.01"/>
  <testcase name="test_synthetic_04687" classname="com.example.SyntheticSuite" time="0.01"/>
  <testcase name="test_synthetic_04688" classname="com.example.SyntheticSuite" time="0.01"/>
  <testcase name="test_synthetic_04689" classname="com.example.SyntheticSuite" time="0.01"/>
  <testcase name="test_synthetic_04690" classname="com.example.SyntheticSuite" time="0.01"/>
  <testcase name="test_synthetic_04691" classname="com.example.SyntheticSuite" time="0.01"/>
  <testcase name="test_synthetic_04692" classname="com.example.SyntheticSuite" time="0.01"/>
  <testcase name="test_synthetic_04693" classname="com.example.SyntheticSuite" time="0.01"/>
  <testcase name="test_synthetic_04694" classname="com.example.SyntheticSuite" time="0.01"/>
  <testcase name="test_synthetic_04695" classname="com.example.SyntheticSuite" time="0.01"/>
  <testcase name="test_synthetic_04696" classname="com.example.SyntheticSuite" time="0.01"/>
  <testcase name="test_synthetic_04697" classname="com.example.SyntheticSuite" time="0.01"/>
  <testcase name="test_synthetic_04698" classname="com.example.SyntheticSuite" time="0.01"/>
  <testcase name="test_synthetic_04699" classname="com.example.SyntheticSuite" time="0.01"/>
  <testcase name="test_synthetic_04700" classname="com.example.SyntheticSuite" time="0.01">
    <failure message="Synthetic failure at 4700">Assertion failed at iteration 4700</failure>
  </testcase>
  <testcase name="test_synthetic_04701" classname="com.example.SyntheticSuite" time="0.01"/>
  <testcase name="test_synthetic_04702" classname="com.example.SyntheticSuite" time="0.01"/>
  <testcase name="test_synthetic_04703" classname="com.example.SyntheticSuite" time="0.01"/>
  <testcase name="test_synthetic_04704" classname="com.example.SyntheticSuite" time="0.01"/>
  <testcase name="test_synthetic_04705" classname="com.example.SyntheticSuite" time="0.01"/>
  <testcase name="test_synthetic_04706" classname="com.example.SyntheticSuite" time="0.01"/>
  <testcase name="test_synthetic_04707" classname="com.example.SyntheticSuite" time="0.01"/>
  <testcase name="test_synthetic_04708" classname="com.example.SyntheticSuite" time="0.01"/>
  <testcase name="test_synthetic_04709" classname="com.example.SyntheticSuite" time="0.01"/>
  <testcase name="test_synthetic_04710" classname="com.example.SyntheticSuite" time="0.01"/>
  <testcase name="test_synthetic_04711" classname="com.example.SyntheticSuite" time="0.01"/>
  <testcase name="test_synthetic_04712" classname="com.example.SyntheticSuite" time="0.01"/>
  <testcase name="test_synthetic_04713" classname="com.example.SyntheticSuite" time="0.01"/>
  <testcase name="test_synthetic_04714" classname="com.example.SyntheticSuite" time="0.01"/>
  <testcase name="test_synthetic_04715" classname="com.example.SyntheticSuite" time="0.01"/>
  <testcase name="test_synthetic_04716" classname="com.example.SyntheticSuite" time="0.01"/>
  <testcase name="test_synthetic_04717" classname="com.example.SyntheticSuite" time="0.01"/>
  <testcase name="test_synthetic_04718" classname="com.example.SyntheticSuite" time="0.01"/>
  <testcase name="test_synthetic_04719" classname="com.example.SyntheticSuite" time="0.01"/>
  <testcase name="test_synthetic_04720" classname="com.example.SyntheticSuite" time="0.01"/>
  <testcase name="test_synthetic_04721" classname="com.example.SyntheticSuite" time="0.01"/>
  <testcase name="test_synthetic_04722" classname="com.example.SyntheticSuite" time="0.01"/>
  <testcase name="test_synthetic_04723" classname="com.example.SyntheticSuite" time="0.01"/>
  <testcase name="test_synthetic_04724" classname="com.example.SyntheticSuite" time="0.01"/>
  <testcase name="test_synthetic_04725" classname="com.example.SyntheticSuite" time="0.01"/>
  <testcase name="test_synthetic_04726" classname="com.example.SyntheticSuite" time="0.01"/>
  <testcase name="test_synthetic_04727" classname="com.example.SyntheticSuite" time="0.01"/>
  <testcase name="test_synthetic_04728" classname="com.example.SyntheticSuite" time="0.01"/>
  <testcase name="test_synthetic_04729" classname="com.example.SyntheticSuite" time="0.01"/>
  <testcase name="test_synthetic_04730" classname="com.example.SyntheticSuite" time="0.01"/>
  <testcase name="test_synthetic_04731" classname="com.example.SyntheticSuite" time="0.01"/>
  <testcase name="test_synthetic_04732" classname="com.example.SyntheticSuite" time="0.01"/>
  <testcase name="test_synthetic_04733" classname="com.example.SyntheticSuite" time="0.01"/>
  <testcase name="test_synthetic_04734" classname="com.example.SyntheticSuite" time="0.01"/>
  <testcase name="test_synthetic_04735" classname="com.example.SyntheticSuite" time="0.01"/>
  <testcase name="test_synthetic_04736" classname="com.example.SyntheticSuite" time="0.01"/>
  <testcase name="test_synthetic_04737" classname="com.example.SyntheticSuite" time="0.01"/>
  <testcase name="test_synthetic_04738" classname="com.example.SyntheticSuite" time="0.01"/>
  <testcase name="test_synthetic_04739" classname="com.example.SyntheticSuite" time="0.01"/>
  <testcase name="test_synthetic_04740" classname="com.example.SyntheticSuite" time="0.01"/>
  <testcase name="test_synthetic_04741" classname="com.example.SyntheticSuite" time="0.01"/>
  <testcase name="test_synthetic_04742" classname="com.example.SyntheticSuite" time="0.01"/>
  <testcase name="test_synthetic_04743" classname="com.example.SyntheticSuite" time="0.01"/>
  <testcase name="test_synthetic_04744" classname="com.example.SyntheticSuite" time="0.01"/>
  <testcase name="test_synthetic_04745" classname="com.example.SyntheticSuite" time="0.01"/>
  <testcase name="test_synthetic_04746" classname="com.example.SyntheticSuite" time="0.01"/>
  <testcase name="test_synthetic_04747" classname="com.example.SyntheticSuite" time="0.01"/>
  <testcase name="test_synthetic_04748" classname="com.example.SyntheticSuite" time="0.01"/>
  <testcase name="test_synthetic_04749" classname="com.example.SyntheticSuite" time="0.01"/>
  <testcase name="test_synthetic_04750" classname="com.example.SyntheticSuite" time="0.01"/>
  <testcase name="test_synthetic_04751" classname="com.example.SyntheticSuite" time="0.01"/>
  <testcase name="test_synthetic_04752" classname="com.example.SyntheticSuite" time="0.01"/>
  <testcase name="test_synthetic_04753" classname="com.example.SyntheticSuite" time="0.01"/>
  <testcase name="test_synthetic_04754" classname="com.example.SyntheticSuite" time="0.01"/>
  <testcase name="test_synthetic_04755" classname="com.example.SyntheticSuite" time="0.01"/>
  <testcase name="test_synthetic_04756" classname="com.example.SyntheticSuite" time="0.01"/>
  <testcase name="test_synthetic_04757" classname="com.example.SyntheticSuite" time="0.01"/>
  <testcase name="test_synthetic_04758" classname="com.example.SyntheticSuite" time="0.01"/>
  <testcase name="test_synthetic_04759" classname="com.example.SyntheticSuite" time="0.01"/>
  <testcase name="test_synthetic_04760" classname="com.example.SyntheticSuite" time="0.01"/>
  <testcase name="test_synthetic_04761" classname="com.example.SyntheticSuite" time="0.01"/>
  <testcase name="test_synthetic_04762" classname="com.example.SyntheticSuite" time="0.01"/>
  <testcase name="test_synthetic_04763" classname="com.example.SyntheticSuite" time="0.01"/>
  <testcase name="test_synthetic_04764" classname="com.example.SyntheticSuite" time="0.01"/>
  <testcase name="test_synthetic_04765" classname="com.example.SyntheticSuite" time="0.01"/>
  <testcase name="test_synthetic_04766" classname="com.example.SyntheticSuite" time="0.01"/>
  <testcase name="test_synthetic_04767" classname="com.example.SyntheticSuite" time="0.01"/>
  <testcase name="test_synthetic_04768" classname="com.example.SyntheticSuite" time="0.01"/>
  <testcase name="test_synthetic_04769" classname="com.example.SyntheticSuite" time="0.01"/>
  <testcase name="test_synthetic_04770" classname="com.example.SyntheticSuite" time="0.01"/>
  <testcase name="test_synthetic_04771" classname="com.example.SyntheticSuite" time="0.01"/>
  <testcase name="test_synthetic_04772" classname="com.example.SyntheticSuite" time="0.01"/>
  <testcase name="test_synthetic_04773" classname="com.example.SyntheticSuite" time="0.01"/>
  <testcase name="test_synthetic_04774" classname="com.example.SyntheticSuite" time="0.01"/>
  <testcase name="test_synthetic_04775" classname="com.example.SyntheticSuite" time="0.01"/>
  <testcase name="test_synthetic_04776" classname="com.example.SyntheticSuite" time="0.01"/>
  <testcase name="test_synthetic_04777" classname="com.example.SyntheticSuite" time="0.01"/>
  <testcase name="test_synthetic_04778" classname="com.example.SyntheticSuite" time="0.01"/>
  <testcase name="test_synthetic_04779" classname="com.example.SyntheticSuite" time="0.01"/>
  <testcase name="test_synthetic_04780" classname="com.example.SyntheticSuite" time="0.01"/>
  <testcase name="test_synthetic_04781" classname="com.example.SyntheticSuite" time="0.01"/>
  <testcase name="test_synthetic_04782" classname="com.example.SyntheticSuite" time="0.01"/>
  <testcase name="test_synthetic_04783" classname="com.example.SyntheticSuite" time="0.01"/>
  <testcase name="test_synthetic_04784" classname="com.example.SyntheticSuite" time="0.01"/>
  <testcase name="test_synthetic_04785" classname="com.example.SyntheticSuite" time="0.01"/>
  <testcase name="test_synthetic_04786" classname="com.example.SyntheticSuite" time="0.01"/>
  <testcase name="test_synthetic_04787" classname="com.example.SyntheticSuite" time="0.01"/>
  <testcase name="test_synthetic_04788" classname="com.example.SyntheticSuite" time="0.01"/>
  <testcase name="test_synthetic_04789" classname="com.example.SyntheticSuite" time="0.01"/>
  <testcase name="test_synthetic_04790" classname="com.example.SyntheticSuite" time="0.01"/>
  <testcase name="test_synthetic_04791" classname="com.example.SyntheticSuite" time="0.01"/>
  <testcase name="test_synthetic_04792" classname="com.example.SyntheticSuite" time="0.01"/>
  <testcase name="test_synthetic_04793" classname="com.example.SyntheticSuite" time="0.01"/>
  <testcase name="test_synthetic_04794" classname="com.example.SyntheticSuite" time="0.01"/>
  <testcase name="test_synthetic_04795" classname="com.example.SyntheticSuite" time="0.01"/>
  <testcase name="test_synthetic_04796" classname="com.example.SyntheticSuite" time="0.01"/>
  <testcase name="test_synthetic_04797" classname="com.example.SyntheticSuite" time="0.01"/>
  <testcase name="test_synthetic_04798" classname="com.example.SyntheticSuite" time="0.01"/>
  <testcase name="test_synthetic_04799" classname="com.example.SyntheticSuite" time="0.01"/>
  <testcase name="test_synthetic_04800" classname="com.example.SyntheticSuite" time="0.01">
    <failure message="Synthetic failure at 4800">Assertion failed at iteration 4800</failure>
  </testcase>
  <testcase name="test_synthetic_04801" classname="com.example.SyntheticSuite" time="0.01"/>
  <testcase name="test_synthetic_04802" classname="com.example.SyntheticSuite" time="0.01"/>
  <testcase name="test_synthetic_04803" classname="com.example.SyntheticSuite" time="0.01"/>
  <testcase name="test_synthetic_04804" classname="com.example.SyntheticSuite" time="0.01"/>
  <testcase name="test_synthetic_04805" classname="com.example.SyntheticSuite" time="0.01"/>
  <testcase name="test_synthetic_04806" classname="com.example.SyntheticSuite" time="0.01"/>
  <testcase name="test_synthetic_04807" classname="com.example.SyntheticSuite" time="0.01"/>
  <testcase name="test_synthetic_04808" classname="com.example.SyntheticSuite" time="0.01"/>
  <testcase name="test_synthetic_04809" classname="com.example.SyntheticSuite" time="0.01"/>
  <testcase name="test_synthetic_04810" classname="com.example.SyntheticSuite" time="0.01"/>
  <testcase name="test_synthetic_04811" classname="com.example.SyntheticSuite" time="0.01"/>
  <testcase name="test_synthetic_04812" classname="com.example.SyntheticSuite" time="0.01"/>
  <testcase name="test_synthetic_04813" classname="com.example.SyntheticSuite" time="0.01"/>
  <testcase name="test_synthetic_04814" classname="com.example.SyntheticSuite" time="0.01"/>
  <testcase name="test_synthetic_04815" classname="com.example.SyntheticSuite" time="0.01"/>
  <testcase name="test_synthetic_04816" classname="com.example.SyntheticSuite" time="0.01"/>
  <testcase name="test_synthetic_04817" classname="com.example.SyntheticSuite" time="0.01"/>
  <testcase name="test_synthetic_04818" classname="com.example.SyntheticSuite" time="0.01"/>
  <testcase name="test_synthetic_04819" classname="com.example.SyntheticSuite" time="0.01"/>
  <testcase name="test_synthetic_04820" classname="com.example.SyntheticSuite" time="0.01"/>
  <testcase name="test_synthetic_04821" classname="com.example.SyntheticSuite" time="0.01"/>
  <testcase name="test_synthetic_04822" classname="com.example.SyntheticSuite" time="0.01"/>
  <testcase name="test_synthetic_04823" classname="com.example.SyntheticSuite" time="0.01"/>
  <testcase name="test_synthetic_04824" classname="com.example.SyntheticSuite" time="0.01"/>
  <testcase name="test_synthetic_04825" classname="com.example.SyntheticSuite" time="0.01"/>
  <testcase name="test_synthetic_04826" classname="com.example.SyntheticSuite" time="0.01"/>
  <testcase name="test_synthetic_04827" classname="com.example.SyntheticSuite" time="0.01"/>
  <testcase name="test_synthetic_04828" classname="com.example.SyntheticSuite" time="0.01"/>
  <testcase name="test_synthetic_04829" classname="com.example.SyntheticSuite" time="0.01"/>
  <testcase name="test_synthetic_04830" classname="com.example.SyntheticSuite" time="0.01"/>
  <testcase name="test_synthetic_04831" classname="com.example.SyntheticSuite" time="0.01"/>
  <testcase name="test_synthetic_04832" classname="com.example.SyntheticSuite" time="0.01"/>
  <testcase name="test_synthetic_04833" classname="com.example.SyntheticSuite" time="0.01"/>
  <testcase name="test_synthetic_04834" classname="com.example.SyntheticSuite" time="0.01"/>
  <testcase name="test_synthetic_04835" classname="com.example.SyntheticSuite" time="0.01"/>
  <testcase name="test_synthetic_04836" classname="com.example.SyntheticSuite" time="0.01"/>
  <testcase name="test_synthetic_04837" classname="com.example.SyntheticSuite" time="0.01"/>
  <testcase name="test_synthetic_04838" classname="com.example.SyntheticSuite" time="0.01"/>
  <testcase name="test_synthetic_04839" classname="com.example.SyntheticSuite" time="0.01"/>
  <testcase name="test_synthetic_04840" classname="com.example.SyntheticSuite" time="0.01"/>
  <testcase name="test_synthetic_04841" classname="com.example.SyntheticSuite" time="0.01"/>
  <testcase name="test_synthetic_04842" classname="com.example.SyntheticSuite" time="0.01"/>
  <testcase name="test_synthetic_04843" classname="com.example.SyntheticSuite" time="0.01"/>
  <testcase name="test_synthetic_04844" classname="com.example.SyntheticSuite" time="0.01"/>
  <testcase name="test_synthetic_04845" classname="com.example.SyntheticSuite" time="0.01"/>
  <testcase name="test_synthetic_04846" classname="com.example.SyntheticSuite" time="0.01"/>
  <testcase name="test_synthetic_04847" classname="com.example.SyntheticSuite" time="0.01"/>
  <testcase name="test_synthetic_04848" classname="com.example.SyntheticSuite" time="0.01"/>
  <testcase name="test_synthetic_04849" classname="com.example.SyntheticSuite" time="0.01"/>
  <testcase name="test_synthetic_04850" classname="com.example.SyntheticSuite" time="0.01"/>
  <testcase name="test_synthetic_04851" classname="com.example.SyntheticSuite" time="0.01"/>
  <testcase name="test_synthetic_04852" classname="com.example.SyntheticSuite" time="0.01"/>
  <testcase name="test_synthetic_04853" classname="com.example.SyntheticSuite" time="0.01"/>
  <testcase name="test_synthetic_04854" classname="com.example.SyntheticSuite" time="0.01"/>
  <testcase name="test_synthetic_04855" classname="com.example.SyntheticSuite" time="0.01"/>
  <testcase name="test_synthetic_04856" classname="com.example.SyntheticSuite" time="0.01"/>
  <testcase name="test_synthetic_04857" classname="com.example.SyntheticSuite" time="0.01"/>
  <testcase name="test_synthetic_04858" classname="com.example.SyntheticSuite" time="0.01"/>
  <testcase name="test_synthetic_04859" classname="com.example.SyntheticSuite" time="0.01"/>
  <testcase name="test_synthetic_04860" classname="com.example.SyntheticSuite" time="0.01"/>
  <testcase name="test_synthetic_04861" classname="com.example.SyntheticSuite" time="0.01"/>
  <testcase name="test_synthetic_04862" classname="com.example.SyntheticSuite" time="0.01"/>
  <testcase name="test_synthetic_04863" classname="com.example.SyntheticSuite" time="0.01"/>
  <testcase name="test_synthetic_04864" classname="com.example.SyntheticSuite" time="0.01"/>
  <testcase name="test_synthetic_04865" classname="com.example.SyntheticSuite" time="0.01"/>
  <testcase name="test_synthetic_04866" classname="com.example.SyntheticSuite" time="0.01"/>
  <testcase name="test_synthetic_04867" classname="com.example.SyntheticSuite" time="0.01"/>
  <testcase name="test_synthetic_04868" classname="com.example.SyntheticSuite" time="0.01"/>
  <testcase name="test_synthetic_04869" classname="com.example.SyntheticSuite" time="0.01"/>
  <testcase name="test_synthetic_04870" classname="com.example.SyntheticSuite" time="0.01"/>
  <testcase name="test_synthetic_04871" classname="com.example.SyntheticSuite" time="0.01"/>
  <testcase name="test_synthetic_04872" classname="com.example.SyntheticSuite" time="0.01"/>
  <testcase name="test_synthetic_04873" classname="com.example.SyntheticSuite" time="0.01"/>
  <testcase name="test_synthetic_04874" classname="com.example.SyntheticSuite" time="0.01"/>
  <testcase name="test_synthetic_04875" classname="com.example.SyntheticSuite" time="0.01"/>
  <testcase name="test_synthetic_04876" classname="com.example.SyntheticSuite" time="0.01"/>
  <testcase name="test_synthetic_04877" classname="com.example.SyntheticSuite" time="0.01"/>
  <testcase name="test_synthetic_04878" classname="com.example.SyntheticSuite" time="0.01"/>
  <testcase name="test_synthetic_04879" classname="com.example.SyntheticSuite" time="0.01"/>
  <testcase name="test_synthetic_04880" classname="com.example.SyntheticSuite" time="0.01"/>
  <testcase name="test_synthetic_04881" classname="com.example.SyntheticSuite" time="0.01"/>
  <testcase name="test_synthetic_04882" classname="com.example.SyntheticSuite" time="0.01"/>
  <testcase name="test_synthetic_04883" classname="com.example.SyntheticSuite" time="0.01"/>
  <testcase name="test_synthetic_04884" classname="com.example.SyntheticSuite" time="0.01"/>
  <testcase name="test_synthetic_04885" classname="com.example.SyntheticSuite" time="0.01"/>
  <testcase name="test_synthetic_04886" classname="com.example.SyntheticSuite" time="0.01"/>
  <testcase name="test_synthetic_04887" classname="com.example.SyntheticSuite" time="0.01"/>
  <testcase name="test_synthetic_04888" classname="com.example.SyntheticSuite" time="0.01"/>
  <testcase name="test_synthetic_04889" classname="com.example.SyntheticSuite" time="0.01"/>
  <testcase name="test_synthetic_04890" classname="com.example.SyntheticSuite" time="0.01"/>
  <testcase name="test_synthetic_04891" classname="com.example.SyntheticSuite" time="0.01"/>
  <testcase name="test_synthetic_04892" classname="com.example.SyntheticSuite" time="0.01"/>
  <testcase name="test_synthetic_04893" classname="com.example.SyntheticSuite" time="0.01"/>
  <testcase name="test_synthetic_04894" classname="com.example.SyntheticSuite" time="0.01"/>
  <testcase name="test_synthetic_04895" classname="com.example.SyntheticSuite" time="0.01"/>
  <testcase name="test_synthetic_04896" classname="com.example.SyntheticSuite" time="0.01"/>
  <testcase name="test_synthetic_04897" classname="com.example.SyntheticSuite" time="0.01"/>
  <testcase name="test_synthetic_04898" classname="com.example.SyntheticSuite" time="0.01"/>
  <testcase name="test_synthetic_04899" classname="com.example.SyntheticSuite" time="0.01"/>
  <testcase name="test_synthetic_04900" classname="com.example.SyntheticSuite" time="0.01">
    <failure message="Synthetic failure at 4900">Assertion failed at iteration 4900</failure>
  </testcase>
  <testcase name="test_synthetic_04901" classname="com.example.SyntheticSuite" time="0.01"/>
  <testcase name="test_synthetic_04902" classname="com.example.SyntheticSuite" time="0.01"/>
  <testcase name="test_synthetic_04903" classname="com.example.SyntheticSuite" time="0.01"/>
  <testcase name="test_synthetic_04904" classname="com.example.SyntheticSuite" time="0.01"/>
  <testcase name="test_synthetic_04905" classname="com.example.SyntheticSuite" time="0.01"/>
  <testcase name="test_synthetic_04906" classname="com.example.SyntheticSuite" time="0.01"/>
  <testcase name="test_synthetic_04907" classname="com.example.SyntheticSuite" time="0.01"/>
  <testcase name="test_synthetic_04908" classname="com.example.SyntheticSuite" time="0.01"/>
  <testcase name="test_synthetic_04909" classname="com.example.SyntheticSuite" time="0.01"/>
  <testcase name="test_synthetic_04910" classname="com.example.SyntheticSuite" time="0.01"/>
  <testcase name="test_synthetic_04911" classname="com.example.SyntheticSuite" time="0.01"/>
  <testcase name="test_synthetic_04912" classname="com.example.SyntheticSuite" time="0.01"/>
  <testcase name="test_synthetic_04913" classname="com.example.SyntheticSuite" time="0.01"/>
  <testcase name="test_synthetic_04914" classname="com.example.SyntheticSuite" time="0.01"/>
  <testcase name="test_synthetic_04915" classname="com.example.SyntheticSuite" time="0.01"/>
  <testcase name="test_synthetic_04916" classname="com.example.SyntheticSuite" time="0.01"/>
  <testcase name="test_synthetic_04917" classname="com.example.SyntheticSuite" time="0.01"/>
  <testcase name="test_synthetic_04918" classname="com.example.SyntheticSuite" time="0.01"/>
  <testcase name="test_synthetic_04919" classname="com.example.SyntheticSuite" time="0.01"/>
  <testcase name="test_synthetic_04920" classname="com.example.SyntheticSuite" time="0.01"/>
  <testcase name="test_synthetic_04921" classname="com.example.SyntheticSuite" time="0.01"/>
  <testcase name="test_synthetic_04922" classname="com.example.SyntheticSuite" time="0.01"/>
  <testcase name="test_synthetic_04923" classname="com.example.SyntheticSuite" time="0.01"/>
  <testcase name="test_synthetic_04924" classname="com.example.SyntheticSuite" time="0.01"/>
  <testcase name="test_synthetic_04925" classname="com.example.SyntheticSuite" time="0.01"/>
  <testcase name="test_synthetic_04926" classname="com.example.SyntheticSuite" time="0.01"/>
  <testcase name="test_synthetic_04927" classname="com.example.SyntheticSuite" time="0.01"/>
  <testcase name="test_synthetic_04928" classname="com.example.SyntheticSuite" time="0.01"/>
  <testcase name="test_synthetic_04929" classname="com.example.SyntheticSuite" time="0.01"/>
  <testcase name="test_synthetic_04930" classname="com.example.SyntheticSuite" time="0.01"/>
  <testcase name="test_synthetic_04931" classname="com.example.SyntheticSuite" time="0.01"/>
  <testcase name="test_synthetic_04932" classname="com.example.SyntheticSuite" time="0.01"/>
  <testcase name="test_synthetic_04933" classname="com.example.SyntheticSuite" time="0.01"/>
  <testcase name="test_synthetic_04934" classname="com.example.SyntheticSuite" time="0.01"/>
  <testcase name="test_synthetic_04935" classname="com.example.SyntheticSuite" time="0.01"/>
  <testcase name="test_synthetic_04936" classname="com.example.SyntheticSuite" time="0.01"/>
  <testcase name="test_synthetic_04937" classname="com.example.SyntheticSuite" time="0.01"/>
  <testcase name="test_synthetic_04938" classname="com.example.SyntheticSuite" time="0.01"/>
  <testcase name="test_synthetic_04939" classname="com.example.SyntheticSuite" time="0.01"/>
  <testcase name="test_synthetic_04940" classname="com.example.SyntheticSuite" time="0.01"/>
  <testcase name="test_synthetic_04941" classname="com.example.SyntheticSuite" time="0.01"/>
  <testcase name="test_synthetic_04942" classname="com.example.SyntheticSuite" time="0.01"/>
  <testcase name="test_synthetic_04943" classname="com.example.SyntheticSuite" time="0.01"/>
  <testcase name="test_synthetic_04944" classname="com.example.SyntheticSuite" time="0.01"/>
  <testcase name="test_synthetic_04945" classname="com.example.SyntheticSuite" time="0.01"/>
  <testcase name="test_synthetic_04946" classname="com.example.SyntheticSuite" time="0.01"/>
  <testcase name="test_synthetic_04947" classname="com.example.SyntheticSuite" time="0.01"/>
  <testcase name="test_synthetic_04948" classname="com.example.SyntheticSuite" time="0.01"/>
  <testcase name="test_synthetic_04949" classname="com.example.SyntheticSuite" time="0.01"/>
  <testcase name="test_synthetic_04950" classname="com.example.SyntheticSuite" time="0.01"/>
  <testcase name="test_synthetic_04951" classname="com.example.SyntheticSuite" time="0.01"/>
  <testcase name="test_synthetic_04952" classname="com.example.SyntheticSuite" time="0.01"/>
  <testcase name="test_synthetic_04953" classname="com.example.SyntheticSuite" time="0.01"/>
  <testcase name="test_synthetic_04954" classname="com.example.SyntheticSuite" time="0.01"/>
  <testcase name="test_synthetic_04955" classname="com.example.SyntheticSuite" time="0.01"/>
  <testcase name="test_synthetic_04956" classname="com.example.SyntheticSuite" time="0.01"/>
  <testcase name="test_synthetic_04957" classname="com.example.SyntheticSuite" time="0.01"/>
  <testcase name="test_synthetic_04958" classname="com.example.SyntheticSuite" time="0.01"/>
  <testcase name="test_synthetic_04959" classname="com.example.SyntheticSuite" time="0.01"/>
  <testcase name="test_synthetic_04960" classname="com.example.SyntheticSuite" time="0.01"/>
  <testcase name="test_synthetic_04961" classname="com.example.SyntheticSuite" time="0.01"/>
  <testcase name="test_synthetic_04962" classname="com.example.SyntheticSuite" time="0.01"/>
  <testcase name="test_synthetic_04963" classname="com.example.SyntheticSuite" time="0.01"/>
  <testcase name="test_synthetic_04964" classname="com.example.SyntheticSuite" time="0.01"/>
  <testcase name="test_synthetic_04965" classname="com.example.SyntheticSuite" time="0.01"/>
  <testcase name="test_synthetic_04966" classname="com.example.SyntheticSuite" time="0.01"/>
  <testcase name="test_synthetic_04967" classname="com.example.SyntheticSuite" time="0.01"/>
  <testcase name="test_synthetic_04968" classname="com.example.SyntheticSuite" time="0.01"/>
  <testcase name="test_synthetic_04969" classname="com.example.SyntheticSuite" time="0.01"/>
  <testcase name="test_synthetic_04970" classname="com.example.SyntheticSuite" time="0.01"/>
  <testcase name="test_synthetic_04971" classname="com.example.SyntheticSuite" time="0.01"/>
  <testcase name="test_synthetic_04972" classname="com.example.SyntheticSuite" time="0.01"/>
  <testcase name="test_synthetic_04973" classname="com.example.SyntheticSuite" time="0.01"/>
  <testcase name="test_synthetic_04974" classname="com.example.SyntheticSuite" time="0.01"/>
  <testcase name="test_synthetic_04975" classname="com.example.SyntheticSuite" time="0.01"/>
  <testcase name="test_synthetic_04976" classname="com.example.SyntheticSuite" time="0.01"/>
  <testcase name="test_synthetic_04977" classname="com.example.SyntheticSuite" time="0.01"/>
  <testcase name="test_synthetic_04978" classname="com.example.SyntheticSuite" time="0.01"/>
  <testcase name="test_synthetic_04979" classname="com.example.SyntheticSuite" time="0.01"/>
  <testcase name="test_synthetic_04980" classname="com.example.SyntheticSuite" time="0.01"/>
  <testcase name="test_synthetic_04981" classname="com.example.SyntheticSuite" time="0.01"/>
  <testcase name="test_synthetic_04982" classname="com.example.SyntheticSuite" time="0.01"/>
  <testcase name="test_synthetic_04983" classname="com.example.SyntheticSuite" time="0.01"/>
  <testcase name="test_synthetic_04984" classname="com.example.SyntheticSuite" time="0.01"/>
  <testcase name="test_synthetic_04985" classname="com.example.SyntheticSuite" time="0.01"/>
  <testcase name="test_synthetic_04986" classname="com.example.SyntheticSuite" time="0.01"/>
  <testcase name="test_synthetic_04987" classname="com.example.SyntheticSuite" time="0.01"/>
  <testcase name="test_synthetic_04988" classname="com.example.SyntheticSuite" time="0.01"/>
  <testcase name="test_synthetic_04989" classname="com.example.SyntheticSuite" time="0.01"/>
  <testcase name="test_synthetic_04990" classname="com.example.SyntheticSuite" time="0.01"/>
  <testcase name="test_synthetic_04991" classname="com.example.SyntheticSuite" time="0.01"/>
  <testcase name="test_synthetic_04992" classname="com.example.SyntheticSuite" time="0.01"/>
  <testcase name="test_synthetic_04993" classname="com.example.SyntheticSuite" time="0.01"/>
  <testcase name="test_synthetic_04994" classname="com.example.SyntheticSuite" time="0.01"/>
  <testcase name="test_synthetic_04995" classname="com.example.SyntheticSuite" time="0.01"/>
  <testcase name="test_synthetic_04996" classname="com.example.SyntheticSuite" time="0.01"/>
  <testcase name="test_synthetic_04997" classname="com.example.SyntheticSuite" time="0.01"/>
  <testcase name="test_synthetic_04998" classname="com.example.SyntheticSuite" time="0.01"/>
  <testcase name="test_synthetic_04999" classname="com.example.SyntheticSuite" time="0.01"/>
  <testcase name="test_synthetic_05000" classname="com.example.SyntheticSuite" time="0.01">
    <failure message="Synthetic failure at 5000">Assertion failed at iteration 5000</failure>
  </testcase>
  <testcase name="test_synthetic_05001" classname="com.example.SyntheticSuite" time="0.01"/>
  <testcase name="test_synthetic_05002" classname="com.example.SyntheticSuite" time="0.01"/>
  <testcase name="test_synthetic_05003" classname="com.example.SyntheticSuite" time="0.01"/>
  <testcase name="test_synthetic_05004" classname="com.example.SyntheticSuite" time="0.01"/>
  <testcase name="test_synthetic_05005" classname="com.example.SyntheticSuite" time="0.01"/>
  <testcase name="test_synthetic_05006" classname="com.example.SyntheticSuite" time="0.01"/>
  <testcase name="test_synthetic_05007" classname="com.example.SyntheticSuite" time="0.01"/>
  <testcase name="test_synthetic_05008" classname="com.example.SyntheticSuite" time="0.01"/>
  <testcase name="test_synthetic_05009" classname="com.example.SyntheticSuite" time="0.01"/>
  <testcase name="test_synthetic_05010" classname="com.example.SyntheticSuite" time="0.01"/>
  <testcase name="test_synthetic_05011" classname="com.example.SyntheticSuite" time="0.01"/>
  <testcase name="test_synthetic_05012" classname="com.example.SyntheticSuite" time="0.01"/>
  <testcase name="test_synthetic_05013" classname="com.example.SyntheticSuite" time="0.01"/>
  <testcase name="test_synthetic_05014" classname="com.example.SyntheticSuite" time="0.01"/>
  <testcase name="test_synthetic_05015" classname="com.example.SyntheticSuite" time="0.01"/>
  <testcase name="test_synthetic_05016" classname="com.example.SyntheticSuite" time="0.01"/>
  <testcase name="test_synthetic_05017" classname="com.example.SyntheticSuite" time="0.01"/>
  <testcase name="test_synthetic_05018" classname="com.example.SyntheticSuite" time="0.01"/>
  <testcase name="test_synthetic_05019" classname="com.example.SyntheticSuite" time="0.01"/>
  <testcase name="test_synthetic_05020" classname="com.example.SyntheticSuite" time="0.01"/>
  <testcase name="test_synthetic_05021" classname="com.example.SyntheticSuite" time="0.01"/>
  <testcase name="test_synthetic_05022" classname="com.example.SyntheticSuite" time="0.01"/>
  <testcase name="test_synthetic_05023" classname="com.example.SyntheticSuite" time="0.01"/>
  <testcase name="test_synthetic_05024" classname="com.example.SyntheticSuite" time="0.01"/>
  <testcase name="test_synthetic_05025" classname="com.example.SyntheticSuite" time="0.01"/>
  <testcase name="test_synthetic_05026" classname="com.example.SyntheticSuite" time="0.01"/>
  <testcase name="test_synthetic_05027" classname="com.example.SyntheticSuite" time="0.01"/>
  <testcase name="test_synthetic_05028" classname="com.example.SyntheticSuite" time="0.01"/>
  <testcase name="test_synthetic_05029" classname="com.example.SyntheticSuite" time="0.01"/>
  <testcase name="test_synthetic_05030" classname="com.example.SyntheticSuite" time="0.01"/>
  <testcase name="test_synthetic_05031" classname="com.example.SyntheticSuite" time="0.01"/>
  <testcase name="test_synthetic_05032" classname="com.example.SyntheticSuite" time="0.01"/>
  <testcase name="test_synthetic_05033" classname="com.example.SyntheticSuite" time="0.01"/>
  <testcase name="test_synthetic_05034" classname="com.example.SyntheticSuite" time="0.01"/>
  <testcase name="test_synthetic_05035" classname="com.example.SyntheticSuite" time="0.01"/>
  <testcase name="test_synthetic_05036" classname="com.example.SyntheticSuite" time="0.01"/>
  <testcase name="test_synthetic_05037" classname="com.example.SyntheticSuite" time="0.01"/>
  <testcase name="test_synthetic_05038" classname="com.example.SyntheticSuite" time="0.01"/>
  <testcase name="test_synthetic_05039" classname="com.example.SyntheticSuite" time="0.01"/>
  <testcase name="test_synthetic_05040" classname="com.example.SyntheticSuite" time="0.01"/>
  <testcase name="test_synthetic_05041" classname="com.example.SyntheticSuite" time="0.01"/>
  <testcase name="test_synthetic_05042" classname="com.example.SyntheticSuite" time="0.01"/>
  <testcase name="test_synthetic_05043" classname="com.example.SyntheticSuite" time="0.01"/>
  <testcase name="test_synthetic_05044" classname="com.example.SyntheticSuite" time="0.01"/>
  <testcase name="test_synthetic_05045" classname="com.example.SyntheticSuite" time="0.01"/>
  <testcase name="test_synthetic_05046" classname="com.example.SyntheticSuite" time="0.01"/>
  <testcase name="test_synthetic_05047" classname="com.example.SyntheticSuite" time="0.01"/>
  <testcase name="test_synthetic_05048" classname="com.example.SyntheticSuite" time="0.01"/>
  <testcase name="test_synthetic_05049" classname="com.example.SyntheticSuite" time="0.01"/>
  <testcase name="test_synthetic_05050" classname="com.example.SyntheticSuite" time="0.01"/>
  <testcase name="test_synthetic_05051" classname="com.example.SyntheticSuite" time="0.01"/>
  <testcase name="test_synthetic_05052" classname="com.example.SyntheticSuite" time="0.01"/>
  <testcase name="test_synthetic_05053" classname="com.example.SyntheticSuite" time="0.01"/>
  <testcase name="test_synthetic_05054" classname="com.example.SyntheticSuite" time="0.01"/>
  <testcase name="test_synthetic_05055" classname="com.example.SyntheticSuite" time="0.01"/>
  <testcase name="test_synthetic_05056" classname="com.example.SyntheticSuite" time="0.01"/>
  <testcase name="test_synthetic_05057" classname="com.example.SyntheticSuite" time="0.01"/>
  <testcase name="test_synthetic_05058" classname="com.example.SyntheticSuite" time="0.01"/>
  <testcase name="test_synthetic_05059" classname="com.example.SyntheticSuite" time="0.01"/>
  <testcase name="test_synthetic_05060" classname="com.example.SyntheticSuite" time="0.01"/>
  <testcase name="test_synthetic_05061" classname="com.example.SyntheticSuite" time="0.01"/>
  <testcase name="test_synthetic_05062" classname="com.example.SyntheticSuite" time="0.01"/>
  <testcase name="test_synthetic_05063" classname="com.example.SyntheticSuite" time="0.01"/>
  <testcase name="test_synthetic_05064" classname="com.example.SyntheticSuite" time="0.01"/>
  <testcase name="test_synthetic_05065" classname="com.example.SyntheticSuite" time="0.01"/>
  <testcase name="test_synthetic_05066" classname="com.example.SyntheticSuite" time="0.01"/>
  <testcase name="test_synthetic_05067" classname="com.example.SyntheticSuite" time="0.01"/>
  <testcase name="test_synthetic_05068" classname="com.example.SyntheticSuite" time="0.01"/>
  <testcase name="test_synthetic_05069" classname="com.example.SyntheticSuite" time="0.01"/>
  <testcase name="test_synthetic_05070" classname="com.example.SyntheticSuite" time="0.01"/>
  <testcase name="test_synthetic_05071" classname="com.example.SyntheticSuite" time="0.01"/>
  <testcase name="test_synthetic_05072" classname="com.example.SyntheticSuite" time="0.01"/>
  <testcase name="test_synthetic_05073" classname="com.example.SyntheticSuite" time="0.01"/>
  <testcase name="test_synthetic_05074" classname="com.example.SyntheticSuite" time="0.01"/>
  <testcase name="test_synthetic_05075" classname="com.example.SyntheticSuite" time="0.01"/>
  <testcase name="test_synthetic_05076" classname="com.example.SyntheticSuite" time="0.01"/>
  <testcase name="test_synthetic_05077" classname="com.example.SyntheticSuite" time="0.01"/>
  <testcase name="test_synthetic_05078" classname="com.example.SyntheticSuite" time="0.01"/>
  <testcase name="test_synthetic_05079" classname="com.example.SyntheticSuite" time="0.01"/>
  <testcase name="test_synthetic_05080" classname="com.example.SyntheticSuite" time="0.01"/>
  <testcase name="test_synthetic_05081" classname="com.example.SyntheticSuite" time="0.01"/>
  <testcase name="test_synthetic_05082" classname="com.example.SyntheticSuite" time="0.01"/>
  <testcase name="test_synthetic_05083" classname="com.example.SyntheticSuite" time="0.01"/>
  <testcase name="test_synthetic_05084" classname="com.example.SyntheticSuite" time="0.01"/>
  <testcase name="test_synthetic_05085" classname="com.example.SyntheticSuite" time="0.01"/>
  <testcase name="test_synthetic_05086" classname="com.example.SyntheticSuite" time="0.01"/>
  <testcase name="test_synthetic_05087" classname="com.example.SyntheticSuite" time="0.01"/>
  <testcase name="test_synthetic_05088" classname="com.example.SyntheticSuite" time="0.01"/>
  <testcase name="test_synthetic_05089" classname="com.example.SyntheticSuite" time="0.01"/>
  <testcase name="test_synthetic_05090" classname="com.example.SyntheticSuite" time="0.01"/>
  <testcase name="test_synthetic_05091" classname="com.example.SyntheticSuite" time="0.01"/>
  <testcase name="test_synthetic_05092" classname="com.example.SyntheticSuite" time="0.01"/>
  <testcase name="test_synthetic_05093" classname="com.example.SyntheticSuite" time="0.01"/>
  <testcase name="test_synthetic_05094" classname="com.example.SyntheticSuite" time="0.01"/>
  <testcase name="test_synthetic_05095" classname="com.example.SyntheticSuite" time="0.01"/>
  <testcase name="test_synthetic_05096" classname="com.example.SyntheticSuite" time="0.01"/>
  <testcase name="test_synthetic_05097" classname="com.example.SyntheticSuite" time="0.01"/>
  <testcase name="test_synthetic_05098" classname="com.example.SyntheticSuite" time="0.01"/>
  <testcase name="test_synthetic_05099" classname="com.example.SyntheticSuite" time="0.01"/>
  <testcase name="test_synthetic_05100" classname="com.example.SyntheticSuite" time="0.01">
    <failure message="Synthetic failure at 5100">Assertion failed at iteration 5100</failure>
  </testcase>
  <testcase name="test_synthetic_05101" classname="com.example.SyntheticSuite" time="0.01"/>
  <testcase name="test_synthetic_05102" classname="com.example.SyntheticSuite" time="0.01"/>
  <testcase name="test_synthetic_05103" classname="com.example.SyntheticSuite" time="0.01"/>
  <testcase name="test_synthetic_05104" classname="com.example.SyntheticSuite" time="0.01"/>
  <testcase name="test_synthetic_05105" classname="com.example.SyntheticSuite" time="0.01"/>
  <testcase name="test_synthetic_05106" classname="com.example.SyntheticSuite" time="0.01"/>
  <testcase name="test_synthetic_05107" classname="com.example.SyntheticSuite" time="0.01"/>
  <testcase name="test_synthetic_05108" classname="com.example.SyntheticSuite" time="0.01"/>
  <testcase name="test_synthetic_05109" classname="com.example.SyntheticSuite" time="0.01"/>
  <testcase name="test_synthetic_05110" classname="com.example.SyntheticSuite" time="0.01"/>
  <testcase name="test_synthetic_05111" classname="com.example.SyntheticSuite" time="0.01"/>
  <testcase name="test_synthetic_05112" classname="com.example.SyntheticSuite" time="0.01"/>
  <testcase name="test_synthetic_05113" classname="com.example.SyntheticSuite" time="0.01"/>
  <testcase name="test_synthetic_05114" classname="com.example.SyntheticSuite" time="0.01"/>
  <testcase name="test_synthetic_05115" classname="com.example.SyntheticSuite" time="0.01"/>
  <testcase name="test_synthetic_05116" classname="com.example.SyntheticSuite" time="0.01"/>
  <testcase name="test_synthetic_05117" classname="com.example.SyntheticSuite" time="0.01"/>
  <testcase name="test_synthetic_05118" classname="com.example.SyntheticSuite" time="0.01"/>
  <testcase name="test_synthetic_05119" classname="com.example.SyntheticSuite" time="0.01"/>
  <testcase name="test_synthetic_05120" classname="com.example.SyntheticSuite" time="0.01"/>
  <testcase name="test_synthetic_05121" classname="com.example.SyntheticSuite" time="0.01"/>
  <testcase name="test_synthetic_05122" classname="com.example.SyntheticSuite" time="0.01"/>
  <testcase name="test_synthetic_05123" classname="com.example.SyntheticSuite" time="0.01"/>
  <testcase name="test_synthetic_05124" classname="com.example.SyntheticSuite" time="0.01"/>
  <testcase name="test_synthetic_05125" classname="com.example.SyntheticSuite" time="0.01"/>
  <testcase name="test_synthetic_05126" classname="com.example.SyntheticSuite" time="0.01"/>
  <testcase name="test_synthetic_05127" classname="com.example.SyntheticSuite" time="0.01"/>
  <testcase name="test_synthetic_05128" classname="com.example.SyntheticSuite" time="0.01"/>
  <testcase name="test_synthetic_05129" classname="com.example.SyntheticSuite" time="0.01"/>
  <testcase name="test_synthetic_05130" classname="com.example.SyntheticSuite" time="0.01"/>
  <testcase name="test_synthetic_05131" classname="com.example.SyntheticSuite" time="0.01"/>
  <testcase name="test_synthetic_05132" classname="com.example.SyntheticSuite" time="0.01"/>
  <testcase name="test_synthetic_05133" classname="com.example.SyntheticSuite" time="0.01"/>
  <testcase name="test_synthetic_05134" classname="com.example.SyntheticSuite" time="0.01"/>
  <testcase name="test_synthetic_05135" classname="com.example.SyntheticSuite" time="0.01"/>
  <testcase name="test_synthetic_05136" classname="com.example.SyntheticSuite" time="0.01"/>
  <testcase name="test_synthetic_05137" classname="com.example.SyntheticSuite" time="0.01"/>
  <testcase name="test_synthetic_05138" classname="com.example.SyntheticSuite" time="0.01"/>
  <testcase name="test_synthetic_05139" classname="com.example.SyntheticSuite" time="0.01"/>
  <testcase name="test_synthetic_05140" classname="com.example.SyntheticSuite" time="0.01"/>
  <testcase name="test_synthetic_05141" classname="com.example.SyntheticSuite" time="0.01"/>
  <testcase name="test_synthetic_05142" classname="com.example.SyntheticSuite" time="0.01"/>
  <testcase name="test_synthetic_05143" classname="com.example.SyntheticSuite" time="0.01"/>
  <testcase name="test_synthetic_05144" classname="com.example.SyntheticSuite" time="0.01"/>
  <testcase name="test_synthetic_05145" classname="com.example.SyntheticSuite" time="0.01"/>
  <testcase name="test_synthetic_05146" classname="com.example.SyntheticSuite" time="0.01"/>
  <testcase name="test_synthetic_05147" classname="com.example.SyntheticSuite" time="0.01"/>
  <testcase name="test_synthetic_05148" classname="com.example.SyntheticSuite" time="0.01"/>
  <testcase name="test_synthetic_05149" classname="com.example.SyntheticSuite" time="0.01"/>
  <testcase name="test_synthetic_05150" classname="com.example.SyntheticSuite" time="0.01"/>
  <testcase name="test_synthetic_05151" classname="com.example.SyntheticSuite" time="0.01"/>
  <testcase name="test_synthetic_05152" classname="com.example.SyntheticSuite" time="0.01"/>
  <testcase name="test_synthetic_05153" classname="com.example.SyntheticSuite" time="0.01"/>
  <testcase name="test_synthetic_05154" classname="com.example.SyntheticSuite" time="0.01"/>
  <testcase name="test_synthetic_05155" classname="com.example.SyntheticSuite" time="0.01"/>
  <testcase name="test_synthetic_05156" classname="com.example.SyntheticSuite" time="0.01"/>
  <testcase name="test_synthetic_05157" classname="com.example.SyntheticSuite" time="0.01"/>
  <testcase name="test_synthetic_05158" classname="com.example.SyntheticSuite" time="0.01"/>
  <testcase name="test_synthetic_05159" classname="com.example.SyntheticSuite" time="0.01"/>
  <testcase name="test_synthetic_05160" classname="com.example.SyntheticSuite" time="0.01"/>
  <testcase name="test_synthetic_05161" classname="com.example.SyntheticSuite" time="0.01"/>
  <testcase name="test_synthetic_05162" classname="com.example.SyntheticSuite" time="0.01"/>
  <testcase name="test_synthetic_05163" classname="com.example.SyntheticSuite" time="0.01"/>
  <testcase name="test_synthetic_05164" classname="com.example.SyntheticSuite" time="0.01"/>
  <testcase name="test_synthetic_05165" classname="com.example.SyntheticSuite" time="0.01"/>
  <testcase name="test_synthetic_05166" classname="com.example.SyntheticSuite" time="0.01"/>
  <testcase name="test_synthetic_05167" classname="com.example.SyntheticSuite" time="0.01"/>
  <testcase name="test_synthetic_05168" classname="com.example.SyntheticSuite" time="0.01"/>
  <testcase name="test_synthetic_05169" classname="com.example.SyntheticSuite" time="0.01"/>
  <testcase name="test_synthetic_05170" classname="com.example.SyntheticSuite" time="0.01"/>
  <testcase name="test_synthetic_05171" classname="com.example.SyntheticSuite" time="0.01"/>
  <testcase name="test_synthetic_05172" classname="com.example.SyntheticSuite" time="0.01"/>
  <testcase name="test_synthetic_05173" classname="com.example.SyntheticSuite" time="0.01"/>
  <testcase name="test_synthetic_05174" classname="com.example.SyntheticSuite" time="0.01"/>
  <testcase name="test_synthetic_05175" classname="com.example.SyntheticSuite" time="0.01"/>
  <testcase name="test_synthetic_05176" classname="com.example.SyntheticSuite" time="0.01"/>
  <testcase name="test_synthetic_05177" classname="com.example.SyntheticSuite" time="0.01"/>
  <testcase name="test_synthetic_05178" classname="com.example.SyntheticSuite" time="0.01"/>
  <testcase name="test_synthetic_05179" classname="com.example.SyntheticSuite" time="0.01"/>
  <testcase name="test_synthetic_05180" classname="com.example.SyntheticSuite" time="0.01"/>
  <testcase name="test_synthetic_05181" classname="com.example.SyntheticSuite" time="0.01"/>
  <testcase name="test_synthetic_05182" classname="com.example.SyntheticSuite" time="0.01"/>
  <testcase name="test_synthetic_05183" classname="com.example.SyntheticSuite" time="0.01"/>
  <testcase name="test_synthetic_05184" classname="com.example.SyntheticSuite" time="0.01"/>
  <testcase name="test_synthetic_05185" classname="com.example.SyntheticSuite" time="0.01"/>
  <testcase name="test_synthetic_05186" classname="com.example.SyntheticSuite" time="0.01"/>
  <testcase name="test_synthetic_05187" classname="com.example.SyntheticSuite" time="0.01"/>
  <testcase name="test_synthetic_05188" classname="com.example.SyntheticSuite" time="0.01"/>
  <testcase name="test_synthetic_05189" classname="com.example.SyntheticSuite" time="0.01"/>
  <testcase name="test_synthetic_05190" classname="com.example.SyntheticSuite" time="0.01"/>
  <testcase name="test_synthetic_05191" classname="com.example.SyntheticSuite" time="0.01"/>
  <testcase name="test_synthetic_05192" classname="com.example.SyntheticSuite" time="0.01"/>
  <testcase name="test_synthetic_05193" classname="com.example.SyntheticSuite" time="0.01"/>
  <testcase name="test_synthetic_05194" classname="com.example.SyntheticSuite" time="0.01"/>
  <testcase name="test_synthetic_05195" classname="com.example.SyntheticSuite" time="0.01"/>
  <testcase name="test_synthetic_05196" classname="com.example.SyntheticSuite" time="0.01"/>
  <testcase name="test_synthetic_05197" classname="com.example.SyntheticSuite" time="0.01"/>
  <testcase name="test_synthetic_05198" classname="com.example.SyntheticSuite" time="0.01"/>
  <testcase name="test_synthetic_05199" classname="com.example.SyntheticSuite" time="0.01"/>
  <testcase name="test_synthetic_05200" classname="com.example.SyntheticSuite" time="0.01">
    <failure message="Synthetic failure at 5200">Assertion failed at iteration 5200</failure>
  </testcase>
  <testcase name="test_synthetic_05201" classname="com.example.SyntheticSuite" time="0.01"/>
  <testcase name="test_synthetic_05202" classname="com.example.SyntheticSuite" time="0.01"/>
  <testcase name="test_synthetic_05203" classname="com.example.SyntheticSuite" time="0.01"/>
  <testcase name="test_synthetic_05204" classname="com.example.SyntheticSuite" time="0.01"/>
  <testcase name="test_synthetic_05205" classname="com.example.SyntheticSuite" time="0.01"/>
  <testcase name="test_synthetic_05206" classname="com.example.SyntheticSuite" time="0.01"/>
  <testcase name="test_synthetic_05207" classname="com.example.SyntheticSuite" time="0.01"/>
  <testcase name="test_synthetic_05208" classname="com.example.SyntheticSuite" time="0.01"/>
  <testcase name="test_synthetic_05209" classname="com.example.SyntheticSuite" time="0.01"/>
  <testcase name="test_synthetic_05210" classname="com.example.SyntheticSuite" time="0.01"/>
  <testcase name="test_synthetic_05211" classname="com.example.SyntheticSuite" time="0.01"/>
  <testcase name="test_synthetic_05212" classname="com.example.SyntheticSuite" time="0.01"/>
  <testcase name="test_synthetic_05213" classname="com.example.SyntheticSuite" time="0.01"/>
  <testcase name="test_synthetic_05214" classname="com.example.SyntheticSuite" time="0.01"/>
  <testcase name="test_synthetic_05215" classname="com.example.SyntheticSuite" time="0.01"/>
  <testcase name="test_synthetic_05216" classname="com.example.SyntheticSuite" time="0.01"/>
  <testcase name="test_synthetic_05217" classname="com.example.SyntheticSuite" time="0.01"/>
  <testcase name="test_synthetic_05218" classname="com.example.SyntheticSuite" time="0.01"/>
  <testcase name="test_synthetic_05219" classname="com.example.SyntheticSuite" time="0.01"/>
  <testcase name="test_synthetic_05220" classname="com.example.SyntheticSuite" time="0.01"/>
  <testcase name="test_synthetic_05221" classname="com.example.SyntheticSuite" time="0.01"/>
  <testcase name="test_synthetic_05222" classname="com.example.SyntheticSuite" time="0.01"/>
  <testcase name="test_synthetic_05223" classname="com.example.SyntheticSuite" time="0.01"/>
  <testcase name="test_synthetic_05224" classname="com.example.SyntheticSuite" time="0.01"/>
  <testcase name="test_synthetic_05225" classname="com.example.SyntheticSuite" time="0.01"/>
  <testcase name="test_synthetic_05226" classname="com.example.SyntheticSuite" time="0.01"/>
  <testcase name="test_synthetic_05227" classname="com.example.SyntheticSuite" time="0.01"/>
  <testcase name="test_synthetic_05228" classname="com.example.SyntheticSuite" time="0.01"/>
  <testcase name="test_synthetic_05229" classname="com.example.SyntheticSuite" time="0.01"/>
  <testcase name="test_synthetic_05230" classname="com.example.SyntheticSuite" time="0.01"/>
  <testcase name="test_synthetic_05231" classname="com.example.SyntheticSuite" time="0.01"/>
  <testcase name="test_synthetic_05232" classname="com.example.SyntheticSuite" time="0.01"/>
  <testcase name="test_synthetic_05233" classname="com.example.SyntheticSuite" time="0.01"/>
  <testcase name="test_synthetic_05234" classname="com.example.SyntheticSuite" time="0.01"/>
  <testcase name="test_synthetic_05235" classname="com.example.SyntheticSuite" time="0.01"/>
  <testcase name="test_synthetic_05236" classname="com.example.SyntheticSuite" time="0.01"/>
  <testcase name="test_synthetic_05237" classname="com.example.SyntheticSuite" time="0.01"/>
  <testcase name="test_synthetic_05238" classname="com.example.SyntheticSuite" time="0.01"/>
  <testcase name="test_synthetic_05239" classname="com.example.SyntheticSuite" time="0.01"/>
  <testcase name="test_synthetic_05240" classname="com.example.SyntheticSuite" time="0.01"/>
  <testcase name="test_synthetic_05241" classname="com.example.SyntheticSuite" time="0.01"/>
  <testcase name="test_synthetic_05242" classname="com.example.SyntheticSuite" time="0.01"/>
  <testcase name="test_synthetic_05243" classname="com.example.SyntheticSuite" time="0.01"/>
  <testcase name="test_synthetic_05244" classname="com.example.SyntheticSuite" time="0.01"/>
  <testcase name="test_synthetic_05245" classname="com.example.SyntheticSuite" time="0.01"/>
  <testcase name="test_synthetic_05246" classname="com.example.SyntheticSuite" time="0.01"/>
  <testcase name="test_synthetic_05247" classname="com.example.SyntheticSuite" time="0.01"/>
  <testcase name="test_synthetic_05248" classname="com.example.SyntheticSuite" time="0.01"/>
  <testcase name="test_synthetic_05249" classname="com.example.SyntheticSuite" time="0.01"/>
  <testcase name="test_synthetic_05250" classname="com.example.SyntheticSuite" time="0.01"/>
  <testcase name="test_synthetic_05251" classname="com.example.SyntheticSuite" time="0.01"/>
  <testcase name="test_synthetic_05252" classname="com.example.SyntheticSuite" time="0.01"/>
  <testcase name="test_synthetic_05253" classname="com.example.SyntheticSuite" time="0.01"/>
  <testcase name="test_synthetic_05254" classname="com.example.SyntheticSuite" time="0.01"/>
  <testcase name="test_synthetic_05255" classname="com.example.SyntheticSuite" time="0.01"/>
  <testcase name="test_synthetic_05256" classname="com.example.SyntheticSuite" time="0.01"/>
  <testcase name="test_synthetic_05257" classname="com.example.SyntheticSuite" time="0.01"/>
  <testcase name="test_synthetic_05258" classname="com.example.SyntheticSuite" time="0.01"/>
  <testcase name="test_synthetic_05259" classname="com.example.SyntheticSuite" time="0.01"/>
  <testcase name="test_synthetic_05260" classname="com.example.SyntheticSuite" time="0.01"/>
  <testcase name="test_synthetic_05261" classname="com.example.SyntheticSuite" time="0.01"/>
  <testcase name="test_synthetic_05262" classname="com.example.SyntheticSuite" time="0.01"/>
  <testcase name="test_synthetic_05263" classname="com.example.SyntheticSuite" time="0.01"/>
  <testcase name="test_synthetic_05264" classname="com.example.SyntheticSuite" time="0.01"/>
  <testcase name="test_synthetic_05265" classname="com.example.SyntheticSuite" time="0.01"/>
  <testcase name="test_synthetic_05266" classname="com.example.SyntheticSuite" time="0.01"/>
  <testcase name="test_synthetic_05267" classname="com.example.SyntheticSuite" time="0.01"/>
  <testcase name="test_synthetic_05268" classname="com.example.SyntheticSuite" time="0.01"/>
  <testcase name="test_synthetic_05269" classname="com.example.SyntheticSuite" time="0.01"/>
  <testcase name="test_synthetic_05270" classname="com.example.SyntheticSuite" time="0.01"/>
  <testcase name="test_synthetic_05271" classname="com.example.SyntheticSuite" time="0.01"/>
  <testcase name="test_synthetic_05272" classname="com.example.SyntheticSuite" time="0.01"/>
  <testcase name="test_synthetic_05273" classname="com.example.SyntheticSuite" time="0.01"/>
  <testcase name="test_synthetic_05274" classname="com.example.SyntheticSuite" time="0.01"/>
  <testcase name="test_synthetic_05275" classname="com.example.SyntheticSuite" time="0.01"/>
  <testcase name="test_synthetic_05276" classname="com.example.SyntheticSuite" time="0.01"/>
  <testcase name="test_synthetic_05277" classname="com.example.SyntheticSuite" time="0.01"/>
  <testcase name="test_synthetic_05278" classname="com.example.SyntheticSuite" time="0.01"/>
  <testcase name="test_synthetic_05279" classname="com.example.SyntheticSuite" time="0.01"/>
  <testcase name="test_synthetic_05280" classname="com.example.SyntheticSuite" time="0.01"/>
  <testcase name="test_synthetic_05281" classname="com.example.SyntheticSuite" time="0.01"/>
  <testcase name="test_synthetic_05282" classname="com.example.SyntheticSuite" time="0.01"/>
  <testcase name="test_synthetic_05283" classname="com.example.SyntheticSuite" time="0.01"/>
  <testcase name="test_synthetic_05284" classname="com.example.SyntheticSuite" time="0.01"/>
  <testcase name="test_synthetic_05285" classname="com.example.SyntheticSuite" time="0.01"/>
  <testcase name="test_synthetic_05286" classname="com.example.SyntheticSuite" time="0.01"/>
  <testcase name="test_synthetic_05287" classname="com.example.SyntheticSuite" time="0.01"/>
  <testcase name="test_synthetic_05288" classname="com.example.SyntheticSuite" time="0.01"/>
  <testcase name="test_synthetic_05289" classname="com.example.SyntheticSuite" time="0.01"/>
  <testcase name="test_synthetic_05290" classname="com.example.SyntheticSuite" time="0.01"/>
  <testcase name="test_synthetic_05291" classname="com.example.SyntheticSuite" time="0.01"/>
  <testcase name="test_synthetic_05292" classname="com.example.SyntheticSuite" time="0.01"/>
  <testcase name="test_synthetic_05293" classname="com.example.SyntheticSuite" time="0.01"/>
  <testcase name="test_synthetic_05294" classname="com.example.SyntheticSuite" time="0.01"/>
  <testcase name="test_synthetic_05295" classname="com.example.SyntheticSuite" time="0.01"/>
  <testcase name="test_synthetic_05296" classname="com.example.SyntheticSuite" time="0.01"/>
  <testcase name="test_synthetic_05297" classname="com.example.SyntheticSuite" time="0.01"/>
  <testcase name="test_synthetic_05298" classname="com.example.SyntheticSuite" time="0.01"/>
  <testcase name="test_synthetic_05299" classname="com.example.SyntheticSuite" time="0.01"/>
  <testcase name="test_synthetic_05300" classname="com.example.SyntheticSuite" time="0.01">
    <failure message="Synthetic failure at 5300">Assertion failed at iteration 5300</failure>
  </testcase>
  <testcase name="test_synthetic_05301" classname="com.example.SyntheticSuite" time="0.01"/>
  <testcase name="test_synthetic_05302" classname="com.example.SyntheticSuite" time="0.01"/>
  <testcase name="test_synthetic_05303" classname="com.example.SyntheticSuite" time="0.01"/>
  <testcase name="test_synthetic_05304" classname="com.example.SyntheticSuite" time="0.01"/>
  <testcase name="test_synthetic_05305" classname="com.example.SyntheticSuite" time="0.01"/>
  <testcase name="test_synthetic_05306" classname="com.example.SyntheticSuite" time="0.01"/>
  <testcase name="test_synthetic_05307" classname="com.example.SyntheticSuite" time="0.01"/>
  <testcase name="test_synthetic_05308" classname="com.example.SyntheticSuite" time="0.01"/>
  <testcase name="test_synthetic_05309" classname="com.example.SyntheticSuite" time="0.01"/>
  <testcase name="test_synthetic_05310" classname="com.example.SyntheticSuite" time="0.01"/>
  <testcase name="test_synthetic_05311" classname="com.example.SyntheticSuite" time="0.01"/>
  <testcase name="test_synthetic_05312" classname="com.example.SyntheticSuite" time="0.01"/>
  <testcase name="test_synthetic_05313" classname="com.example.SyntheticSuite" time="0.01"/>
  <testcase name="test_synthetic_05314" classname="com.example.SyntheticSuite" time="0.01"/>
  <testcase name="test_synthetic_05315" classname="com.example.SyntheticSuite" time="0.01"/>
  <testcase name="test_synthetic_05316" classname="com.example.SyntheticSuite" time="0.01"/>
  <testcase name="test_synthetic_05317" classname="com.example.SyntheticSuite" time="0.01"/>
  <testcase name="test_synthetic_05318" classname="com.example.SyntheticSuite" time="0.01"/>
  <testcase name="test_synthetic_05319" classname="com.example.SyntheticSuite" time="0.01"/>
  <testcase name="test_synthetic_05320" classname="com.example.SyntheticSuite" time="0.01"/>
  <testcase name="test_synthetic_05321" classname="com.example.SyntheticSuite" time="0.01"/>
  <testcase name="test_synthetic_05322" classname="com.example.SyntheticSuite" time="0.01"/>
  <testcase name="test_synthetic_05323" classname="com.example.SyntheticSuite" time="0.01"/>
  <testcase name="test_synthetic_05324" classname="com.example.SyntheticSuite" time="0.01"/>
  <testcase name="test_synthetic_05325" classname="com.example.SyntheticSuite" time="0.01"/>
  <testcase name="test_synthetic_05326" classname="com.example.SyntheticSuite" time="0.01"/>
  <testcase name="test_synthetic_05327" classname="com.example.SyntheticSuite" time="0.01"/>
  <testcase name="test_synthetic_05328" classname="com.example.SyntheticSuite" time="0.01"/>
  <testcase name="test_synthetic_05329" classname="com.example.SyntheticSuite" time="0.01"/>
  <testcase name="test_synthetic_05330" classname="com.example.SyntheticSuite" time="0.01"/>
  <testcase name="test_synthetic_05331" classname="com.example.SyntheticSuite" time="0.01"/>
  <testcase name="test_synthetic_05332" classname="com.example.SyntheticSuite" time="0.01"/>
  <testcase name="test_synthetic_05333" classname="com.example.SyntheticSuite" time="0.01"/>
  <testcase name="test_synthetic_05334" classname="com.example.SyntheticSuite" time="0.01"/>
  <testcase name="test_synthetic_05335" classname="com.example.SyntheticSuite" time="0.01"/>
  <testcase name="test_synthetic_05336" classname="com.example.SyntheticSuite" time="0.01"/>
  <testcase name="test_synthetic_05337" classname="com.example.SyntheticSuite" time="0.01"/>
  <testcase name="test_synthetic_05338" classname="com.example.SyntheticSuite" time="0.01"/>
  <testcase name="test_synthetic_05339" classname="com.example.SyntheticSuite" time="0.01"/>
  <testcase name="test_synthetic_05340" classname="com.example.SyntheticSuite" time="0.01"/>
  <testcase name="test_synthetic_05341" classname="com.example.SyntheticSuite" time="0.01"/>
  <testcase name="test_synthetic_05342" classname="com.example.SyntheticSuite" time="0.01"/>
  <testcase name="test_synthetic_05343" classname="com.example.SyntheticSuite" time="0.01"/>
  <testcase name="test_synthetic_05344" classname="com.example.SyntheticSuite" time="0.01"/>
  <testcase name="test_synthetic_05345" classname="com.example.SyntheticSuite" time="0.01"/>
  <testcase name="test_synthetic_05346" classname="com.example.SyntheticSuite" time="0.01"/>
  <testcase name="test_synthetic_05347" classname="com.example.SyntheticSuite" time="0.01"/>
  <testcase name="test_synthetic_05348" classname="com.example.SyntheticSuite" time="0.01"/>
  <testcase name="test_synthetic_05349" classname="com.example.SyntheticSuite" time="0.01"/>
  <testcase name="test_synthetic_05350" classname="com.example.SyntheticSuite" time="0.01"/>
  <testcase name="test_synthetic_05351" classname="com.example.SyntheticSuite" time="0.01"/>
  <testcase name="test_synthetic_05352" classname="com.example.SyntheticSuite" time="0.01"/>
  <testcase name="test_synthetic_05353" classname="com.example.SyntheticSuite" time="0.01"/>
  <testcase name="test_synthetic_05354" classname="com.example.SyntheticSuite" time="0.01"/>
  <testcase name="test_synthetic_05355" classname="com.example.SyntheticSuite" time="0.01"/>
  <testcase name="test_synthetic_05356" classname="com.example.SyntheticSuite" time="0.01"/>
  <testcase name="test_synthetic_05357" classname="com.example.SyntheticSuite" time="0.01"/>
  <testcase name="test_synthetic_05358" classname="com.example.SyntheticSuite" time="0.01"/>
  <testcase name="test_synthetic_05359" classname="com.example.SyntheticSuite" time="0.01"/>
  <testcase name="test_synthetic_05360" classname="com.example.SyntheticSuite" time="0.01"/>
  <testcase name="test_synthetic_05361" classname="com.example.SyntheticSuite" time="0.01"/>
  <testcase name="test_synthetic_05362" classname="com.example.SyntheticSuite" time="0.01"/>
  <testcase name="test_synthetic_05363" classname="com.example.SyntheticSuite" time="0.01"/>
  <testcase name="test_synthetic_05364" classname="com.example.SyntheticSuite" time="0.01"/>
  <testcase name="test_synthetic_05365" classname="com.example.SyntheticSuite" time="0.01"/>
  <testcase name="test_synthetic_05366" classname="com.example.SyntheticSuite" time="0.01"/>
  <testcase name="test_synthetic_05367" classname="com.example.SyntheticSuite" time="0.01"/>
  <testcase name="test_synthetic_05368" classname="com.example.SyntheticSuite" time="0.01"/>
  <testcase name="test_synthetic_05369" classname="com.example.SyntheticSuite" time="0.01"/>
  <testcase name="test_synthetic_05370" classname="com.example.SyntheticSuite" time="0.01"/>
  <testcase name="test_synthetic_05371" classname="com.example.SyntheticSuite" time="0.01"/>
  <testcase name="test_synthetic_05372" classname="com.example.SyntheticSuite" time="0.01"/>
  <testcase name="test_synthetic_05373" classname="com.example.SyntheticSuite" time="0.01"/>
  <testcase name="test_synthetic_05374" classname="com.example.SyntheticSuite" time="0.01"/>
  <testcase name="test_synthetic_05375" classname="com.example.SyntheticSuite" time="0.01"/>
  <testcase name="test_synthetic_05376" classname="com.example.SyntheticSuite" time="0.01"/>
  <testcase name="test_synthetic_05377" classname="com.example.SyntheticSuite" time="0.01"/>
  <testcase name="test_synthetic_05378" classname="com.example.SyntheticSuite" time="0.01"/>
  <testcase name="test_synthetic_05379" classname="com.example.SyntheticSuite" time="0.01"/>
  <testcase name="test_synthetic_05380" classname="com.example.SyntheticSuite" time="0.01"/>
  <testcase name="test_synthetic_05381" classname="com.example.SyntheticSuite" time="0.01"/>
  <testcase name="test_synthetic_05382" classname="com.example.SyntheticSuite" time="0.01"/>
  <testcase name="test_synthetic_05383" classname="com.example.SyntheticSuite" time="0.01"/>
  <testcase name="test_synthetic_05384" classname="com.example.SyntheticSuite" time="0.01"/>
  <testcase name="test_synthetic_05385" classname="com.example.SyntheticSuite" time="0.01"/>
  <testcase name="test_synthetic_05386" classname="com.example.SyntheticSuite" time="0.01"/>
  <testcase name="test_synthetic_05387" classname="com.example.SyntheticSuite" time="0.01"/>
  <testcase name="test_synthetic_05388" classname="com.example.SyntheticSuite" time="0.01"/>
  <testcase name="test_synthetic_05389" classname="com.example.SyntheticSuite" time="0.01"/>
  <testcase name="test_synthetic_05390" classname="com.example.SyntheticSuite" time="0.01"/>
  <testcase name="test_synthetic_05391" classname="com.example.SyntheticSuite" time="0.01"/>
  <testcase name="test_synthetic_05392" classname="com.example.SyntheticSuite" time="0.01"/>
  <testcase name="test_synthetic_05393" classname="com.example.SyntheticSuite" time="0.01"/>
  <testcase name="test_synthetic_05394" classname="com.example.SyntheticSuite" time="0.01"/>
  <testcase name="test_synthetic_05395" classname="com.example.SyntheticSuite" time="0.01"/>
  <testcase name="test_synthetic_05396" classname="com.example.SyntheticSuite" time="0.01"/>
  <testcase name="test_synthetic_05397" classname="com.example.SyntheticSuite" time="0.01"/>
  <testcase name="test_synthetic_05398" classname="com.example.SyntheticSuite" time="0.01"/>
  <testcase name="test_synthetic_05399" classname="com.example.SyntheticSuite" time="0.01"/>
  <testcase name="test_synthetic_05400" classname="com.example.SyntheticSuite" time="0.01">
    <failure message="Synthetic failure at 5400">Assertion failed at iteration 5400</failure>
  </testcase>
  <testcase name="test_synthetic_05401" classname="com.example.SyntheticSuite" time="0.01"/>
  <testcase name="test_synthetic_05402" classname="com.example.SyntheticSuite" time="0.01"/>
  <testcase name="test_synthetic_05403" classname="com.example.SyntheticSuite" time="0.01"/>
  <testcase name="test_synthetic_05404" classname="com.example.SyntheticSuite" time="0.01"/>
  <testcase name="test_synthetic_05405" classname="com.example.SyntheticSuite" time="0.01"/>
  <testcase name="test_synthetic_05406" classname="com.example.SyntheticSuite" time="0.01"/>
  <testcase name="test_synthetic_05407" classname="com.example.SyntheticSuite" time="0.01"/>
  <testcase name="test_synthetic_05408" classname="com.example.SyntheticSuite" time="0.01"/>
  <testcase name="test_synthetic_05409" classname="com.example.SyntheticSuite" time="0.01"/>
  <testcase name="test_synthetic_05410" classname="com.example.SyntheticSuite" time="0.01"/>
  <testcase name="test_synthetic_05411" classname="com.example.SyntheticSuite" time="0.01"/>
  <testcase name="test_synthetic_05412" classname="com.example.SyntheticSuite" time="0.01"/>
  <testcase name="test_synthetic_05413" classname="com.example.SyntheticSuite" time="0.01"/>
  <testcase name="test_synthetic_05414" classname="com.example.SyntheticSuite" time="0.01"/>
  <testcase name="test_synthetic_05415" classname="com.example.SyntheticSuite" time="0.01"/>
  <testcase name="test_synthetic_05416" classname="com.example.SyntheticSuite" time="0.01"/>
  <testcase name="test_synthetic_05417" classname="com.example.SyntheticSuite" time="0.01"/>
  <testcase name="test_synthetic_05418" classname="com.example.SyntheticSuite" time="0.01"/>
  <testcase name="test_synthetic_05419" classname="com.example.SyntheticSuite" time="0.01"/>
  <testcase name="test_synthetic_05420" classname="com.example.SyntheticSuite" time="0.01"/>
  <testcase name="test_synthetic_05421" classname="com.example.SyntheticSuite" time="0.01"/>
  <testcase name="test_synthetic_05422" classname="com.example.SyntheticSuite" time="0.01"/>
  <testcase name="test_synthetic_05423" classname="com.example.SyntheticSuite" time="0.01"/>
  <testcase name="test_synthetic_05424" classname="com.example.SyntheticSuite" time="0.01"/>
  <testcase name="test_synthetic_05425" classname="com.example.SyntheticSuite" time="0.01"/>
  <testcase name="test_synthetic_05426" classname="com.example.SyntheticSuite" time="0.01"/>
  <testcase name="test_synthetic_05427" classname="com.example.SyntheticSuite" time="0.01"/>
  <testcase name="test_synthetic_05428" classname="com.example.SyntheticSuite" time="0.01"/>
  <testcase name="test_synthetic_05429" classname="com.example.SyntheticSuite" time="0.01"/>
  <testcase name="test_synthetic_05430" classname="com.example.SyntheticSuite" time="0.01"/>
  <testcase name="test_synthetic_05431" classname="com.example.SyntheticSuite" time="0.01"/>
  <testcase name="test_synthetic_05432" classname="com.example.SyntheticSuite" time="0.01"/>
  <testcase name="test_synthetic_05433" classname="com.example.SyntheticSuite" time="0.01"/>
  <testcase name="test_synthetic_05434" classname="com.example.SyntheticSuite" time="0.01"/>
  <testcase name="test_synthetic_05435" classname="com.example.SyntheticSuite" time="0.01"/>
  <testcase name="test_synthetic_05436" classname="com.example.SyntheticSuite" time="0.01"/>
  <testcase name="test_synthetic_05437" classname="com.example.SyntheticSuite" time="0.01"/>
  <testcase name="test_synthetic_05438" classname="com.example.SyntheticSuite" time="0.01"/>
  <testcase name="test_synthetic_05439" classname="com.example.SyntheticSuite" time="0.01"/>
  <testcase name="test_synthetic_05440" classname="com.example.SyntheticSuite" time="0.01"/>
  <testcase name="test_synthetic_05441" classname="com.example.SyntheticSuite" time="0.01"/>
  <testcase name="test_synthetic_05442" classname="com.example.SyntheticSuite" time="0.01"/>
  <testcase name="test_synthetic_05443" classname="com.example.SyntheticSuite" time="0.01"/>
  <testcase name="test_synthetic_05444" classname="com.example.SyntheticSuite" time="0.01"/>
  <testcase name="test_synthetic_05445" classname="com.example.SyntheticSuite" time="0.01"/>
  <testcase name="test_synthetic_05446" classname="com.example.SyntheticSuite" time="0.01"/>
  <testcase name="test_synthetic_05447" classname="com.example.SyntheticSuite" time="0.01"/>
  <testcase name="test_synthetic_05448" classname="com.example.SyntheticSuite" time="0.01"/>
  <testcase name="test_synthetic_05449" classname="com.example.SyntheticSuite" time="0.01"/>
  <testcase name="test_synthetic_05450" classname="com.example.SyntheticSuite" time="0.01"/>
  <testcase name="test_synthetic_05451" classname="com.example.SyntheticSuite" time="0.01"/>
  <testcase name="test_synthetic_05452" classname="com.example.SyntheticSuite" time="0.01"/>
  <testcase name="test_synthetic_05453" classname="com.example.SyntheticSuite" time="0.01"/>
  <testcase name="test_synthetic_05454" classname="com.example.SyntheticSuite" time="0.01"/>
  <testcase name="test_synthetic_05455" classname="com.example.SyntheticSuite" time="0.01"/>
  <testcase name="test_synthetic_05456" classname="com.example.SyntheticSuite" time="0.01"/>
  <testcase name="test_synthetic_05457" classname="com.example.SyntheticSuite" time="0.01"/>
  <testcase name="test_synthetic_05458" classname="com.example.SyntheticSuite" time="0.01"/>
  <testcase name="test_synthetic_05459" classname="com.example.SyntheticSuite" time="0.01"/>
  <testcase name="test_synthetic_05460" classname="com.example.SyntheticSuite" time="0.01"/>
  <testcase name="test_synthetic_05461" classname="com.example.SyntheticSuite" time="0.01"/>
  <testcase name="test_synthetic_05462" classname="com.example.SyntheticSuite" time="0.01"/>
  <testcase name="test_synthetic_05463" classname="com.example.SyntheticSuite" time="0.01"/>
  <testcase name="test_synthetic_05464" classname="com.example.SyntheticSuite" time="0.01"/>
  <testcase name="test_synthetic_05465" classname="com.example.SyntheticSuite" time="0.01"/>
  <testcase name="test_synthetic_05466" classname="com.example.SyntheticSuite" time="0.01"/>
  <testcase name="test_synthetic_05467" classname="com.example.SyntheticSuite" time="0.01"/>
  <testcase name="test_synthetic_05468" classname="com.example.SyntheticSuite" time="0.01"/>
  <testcase name="test_synthetic_05469" classname="com.example.SyntheticSuite" time="0.01"/>
  <testcase name="test_synthetic_05470" classname="com.example.SyntheticSuite" time="0.01"/>
  <testcase name="test_synthetic_05471" classname="com.example.SyntheticSuite" time="0.01"/>
  <testcase name="test_synthetic_05472" classname="com.example.SyntheticSuite" time="0.01"/>
  <testcase name="test_synthetic_05473" classname="com.example.SyntheticSuite" time="0.01"/>
  <testcase name="test_synthetic_05474" classname="com.example.SyntheticSuite" time="0.01"/>
  <testcase name="test_synthetic_05475" classname="com.example.SyntheticSuite" time="0.01"/>
  <testcase name="test_synthetic_05476" classname="com.example.SyntheticSuite" time="0.01"/>
  <testcase name="test_synthetic_05477" classname="com.example.SyntheticSuite" time="0.01"/>
  <testcase name="test_synthetic_05478" classname="com.example.SyntheticSuite" time="0.01"/>
  <testcase name="test_synthetic_05479" classname="com.example.SyntheticSuite" time="0.01"/>
  <testcase name="test_synthetic_05480" classname="com.example.SyntheticSuite" time="0.01"/>
  <testcase name="test_synthetic_05481" classname="com.example.SyntheticSuite" time="0.01"/>
  <testcase name="test_synthetic_05482" classname="com.example.SyntheticSuite" time="0.01"/>
  <testcase name="test_synthetic_05483" classname="com.example.SyntheticSuite" time="0.01"/>
  <testcase name="test_synthetic_05484" classname="com.example.SyntheticSuite" time="0.01"/>
  <testcase name="test_synthetic_05485" classname="com.example.SyntheticSuite" time="0.01"/>
  <testcase name="test_synthetic_05486" classname="com.example.SyntheticSuite" time="0.01"/>
  <testcase name="test_synthetic_05487" classname="com.example.SyntheticSuite" time="0.01"/>
  <testcase name="test_synthetic_05488" classname="com.example.SyntheticSuite" time="0.01"/>
  <testcase name="test_synthetic_05489" classname="com.example.SyntheticSuite" time="0.01"/>
  <testcase name="test_synthetic_05490" classname="com.example.SyntheticSuite" time="0.01"/>
  <testcase name="test_synthetic_05491" classname="com.example.SyntheticSuite" time="0.01"/>
  <testcase name="test_synthetic_05492" classname="com.example.SyntheticSuite" time="0.01"/>
  <testcase name="test_synthetic_05493" classname="com.example.SyntheticSuite" time="0.01"/>
  <testcase name="test_synthetic_05494" classname="com.example.SyntheticSuite" time="0.01"/>
  <testcase name="test_synthetic_05495" classname="com.example.SyntheticSuite" time="0.01"/>
  <testcase name="test_synthetic_05496" classname="com.example.SyntheticSuite" time="0.01"/>
  <testcase name="test_synthetic_05497" classname="com.example.SyntheticSuite" time="0.01"/>
  <testcase name="test_synthetic_05498" classname="com.example.SyntheticSuite" time="0.01"/>
  <testcase name="test_synthetic_05499" classname="com.example.SyntheticSuite" time="0.01"/>
  <testcase name="test_synthetic_05500" classname="com.example.SyntheticSuite" time="0.01">
    <failure message="Synthetic failure at 5500">Assertion failed at iteration 5500</failure>
  </testcase>
  <testcase name="test_synthetic_05501" classname="com.example.SyntheticSuite" time="0.01"/>
  <testcase name="test_synthetic_05502" classname="com.example.SyntheticSuite" time="0.01"/>
  <testcase name="test_synthetic_05503" classname="com.example.SyntheticSuite" time="0.01"/>
  <testcase name="test_synthetic_05504" classname="com.example.SyntheticSuite" time="0.01"/>
  <testcase name="test_synthetic_05505" classname="com.example.SyntheticSuite" time="0.01"/>
  <testcase name="test_synthetic_05506" classname="com.example.SyntheticSuite" time="0.01"/>
  <testcase name="test_synthetic_05507" classname="com.example.SyntheticSuite" time="0.01"/>
  <testcase name="test_synthetic_05508" classname="com.example.SyntheticSuite" time="0.01"/>
  <testcase name="test_synthetic_05509" classname="com.example.SyntheticSuite" time="0.01"/>
  <testcase name="test_synthetic_05510" classname="com.example.SyntheticSuite" time="0.01"/>
  <testcase name="test_synthetic_05511" classname="com.example.SyntheticSuite" time="0.01"/>
  <testcase name="test_synthetic_05512" classname="com.example.SyntheticSuite" time="0.01"/>
  <testcase name="test_synthetic_05513" classname="com.example.SyntheticSuite" time="0.01"/>
  <testcase name="test_synthetic_05514" classname="com.example.SyntheticSuite" time="0.01"/>
  <testcase name="test_synthetic_05515" classname="com.example.SyntheticSuite" time="0.01"/>
  <testcase name="test_synthetic_05516" classname="com.example.SyntheticSuite" time="0.01"/>
  <testcase name="test_synthetic_05517" classname="com.example.SyntheticSuite" time="0.01"/>
  <testcase name="test_synthetic_05518" classname="com.example.SyntheticSuite" time="0.01"/>
  <testcase name="test_synthetic_05519" classname="com.example.SyntheticSuite" time="0.01"/>
  <testcase name="test_synthetic_05520" classname="com.example.SyntheticSuite" time="0.01"/>
  <testcase name="test_synthetic_05521" classname="com.example.SyntheticSuite" time="0.01"/>
  <testcase name="test_synthetic_05522" classname="com.example.SyntheticSuite" time="0.01"/>
  <testcase name="test_synthetic_05523" classname="com.example.SyntheticSuite" time="0.01"/>
  <testcase name="test_synthetic_05524" classname="com.example.SyntheticSuite" time="0.01"/>
  <testcase name="test_synthetic_05525" classname="com.example.SyntheticSuite" time="0.01"/>
  <testcase name="test_synthetic_05526" classname="com.example.SyntheticSuite" time="0.01"/>
  <testcase name="test_synthetic_05527" classname="com.example.SyntheticSuite" time="0.01"/>
  <testcase name="test_synthetic_05528" classname="com.example.SyntheticSuite" time="0.01"/>
  <testcase name="test_synthetic_05529" classname="com.example.SyntheticSuite" time="0.01"/>
  <testcase name="test_synthetic_05530" classname="com.example.SyntheticSuite" time="0.01"/>
  <testcase name="test_synthetic_05531" classname="com.example.SyntheticSuite" time="0.01"/>
  <testcase name="test_synthetic_05532" classname="com.example.SyntheticSuite" time="0.01"/>
  <testcase name="test_synthetic_05533" classname="com.example.SyntheticSuite" time="0.01"/>
  <testcase name="test_synthetic_05534" classname="com.example.SyntheticSuite" time="0.01"/>
  <testcase name="test_synthetic_05535" classname="com.example.SyntheticSuite" time="0.01"/>
  <testcase name="test_synthetic_05536" classname="com.example.SyntheticSuite" time="0.01"/>
  <testcase name="test_synthetic_05537" classname="com.example.SyntheticSuite" time="0.01"/>
  <testcase name="test_synthetic_05538" classname="com.example.SyntheticSuite" time="0.01"/>
  <testcase name="test_synthetic_05539" classname="com.example.SyntheticSuite" time="0.01"/>
  <testcase name="test_synthetic_05540" classname="com.example.SyntheticSuite" time="0.01"/>
  <testcase name="test_synthetic_05541" classname="com.example.SyntheticSuite" time="0.01"/>
  <testcase name="test_synthetic_05542" classname="com.example.SyntheticSuite" time="0.01"/>
  <testcase name="test_synthetic_05543" classname="com.example.SyntheticSuite" time="0.01"/>
  <testcase name="test_synthetic_05544" classname="com.example.SyntheticSuite" time="0.01"/>
  <testcase name="test_synthetic_05545" classname="com.example.SyntheticSuite" time="0.01"/>
  <testcase name="test_synthetic_05546" classname="com.example.SyntheticSuite" time="0.01"/>
  <testcase name="test_synthetic_05547" classname="com.example.SyntheticSuite" time="0.01"/>
  <testcase name="test_synthetic_05548" classname="com.example.SyntheticSuite" time="0.01"/>
  <testcase name="test_synthetic_05549" classname="com.example.SyntheticSuite" time="0.01"/>
  <testcase name="test_synthetic_05550" classname="com.example.SyntheticSuite" time="0.01"/>
  <testcase name="test_synthetic_05551" classname="com.example.SyntheticSuite" time="0.01"/>
  <testcase name="test_synthetic_05552" classname="com.example.SyntheticSuite" time="0.01"/>
  <testcase name="test_synthetic_05553" classname="com.example.SyntheticSuite" time="0.01"/>
  <testcase name="test_synthetic_05554" classname="com.example.SyntheticSuite" time="0.01"/>
  <testcase name="test_synthetic_05555" classname="com.example.SyntheticSuite" time="0.01"/>
  <testcase name="test_synthetic_05556" classname="com.example.SyntheticSuite" time="0.01"/>
  <testcase name="test_synthetic_05557" classname="com.example.SyntheticSuite" time="0.01"/>
  <testcase name="test_synthetic_05558" classname="com.example.SyntheticSuite" time="0.01"/>
  <testcase name="test_synthetic_05559" classname="com.example.SyntheticSuite" time="0.01"/>
  <testcase name="test_synthetic_05560" classname="com.example.SyntheticSuite" time="0.01"/>
  <testcase name="test_synthetic_05561" classname="com.example.SyntheticSuite" time="0.01"/>
  <testcase name="test_synthetic_05562" classname="com.example.SyntheticSuite" time="0.01"/>
  <testcase name="test_synthetic_05563" classname="com.example.SyntheticSuite" time="0.01"/>
  <testcase name="test_synthetic_05564" classname="com.example.SyntheticSuite" time="0.01"/>
  <testcase name="test_synthetic_05565" classname="com.example.SyntheticSuite" time="0.01"/>
  <testcase name="test_synthetic_05566" classname="com.example.SyntheticSuite" time="0.01"/>
  <testcase name="test_synthetic_05567" classname="com.example.SyntheticSuite" time="0.01"/>
  <testcase name="test_synthetic_05568" classname="com.example.SyntheticSuite" time="0.01"/>
  <testcase name="test_synthetic_05569" classname="com.example.SyntheticSuite" time="0.01"/>
  <testcase name="test_synthetic_05570" classname="com.example.SyntheticSuite" time="0.01"/>
  <testcase name="test_synthetic_05571" classname="com.example.SyntheticSuite" time="0.01"/>
  <testcase name="test_synthetic_05572" classname="com.example.SyntheticSuite" time="0.01"/>
  <testcase name="test_synthetic_05573" classname="com.example.SyntheticSuite" time="0.01"/>
  <testcase name="test_synthetic_05574" classname="com.example.SyntheticSuite" time="0.01"/>
  <testcase name="test_synthetic_05575" classname="com.example.SyntheticSuite" time="0.01"/>
  <testcase name="test_synthetic_05576" classname="com.example.SyntheticSuite" time="0.01"/>
  <testcase name="test_synthetic_05577" classname="com.example.SyntheticSuite" time="0.01"/>
  <testcase name="test_synthetic_05578" classname="com.example.SyntheticSuite" time="0.01"/>
  <testcase name="test_synthetic_05579" classname="com.example.SyntheticSuite" time="0.01"/>
  <testcase name="test_synthetic_05580" classname="com.example.SyntheticSuite" time="0.01"/>
  <testcase name="test_synthetic_05581" classname="com.example.SyntheticSuite" time="0.01"/>
  <testcase name="test_synthetic_05582" classname="com.example.SyntheticSuite" time="0.01"/>
  <testcase name="test_synthetic_05583" classname="com.example.SyntheticSuite" time="0.01"/>
  <testcase name="test_synthetic_05584" classname="com.example.SyntheticSuite" time="0.01"/>
  <testcase name="test_synthetic_05585" classname="com.example.SyntheticSuite" time="0.01"/>
  <testcase name="test_synthetic_05586" classname="com.example.SyntheticSuite" time="0.01"/>
  <testcase name="test_synthetic_05587" classname="com.example.SyntheticSuite" time="0.01"/>
  <testcase name="test_synthetic_05588" classname="com.example.SyntheticSuite" time="0.01"/>
  <testcase name="test_synthetic_05589" classname="com.example.SyntheticSuite" time="0.01"/>
  <testcase name="test_synthetic_05590" classname="com.example.SyntheticSuite" time="0.01"/>
  <testcase name="test_synthetic_05591" classname="com.example.SyntheticSuite" time="0.01"/>
  <testcase name="test_synthetic_05592" classname="com.example.SyntheticSuite" time="0.01"/>
  <testcase name="test_synthetic_05593" classname="com.example.SyntheticSuite" time="0.01"/>
  <testcase name="test_synthetic_05594" classname="com.example.SyntheticSuite" time="0.01"/>
  <testcase name="test_synthetic_05595" classname="com.example.SyntheticSuite" time="0.01"/>
  <testcase name="test_synthetic_05596" classname="com.example.SyntheticSuite" time="0.01"/>
  <testcase name="test_synthetic_05597" classname="com.example.SyntheticSuite" time="0.01"/>
  <testcase name="test_synthetic_05598" classname="com.example.SyntheticSuite" time="0.01"/>
  <testcase name="test_synthetic_05599" classname="com.example.SyntheticSuite" time="0.01"/>
  <testcase name="test_synthetic_05600" classname="com.example.SyntheticSuite" time="0.01">
    <failure message="Synthetic failure at 5600">Assertion failed at iteration 5600</failure>
  </testcase>
  <testcase name="test_synthetic_05601" classname="com.example.SyntheticSuite" time="0.01"/>
  <testcase name="test_synthetic_05602" classname="com.example.SyntheticSuite" time="0.01"/>
  <testcase name="test_synthetic_05603" classname="com.example.SyntheticSuite" time="0.01"/>
  <testcase name="test_synthetic_05604" classname="com.example.SyntheticSuite" time="0.01"/>
  <testcase name="test_synthetic_05605" classname="com.example.SyntheticSuite" time="0.01"/>
  <testcase name="test_synthetic_05606" classname="com.example.SyntheticSuite" time="0.01"/>
  <testcase name="test_synthetic_05607" classname="com.example.SyntheticSuite" time="0.01"/>
  <testcase name="test_synthetic_05608" classname="com.example.SyntheticSuite" time="0.01"/>
  <testcase name="test_synthetic_05609" classname="com.example.SyntheticSuite" time="0.01"/>
  <testcase name="test_synthetic_05610" classname="com.example.SyntheticSuite" time="0.01"/>
  <testcase name="test_synthetic_05611" classname="com.example.SyntheticSuite" time="0.01"/>
  <testcase name="test_synthetic_05612" classname="com.example.SyntheticSuite" time="0.01"/>
  <testcase name="test_synthetic_05613" classname="com.example.SyntheticSuite" time="0.01"/>
  <testcase name="test_synthetic_05614" classname="com.example.SyntheticSuite" time="0.01"/>
  <testcase name="test_synthetic_05615" classname="com.example.SyntheticSuite" time="0.01"/>
  <testcase name="test_synthetic_05616" classname="com.example.SyntheticSuite" time="0.01"/>
  <testcase name="test_synthetic_05617" classname="com.example.SyntheticSuite" time="0.01"/>
  <testcase name="test_synthetic_05618" classname="com.example.SyntheticSuite" time="0.01"/>
  <testcase name="test_synthetic_05619" classname="com.example.SyntheticSuite" time="0.01"/>
  <testcase name="test_synthetic_05620" classname="com.example.SyntheticSuite" time="0.01"/>
  <testcase name="test_synthetic_05621" classname="com.example.SyntheticSuite" time="0.01"/>
  <testcase name="test_synthetic_05622" classname="com.example.SyntheticSuite" time="0.01"/>
  <testcase name="test_synthetic_05623" classname="com.example.SyntheticSuite" time="0.01"/>
  <testcase name="test_synthetic_05624" classname="com.example.SyntheticSuite" time="0.01"/>
  <testcase name="test_synthetic_05625" classname="com.example.SyntheticSuite" time="0.01"/>
  <testcase name="test_synthetic_05626" classname="com.example.SyntheticSuite" time="0.01"/>
  <testcase name="test_synthetic_05627" classname="com.example.SyntheticSuite" time="0.01"/>
  <testcase name="test_synthetic_05628" classname="com.example.SyntheticSuite" time="0.01"/>
  <testcase name="test_synthetic_05629" classname="com.example.SyntheticSuite" time="0.01"/>
  <testcase name="test_synthetic_05630" classname="com.example.SyntheticSuite" time="0.01"/>
  <testcase name="test_synthetic_05631" classname="com.example.SyntheticSuite" time="0.01"/>
  <testcase name="test_synthetic_05632" classname="com.example.SyntheticSuite" time="0.01"/>
  <testcase name="test_synthetic_05633" classname="com.example.SyntheticSuite" time="0.01"/>
  <testcase name="test_synthetic_05634" classname="com.example.SyntheticSuite" time="0.01"/>
  <testcase name="test_synthetic_05635" classname="com.example.SyntheticSuite" time="0.01"/>
  <testcase name="test_synthetic_05636" classname="com.example.SyntheticSuite" time="0.01"/>
  <testcase name="test_synthetic_05637" classname="com.example.SyntheticSuite" time="0.01"/>
  <testcase name="test_synthetic_05638" classname="com.example.SyntheticSuite" time="0.01"/>
  <testcase name="test_synthetic_05639" classname="com.example.SyntheticSuite" time="0.01"/>
  <testcase name="test_synthetic_05640" classname="com.example.SyntheticSuite" time="0.01"/>
  <testcase name="test_synthetic_05641" classname="com.example.SyntheticSuite" time="0.01"/>
  <testcase name="test_synthetic_05642" classname="com.example.SyntheticSuite" time="0.01"/>
  <testcase name="test_synthetic_05643" classname="com.example.SyntheticSuite" time="0.01"/>
  <testcase name="test_synthetic_05644" classname="com.example.SyntheticSuite" time="0.01"/>
  <testcase name="test_synthetic_05645" classname="com.example.SyntheticSuite" time="0.01"/>
  <testcase name="test_synthetic_05646" classname="com.example.SyntheticSuite" time="0.01"/>
  <testcase name="test_synthetic_05647" classname="com.example.SyntheticSuite" time="0.01"/>
  <testcase name="test_synthetic_05648" classname="com.example.SyntheticSuite" time="0.01"/>
  <testcase name="test_synthetic_05649" classname="com.example.SyntheticSuite" time="0.01"/>
  <testcase name="test_synthetic_05650" classname="com.example.SyntheticSuite" time="0.01"/>
  <testcase name="test_synthetic_05651" classname="com.example.SyntheticSuite" time="0.01"/>
  <testcase name="test_synthetic_05652" classname="com.example.SyntheticSuite" time="0.01"/>
  <testcase name="test_synthetic_05653" classname="com.example.SyntheticSuite" time="0.01"/>
  <testcase name="test_synthetic_05654" classname="com.example.SyntheticSuite" time="0.01"/>
  <testcase name="test_synthetic_05655" classname="com.example.SyntheticSuite" time="0.01"/>
  <testcase name="test_synthetic_05656" classname="com.example.SyntheticSuite" time="0.01"/>
  <testcase name="test_synthetic_05657" classname="com.example.SyntheticSuite" time="0.01"/>
  <testcase name="test_synthetic_05658" classname="com.example.SyntheticSuite" time="0.01"/>
  <testcase name="test_synthetic_05659" classname="com.example.SyntheticSuite" time="0.01"/>
  <testcase name="test_synthetic_05660" classname="com.example.SyntheticSuite" time="0.01"/>
  <testcase name="test_synthetic_05661" classname="com.example.SyntheticSuite" time="0.01"/>
  <testcase name="test_synthetic_05662" classname="com.example.SyntheticSuite" time="0.01"/>
  <testcase name="test_synthetic_05663" classname="com.example.SyntheticSuite" time="0.01"/>
  <testcase name="test_synthetic_05664" classname="com.example.SyntheticSuite" time="0.01"/>
  <testcase name="test_synthetic_05665" classname="com.example.SyntheticSuite" time="0.01"/>
  <testcase name="test_synthetic_05666" classname="com.example.SyntheticSuite" time="0.01"/>
  <testcase name="test_synthetic_05667" classname="com.example.SyntheticSuite" time="0.01"/>
  <testcase name="test_synthetic_05668" classname="com.example.SyntheticSuite" time="0.01"/>
  <testcase name="test_synthetic_05669" classname="com.example.SyntheticSuite" time="0.01"/>
  <testcase name="test_synthetic_05670" classname="com.example.SyntheticSuite" time="0.01"/>
  <testcase name="test_synthetic_05671" classname="com.example.SyntheticSuite" time="0.01"/>
  <testcase name="test_synthetic_05672" classname="com.example.SyntheticSuite" time="0.01"/>
  <testcase name="test_synthetic_05673" classname="com.example.SyntheticSuite" time="0.01"/>
  <testcase name="test_synthetic_05674" classname="com.example.SyntheticSuite" time="0.01"/>
  <testcase name="test_synthetic_05675" classname="com.example.SyntheticSuite" time="0.01"/>
  <testcase name="test_synthetic_05676" classname="com.example.SyntheticSuite" time="0.01"/>
  <testcase name="test_synthetic_05677" classname="com.example.SyntheticSuite" time="0.01"/>
  <testcase name="test_synthetic_05678" classname="com.example.SyntheticSuite" time="0.01"/>
  <testcase name="test_synthetic_05679" classname="com.example.SyntheticSuite" time="0.01"/>
  <testcase name="test_synthetic_05680" classname="com.example.SyntheticSuite" time="0.01"/>
  <testcase name="test_synthetic_05681" classname="com.example.SyntheticSuite" time="0.01"/>
  <testcase name="test_synthetic_05682" classname="com.example.SyntheticSuite" time="0.01"/>
  <testcase name="test_synthetic_05683" classname="com.example.SyntheticSuite" time="0.01"/>
  <testcase name="test_synthetic_05684" classname="com.example.SyntheticSuite" time="0.01"/>
  <testcase name="test_synthetic_05685" classname="com.example.SyntheticSuite" time="0.01"/>
  <testcase name="test_synthetic_05686" classname="com.example.SyntheticSuite" time="0.01"/>
  <testcase name="test_synthetic_05687" classname="com.example.SyntheticSuite" time="0.01"/>
  <testcase name="test_synthetic_05688" classname="com.example.SyntheticSuite" time="0.01"/>
  <testcase name="test_synthetic_05689" classname="com.example.SyntheticSuite" time="0.01"/>
  <testcase name="test_synthetic_05690" classname="com.example.SyntheticSuite" time="0.01"/>
  <testcase name="test_synthetic_05691" classname="com.example.SyntheticSuite" time="0.01"/>
  <testcase name="test_synthetic_05692" classname="com.example.SyntheticSuite" time="0.01"/>
  <testcase name="test_synthetic_05693" classname="com.example.SyntheticSuite" time="0.01"/>
  <testcase name="test_synthetic_05694" classname="com.example.SyntheticSuite" time="0.01"/>
  <testcase name="test_synthetic_05695" classname="com.example.SyntheticSuite" time="0.01"/>
  <testcase name="test_synthetic_05696" classname="com.example.SyntheticSuite" time="0.01"/>
  <testcase name="test_synthetic_05697" classname="com.example.SyntheticSuite" time="0.01"/>
  <testcase name="test_synthetic_05698" classname="com.example.SyntheticSuite" time="0.01"/>
  <testcase name="test_synthetic_05699" classname="com.example.SyntheticSuite" time="0.01"/>
  <testcase name="test_synthetic_05700" classname="com.example.SyntheticSuite" time="0.01">
    <failure message="Synthetic failure at 5700">Assertion failed at iteration 5700</failure>
  </testcase>
  <testcase name="test_synthetic_05701" classname="com.example.SyntheticSuite" time="0.01"/>
  <testcase name="test_synthetic_05702" classname="com.example.SyntheticSuite" time="0.01"/>
  <testcase name="test_synthetic_05703" classname="com.example.SyntheticSuite" time="0.01"/>
  <testcase name="test_synthetic_05704" classname="com.example.SyntheticSuite" time="0.01"/>
  <testcase name="test_synthetic_05705" classname="com.example.SyntheticSuite" time="0.01"/>
  <testcase name="test_synthetic_05706" classname="com.example.SyntheticSuite" time="0.01"/>
  <testcase name="test_synthetic_05707" classname="com.example.SyntheticSuite" time="0.01"/>
  <testcase name="test_synthetic_05708" classname="com.example.SyntheticSuite" time="0.01"/>
  <testcase name="test_synthetic_05709" classname="com.example.SyntheticSuite" time="0.01"/>
  <testcase name="test_synthetic_05710" classname="com.example.SyntheticSuite" time="0.01"/>
  <testcase name="test_synthetic_05711" classname="com.example.SyntheticSuite" time="0.01"/>
  <testcase name="test_synthetic_05712" classname="com.example.SyntheticSuite" time="0.01"/>
  <testcase name="test_synthetic_05713" classname="com.example.SyntheticSuite" time="0.01"/>
  <testcase name="test_synthetic_05714" classname="com.example.SyntheticSuite" time="0.01"/>
  <testcase name="test_synthetic_05715" classname="com.example.SyntheticSuite" time="0.01"/>
  <testcase name="test_synthetic_05716" classname="com.example.SyntheticSuite" time="0.01"/>
  <testcase name="test_synthetic_05717" classname="com.example.SyntheticSuite" time="0.01"/>
  <testcase name="test_synthetic_05718" classname="com.example.SyntheticSuite" time="0.01"/>
  <testcase name="test_synthetic_05719" classname="com.example.SyntheticSuite" time="0.01"/>
  <testcase name="test_synthetic_05720" classname="com.example.SyntheticSuite" time="0.01"/>
  <testcase name="test_synthetic_05721" classname="com.example.SyntheticSuite" time="0.01"/>
  <testcase name="test_synthetic_05722" classname="com.example.SyntheticSuite" time="0.01"/>
  <testcase name="test_synthetic_05723" classname="com.example.SyntheticSuite" time="0.01"/>
  <testcase name="test_synthetic_05724" classname="com.example.SyntheticSuite" time="0.01"/>
  <testcase name="test_synthetic_05725" classname="com.example.SyntheticSuite" time="0.01"/>
  <testcase name="test_synthetic_05726" classname="com.example.SyntheticSuite" time="0.01"/>
  <testcase name="test_synthetic_05727" classname="com.example.SyntheticSuite" time="0.01"/>
  <testcase name="test_synthetic_05728" classname="com.example.SyntheticSuite" time="0.01"/>
  <testcase name="test_synthetic_05729" classname="com.example.SyntheticSuite" time="0.01"/>
  <testcase name="test_synthetic_05730" classname="com.example.SyntheticSuite" time="0.01"/>
  <testcase name="test_synthetic_05731" classname="com.example.SyntheticSuite" time="0.01"/>
  <testcase name="test_synthetic_05732" classname="com.example.SyntheticSuite" time="0.01"/>
  <testcase name="test_synthetic_05733" classname="com.example.SyntheticSuite" time="0.01"/>
  <testcase name="test_synthetic_05734" classname="com.example.SyntheticSuite" time="0.01"/>
  <testcase name="test_synthetic_05735" classname="com.example.SyntheticSuite" time="0.01"/>
  <testcase name="test_synthetic_05736" classname="com.example.SyntheticSuite" time="0.01"/>
  <testcase name="test_synthetic_05737" classname="com.example.SyntheticSuite" time="0.01"/>
  <testcase name="test_synthetic_05738" classname="com.example.SyntheticSuite" time="0.01"/>
  <testcase name="test_synthetic_05739" classname="com.example.SyntheticSuite" time="0.01"/>
  <testcase name="test_synthetic_05740" classname="com.example.SyntheticSuite" time="0.01"/>
  <testcase name="test_synthetic_05741" classname="com.example.SyntheticSuite" time="0.01"/>
  <testcase name="test_synthetic_05742" classname="com.example.SyntheticSuite" time="0.01"/>
  <testcase name="test_synthetic_05743" classname="com.example.SyntheticSuite" time="0.01"/>
  <testcase name="test_synthetic_05744" classname="com.example.SyntheticSuite" time="0.01"/>
  <testcase name="test_synthetic_05745" classname="com.example.SyntheticSuite" time="0.01"/>
  <testcase name="test_synthetic_05746" classname="com.example.SyntheticSuite" time="0.01"/>
  <testcase name="test_synthetic_05747" classname="com.example.SyntheticSuite" time="0.01"/>
  <testcase name="test_synthetic_05748" classname="com.example.SyntheticSuite" time="0.01"/>
  <testcase name="test_synthetic_05749" classname="com.example.SyntheticSuite" time="0.01"/>
  <testcase name="test_synthetic_05750" classname="com.example.SyntheticSuite" time="0.01"/>
  <testcase name="test_synthetic_05751" classname="com.example.SyntheticSuite" time="0.01"/>
  <testcase name="test_synthetic_05752" classname="com.example.SyntheticSuite" time="0.01"/>
  <testcase name="test_synthetic_05753" classname="com.example.SyntheticSuite" time="0.01"/>
  <testcase name="test_synthetic_05754" classname="com.example.SyntheticSuite" time="0.01"/>
  <testcase name="test_synthetic_05755" classname="com.example.SyntheticSuite" time="0.01"/>
  <testcase name="test_synthetic_05756" classname="com.example.SyntheticSuite" time="0.01"/>
  <testcase name="test_synthetic_05757" classname="com.example.SyntheticSuite" time="0.01"/>
  <testcase name="test_synthetic_05758" classname="com.example.SyntheticSuite" time="0.01"/>
  <testcase name="test_synthetic_05759" classname="com.example.SyntheticSuite" time="0.01"/>
  <testcase name="test_synthetic_05760" classname="com.example.SyntheticSuite" time="0.01"/>
  <testcase name="test_synthetic_05761" classname="com.example.SyntheticSuite" time="0.01"/>
  <testcase name="test_synthetic_05762" classname="com.example.SyntheticSuite" time="0.01"/>
  <testcase name="test_synthetic_05763" classname="com.example.SyntheticSuite" time="0.01"/>
  <testcase name="test_synthetic_05764" classname="com.example.SyntheticSuite" time="0.01"/>
  <testcase name="test_synthetic_05765" classname="com.example.SyntheticSuite" time="0.01"/>
  <testcase name="test_synthetic_05766" classname="com.example.SyntheticSuite" time="0.01"/>
  <testcase name="test_synthetic_05767" classname="com.example.SyntheticSuite" time="0.01"/>
  <testcase name="test_synthetic_05768" classname="com.example.SyntheticSuite" time="0.01"/>
  <testcase name="test_synthetic_05769" classname="com.example.SyntheticSuite" time="0.01"/>
  <testcase name="test_synthetic_05770" classname="com.example.SyntheticSuite" time="0.01"/>
  <testcase name="test_synthetic_05771" classname="com.example.SyntheticSuite" time="0.01"/>
  <testcase name="test_synthetic_05772" classname="com.example.SyntheticSuite" time="0.01"/>
  <testcase name="test_synthetic_05773" classname="com.example.SyntheticSuite" time="0.01"/>
  <testcase name="test_synthetic_05774" classname="com.example.SyntheticSuite" time="0.01"/>
  <testcase name="test_synthetic_05775" classname="com.example.SyntheticSuite" time="0.01"/>
  <testcase name="test_synthetic_05776" classname="com.example.SyntheticSuite" time="0.01"/>
  <testcase name="test_synthetic_05777" classname="com.example.SyntheticSuite" time="0.01"/>
  <testcase name="test_synthetic_05778" classname="com.example.SyntheticSuite" time="0.01"/>
  <testcase name="test_synthetic_05779" classname="com.example.SyntheticSuite" time="0.01"/>
  <testcase name="test_synthetic_05780" classname="com.example.SyntheticSuite" time="0.01"/>
  <testcase name="test_synthetic_05781" classname="com.example.SyntheticSuite" time="0.01"/>
  <testcase name="test_synthetic_05782" classname="com.example.SyntheticSuite" time="0.01"/>
  <testcase name="test_synthetic_05783" classname="com.example.SyntheticSuite" time="0.01"/>
  <testcase name="test_synthetic_05784" classname="com.example.SyntheticSuite" time="0.01"/>
  <testcase name="test_synthetic_05785" classname="com.example.SyntheticSuite" time="0.01"/>
  <testcase name="test_synthetic_05786" classname="com.example.SyntheticSuite" time="0.01"/>
  <testcase name="test_synthetic_05787" classname="com.example.SyntheticSuite" time="0.01"/>
  <testcase name="test_synthetic_05788" classname="com.example.SyntheticSuite" time="0.01"/>
  <testcase name="test_synthetic_05789" classname="com.example.SyntheticSuite" time="0.01"/>
  <testcase name="test_synthetic_05790" classname="com.example.SyntheticSuite" time="0.01"/>
  <testcase name="test_synthetic_05791" classname="com.example.SyntheticSuite" time="0.01"/>
  <testcase name="test_synthetic_05792" classname="com.example.SyntheticSuite" time="0.01"/>
  <testcase name="test_synthetic_05793" classname="com.example.SyntheticSuite" time="0.01"/>
  <testcase name="test_synthetic_05794" classname="com.example.SyntheticSuite" time="0.01"/>
  <testcase name="test_synthetic_05795" classname="com.example.SyntheticSuite" time="0.01"/>
  <testcase name="test_synthetic_05796" classname="com.example.SyntheticSuite" time="0.01"/>
  <testcase name="test_synthetic_05797" classname="com.example.SyntheticSuite" time="0.01"/>
  <testcase name="test_synthetic_05798" classname="com.example.SyntheticSuite" time="0.01"/>
  <testcase name="test_synthetic_05799" classname="com.example.SyntheticSuite" time="0.01"/>
  <testcase name="test_synthetic_05800" classname="com.example.SyntheticSuite" time="0.01">
    <failure message="Synthetic failure at 5800">Assertion failed at iteration 5800</failure>
  </testcase>
  <testcase name="test_synthetic_05801" classname="com.example.SyntheticSuite" time="0.01"/>
  <testcase name="test_synthetic_05802" classname="com.example.SyntheticSuite" time="0.01"/>
  <testcase name="test_synthetic_05803" classname="com.example.SyntheticSuite" time="0.01"/>
  <testcase name="test_synthetic_05804" classname="com.example.SyntheticSuite" time="0.01"/>
  <testcase name="test_synthetic_05805" classname="com.example.SyntheticSuite" time="0.01"/>
  <testcase name="test_synthetic_05806" classname="com.example.SyntheticSuite" time="0.01"/>
  <testcase name="test_synthetic_05807" classname="com.example.SyntheticSuite" time="0.01"/>
  <testcase name="test_synthetic_05808" classname="com.example.SyntheticSuite" time="0.01"/>
  <testcase name="test_synthetic_05809" classname="com.example.SyntheticSuite" time="0.01"/>
  <testcase name="test_synthetic_05810" classname="com.example.SyntheticSuite" time="0.01"/>
  <testcase name="test_synthetic_05811" classname="com.example.SyntheticSuite" time="0.01"/>
  <testcase name="test_synthetic_05812" classname="com.example.SyntheticSuite" time="0.01"/>
  <testcase name="test_synthetic_05813" classname="com.example.SyntheticSuite" time="0.01"/>
  <testcase name="test_synthetic_05814" classname="com.example.SyntheticSuite" time="0.01"/>
  <testcase name="test_synthetic_05815" classname="com.example.SyntheticSuite" time="0.01"/>
  <testcase name="test_synthetic_05816" classname="com.example.SyntheticSuite" time="0.01"/>
  <testcase name="test_synthetic_05817" classname="com.example.SyntheticSuite" time="0.01"/>
  <testcase name="test_synthetic_05818" classname="com.example.SyntheticSuite" time="0.01"/>
  <testcase name="test_synthetic_05819" classname="com.example.SyntheticSuite" time="0.01"/>
  <testcase name="test_synthetic_05820" classname="com.example.SyntheticSuite" time="0.01"/>
  <testcase name="test_synthetic_05821" classname="com.example.SyntheticSuite" time="0.01"/>
  <testcase name="test_synthetic_05822" classname="com.example.SyntheticSuite" time="0.01"/>
  <testcase name="test_synthetic_05823" classname="com.example.SyntheticSuite" time="0.01"/>
  <testcase name="test_synthetic_05824" classname="com.example.SyntheticSuite" time="0.01"/>
  <testcase name="test_synthetic_05825" classname="com.example.SyntheticSuite" time="0.01"/>
  <testcase name="test_synthetic_05826" classname="com.example.SyntheticSuite" time="0.01"/>
  <testcase name="test_synthetic_05827" classname="com.example.SyntheticSuite" time="0.01"/>
  <testcase name="test_synthetic_05828" classname="com.example.SyntheticSuite" time="0.01"/>
  <testcase name="test_synthetic_05829" classname="com.example.SyntheticSuite" time="0.01"/>
  <testcase name="test_synthetic_05830" classname="com.example.SyntheticSuite" time="0.01"/>
  <testcase name="test_synthetic_05831" classname="com.example.SyntheticSuite" time="0.01"/>
  <testcase name="test_synthetic_05832" classname="com.example.SyntheticSuite" time="0.01"/>
  <testcase name="test_synthetic_05833" classname="com.example.SyntheticSuite" time="0.01"/>
  <testcase name="test_synthetic_05834" classname="com.example.SyntheticSuite" time="0.01"/>
  <testcase name="test_synthetic_05835" classname="com.example.SyntheticSuite" time="0.01"/>
  <testcase name="test_synthetic_05836" classname="com.example.SyntheticSuite" time="0.01"/>
  <testcase name="test_synthetic_05837" classname="com.example.SyntheticSuite" time="0.01"/>
  <testcase name="test_synthetic_05838" classname="com.example.SyntheticSuite" time="0.01"/>
  <testcase name="test_synthetic_05839" classname="com.example.SyntheticSuite" time="0.01"/>
  <testcase name="test_synthetic_05840" classname="com.example.SyntheticSuite" time="0.01"/>
  <testcase name="test_synthetic_05841" classname="com.example.SyntheticSuite" time="0.01"/>
  <testcase name="test_synthetic_05842" classname="com.example.SyntheticSuite" time="0.01"/>
  <testcase name="test_synthetic_05843" classname="com.example.SyntheticSuite" time="0.01"/>
  <testcase name="test_synthetic_05844" classname="com.example.SyntheticSuite" time="0.01"/>
  <testcase name="test_synthetic_05845" classname="com.example.SyntheticSuite" time="0.01"/>
  <testcase name="test_synthetic_05846" classname="com.example.SyntheticSuite" time="0.01"/>
  <testcase name="test_synthetic_05847" classname="com.example.SyntheticSuite" time="0.01"/>
  <testcase name="test_synthetic_05848" classname="com.example.SyntheticSuite" time="0.01"/>
  <testcase name="test_synthetic_05849" classname="com.example.SyntheticSuite" time="0.01"/>
  <testcase name="test_synthetic_05850" classname="com.example.SyntheticSuite" time="0.01"/>
  <testcase name="test_synthetic_05851" classname="com.example.SyntheticSuite" time="0.01"/>
  <testcase name="test_synthetic_05852" classname="com.example.SyntheticSuite" time="0.01"/>
  <testcase name="test_synthetic_05853" classname="com.example.SyntheticSuite" time="0.01"/>
  <testcase name="test_synthetic_05854" classname="com.example.SyntheticSuite" time="0.01"/>
  <testcase name="test_synthetic_05855" classname="com.example.SyntheticSuite" time="0.01"/>
  <testcase name="test_synthetic_05856" classname="com.example.SyntheticSuite" time="0.01"/>
  <testcase name="test_synthetic_05857" classname="com.example.SyntheticSuite" time="0.01"/>
  <testcase name="test_synthetic_05858" classname="com.example.SyntheticSuite" time="0.01"/>
  <testcase name="test_synthetic_05859" classname="com.example.SyntheticSuite" time="0.01"/>
  <testcase name="test_synthetic_05860" classname="com.example.SyntheticSuite" time="0.01"/>
  <testcase name="test_synthetic_05861" classname="com.example.SyntheticSuite" time="0.01"/>
  <testcase name="test_synthetic_05862" classname="com.example.SyntheticSuite" time="0.01"/>
  <testcase name="test_synthetic_05863" classname="com.example.SyntheticSuite" time="0.01"/>
  <testcase name="test_synthetic_05864" classname="com.example.SyntheticSuite" time="0.01"/>
  <testcase name="test_synthetic_05865" classname="com.example.SyntheticSuite" time="0.01"/>
  <testcase name="test_synthetic_05866" classname="com.example.SyntheticSuite" time="0.01"/>
  <testcase name="test_synthetic_05867" classname="com.example.SyntheticSuite" time="0.01"/>
  <testcase name="test_synthetic_05868" classname="com.example.SyntheticSuite" time="0.01"/>
  <testcase name="test_synthetic_05869" classname="com.example.SyntheticSuite" time="0.01"/>
  <testcase name="test_synthetic_05870" classname="com.example.SyntheticSuite" time="0.01"/>
  <testcase name="test_synthetic_05871" classname="com.example.SyntheticSuite" time="0.01"/>
  <testcase name="test_synthetic_05872" classname="com.example.SyntheticSuite" time="0.01"/>
  <testcase name="test_synthetic_05873" classname="com.example.SyntheticSuite" time="0.01"/>
  <testcase name="test_synthetic_05874" classname="com.example.SyntheticSuite" time="0.01"/>
  <testcase name="test_synthetic_05875" classname="com.example.SyntheticSuite" time="0.01"/>
  <testcase name="test_synthetic_05876" classname="com.example.SyntheticSuite" time="0.01"/>
  <testcase name="test_synthetic_05877" classname="com.example.SyntheticSuite" time="0.01"/>
  <testcase name="test_synthetic_05878" classname="com.example.SyntheticSuite" time="0.01"/>
  <testcase name="test_synthetic_05879" classname="com.example.SyntheticSuite" time="0.01"/>
  <testcase name="test_synthetic_05880" classname="com.example.SyntheticSuite" time="0.01"/>
  <testcase name="test_synthetic_05881" classname="com.example.SyntheticSuite" time="0.01"/>
  <testcase name="test_synthetic_05882" classname="com.example.SyntheticSuite" time="0.01"/>
  <testcase name="test_synthetic_05883" classname="com.example.SyntheticSuite" time="0.01"/>
  <testcase name="test_synthetic_05884" classname="com.example.SyntheticSuite" time="0.01"/>
  <testcase name="test_synthetic_05885" classname="com.example.SyntheticSuite" time="0.01"/>
  <testcase name="test_synthetic_05886" classname="com.example.SyntheticSuite" time="0.01"/>
  <testcase name="test_synthetic_05887" classname="com.example.SyntheticSuite" time="0.01"/>
  <testcase name="test_synthetic_05888" classname="com.example.SyntheticSuite" time="0.01"/>
  <testcase name="test_synthetic_05889" classname="com.example.SyntheticSuite" time="0.01"/>
  <testcase name="test_synthetic_05890" classname="com.example.SyntheticSuite" time="0.01"/>
  <testcase name="test_synthetic_05891" classname="com.example.SyntheticSuite" time="0.01"/>
  <testcase name="test_synthetic_05892" classname="com.example.SyntheticSuite" time="0.01"/>
  <testcase name="test_synthetic_05893" classname="com.example.SyntheticSuite" time="0.01"/>
  <testcase name="test_synthetic_05894" classname="com.example.SyntheticSuite" time="0.01"/>
  <testcase name="test_synthetic_05895" classname="com.example.SyntheticSuite" time="0.01"/>
  <testcase name="test_synthetic_05896" classname="com.example.SyntheticSuite" time="0.01"/>
  <testcase name="test_synthetic_05897" classname="com.example.SyntheticSuite" time="0.01"/>
  <testcase name="test_synthetic_05898" classname="com.example.SyntheticSuite" time="0.01"/>
  <testcase name="test_synthetic_05899" classname="com.example.SyntheticSuite" time="0.01"/>
  <testcase name="test_synthetic_05900" classname="com.example.SyntheticSuite" time="0.01">
    <failure message="Synthetic failure at 5900">Assertion failed at iteration 5900</failure>
  </testcase>
  <testcase name="test_synthetic_05901" classname="com.example.SyntheticSuite" time="0.01"/>
  <testcase name="test_synthetic_05902" classname="com.example.SyntheticSuite" time="0.01"/>
  <testcase name="test_synthetic_05903" classname="com.example.SyntheticSuite" time="0.01"/>
  <testcase name="test_synthetic_05904" classname="com.example.SyntheticSuite" time="0.01"/>
  <testcase name="test_synthetic_05905" classname="com.example.SyntheticSuite" time="0.01"/>
  <testcase name="test_synthetic_05906" classname="com.example.SyntheticSuite" time="0.01"/>
  <testcase name="test_synthetic_05907" classname="com.example.SyntheticSuite" time="0.01"/>
  <testcase name="test_synthetic_05908" classname="com.example.SyntheticSuite" time="0.01"/>
  <testcase name="test_synthetic_05909" classname="com.example.SyntheticSuite" time="0.01"/>
  <testcase name="test_synthetic_05910" classname="com.example.SyntheticSuite" time="0.01"/>
  <testcase name="test_synthetic_05911" classname="com.example.SyntheticSuite" time="0.01"/>
  <testcase name="test_synthetic_05912" classname="com.example.SyntheticSuite" time="0.01"/>
  <testcase name="test_synthetic_05913" classname="com.example.SyntheticSuite" time="0.01"/>
  <testcase name="test_synthetic_05914" classname="com.example.SyntheticSuite" time="0.01"/>
  <testcase name="test_synthetic_05915" classname="com.example.SyntheticSuite" time="0.01"/>
  <testcase name="test_synthetic_05916" classname="com.example.SyntheticSuite" time="0.01"/>
  <testcase name="test_synthetic_05917" classname="com.example.SyntheticSuite" time="0.01"/>
  <testcase name="test_synthetic_05918" classname="com.example.SyntheticSuite" time="0.01"/>
  <testcase name="test_synthetic_05919" classname="com.example.SyntheticSuite" time="0.01"/>
  <testcase name="test_synthetic_05920" classname="com.example.SyntheticSuite" time="0.01"/>
  <testcase name="test_synthetic_05921" classname="com.example.SyntheticSuite" time="0.01"/>
  <testcase name="test_synthetic_05922" classname="com.example.SyntheticSuite" time="0.01"/>
  <testcase name="test_synthetic_05923" classname="com.example.SyntheticSuite" time="0.01"/>
  <testcase name="test_synthetic_05924" classname="com.example.SyntheticSuite" time="0.01"/>
  <testcase name="test_synthetic_05925" classname="com.example.SyntheticSuite" time="0.01"/>
  <testcase name="test_synthetic_05926" classname="com.example.SyntheticSuite" time="0.01"/>
  <testcase name="test_synthetic_05927" classname="com.example.SyntheticSuite" time="0.01"/>
  <testcase name="test_synthetic_05928" classname="com.example.SyntheticSuite" time="0.01"/>
  <testcase name="test_synthetic_05929" classname="com.example.SyntheticSuite" time="0.01"/>
  <testcase name="test_synthetic_05930" classname="com.example.SyntheticSuite" time="0.01"/>
  <testcase name="test_synthetic_05931" classname="com.example.SyntheticSuite" time="0.01"/>
  <testcase name="test_synthetic_05932" classname="com.example.SyntheticSuite" time="0.01"/>
  <testcase name="test_synthetic_05933" classname="com.example.SyntheticSuite" time="0.01"/>
  <testcase name="test_synthetic_05934" classname="com.example.SyntheticSuite" time="0.01"/>
  <testcase name="test_synthetic_05935" classname="com.example.SyntheticSuite" time="0.01"/>
  <testcase name="test_synthetic_05936" classname="com.example.SyntheticSuite" time="0.01"/>
  <testcase name="test_synthetic_05937" classname="com.example.SyntheticSuite" time="0.01"/>
  <testcase name="test_synthetic_05938" classname="com.example.SyntheticSuite" time="0.01"/>
  <testcase name="test_synthetic_05939" classname="com.example.SyntheticSuite" time="0.01"/>
  <testcase name="test_synthetic_05940" classname="com.example.SyntheticSuite" time="0.01"/>
  <testcase name="test_synthetic_05941" classname="com.example.SyntheticSuite" time="0.01"/>
  <testcase name="test_synthetic_05942" classname="com.example.SyntheticSuite" time="0.01"/>
  <testcase name="test_synthetic_05943" classname="com.example.SyntheticSuite" time="0.01"/>
  <testcase name="test_synthetic_05944" classname="com.example.SyntheticSuite" time="0.01"/>
  <testcase name="test_synthetic_05945" classname="com.example.SyntheticSuite" time="0.01"/>
  <testcase name="test_synthetic_05946" classname="com.example.SyntheticSuite" time="0.01"/>
  <testcase name="test_synthetic_05947" classname="com.example.SyntheticSuite" time="0.01"/>
  <testcase name="test_synthetic_05948" classname="com.example.SyntheticSuite" time="0.01"/>
  <testcase name="test_synthetic_05949" classname="com.example.SyntheticSuite" time="0.01"/>
  <testcase name="test_synthetic_05950" classname="com.example.SyntheticSuite" time="0.01"/>
  <testcase name="test_synthetic_05951" classname="com.example.SyntheticSuite" time="0.01"/>
  <testcase name="test_synthetic_05952" classname="com.example.SyntheticSuite" time="0.01"/>
  <testcase name="test_synthetic_05953" classname="com.example.SyntheticSuite" time="0.01"/>
  <testcase name="test_synthetic_05954" classname="com.example.SyntheticSuite" time="0.01"/>
  <testcase name="test_synthetic_05955" classname="com.example.SyntheticSuite" time="0.01"/>
  <testcase name="test_synthetic_05956" classname="com.example.SyntheticSuite" time="0.01"/>
  <testcase name="test_synthetic_05957" classname="com.example.SyntheticSuite" time="0.01"/>
  <testcase name="test_synthetic_05958" classname="com.example.SyntheticSuite" time="0.01"/>
  <testcase name="test_synthetic_05959" classname="com.example.SyntheticSuite" time="0.01"/>
  <testcase name="test_synthetic_05960" classname="com.example.SyntheticSuite" time="0.01"/>
  <testcase name="test_synthetic_05961" classname="com.example.SyntheticSuite" time="0.01"/>
  <testcase name="test_synthetic_05962" classname="com.example.SyntheticSuite" time="0.01"/>
  <testcase name="test_synthetic_05963" classname="com.example.SyntheticSuite" time="0.01"/>
  <testcase name="test_synthetic_05964" classname="com.example.SyntheticSuite" time="0.01"/>
  <testcase name="test_synthetic_05965" classname="com.example.SyntheticSuite" time="0.01"/>
  <testcase name="test_synthetic_05966" classname="com.example.SyntheticSuite" time="0.01"/>
  <testcase name="test_synthetic_05967" classname="com.example.SyntheticSuite" time="0.01"/>
  <testcase name="test_synthetic_05968" classname="com.example.SyntheticSuite" time="0.01"/>
  <testcase name="test_synthetic_05969" classname="com.example.SyntheticSuite" time="0.01"/>
  <testcase name="test_synthetic_05970" classname="com.example.SyntheticSuite" time="0.01"/>
  <testcase name="test_synthetic_05971" classname="com.example.SyntheticSuite" time="0.01"/>
  <testcase name="test_synthetic_05972" classname="com.example.SyntheticSuite" time="0.01"/>
  <testcase name="test_synthetic_05973" classname="com.example.SyntheticSuite" time="0.01"/>
  <testcase name="test_synthetic_05974" classname="com.example.SyntheticSuite" time="0.01"/>
  <testcase name="test_synthetic_05975" classname="com.example.SyntheticSuite" time="0.01"/>
  <testcase name="test_synthetic_05976" classname="com.example.SyntheticSuite" time="0.01"/>
  <testcase name="test_synthetic_05977" classname="com.example.SyntheticSuite" time="0.01"/>
  <testcase name="test_synthetic_05978" classname="com.example.SyntheticSuite" time="0.01"/>
  <testcase name="test_synthetic_05979" classname="com.example.SyntheticSuite" time="0.01"/>
  <testcase name="test_synthetic_05980" classname="com.example.SyntheticSuite" time="0.01"/>
  <testcase name="test_synthetic_05981" classname="com.example.SyntheticSuite" time="0.01"/>
  <testcase name="test_synthetic_05982" classname="com.example.SyntheticSuite" time="0.01"/>
  <testcase name="test_synthetic_05983" classname="com.example.SyntheticSuite" time="0.01"/>
  <testcase name="test_synthetic_05984" classname="com.example.SyntheticSuite" time="0.01"/>
  <testcase name="test_synthetic_05985" classname="com.example.SyntheticSuite" time="0.01"/>
  <testcase name="test_synthetic_05986" classname="com.example.SyntheticSuite" time="0.01"/>
  <testcase name="test_synthetic_05987" classname="com.example.SyntheticSuite" time="0.01"/>
  <testcase name="test_synthetic_05988" classname="com.example.SyntheticSuite" time="0.01"/>
  <testcase name="test_synthetic_05989" classname="com.example.SyntheticSuite" time="0.01"/>
  <testcase name="test_synthetic_05990" classname="com.example.SyntheticSuite" time="0.01"/>
  <testcase name="test_synthetic_05991" classname="com.example.SyntheticSuite" time="0.01"/>
  <testcase name="test_synthetic_05992" classname="com.example.SyntheticSuite" time="0.01"/>
  <testcase name="test_synthetic_05993" classname="com.example.SyntheticSuite" time="0.01"/>
  <testcase name="test_synthetic_05994" classname="com.example.SyntheticSuite" time="0.01"/>
  <testcase name="test_synthetic_05995" classname="com.example.SyntheticSuite" time="0.01"/>
  <testcase name="test_synthetic_05996" classname="com.example.SyntheticSuite" time="0.01"/>
  <testcase name="test_synthetic_05997" classname="com.example.SyntheticSuite" time="0.01"/>
  <testcase name="test_synthetic_05998" classname="com.example.SyntheticSuite" time="0.01"/>
  <testcase name="test_synthetic_05999" classname="com.example.SyntheticSuite" time="0.01"/>
  <testcase name="test_synthetic_06000" classname="com.example.SyntheticSuite" time="0.01">
    <failure message="Synthetic failure at 6000">Assertion failed at iteration 6000</failure>
  </testcase>
  <testcase name="test_synthetic_06001" classname="com.example.SyntheticSuite" time="0.01"/>
  <testcase name="test_synthetic_06002" classname="com.example.SyntheticSuite" time="0.01"/>
  <testcase name="test_synthetic_06003" classname="com.example.SyntheticSuite" time="0.01"/>
  <testcase name="test_synthetic_06004" classname="com.example.SyntheticSuite" time="0.01"/>
  <testcase name="test_synthetic_06005" classname="com.example.SyntheticSuite" time="0.01"/>
  <testcase name="test_synthetic_06006" classname="com.example.SyntheticSuite" time="0.01"/>
  <testcase name="test_synthetic_06007" classname="com.example.SyntheticSuite" time="0.01"/>
  <testcase name="test_synthetic_06008" classname="com.example.SyntheticSuite" time="0.01"/>
  <testcase name="test_synthetic_06009" classname="com.example.SyntheticSuite" time="0.01"/>
  <testcase name="test_synthetic_06010" classname="com.example.SyntheticSuite" time="0.01"/>
  <testcase name="test_synthetic_06011" classname="com.example.SyntheticSuite" time="0.01"/>
  <testcase name="test_synthetic_06012" classname="com.example.SyntheticSuite" time="0.01"/>
  <testcase name="test_synthetic_06013" classname="com.example.SyntheticSuite" time="0.01"/>
  <testcase name="test_synthetic_06014" classname="com.example.SyntheticSuite" time="0.01"/>
  <testcase name="test_synthetic_06015" classname="com.example.SyntheticSuite" time="0.01"/>
  <testcase name="test_synthetic_06016" classname="com.example.SyntheticSuite" time="0.01"/>
  <testcase name="test_synthetic_06017" classname="com.example.SyntheticSuite" time="0.01"/>
  <testcase name="test_synthetic_06018" classname="com.example.SyntheticSuite" time="0.01"/>
  <testcase name="test_synthetic_06019" classname="com.example.SyntheticSuite" time="0.01"/>
  <testcase name="test_synthetic_06020" classname="com.example.SyntheticSuite" time="0.01"/>
  <testcase name="test_synthetic_06021" classname="com.example.SyntheticSuite" time="0.01"/>
  <testcase name="test_synthetic_06022" classname="com.example.SyntheticSuite" time="0.01"/>
  <testcase name="test_synthetic_06023" classname="com.example.SyntheticSuite" time="0.01"/>
  <testcase name="test_synthetic_06024" classname="com.example.SyntheticSuite" time="0.01"/>
  <testcase name="test_synthetic_06025" classname="com.example.SyntheticSuite" time="0.01"/>
  <testcase name="test_synthetic_06026" classname="com.example.SyntheticSuite" time="0.01"/>
  <testcase name="test_synthetic_06027" classname="com.example.SyntheticSuite" time="0.01"/>
  <testcase name="test_synthetic_06028" classname="com.example.SyntheticSuite" time="0.01"/>
  <testcase name="test_synthetic_06029" classname="com.example.SyntheticSuite" time="0.01"/>
  <testcase name="test_synthetic_06030" classname="com.example.SyntheticSuite" time="0.01"/>
  <testcase name="test_synthetic_06031" classname="com.example.SyntheticSuite" time="0.01"/>
  <testcase name="test_synthetic_06032" classname="com.example.SyntheticSuite" time="0.01"/>
  <testcase name="test_synthetic_06033" classname="com.example.SyntheticSuite" time="0.01"/>
  <testcase name="test_synthetic_06034" classname="com.example.SyntheticSuite" time="0.01"/>
  <testcase name="test_synthetic_06035" classname="com.example.SyntheticSuite" time="0.01"/>
  <testcase name="test_synthetic_06036" classname="com.example.SyntheticSuite" time="0.01"/>
  <testcase name="test_synthetic_06037" classname="com.example.SyntheticSuite" time="0.01"/>
  <testcase name="test_synthetic_06038" classname="com.example.SyntheticSuite" time="0.01"/>
  <testcase name="test_synthetic_06039" classname="com.example.SyntheticSuite" time="0.01"/>
  <testcase name="test_synthetic_06040" classname="com.example.SyntheticSuite" time="0.01"/>
  <testcase name="test_synthetic_06041" classname="com.example.SyntheticSuite" time="0.01"/>
  <testcase name="test_synthetic_06042" classname="com.example.SyntheticSuite" time="0.01"/>
  <testcase name="test_synthetic_06043" classname="com.example.SyntheticSuite" time="0.01"/>
  <testcase name="test_synthetic_06044" classname="com.example.SyntheticSuite" time="0.01"/>
  <testcase name="test_synthetic_06045" classname="com.example.SyntheticSuite" time="0.01"/>
  <testcase name="test_synthetic_06046" classname="com.example.SyntheticSuite" time="0.01"/>
  <testcase name="test_synthetic_06047" classname="com.example.SyntheticSuite" time="0.01"/>
  <testcase name="test_synthetic_06048" classname="com.example.SyntheticSuite" time="0.01"/>
  <testcase name="test_synthetic_06049" classname="com.example.SyntheticSuite" time="0.01"/>
  <testcase name="test_synthetic_06050" classname="com.example.SyntheticSuite" time="0.01"/>
  <testcase name="test_synthetic_06051" classname="com.example.SyntheticSuite" time="0.01"/>
  <testcase name="test_synthetic_06052" classname="com.example.SyntheticSuite" time="0.01"/>
  <testcase name="test_synthetic_06053" classname="com.example.SyntheticSuite" time="0.01"/>
  <testcase name="test_synthetic_06054" classname="com.example.SyntheticSuite" time="0.01"/>
  <testcase name="test_synthetic_06055" classname="com.example.SyntheticSuite" time="0.01"/>
  <testcase name="test_synthetic_06056" classname="com.example.SyntheticSuite" time="0.01"/>
  <testcase name="test_synthetic_06057" classname="com.example.SyntheticSuite" time="0.01"/>
  <testcase name="test_synthetic_06058" classname="com.example.SyntheticSuite" time="0.01"/>
  <testcase name="test_synthetic_06059" classname="com.example.SyntheticSuite" time="0.01"/>
  <testcase name="test_synthetic_06060" classname="com.example.SyntheticSuite" time="0.01"/>
  <testcase name="test_synthetic_06061" classname="com.example.SyntheticSuite" time="0.01"/>
  <testcase name="test_synthetic_06062" classname="com.example.SyntheticSuite" time="0.01"/>
  <testcase name="test_synthetic_06063" classname="com.example.SyntheticSuite" time="0.01"/>
  <testcase name="test_synthetic_06064" classname="com.example.SyntheticSuite" time="0.01"/>
  <testcase name="test_synthetic_06065" classname="com.example.SyntheticSuite" time="0.01"/>
  <testcase name="test_synthetic_06066" classname="com.example.SyntheticSuite" time="0.01"/>
  <testcase name="test_synthetic_06067" classname="com.example.SyntheticSuite" time="0.01"/>
  <testcase name="test_synthetic_06068" classname="com.example.SyntheticSuite" time="0.01"/>
  <testcase name="test_synthetic_06069" classname="com.example.SyntheticSuite" time="0.01"/>
  <testcase name="test_synthetic_06070" classname="com.example.SyntheticSuite" time="0.01"/>
  <testcase name="test_synthetic_06071" classname="com.example.SyntheticSuite" time="0.01"/>
  <testcase name="test_synthetic_06072" classname="com.example.SyntheticSuite" time="0.01"/>
  <testcase name="test_synthetic_06073" classname="com.example.SyntheticSuite" time="0.01"/>
  <testcase name="test_synthetic_06074" classname="com.example.SyntheticSuite" time="0.01"/>
  <testcase name="test_synthetic_06075" classname="com.example.SyntheticSuite" time="0.01"/>
  <testcase name="test_synthetic_06076" classname="com.example.SyntheticSuite" time="0.01"/>
  <testcase name="test_synthetic_06077" classname="com.example.SyntheticSuite" time="0.01"/>
  <testcase name="test_synthetic_06078" classname="com.example.SyntheticSuite" time="0.01"/>
  <testcase name="test_synthetic_06079" classname="com.example.SyntheticSuite" time="0.01"/>
  <testcase name="test_synthetic_06080" classname="com.example.SyntheticSuite" time="0.01"/>
  <testcase name="test_synthetic_06081" classname="com.example.SyntheticSuite" time="0.01"/>
  <testcase name="test_synthetic_06082" classname="com.example.SyntheticSuite" time="0.01"/>
  <testcase name="test_synthetic_06083" classname="com.example.SyntheticSuite" time="0.01"/>
  <testcase name="test_synthetic_06084" classname="com.example.SyntheticSuite" time="0.01"/>
  <testcase name="test_synthetic_06085" classname="com.example.SyntheticSuite" time="0.01"/>
  <testcase name="test_synthetic_06086" classname="com.example.SyntheticSuite" time="0.01"/>
  <testcase name="test_synthetic_06087" classname="com.example.SyntheticSuite" time="0.01"/>
  <testcase name="test_synthetic_06088" classname="com.example.SyntheticSuite" time="0.01"/>
  <testcase name="test_synthetic_06089" classname="com.example.SyntheticSuite" time="0.01"/>
  <testcase name="test_synthetic_06090" classname="com.example.SyntheticSuite" time="0.01"/>
  <testcase name="test_synthetic_06091" classname="com.example.SyntheticSuite" time="0.01"/>
  <testcase name="test_synthetic_06092" classname="com.example.SyntheticSuite" time="0.01"/>
  <testcase name="test_synthetic_06093" classname="com.example.SyntheticSuite" time="0.01"/>
  <testcase name="test_synthetic_06094" classname="com.example.SyntheticSuite" time="0.01"/>
  <testcase name="test_synthetic_06095" classname="com.example.SyntheticSuite" time="0.01"/>
  <testcase name="test_synthetic_06096" classname="com.example.SyntheticSuite" time="0.01"/>
  <testcase name="test_synthetic_06097" classname="com.example.SyntheticSuite" time="0.01"/>
  <testcase name="test_synthetic_06098" classname="com.example.SyntheticSuite" time="0.01"/>
  <testcase name="test_synthetic_06099" classname="com.example.SyntheticSuite" time="0.01"/>
  <testcase name="test_synthetic_06100" classname="com.example.SyntheticSuite" time="0.01">
    <failure message="Synthetic failure at 6100">Assertion failed at iteration 6100</failure>
  </testcase>
  <testcase name="test_synthetic_06101" classname="com.example.SyntheticSuite" time="0.01"/>
  <testcase name="test_synthetic_06102" classname="com.example.SyntheticSuite" time="0.01"/>
  <testcase name="test_synthetic_06103" classname="com.example.SyntheticSuite" time="0.01"/>
  <testcase name="test_synthetic_06104" classname="com.example.SyntheticSuite" time="0.01"/>
  <testcase name="test_synthetic_06105" classname="com.example.SyntheticSuite" time="0.01"/>
  <testcase name="test_synthetic_06106" classname="com.example.SyntheticSuite" time="0.01"/>
  <testcase name="test_synthetic_06107" classname="com.example.SyntheticSuite" time="0.01"/>
  <testcase name="test_synthetic_06108" classname="com.example.SyntheticSuite" time="0.01"/>
  <testcase name="test_synthetic_06109" classname="com.example.SyntheticSuite" time="0.01"/>
  <testcase name="test_synthetic_06110" classname="com.example.SyntheticSuite" time="0.01"/>
  <testcase name="test_synthetic_06111" classname="com.example.SyntheticSuite" time="0.01"/>
  <testcase name="test_synthetic_06112" classname="com.example.SyntheticSuite" time="0.01"/>
  <testcase name="test_synthetic_06113" classname="com.example.SyntheticSuite" time="0.01"/>
  <testcase name="test_synthetic_06114" classname="com.example.SyntheticSuite" time="0.01"/>
  <testcase name="test_synthetic_06115" classname="com.example.SyntheticSuite" time="0.01"/>
  <testcase name="test_synthetic_06116" classname="com.example.SyntheticSuite" time="0.01"/>
  <testcase name="test_synthetic_06117" classname="com.example.SyntheticSuite" time="0.01"/>
  <testcase name="test_synthetic_06118" classname="com.example.SyntheticSuite" time="0.01"/>
  <testcase name="test_synthetic_06119" classname="com.example.SyntheticSuite" time="0.01"/>
  <testcase name="test_synthetic_06120" classname="com.example.SyntheticSuite" time="0.01"/>
  <testcase name="test_synthetic_06121" classname="com.example.SyntheticSuite" time="0.01"/>
  <testcase name="test_synthetic_06122" classname="com.example.SyntheticSuite" time="0.01"/>
  <testcase name="test_synthetic_06123" classname="com.example.SyntheticSuite" time="0.01"/>
  <testcase name="test_synthetic_06124" classname="com.example.SyntheticSuite" time="0.01"/>
  <testcase name="test_synthetic_06125" classname="com.example.SyntheticSuite" time="0.01"/>
  <testcase name="test_synthetic_06126" classname="com.example.SyntheticSuite" time="0.01"/>
  <testcase name="test_synthetic_06127" classname="com.example.SyntheticSuite" time="0.01"/>
  <testcase name="test_synthetic_06128" classname="com.example.SyntheticSuite" time="0.01"/>
  <testcase name="test_synthetic_06129" classname="com.example.SyntheticSuite" time="0.01"/>
  <testcase name="test_synthetic_06130" classname="com.example.SyntheticSuite" time="0.01"/>
  <testcase name="test_synthetic_06131" classname="com.example.SyntheticSuite" time="0.01"/>
  <testcase name="test_synthetic_06132" classname="com.example.SyntheticSuite" time="0.01"/>
  <testcase name="test_synthetic_06133" classname="com.example.SyntheticSuite" time="0.01"/>
  <testcase name="test_synthetic_06134" classname="com.example.SyntheticSuite" time="0.01"/>
  <testcase name="test_synthetic_06135" classname="com.example.SyntheticSuite" time="0.01"/>
  <testcase name="test_synthetic_06136" classname="com.example.SyntheticSuite" time="0.01"/>
  <testcase name="test_synthetic_06137" classname="com.example.SyntheticSuite" time="0.01"/>
  <testcase name="test_synthetic_06138" classname="com.example.SyntheticSuite" time="0.01"/>
  <testcase name="test_synthetic_06139" classname="com.example.SyntheticSuite" time="0.01"/>
  <testcase name="test_synthetic_06140" classname="com.example.SyntheticSuite" time="0.01"/>
  <testcase name="test_synthetic_06141" classname="com.example.SyntheticSuite" time="0.01"/>
  <testcase name="test_synthetic_06142" classname="com.example.SyntheticSuite" time="0.01"/>
  <testcase name="test_synthetic_06143" classname="com.example.SyntheticSuite" time="0.01"/>
  <testcase name="test_synthetic_06144" classname="com.example.SyntheticSuite" time="0.01"/>
  <testcase name="test_synthetic_06145" classname="com.example.SyntheticSuite" time="0.01"/>
  <testcase name="test_synthetic_06146" classname="com.example.SyntheticSuite" time="0.01"/>
  <testcase name="test_synthetic_06147" classname="com.example.SyntheticSuite" time="0.01"/>
  <testcase name="test_synthetic_06148" classname="com.example.SyntheticSuite" time="0.01"/>
  <testcase name="test_synthetic_06149" classname="com.example.SyntheticSuite" time="0.01"/>
  <testcase name="test_synthetic_06150" classname="com.example.SyntheticSuite" time="0.01"/>
  <testcase name="test_synthetic_06151" classname="com.example.SyntheticSuite" time="0.01"/>
  <testcase name="test_synthetic_06152" classname="com.example.SyntheticSuite" time="0.01"/>
  <testcase name="test_synthetic_06153" classname="com.example.SyntheticSuite" time="0.01"/>
  <testcase name="test_synthetic_06154" classname="com.example.SyntheticSuite" time="0.01"/>
  <testcase name="test_synthetic_06155" classname="com.example.SyntheticSuite" time="0.01"/>
  <testcase name="test_synthetic_06156" classname="com.example.SyntheticSuite" time="0.01"/>
  <testcase name="test_synthetic_06157" classname="com.example.SyntheticSuite" time="0.01"/>
  <testcase name="test_synthetic_06158" classname="com.example.SyntheticSuite" time="0.01"/>
  <testcase name="test_synthetic_06159" classname="com.example.SyntheticSuite" time="0.01"/>
  <testcase name="test_synthetic_06160" classname="com.example.SyntheticSuite" time="0.01"/>
  <testcase name="test_synthetic_06161" classname="com.example.SyntheticSuite" time="0.01"/>
  <testcase name="test_synthetic_06162" classname="com.example.SyntheticSuite" time="0.01"/>
  <testcase name="test_synthetic_06163" classname="com.example.SyntheticSuite" time="0.01"/>
  <testcase name="test_synthetic_06164" classname="com.example.SyntheticSuite" time="0.01"/>
  <testcase name="test_synthetic_06165" classname="com.example.SyntheticSuite" time="0.01"/>
  <testcase name="test_synthetic_06166" classname="com.example.SyntheticSuite" time="0.01"/>
  <testcase name="test_synthetic_06167" classname="com.example.SyntheticSuite" time="0.01"/>
  <testcase name="test_synthetic_06168" classname="com.example.SyntheticSuite" time="0.01"/>
  <testcase name="test_synthetic_06169" classname="com.example.SyntheticSuite" time="0.01"/>
  <testcase name="test_synthetic_06170" classname="com.example.SyntheticSuite" time="0.01"/>
  <testcase name="test_synthetic_06171" classname="com.example.SyntheticSuite" time="0.01"/>
  <testcase name="test_synthetic_06172" classname="com.example.SyntheticSuite" time="0.01"/>
  <testcase name="test_synthetic_06173" classname="com.example.SyntheticSuite" time="0.01"/>
  <testcase name="test_synthetic_06174" classname="com.example.SyntheticSuite" time="0.01"/>
  <testcase name="test_synthetic_06175" classname="com.example.SyntheticSuite" time="0.01"/>
  <testcase name="test_synthetic_06176" classname="com.example.SyntheticSuite" time="0.01"/>
  <testcase name="test_synthetic_06177" classname="com.example.SyntheticSuite" time="0.01"/>
  <testcase name="test_synthetic_06178" classname="com.example.SyntheticSuite" time="0.01"/>
  <testcase name="test_synthetic_06179" classname="com.example.SyntheticSuite" time="0.01"/>
  <testcase name="test_synthetic_06180" classname="com.example.SyntheticSuite" time="0.01"/>
  <testcase name="test_synthetic_06181" classname="com.example.SyntheticSuite" time="0.01"/>
  <testcase name="test_synthetic_06182" classname="com.example.SyntheticSuite" time="0.01"/>
  <testcase name="test_synthetic_06183" classname="com.example.SyntheticSuite" time="0.01"/>
  <testcase name="test_synthetic_06184" classname="com.example.SyntheticSuite" time="0.01"/>
  <testcase name="test_synthetic_06185" classname="com.example.SyntheticSuite" time="0.01"/>
  <testcase name="test_synthetic_06186" classname="com.example.SyntheticSuite" time="0.01"/>
  <testcase name="test_synthetic_06187" classname="com.example.SyntheticSuite" time="0.01"/>
  <testcase name="test_synthetic_06188" classname="com.example.SyntheticSuite" time="0.01"/>
  <testcase name="test_synthetic_06189" classname="com.example.SyntheticSuite" time="0.01"/>
  <testcase name="test_synthetic_06190" classname="com.example.SyntheticSuite" time="0.01"/>
  <testcase name="test_synthetic_06191" classname="com.example.SyntheticSuite" time="0.01"/>
  <testcase name="test_synthetic_06192" classname="com.example.SyntheticSuite" time="0.01"/>
  <testcase name="test_synthetic_06193" classname="com.example.SyntheticSuite" time="0.01"/>
  <testcase name="test_synthetic_06194" classname="com.example.SyntheticSuite" time="0.01"/>
  <testcase name="test_synthetic_06195" classname="com.example.SyntheticSuite" time="0.01"/>
  <testcase name="test_synthetic_06196" classname="com.example.SyntheticSuite" time="0.01"/>
  <testcase name="test_synthetic_06197" classname="com.example.SyntheticSuite" time="0.01"/>
  <testcase name="test_synthetic_06198" classname="com.example.SyntheticSuite" time="0.01"/>
  <testcase name="test_synthetic_06199" classname="com.example.SyntheticSuite" time="0.01"/>
  <testcase name="test_synthetic_06200" classname="com.example.SyntheticSuite" time="0.01">
    <failure message="Synthetic failure at 6200">Assertion failed at iteration 6200</failure>
  </testcase>
  <testcase name="test_synthetic_06201" classname="com.example.SyntheticSuite" time="0.01"/>
  <testcase name="test_synthetic_06202" classname="com.example.SyntheticSuite" time="0.01"/>
  <testcase name="test_synthetic_06203" classname="com.example.SyntheticSuite" time="0.01"/>
  <testcase name="test_synthetic_06204" classname="com.example.SyntheticSuite" time="0.01"/>
  <testcase name="test_synthetic_06205" classname="com.example.SyntheticSuite" time="0.01"/>
  <testcase name="test_synthetic_06206" classname="com.example.SyntheticSuite" time="0.01"/>
  <testcase name="test_synthetic_06207" classname="com.example.SyntheticSuite" time="0.01"/>
  <testcase name="test_synthetic_06208" classname="com.example.SyntheticSuite" time="0.01"/>
  <testcase name="test_synthetic_06209" classname="com.example.SyntheticSuite" time="0.01"/>
  <testcase name="test_synthetic_06210" classname="com.example.SyntheticSuite" time="0.01"/>
  <testcase name="test_synthetic_06211" classname="com.example.SyntheticSuite" time="0.01"/>
  <testcase name="test_synthetic_06212" classname="com.example.SyntheticSuite" time="0.01"/>
  <testcase name="test_synthetic_06213" classname="com.example.SyntheticSuite" time="0.01"/>
  <testcase name="test_synthetic_06214" classname="com.example.SyntheticSuite" time="0.01"/>
  <testcase name="test_synthetic_06215" classname="com.example.SyntheticSuite" time="0.01"/>
  <testcase name="test_synthetic_06216" classname="com.example.SyntheticSuite" time="0.01"/>
  <testcase name="test_synthetic_06217" classname="com.example.SyntheticSuite" time="0.01"/>
  <testcase name="test_synthetic_06218" classname="com.example.SyntheticSuite" time="0.01"/>
  <testcase name="test_synthetic_06219" classname="com.example.SyntheticSuite" time="0.01"/>
  <testcase name="test_synthetic_06220" classname="com.example.SyntheticSuite" time="0.01"/>
  <testcase name="test_synthetic_06221" classname="com.example.SyntheticSuite" time="0.01"/>
  <testcase name="test_synthetic_06222" classname="com.example.SyntheticSuite" time="0.01"/>
  <testcase name="test_synthetic_06223" classname="com.example.SyntheticSuite" time="0.01"/>
  <testcase name="test_synthetic_06224" classname="com.example.SyntheticSuite" time="0.01"/>
  <testcase name="test_synthetic_06225" classname="com.example.SyntheticSuite" time="0.01"/>
  <testcase name="test_synthetic_06226" classname="com.example.SyntheticSuite" time="0.01"/>
  <testcase name="test_synthetic_06227" classname="com.example.SyntheticSuite" time="0.01"/>
  <testcase name="test_synthetic_06228" classname="com.example.SyntheticSuite" time="0.01"/>
  <testcase name="test_synthetic_06229" classname="com.example.SyntheticSuite" time="0.01"/>
  <testcase name="test_synthetic_06230" classname="com.example.SyntheticSuite" time="0.01"/>
  <testcase name="test_synthetic_06231" classname="com.example.SyntheticSuite" time="0.01"/>
  <testcase name="test_synthetic_06232" classname="com.example.SyntheticSuite" time="0.01"/>
  <testcase name="test_synthetic_06233" classname="com.example.SyntheticSuite" time="0.01"/>
  <testcase name="test_synthetic_06234" classname="com.example.SyntheticSuite" time="0.01"/>
  <testcase name="test_synthetic_06235" classname="com.example.SyntheticSuite" time="0.01"/>
  <testcase name="test_synthetic_06236" classname="com.example.SyntheticSuite" time="0.01"/>
  <testcase name="test_synthetic_06237" classname="com.example.SyntheticSuite" time="0.01"/>
  <testcase name="test_synthetic_06238" classname="com.example.SyntheticSuite" time="0.01"/>
  <testcase name="test_synthetic_06239" classname="com.example.SyntheticSuite" time="0.01"/>
  <testcase name="test_synthetic_06240" classname="com.example.SyntheticSuite" time="0.01"/>
  <testcase name="test_synthetic_06241" classname="com.example.SyntheticSuite" time="0.01"/>
  <testcase name="test_synthetic_06242" classname="com.example.SyntheticSuite" time="0.01"/>
  <testcase name="test_synthetic_06243" classname="com.example.SyntheticSuite" time="0.01"/>
  <testcase name="test_synthetic_06244" classname="com.example.SyntheticSuite" time="0.01"/>
  <testcase name="test_synthetic_06245" classname="com.example.SyntheticSuite" time="0.01"/>
  <testcase name="test_synthetic_06246" classname="com.example.SyntheticSuite" time="0.01"/>
  <testcase name="test_synthetic_06247" classname="com.example.SyntheticSuite" time="0.01"/>
  <testcase name="test_synthetic_06248" classname="com.example.SyntheticSuite" time="0.01"/>
  <testcase name="test_synthetic_06249" classname="com.example.SyntheticSuite" time="0.01"/>
  <testcase name="test_synthetic_06250" classname="com.example.SyntheticSuite" time="0.01"/>
  <testcase name="test_synthetic_06251" classname="com.example.SyntheticSuite" time="0.01"/>
  <testcase name="test_synthetic_06252" classname="com.example.SyntheticSuite" time="0.01"/>
  <testcase name="test_synthetic_06253" classname="com.example.SyntheticSuite" time="0.01"/>
  <testcase name="test_synthetic_06254" classname="com.example.SyntheticSuite" time="0.01"/>
  <testcase name="test_synthetic_06255" classname="com.example.SyntheticSuite" time="0.01"/>
  <testcase name="test_synthetic_06256" classname="com.example.SyntheticSuite" time="0.01"/>
  <testcase name="test_synthetic_06257" classname="com.example.SyntheticSuite" time="0.01"/>
  <testcase name="test_synthetic_06258" classname="com.example.SyntheticSuite" time="0.01"/>
  <testcase name="test_synthetic_06259" classname="com.example.SyntheticSuite" time="0.01"/>
  <testcase name="test_synthetic_06260" classname="com.example.SyntheticSuite" time="0.01"/>
  <testcase name="test_synthetic_06261" classname="com.example.SyntheticSuite" time="0.01"/>
  <testcase name="test_synthetic_06262" classname="com.example.SyntheticSuite" time="0.01"/>
  <testcase name="test_synthetic_06263" classname="com.example.SyntheticSuite" time="0.01"/>
  <testcase name="test_synthetic_06264" classname="com.example.SyntheticSuite" time="0.01"/>
  <testcase name="test_synthetic_06265" classname="com.example.SyntheticSuite" time="0.01"/>
  <testcase name="test_synthetic_06266" classname="com.example.SyntheticSuite" time="0.01"/>
  <testcase name="test_synthetic_06267" classname="com.example.SyntheticSuite" time="0.01"/>
  <testcase name="test_synthetic_06268" classname="com.example.SyntheticSuite" time="0.01"/>
  <testcase name="test_synthetic_06269" classname="com.example.SyntheticSuite" time="0.01"/>
  <testcase name="test_synthetic_06270" classname="com.example.SyntheticSuite" time="0.01"/>
  <testcase name="test_synthetic_06271" classname="com.example.SyntheticSuite" time="0.01"/>
  <testcase name="test_synthetic_06272" classname="com.example.SyntheticSuite" time="0.01"/>
  <testcase name="test_synthetic_06273" classname="com.example.SyntheticSuite" time="0.01"/>
  <testcase name="test_synthetic_06274" classname="com.example.SyntheticSuite" time="0.01"/>
  <testcase name="test_synthetic_06275" classname="com.example.SyntheticSuite" time="0.01"/>
  <testcase name="test_synthetic_06276" classname="com.example.SyntheticSuite" time="0.01"/>
  <testcase name="test_synthetic_06277" classname="com.example.SyntheticSuite" time="0.01"/>
  <testcase name="test_synthetic_06278" classname="com.example.SyntheticSuite" time="0.01"/>
  <testcase name="test_synthetic_06279" classname="com.example.SyntheticSuite" time="0.01"/>
  <testcase name="test_synthetic_06280" classname="com.example.SyntheticSuite" time="0.01"/>
  <testcase name="test_synthetic_06281" classname="com.example.SyntheticSuite" time="0.01"/>
  <testcase name="test_synthetic_06282" classname="com.example.SyntheticSuite" time="0.01"/>
  <testcase name="test_synthetic_06283" classname="com.example.SyntheticSuite" time="0.01"/>
  <testcase name="test_synthetic_06284" classname="com.example.SyntheticSuite" time="0.01"/>
  <testcase name="test_synthetic_06285" classname="com.example.SyntheticSuite" time="0.01"/>
  <testcase name="test_synthetic_06286" classname="com.example.SyntheticSuite" time="0.01"/>
  <testcase name="test_synthetic_06287" classname="com.example.SyntheticSuite" time="0.01"/>
  <testcase name="test_synthetic_06288" classname="com.example.SyntheticSuite" time="0.01"/>
  <testcase name="test_synthetic_06289" classname="com.example.SyntheticSuite" time="0.01"/>
  <testcase name="test_synthetic_06290" classname="com.example.SyntheticSuite" time="0.01"/>
  <testcase name="test_synthetic_06291" classname="com.example.SyntheticSuite" time="0.01"/>
  <testcase name="test_synthetic_06292" classname="com.example.SyntheticSuite" time="0.01"/>
  <testcase name="test_synthetic_06293" classname="com.example.SyntheticSuite" time="0.01"/>
  <testcase name="test_synthetic_06294" classname="com.example.SyntheticSuite" time="0.01"/>
  <testcase name="test_synthetic_06295" classname="com.example.SyntheticSuite" time="0.01"/>
  <testcase name="test_synthetic_06296" classname="com.example.SyntheticSuite" time="0.01"/>
  <testcase name="test_synthetic_06297" classname="com.example.SyntheticSuite" time="0.01"/>
  <testcase name="test_synthetic_06298" classname="com.example.SyntheticSuite" time="0.01"/>
  <testcase name="test_synthetic_06299" classname="com.example.SyntheticSuite" time="0.01"/>
  <testcase name="test_synthetic_06300" classname="com.example.SyntheticSuite" time="0.01">
    <failure message="Synthetic failure at 6300">Assertion failed at iteration 6300</failure>
  </testcase>
  <testcase name="test_synthetic_06301" classname="com.example.SyntheticSuite" time="0.01"/>
  <testcase name="test_synthetic_06302" classname="com.example.SyntheticSuite" time="0.01"/>
  <testcase name="test_synthetic_06303" classname="com.example.SyntheticSuite" time="0.01"/>
  <testcase name="test_synthetic_06304" classname="com.example.SyntheticSuite" time="0.01"/>
  <testcase name="test_synthetic_06305" classname="com.example.SyntheticSuite" time="0.01"/>
  <testcase name="test_synthetic_06306" classname="com.example.SyntheticSuite" time="0.01"/>
  <testcase name="test_synthetic_06307" classname="com.example.SyntheticSuite" time="0.01"/>
  <testcase name="test_synthetic_06308" classname="com.example.SyntheticSuite" time="0.01"/>
  <testcase name="test_synthetic_06309" classname="com.example.SyntheticSuite" time="0.01"/>
  <testcase name="test_synthetic_06310" classname="com.example.SyntheticSuite" time="0.01"/>
  <testcase name="test_synthetic_06311" classname="com.example.SyntheticSuite" time="0.01"/>
  <testcase name="test_synthetic_06312" classname="com.example.SyntheticSuite" time="0.01"/>
  <testcase name="test_synthetic_06313" classname="com.example.SyntheticSuite" time="0.01"/>
  <testcase name="test_synthetic_06314" classname="com.example.SyntheticSuite" time="0.01"/>
  <testcase name="test_synthetic_06315" classname="com.example.SyntheticSuite" time="0.01"/>
  <testcase name="test_synthetic_06316" classname="com.example.SyntheticSuite" time="0.01"/>
  <testcase name="test_synthetic_06317" classname="com.example.SyntheticSuite" time="0.01"/>
  <testcase name="test_synthetic_06318" classname="com.example.SyntheticSuite" time="0.01"/>
  <testcase name="test_synthetic_06319" classname="com.example.SyntheticSuite" time="0.01"/>
  <testcase name="test_synthetic_06320" classname="com.example.SyntheticSuite" time="0.01"/>
  <testcase name="test_synthetic_06321" classname="com.example.SyntheticSuite" time="0.01"/>
  <testcase name="test_synthetic_06322" classname="com.example.SyntheticSuite" time="0.01"/>
  <testcase name="test_synthetic_06323" classname="com.example.SyntheticSuite" time="0.01"/>
  <testcase name="test_synthetic_06324" classname="com.example.SyntheticSuite" time="0.01"/>
  <testcase name="test_synthetic_06325" classname="com.example.SyntheticSuite" time="0.01"/>
  <testcase name="test_synthetic_06326" classname="com.example.SyntheticSuite" time="0.01"/>
  <testcase name="test_synthetic_06327" classname="com.example.SyntheticSuite" time="0.01"/>
  <testcase name="test_synthetic_06328" classname="com.example.SyntheticSuite" time="0.01"/>
  <testcase name="test_synthetic_06329" classname="com.example.SyntheticSuite" time="0.01"/>
  <testcase name="test_synthetic_06330" classname="com.example.SyntheticSuite" time="0.01"/>
  <testcase name="test_synthetic_06331" classname="com.example.SyntheticSuite" time="0.01"/>
  <testcase name="test_synthetic_06332" classname="com.example.SyntheticSuite" time="0.01"/>
  <testcase name="test_synthetic_06333" classname="com.example.SyntheticSuite" time="0.01"/>
  <testcase name="test_synthetic_06334" classname="com.example.SyntheticSuite" time="0.01"/>
  <testcase name="test_synthetic_06335" classname="com.example.SyntheticSuite" time="0.01"/>
  <testcase name="test_synthetic_06336" classname="com.example.SyntheticSuite" time="0.01"/>
  <testcase name="test_synthetic_06337" classname="com.example.SyntheticSuite" time="0.01"/>
  <testcase name="test_synthetic_06338" classname="com.example.SyntheticSuite" time="0.01"/>
  <testcase name="test_synthetic_06339" classname="com.example.SyntheticSuite" time="0.01"/>
  <testcase name="test_synthetic_06340" classname="com.example.SyntheticSuite" time="0.01"/>
  <testcase name="test_synthetic_06341" classname="com.example.SyntheticSuite" time="0.01"/>
  <testcase name="test_synthetic_06342" classname="com.example.SyntheticSuite" time="0.01"/>
  <testcase name="test_synthetic_06343" classname="com.example.SyntheticSuite" time="0.01"/>
  <testcase name="test_synthetic_06344" classname="com.example.SyntheticSuite" time="0.01"/>
  <testcase name="test_synthetic_06345" classname="com.example.SyntheticSuite" time="0.01"/>
  <testcase name="test_synthetic_06346" classname="com.example.SyntheticSuite" time="0.01"/>
  <testcase name="test_synthetic_06347" classname="com.example.SyntheticSuite" time="0.01"/>
  <testcase name="test_synthetic_06348" classname="com.example.SyntheticSuite" time="0.01"/>
  <testcase name="test_synthetic_06349" classname="com.example.SyntheticSuite" time="0.01"/>
  <testcase name="test_synthetic_06350" classname="com.example.SyntheticSuite" time="0.01"/>
  <testcase name="test_synthetic_06351" classname="com.example.SyntheticSuite" time="0.01"/>
  <testcase name="test_synthetic_06352" classname="com.example.SyntheticSuite" time="0.01"/>
  <testcase name="test_synthetic_06353" classname="com.example.SyntheticSuite" time="0.01"/>
  <testcase name="test_synthetic_06354" classname="com.example.SyntheticSuite" time="0.01"/>
  <testcase name="test_synthetic_06355" classname="com.example.SyntheticSuite" time="0.01"/>
  <testcase name="test_synthetic_06356" classname="com.example.SyntheticSuite" time="0.01"/>
  <testcase name="test_synthetic_06357" classname="com.example.SyntheticSuite" time="0.01"/>
  <testcase name="test_synthetic_06358" classname="com.example.SyntheticSuite" time="0.01"/>
  <testcase name="test_synthetic_06359" classname="com.example.SyntheticSuite" time="0.01"/>
  <testcase name="test_synthetic_06360" classname="com.example.SyntheticSuite" time="0.01"/>
  <testcase name="test_synthetic_06361" classname="com.example.SyntheticSuite" time="0.01"/>
  <testcase name="test_synthetic_06362" classname="com.example.SyntheticSuite" time="0.01"/>
  <testcase name="test_synthetic_06363" classname="com.example.SyntheticSuite" time="0.01"/>
  <testcase name="test_synthetic_06364" classname="com.example.SyntheticSuite" time="0.01"/>
  <testcase name="test_synthetic_06365" classname="com.example.SyntheticSuite" time="0.01"/>
  <testcase name="test_synthetic_06366" classname="com.example.SyntheticSuite" time="0.01"/>
  <testcase name="test_synthetic_06367" classname="com.example.SyntheticSuite" time="0.01"/>
  <testcase name="test_synthetic_06368" classname="com.example.SyntheticSuite" time="0.01"/>
  <testcase name="test_synthetic_06369" classname="com.example.SyntheticSuite" time="0.01"/>
  <testcase name="test_synthetic_06370" classname="com.example.SyntheticSuite" time="0.01"/>
  <testcase name="test_synthetic_06371" classname="com.example.SyntheticSuite" time="0.01"/>
  <testcase name="test_synthetic_06372" classname="com.example.SyntheticSuite" time="0.01"/>
  <testcase name="test_synthetic_06373" classname="com.example.SyntheticSuite" time="0.01"/>
  <testcase name="test_synthetic_06374" classname="com.example.SyntheticSuite" time="0.01"/>
  <testcase name="test_synthetic_06375" classname="com.example.SyntheticSuite" time="0.01"/>
  <testcase name="test_synthetic_06376" classname="com.example.SyntheticSuite" time="0.01"/>
  <testcase name="test_synthetic_06377" classname="com.example.SyntheticSuite" time="0.01"/>
  <testcase name="test_synthetic_06378" classname="com.example.SyntheticSuite" time="0.01"/>
  <testcase name="test_synthetic_06379" classname="com.example.SyntheticSuite" time="0.01"/>
  <testcase name="test_synthetic_06380" classname="com.example.SyntheticSuite" time="0.01"/>
  <testcase name="test_synthetic_06381" classname="com.example.SyntheticSuite" time="0.01"/>
  <testcase name="test_synthetic_06382" classname="com.example.SyntheticSuite" time="0.01"/>
  <testcase name="test_synthetic_06383" classname="com.example.SyntheticSuite" time="0.01"/>
  <testcase name="test_synthetic_06384" classname="com.example.SyntheticSuite" time="0.01"/>
  <testcase name="test_synthetic_06385" classname="com.example.SyntheticSuite" time="0.01"/>
  <testcase name="test_synthetic_06386" classname="com.example.SyntheticSuite" time="0.01"/>
  <testcase name="test_synthetic_06387" classname="com.example.SyntheticSuite" time="0.01"/>
  <testcase name="test_synthetic_06388" classname="com.example.SyntheticSuite" time="0.01"/>
  <testcase name="test_synthetic_06389" classname="com.example.SyntheticSuite" time="0.01"/>
  <testcase name="test_synthetic_06390" classname="com.example.SyntheticSuite" time="0.01"/>
  <testcase name="test_synthetic_06391" classname="com.example.SyntheticSuite" time="0.01"/>
  <testcase name="test_synthetic_06392" classname="com.example.SyntheticSuite" time="0.01"/>
  <testcase name="test_synthetic_06393" classname="com.example.SyntheticSuite" time="0.01"/>
  <testcase name="test_synthetic_06394" classname="com.example.SyntheticSuite" time="0.01"/>
  <testcase name="test_synthetic_06395" classname="com.example.SyntheticSuite" time="0.01"/>
  <testcase name="test_synthetic_06396" classname="com.example.SyntheticSuite" time="0.01"/>
  <testcase name="test_synthetic_06397" classname="com.example.SyntheticSuite" time="0.01"/>
  <testcase name="test_synthetic_06398" classname="com.example.SyntheticSuite" time="0.01"/>
  <testcase name="test_synthetic_06399" classname="com.example.SyntheticSuite" time="0.01"/>
  <testcase name="test_synthetic_06400" classname="com.example.SyntheticSuite" time="0.01">
    <failure message="Synthetic failure at 6400">Assertion failed at iteration 6400</failure>
  </testcase>
  <testcase name="test_synthetic_06401" classname="com.example.SyntheticSuite" time="0.01"/>
  <testcase name="test_synthetic_06402" classname="com.example.SyntheticSuite" time="0.01"/>
  <testcase name="test_synthetic_06403" classname="com.example.SyntheticSuite" time="0.01"/>
  <testcase name="test_synthetic_06404" classname="com.example.SyntheticSuite" time="0.01"/>
  <testcase name="test_synthetic_06405" classname="com.example.SyntheticSuite" time="0.01"/>
  <testcase name="test_synthetic_06406" classname="com.example.SyntheticSuite" time="0.01"/>
  <testcase name="test_synthetic_06407" classname="com.example.SyntheticSuite" time="0.01"/>
  <testcase name="test_synthetic_06408" classname="com.example.SyntheticSuite" time="0.01"/>
  <testcase name="test_synthetic_06409" classname="com.example.SyntheticSuite" time="0.01"/>
  <testcase name="test_synthetic_06410" classname="com.example.SyntheticSuite" time="0.01"/>
  <testcase name="test_synthetic_06411" classname="com.example.SyntheticSuite" time="0.01"/>
  <testcase name="test_synthetic_06412" classname="com.example.SyntheticSuite" time="0.01"/>
  <testcase name="test_synthetic_06413" classname="com.example.SyntheticSuite" time="0.01"/>
  <testcase name="test_synthetic_06414" classname="com.example.SyntheticSuite" time="0.01"/>
  <testcase name="test_synthetic_06415" classname="com.example.SyntheticSuite" time="0.01"/>
  <testcase name="test_synthetic_06416" classname="com.example.SyntheticSuite" time="0.01"/>
  <testcase name="test_synthetic_06417" classname="com.example.SyntheticSuite" time="0.01"/>
  <testcase name="test_synthetic_06418" classname="com.example.SyntheticSuite" time="0.01"/>
  <testcase name="test_synthetic_06419" classname="com.example.SyntheticSuite" time="0.01"/>
  <testcase name="test_synthetic_06420" classname="com.example.SyntheticSuite" time="0.01"/>
  <testcase name="test_synthetic_06421" classname="com.example.SyntheticSuite" time="0.01"/>
  <testcase name="test_synthetic_06422" classname="com.example.SyntheticSuite" time="0.01"/>
  <testcase name="test_synthetic_06423" classname="com.example.SyntheticSuite" time="0.01"/>
  <testcase name="test_synthetic_06424" classname="com.example.SyntheticSuite" time="0.01"/>
  <testcase name="test_synthetic_06425" classname="com.example.SyntheticSuite" time="0.01"/>
  <testcase name="test_synthetic_06426" classname="com.example.SyntheticSuite" time="0.01"/>
  <testcase name="test_synthetic_06427" classname="com.example.SyntheticSuite" time="0.01"/>
  <testcase name="test_synthetic_06428" classname="com.example.SyntheticSuite" time="0.01"/>
  <testcase name="test_synthetic_06429" classname="com.example.SyntheticSuite" time="0.01"/>
  <testcase name="test_synthetic_06430" classname="com.example.SyntheticSuite" time="0.01"/>
  <testcase name="test_synthetic_06431" classname="com.example.SyntheticSuite" time="0.01"/>
  <testcase name="test_synthetic_06432" classname="com.example.SyntheticSuite" time="0.01"/>
  <testcase name="test_synthetic_06433" classname="com.example.SyntheticSuite" time="0.01"/>
  <testcase name="test_synthetic_06434" classname="com.example.SyntheticSuite" time="0.01"/>
  <testcase name="test_synthetic_06435" classname="com.example.SyntheticSuite" time="0.01"/>
  <testcase name="test_synthetic_06436" classname="com.example.SyntheticSuite" time="0.01"/>
  <testcase name="test_synthetic_06437" classname="com.example.SyntheticSuite" time="0.01"/>
  <testcase name="test_synthetic_06438" classname="com.example.SyntheticSuite" time="0.01"/>
  <testcase name="test_synthetic_06439" classname="com.example.SyntheticSuite" time="0.01"/>
  <testcase name="test_synthetic_06440" classname="com.example.SyntheticSuite" time="0.01"/>
  <testcase name="test_synthetic_06441" classname="com.example.SyntheticSuite" time="0.01"/>
  <testcase name="test_synthetic_06442" classname="com.example.SyntheticSuite" time="0.01"/>
  <testcase name="test_synthetic_06443" classname="com.example.SyntheticSuite" time="0.01"/>
  <testcase name="test_synthetic_06444" classname="com.example.SyntheticSuite" time="0.01"/>
  <testcase name="test_synthetic_06445" classname="com.example.SyntheticSuite" time="0.01"/>
  <testcase name="test_synthetic_06446" classname="com.example.SyntheticSuite" time="0.01"/>
  <testcase name="test_synthetic_06447" classname="com.example.SyntheticSuite" time="0.01"/>
  <testcase name="test_synthetic_06448" classname="com.example.SyntheticSuite" time="0.01"/>
  <testcase name="test_synthetic_06449" classname="com.example.SyntheticSuite" time="0.01"/>
  <testcase name="test_synthetic_06450" classname="com.example.SyntheticSuite" time="0.01"/>
  <testcase name="test_synthetic_06451" classname="com.example.SyntheticSuite" time="0.01"/>
  <testcase name="test_synthetic_06452" classname="com.example.SyntheticSuite" time="0.01"/>
  <testcase name="test_synthetic_06453" classname="com.example.SyntheticSuite" time="0.01"/>
  <testcase name="test_synthetic_06454" classname="com.example.SyntheticSuite" time="0.01"/>
  <testcase name="test_synthetic_06455" classname="com.example.SyntheticSuite" time="0.01"/>
  <testcase name="test_synthetic_06456" classname="com.example.SyntheticSuite" time="0.01"/>
  <testcase name="test_synthetic_06457" classname="com.example.SyntheticSuite" time="0.01"/>
  <testcase name="test_synthetic_06458" classname="com.example.SyntheticSuite" time="0.01"/>
  <testcase name="test_synthetic_06459" classname="com.example.SyntheticSuite" time="0.01"/>
  <testcase name="test_synthetic_06460" classname="com.example.SyntheticSuite" time="0.01"/>
  <testcase name="test_synthetic_06461" classname="com.example.SyntheticSuite" time="0.01"/>
  <testcase name="test_synthetic_06462" classname="com.example.SyntheticSuite" time="0.01"/>
  <testcase name="test_synthetic_06463" classname="com.example.SyntheticSuite" time="0.01"/>
  <testcase name="test_synthetic_06464" classname="com.example.SyntheticSuite" time="0.01"/>
  <testcase name="test_synthetic_06465" classname="com.example.SyntheticSuite" time="0.01"/>
  <testcase name="test_synthetic_06466" classname="com.example.SyntheticSuite" time="0.01"/>
  <testcase name="test_synthetic_06467" classname="com.example.SyntheticSuite" time="0.01"/>
  <testcase name="test_synthetic_06468" classname="com.example.SyntheticSuite" time="0.01"/>
  <testcase name="test_synthetic_06469" classname="com.example.SyntheticSuite" time="0.01"/>
  <testcase name="test_synthetic_06470" classname="com.example.SyntheticSuite" time="0.01"/>
  <testcase name="test_synthetic_06471" classname="com.example.SyntheticSuite" time="0.01"/>
  <testcase name="test_synthetic_06472" classname="com.example.SyntheticSuite" time="0.01"/>
  <testcase name="test_synthetic_06473" classname="com.example.SyntheticSuite" time="0.01"/>
  <testcase name="test_synthetic_06474" classname="com.example.SyntheticSuite" time="0.01"/>
  <testcase name="test_synthetic_06475" classname="com.example.SyntheticSuite" time="0.01"/>
  <testcase name="test_synthetic_06476" classname="com.example.SyntheticSuite" time="0.01"/>
  <testcase name="test_synthetic_06477" classname="com.example.SyntheticSuite" time="0.01"/>
  <testcase name="test_synthetic_06478" classname="com.example.SyntheticSuite" time="0.01"/>
  <testcase name="test_synthetic_06479" classname="com.example.SyntheticSuite" time="0.01"/>
  <testcase name="test_synthetic_06480" classname="com.example.SyntheticSuite" time="0.01"/>
  <testcase name="test_synthetic_06481" classname="com.example.SyntheticSuite" time="0.01"/>
  <testcase name="test_synthetic_06482" classname="com.example.SyntheticSuite" time="0.01"/>
  <testcase name="test_synthetic_06483" classname="com.example.SyntheticSuite" time="0.01"/>
  <testcase name="test_synthetic_06484" classname="com.example.SyntheticSuite" time="0.01"/>
  <testcase name="test_synthetic_06485" classname="com.example.SyntheticSuite" time="0.01"/>
  <testcase name="test_synthetic_06486" classname="com.example.SyntheticSuite" time="0.01"/>
  <testcase name="test_synthetic_06487" classname="com.example.SyntheticSuite" time="0.01"/>
  <testcase name="test_synthetic_06488" classname="com.example.SyntheticSuite" time="0.01"/>
  <testcase name="test_synthetic_06489" classname="com.example.SyntheticSuite" time="0.01"/>
  <testcase name="test_synthetic_06490" classname="com.example.SyntheticSuite" time="0.01"/>
  <testcase name="test_synthetic_06491" classname="com.example.SyntheticSuite" time="0.01"/>
  <testcase name="test_synthetic_06492" classname="com.example.SyntheticSuite" time="0.01"/>
  <testcase name="test_synthetic_06493" classname="com.example.SyntheticSuite" time="0.01"/>
  <testcase name="test_synthetic_06494" classname="com.example.SyntheticSuite" time="0.01"/>
  <testcase name="test_synthetic_06495" classname="com.example.SyntheticSuite" time="0.01"/>
  <testcase name="test_synthetic_06496" classname="com.example.SyntheticSuite" time="0.01"/>
  <testcase name="test_synthetic_06497" classname="com.example.SyntheticSuite" time="0.01"/>
  <testcase name="test_synthetic_06498" classname="com.example.SyntheticSuite" time="0.01"/>
  <testcase name="test_synthetic_06499" classname="com.example.SyntheticSuite" time="0.01"/>
  <testcase name="test_synthetic_06500" classname="com.example.SyntheticSuite" time="0.01">
    <failure message="Synthetic failure at 6500">Assertion failed at iteration 6500</failure>
  </testcase>
  <testcase name="test_synthetic_06501" classname="com.example.SyntheticSuite" time="0.01"/>
  <testcase name="test_synthetic_06502" classname="com.example.SyntheticSuite" time="0.01"/>
  <testcase name="test_synthetic_06503" classname="com.example.SyntheticSuite" time="0.01"/>
  <testcase name="test_synthetic_06504" classname="com.example.SyntheticSuite" time="0.01"/>
  <testcase name="test_synthetic_06505" classname="com.example.SyntheticSuite" time="0.01"/>
  <testcase name="test_synthetic_06506" classname="com.example.SyntheticSuite" time="0.01"/>
  <testcase name="test_synthetic_06507" classname="com.example.SyntheticSuite" time="0.01"/>
  <testcase name="test_synthetic_06508" classname="com.example.SyntheticSuite" time="0.01"/>
  <testcase name="test_synthetic_06509" classname="com.example.SyntheticSuite" time="0.01"/>
  <testcase name="test_synthetic_06510" classname="com.example.SyntheticSuite" time="0.01"/>
  <testcase name="test_synthetic_06511" classname="com.example.SyntheticSuite" time="0.01"/>
  <testcase name="test_synthetic_06512" classname="com.example.SyntheticSuite" time="0.01"/>
  <testcase name="test_synthetic_06513" classname="com.example.SyntheticSuite" time="0.01"/>
  <testcase name="test_synthetic_06514" classname="com.example.SyntheticSuite" time="0.01"/>
  <testcase name="test_synthetic_06515" classname="com.example.SyntheticSuite" time="0.01"/>
  <testcase name="test_synthetic_06516" classname="com.example.SyntheticSuite" time="0.01"/>
  <testcase name="test_synthetic_06517" classname="com.example.SyntheticSuite" time="0.01"/>
  <testcase name="test_synthetic_06518" classname="com.example.SyntheticSuite" time="0.01"/>
  <testcase name="test_synthetic_06519" classname="com.example.SyntheticSuite" time="0.01"/>
  <testcase name="test_synthetic_06520" classname="com.example.SyntheticSuite" time="0.01"/>
  <testcase name="test_synthetic_06521" classname="com.example.SyntheticSuite" time="0.01"/>
  <testcase name="test_synthetic_06522" classname="com.example.SyntheticSuite" time="0.01"/>
  <testcase name="test_synthetic_06523" classname="com.example.SyntheticSuite" time="0.01"/>
  <testcase name="test_synthetic_06524" classname="com.example.SyntheticSuite" time="0.01"/>
  <testcase name="test_synthetic_06525" classname="com.example.SyntheticSuite" time="0.01"/>
  <testcase name="test_synthetic_06526" classname="com.example.SyntheticSuite" time="0.01"/>
  <testcase name="test_synthetic_06527" classname="com.example.SyntheticSuite" time="0.01"/>
  <testcase name="test_synthetic_06528" classname="com.example.SyntheticSuite" time="0.01"/>
  <testcase name="test_synthetic_06529" classname="com.example.SyntheticSuite" time="0.01"/>
  <testcase name="test_synthetic_06530" classname="com.example.SyntheticSuite" time="0.01"/>
  <testcase name="test_synthetic_06531" classname="com.example.SyntheticSuite" time="0.01"/>
  <testcase name="test_synthetic_06532" classname="com.example.SyntheticSuite" time="0.01"/>
  <testcase name="test_synthetic_06533" classname="com.example.SyntheticSuite" time="0.01"/>
  <testcase name="test_synthetic_06534" classname="com.example.SyntheticSuite" time="0.01"/>
  <testcase name="test_synthetic_06535" classname="com.example.SyntheticSuite" time="0.01"/>
  <testcase name="test_synthetic_06536" classname="com.example.SyntheticSuite" time="0.01"/>
  <testcase name="test_synthetic_06537" classname="com.example.SyntheticSuite" time="0.01"/>
  <testcase name="test_synthetic_06538" classname="com.example.SyntheticSuite" time="0.01"/>
  <testcase name="test_synthetic_06539" classname="com.example.SyntheticSuite" time="0.01"/>
  <testcase name="test_synthetic_06540" classname="com.example.SyntheticSuite" time="0.01"/>
  <testcase name="test_synthetic_06541" classname="com.example.SyntheticSuite" time="0.01"/>
  <testcase name="test_synthetic_06542" classname="com.example.SyntheticSuite" time="0.01"/>
  <testcase name="test_synthetic_06543" classname="com.example.SyntheticSuite" time="0.01"/>
  <testcase name="test_synthetic_06544" classname="com.example.SyntheticSuite" time="0.01"/>
  <testcase name="test_synthetic_06545" classname="com.example.SyntheticSuite" time="0.01"/>
  <testcase name="test_synthetic_06546" classname="com.example.SyntheticSuite" time="0.01"/>
  <testcase name="test_synthetic_06547" classname="com.example.SyntheticSuite" time="0.01"/>
  <testcase name="test_synthetic_06548" classname="com.example.SyntheticSuite" time="0.01"/>
  <testcase name="test_synthetic_06549" classname="com.example.SyntheticSuite" time="0.01"/>
  <testcase name="test_synthetic_06550" classname="com.example.SyntheticSuite" time="0.01"/>
  <testcase name="test_synthetic_06551" classname="com.example.SyntheticSuite" time="0.01"/>
  <testcase name="test_synthetic_06552" classname="com.example.SyntheticSuite" time="0.01"/>
  <testcase name="test_synthetic_06553" classname="com.example.SyntheticSuite" time="0.01"/>
  <testcase name="test_synthetic_06554" classname="com.example.SyntheticSuite" time="0.01"/>
  <testcase name="test_synthetic_06555" classname="com.example.SyntheticSuite" time="0.01"/>
  <testcase name="test_synthetic_06556" classname="com.example.SyntheticSuite" time="0.01"/>
  <testcase name="test_synthetic_06557" classname="com.example.SyntheticSuite" time="0.01"/>
  <testcase name="test_synthetic_06558" classname="com.example.SyntheticSuite" time="0.01"/>
  <testcase name="test_synthetic_06559" classname="com.example.SyntheticSuite" time="0.01"/>
  <testcase name="test_synthetic_06560" classname="com.example.SyntheticSuite" time="0.01"/>
  <testcase name="test_synthetic_06561" classname="com.example.SyntheticSuite" time="0.01"/>
  <testcase name="test_synthetic_06562" classname="com.example.SyntheticSuite" time="0.01"/>
  <testcase name="test_synthetic_06563" classname="com.example.SyntheticSuite" time="0.01"/>
  <testcase name="test_synthetic_06564" classname="com.example.SyntheticSuite" time="0.01"/>
  <testcase name="test_synthetic_06565" classname="com.example.SyntheticSuite" time="0.01"/>
  <testcase name="test_synthetic_06566" classname="com.example.SyntheticSuite" time="0.01"/>
  <testcase name="test_synthetic_06567" classname="com.example.SyntheticSuite" time="0.01"/>
  <testcase name="test_synthetic_06568" classname="com.example.SyntheticSuite" time="0.01"/>
  <testcase name="test_synthetic_06569" classname="com.example.SyntheticSuite" time="0.01"/>
  <testcase name="test_synthetic_06570" classname="com.example.SyntheticSuite" time="0.01"/>
  <testcase name="test_synthetic_06571" classname="com.example.SyntheticSuite" time="0.01"/>
  <testcase name="test_synthetic_06572" classname="com.example.SyntheticSuite" time="0.01"/>
  <testcase name="test_synthetic_06573" classname="com.example.SyntheticSuite" time="0.01"/>
  <testcase name="test_synthetic_06574" classname="com.example.SyntheticSuite" time="0.01"/>
  <testcase name="test_synthetic_06575" classname="com.example.SyntheticSuite" time="0.01"/>
  <testcase name="test_synthetic_06576" classname="com.example.SyntheticSuite" time="0.01"/>
  <testcase name="test_synthetic_06577" classname="com.example.SyntheticSuite" time="0.01"/>
  <testcase name="test_synthetic_06578" classname="com.example.SyntheticSuite" time="0.01"/>
  <testcase name="test_synthetic_06579" classname="com.example.SyntheticSuite" time="0.01"/>
  <testcase name="test_synthetic_06580" classname="com.example.SyntheticSuite" time="0.01"/>
  <testcase name="test_synthetic_06581" classname="com.example.SyntheticSuite" time="0.01"/>
  <testcase name="test_synthetic_06582" classname="com.example.SyntheticSuite" time="0.01"/>
  <testcase name="test_synthetic_06583" classname="com.example.SyntheticSuite" time="0.01"/>
  <testcase name="test_synthetic_06584" classname="com.example.SyntheticSuite" time="0.01"/>
  <testcase name="test_synthetic_06585" classname="com.example.SyntheticSuite" time="0.01"/>
  <testcase name="test_synthetic_06586" classname="com.example.SyntheticSuite" time="0.01"/>
  <testcase name="test_synthetic_06587" classname="com.example.SyntheticSuite" time="0.01"/>
  <testcase name="test_synthetic_06588" classname="com.example.SyntheticSuite" time="0.01"/>
  <testcase name="test_synthetic_06589" classname="com.example.SyntheticSuite" time="0.01"/>
  <testcase name="test_synthetic_06590" classname="com.example.SyntheticSuite" time="0.01"/>
  <testcase name="test_synthetic_06591" classname="com.example.SyntheticSuite" time="0.01"/>
  <testcase name="test_synthetic_06592" classname="com.example.SyntheticSuite" time="0.01"/>
  <testcase name="test_synthetic_06593" classname="com.example.SyntheticSuite" time="0.01"/>
  <testcase name="test_synthetic_06594" classname="com.example.SyntheticSuite" time="0.01"/>
  <testcase name="test_synthetic_06595" classname="com.example.SyntheticSuite" time="0.01"/>
  <testcase name="test_synthetic_06596" classname="com.example.SyntheticSuite" time="0.01"/>
  <testcase name="test_synthetic_06597" classname="com.example.SyntheticSuite" time="0.01"/>
  <testcase name="test_synthetic_06598" classname="com.example.SyntheticSuite" time="0.01"/>
  <testcase name="test_synthetic_06599" classname="com.example.SyntheticSuite" time="0.01"/>
  <testcase name="test_synthetic_06600" classname="com.example.SyntheticSuite" time="0.01">
    <failure message="Synthetic failure at 6600">Assertion failed at iteration 6600</failure>
  </testcase>
  <testcase name="test_synthetic_06601" classname="com.example.SyntheticSuite" time="0.01"/>
  <testcase name="test_synthetic_06602" classname="com.example.SyntheticSuite" time="0.01"/>
  <testcase name="test_synthetic_06603" classname="com.example.SyntheticSuite" time="0.01"/>
  <testcase name="test_synthetic_06604" classname="com.example.SyntheticSuite" time="0.01"/>
  <testcase name="test_synthetic_06605" classname="com.example.SyntheticSuite" time="0.01"/>
  <testcase name="test_synthetic_06606" classname="com.example.SyntheticSuite" time="0.01"/>
  <testcase name="test_synthetic_06607" classname="com.example.SyntheticSuite" time="0.01"/>
  <testcase name="test_synthetic_06608" classname="com.example.SyntheticSuite" time="0.01"/>
  <testcase name="test_synthetic_06609" classname="com.example.SyntheticSuite" time="0.01"/>
  <testcase name="test_synthetic_06610" classname="com.example.SyntheticSuite" time="0.01"/>
  <testcase name="test_synthetic_06611" classname="com.example.SyntheticSuite" time="0.01"/>
  <testcase name="test_synthetic_06612" classname="com.example.SyntheticSuite" time="0.01"/>
  <testcase name="test_synthetic_06613" classname="com.example.SyntheticSuite" time="0.01"/>
  <testcase name="test_synthetic_06614" classname="com.example.SyntheticSuite" time="0.01"/>
  <testcase name="test_synthetic_06615" classname="com.example.SyntheticSuite" time="0.01"/>
  <testcase name="test_synthetic_06616" classname="com.example.SyntheticSuite" time="0.01"/>
  <testcase name="test_synthetic_06617" classname="com.example.SyntheticSuite" time="0.01"/>
  <testcase name="test_synthetic_06618" classname="com.example.SyntheticSuite" time="0.01"/>
  <testcase name="test_synthetic_06619" classname="com.example.SyntheticSuite" time="0.01"/>
  <testcase name="test_synthetic_06620" classname="com.example.SyntheticSuite" time="0.01"/>
  <testcase name="test_synthetic_06621" classname="com.example.SyntheticSuite" time="0.01"/>
  <testcase name="test_synthetic_06622" classname="com.example.SyntheticSuite" time="0.01"/>
  <testcase name="test_synthetic_06623" classname="com.example.SyntheticSuite" time="0.01"/>
  <testcase name="test_synthetic_06624" classname="com.example.SyntheticSuite" time="0.01"/>
  <testcase name="test_synthetic_06625" classname="com.example.SyntheticSuite" time="0.01"/>
  <testcase name="test_synthetic_06626" classname="com.example.SyntheticSuite" time="0.01"/>
  <testcase name="test_synthetic_06627" classname="com.example.SyntheticSuite" time="0.01"/>
  <testcase name="test_synthetic_06628" classname="com.example.SyntheticSuite" time="0.01"/>
  <testcase name="test_synthetic_06629" classname="com.example.SyntheticSuite" time="0.01"/>
  <testcase name="test_synthetic_06630" classname="com.example.SyntheticSuite" time="0.01"/>
  <testcase name="test_synthetic_06631" classname="com.example.SyntheticSuite" time="0.01"/>
  <testcase name="test_synthetic_06632" classname="com.example.SyntheticSuite" time="0.01"/>
  <testcase name="test_synthetic_06633" classname="com.example.SyntheticSuite" time="0.01"/>
  <testcase name="test_synthetic_06634" classname="com.example.SyntheticSuite" time="0.01"/>
  <testcase name="test_synthetic_06635" classname="com.example.SyntheticSuite" time="0.01"/>
  <testcase name="test_synthetic_06636" classname="com.example.SyntheticSuite" time="0.01"/>
  <testcase name="test_synthetic_06637" classname="com.example.SyntheticSuite" time="0.01"/>
  <testcase name="test_synthetic_06638" classname="com.example.SyntheticSuite" time="0.01"/>
  <testcase name="test_synthetic_06639" classname="com.example.SyntheticSuite" time="0.01"/>
  <testcase name="test_synthetic_06640" classname="com.example.SyntheticSuite" time="0.01"/>
  <testcase name="test_synthetic_06641" classname="com.example.SyntheticSuite" time="0.01"/>
  <testcase name="test_synthetic_06642" classname="com.example.SyntheticSuite" time="0.01"/>
  <testcase name="test_synthetic_06643" classname="com.example.SyntheticSuite" time="0.01"/>
  <testcase name="test_synthetic_06644" classname="com.example.SyntheticSuite" time="0.01"/>
  <testcase name="test_synthetic_06645" classname="com.example.SyntheticSuite" time="0.01"/>
  <testcase name="test_synthetic_06646" classname="com.example.SyntheticSuite" time="0.01"/>
  <testcase name="test_synthetic_06647" classname="com.example.SyntheticSuite" time="0.01"/>
  <testcase name="test_synthetic_06648" classname="com.example.SyntheticSuite" time="0.01"/>
  <testcase name="test_synthetic_06649" classname="com.example.SyntheticSuite" time="0.01"/>
  <testcase name="test_synthetic_06650" classname="com.example.SyntheticSuite" time="0.01"/>
  <testcase name="test_synthetic_06651" classname="com.example.SyntheticSuite" time="0.01"/>
  <testcase name="test_synthetic_06652" classname="com.example.SyntheticSuite" time="0.01"/>
  <testcase name="test_synthetic_06653" classname="com.example.SyntheticSuite" time="0.01"/>
  <testcase name="test_synthetic_06654" classname="com.example.SyntheticSuite" time="0.01"/>
  <testcase name="test_synthetic_06655" classname="com.example.SyntheticSuite" time="0.01"/>
  <testcase name="test_synthetic_06656" classname="com.example.SyntheticSuite" time="0.01"/>
  <testcase name="test_synthetic_06657" classname="com.example.SyntheticSuite" time="0.01"/>
  <testcase name="test_synthetic_06658" classname="com.example.SyntheticSuite" time="0.01"/>
  <testcase name="test_synthetic_06659" classname="com.example.SyntheticSuite" time="0.01"/>
  <testcase name="test_synthetic_06660" classname="com.example.SyntheticSuite" time="0.01"/>
  <testcase name="test_synthetic_06661" classname="com.example.SyntheticSuite" time="0.01"/>
  <testcase name="test_synthetic_06662" classname="com.example.SyntheticSuite" time="0.01"/>
  <testcase name="test_synthetic_06663" classname="com.example.SyntheticSuite" time="0.01"/>
  <testcase name="test_synthetic_06664" classname="com.example.SyntheticSuite" time="0.01"/>
  <testcase name="test_synthetic_06665" classname="com.example.SyntheticSuite" time="0.01"/>
  <testcase name="test_synthetic_06666" classname="com.example.SyntheticSuite" time="0.01"/>
  <testcase name="test_synthetic_06667" classname="com.example.SyntheticSuite" time="0.01"/>
  <testcase name="test_synthetic_06668" classname="com.example.SyntheticSuite" time="0.01"/>
  <testcase name="test_synthetic_06669" classname="com.example.SyntheticSuite" time="0.01"/>
  <testcase name="test_synthetic_06670" classname="com.example.SyntheticSuite" time="0.01"/>
  <testcase name="test_synthetic_06671" classname="com.example.SyntheticSuite" time="0.01"/>
  <testcase name="test_synthetic_06672" classname="com.example.SyntheticSuite" time="0.01"/>
  <testcase name="test_synthetic_06673" classname="com.example.SyntheticSuite" time="0.01"/>
  <testcase name="test_synthetic_06674" classname="com.example.SyntheticSuite" time="0.01"/>
  <testcase name="test_synthetic_06675" classname="com.example.SyntheticSuite" time="0.01"/>
  <testcase name="test_synthetic_06676" classname="com.example.SyntheticSuite" time="0.01"/>
  <testcase name="test_synthetic_06677" classname="com.example.SyntheticSuite" time="0.01"/>
  <testcase name="test_synthetic_06678" classname="com.example.SyntheticSuite" time="0.01"/>
  <testcase name="test_synthetic_06679" classname="com.example.SyntheticSuite" time="0.01"/>
  <testcase name="test_synthetic_06680" classname="com.example.SyntheticSuite" time="0.01"/>
  <testcase name="test_synthetic_06681" classname="com.example.SyntheticSuite" time="0.01"/>
  <testcase name="test_synthetic_06682" classname="com.example.SyntheticSuite" time="0.01"/>
  <testcase name="test_synthetic_06683" classname="com.example.SyntheticSuite" time="0.01"/>
  <testcase name="test_synthetic_06684" classname="com.example.SyntheticSuite" time="0.01"/>
  <testcase name="test_synthetic_06685" classname="com.example.SyntheticSuite" time="0.01"/>
  <testcase name="test_synthetic_06686" classname="com.example.SyntheticSuite" time="0.01"/>
  <testcase name="test_synthetic_06687" classname="com.example.SyntheticSuite" time="0.01"/>
  <testcase name="test_synthetic_06688" classname="com.example.SyntheticSuite" time="0.01"/>
  <testcase name="test_synthetic_06689" classname="com.example.SyntheticSuite" time="0.01"/>
  <testcase name="test_synthetic_06690" classname="com.example.SyntheticSuite" time="0.01"/>
  <testcase name="test_synthetic_06691" classname="com.example.SyntheticSuite" time="0.01"/>
  <testcase name="test_synthetic_06692" classname="com.example.SyntheticSuite" time="0.01"/>
  <testcase name="test_synthetic_06693" classname="com.example.SyntheticSuite" time="0.01"/>
  <testcase name="test_synthetic_06694" classname="com.example.SyntheticSuite" time="0.01"/>
  <testcase name="test_synthetic_06695" classname="com.example.SyntheticSuite" time="0.01"/>
  <testcase name="test_synthetic_06696" classname="com.example.SyntheticSuite" time="0.01"/>
  <testcase name="test_synthetic_06697" classname="com.example.SyntheticSuite" time="0.01"/>
  <testcase name="test_synthetic_06698" classname="com.example.SyntheticSuite" time="0.01"/>
  <testcase name="test_synthetic_06699" classname="com.example.SyntheticSuite" time="0.01"/>
  <testcase name="test_synthetic_06700" classname="com.example.SyntheticSuite" time="0.01">
    <failure message="Synthetic failure at 6700">Assertion failed at iteration 6700</failure>
  </testcase>
  <testcase name="test_synthetic_06701" classname="com.example.SyntheticSuite" time="0.01"/>
  <testcase name="test_synthetic_06702" classname="com.example.SyntheticSuite" time="0.01"/>
  <testcase name="test_synthetic_06703" classname="com.example.SyntheticSuite" time="0.01"/>
  <testcase name="test_synthetic_06704" classname="com.example.SyntheticSuite" time="0.01"/>
  <testcase name="test_synthetic_06705" classname="com.example.SyntheticSuite" time="0.01"/>
  <testcase name="test_synthetic_06706" classname="com.example.SyntheticSuite" time="0.01"/>
  <testcase name="test_synthetic_06707" classname="com.example.SyntheticSuite" time="0.01"/>
  <testcase name="test_synthetic_06708" classname="com.example.SyntheticSuite" time="0.01"/>
  <testcase name="test_synthetic_06709" classname="com.example.SyntheticSuite" time="0.01"/>
  <testcase name="test_synthetic_06710" classname="com.example.SyntheticSuite" time="0.01"/>
  <testcase name="test_synthetic_06711" classname="com.example.SyntheticSuite" time="0.01"/>
  <testcase name="test_synthetic_06712" classname="com.example.SyntheticSuite" time="0.01"/>
  <testcase name="test_synthetic_06713" classname="com.example.SyntheticSuite" time="0.01"/>
  <testcase name="test_synthetic_06714" classname="com.example.SyntheticSuite" time="0.01"/>
  <testcase name="test_synthetic_06715" classname="com.example.SyntheticSuite" time="0.01"/>
  <testcase name="test_synthetic_06716" classname="com.example.SyntheticSuite" time="0.01"/>
  <testcase name="test_synthetic_06717" classname="com.example.SyntheticSuite" time="0.01"/>
  <testcase name="test_synthetic_06718" classname="com.example.SyntheticSuite" time="0.01"/>
  <testcase name="test_synthetic_06719" classname="com.example.SyntheticSuite" time="0.01"/>
  <testcase name="test_synthetic_06720" classname="com.example.SyntheticSuite" time="0.01"/>
  <testcase name="test_synthetic_06721" classname="com.example.SyntheticSuite" time="0.01"/>
  <testcase name="test_synthetic_06722" classname="com.example.SyntheticSuite" time="0.01"/>
  <testcase name="test_synthetic_06723" classname="com.example.SyntheticSuite" time="0.01"/>
  <testcase name="test_synthetic_06724" classname="com.example.SyntheticSuite" time="0.01"/>
  <testcase name="test_synthetic_06725" classname="com.example.SyntheticSuite" time="0.01"/>
  <testcase name="test_synthetic_06726" classname="com.example.SyntheticSuite" time="0.01"/>
  <testcase name="test_synthetic_06727" classname="com.example.SyntheticSuite" time="0.01"/>
  <testcase name="test_synthetic_06728" classname="com.example.SyntheticSuite" time="0.01"/>
  <testcase name="test_synthetic_06729" classname="com.example.SyntheticSuite" time="0.01"/>
  <testcase name="test_synthetic_06730" classname="com.example.SyntheticSuite" time="0.01"/>
  <testcase name="test_synthetic_06731" classname="com.example.SyntheticSuite" time="0.01"/>
  <testcase name="test_synthetic_06732" classname="com.example.SyntheticSuite" time="0.01"/>
  <testcase name="test_synthetic_06733" classname="com.example.SyntheticSuite" time="0.01"/>
  <testcase name="test_synthetic_06734" classname="com.example.SyntheticSuite" time="0.01"/>
  <testcase name="test_synthetic_06735" classname="com.example.SyntheticSuite" time="0.01"/>
  <testcase name="test_synthetic_06736" classname="com.example.SyntheticSuite" time="0.01"/>
  <testcase name="test_synthetic_06737" classname="com.example.SyntheticSuite" time="0.01"/>
  <testcase name="test_synthetic_06738" classname="com.example.SyntheticSuite" time="0.01"/>
  <testcase name="test_synthetic_06739" classname="com.example.SyntheticSuite" time="0.01"/>
  <testcase name="test_synthetic_06740" classname="com.example.SyntheticSuite" time="0.01"/>
  <testcase name="test_synthetic_06741" classname="com.example.SyntheticSuite" time="0.01"/>
  <testcase name="test_synthetic_06742" classname="com.example.SyntheticSuite" time="0.01"/>
  <testcase name="test_synthetic_06743" classname="com.example.SyntheticSuite" time="0.01"/>
  <testcase name="test_synthetic_06744" classname="com.example.SyntheticSuite" time="0.01"/>
  <testcase name="test_synthetic_06745" classname="com.example.SyntheticSuite" time="0.01"/>
  <testcase name="test_synthetic_06746" classname="com.example.SyntheticSuite" time="0.01"/>
  <testcase name="test_synthetic_06747" classname="com.example.SyntheticSuite" time="0.01"/>
  <testcase name="test_synthetic_06748" classname="com.example.SyntheticSuite" time="0.01"/>
  <testcase name="test_synthetic_06749" classname="com.example.SyntheticSuite" time="0.01"/>
  <testcase name="test_synthetic_06750" classname="com.example.SyntheticSuite" time="0.01"/>
  <testcase name="test_synthetic_06751" classname="com.example.SyntheticSuite" time="0.01"/>
  <testcase name="test_synthetic_06752" classname="com.example.SyntheticSuite" time="0.01"/>
  <testcase name="test_synthetic_06753" classname="com.example.SyntheticSuite" time="0.01"/>
  <testcase name="test_synthetic_06754" classname="com.example.SyntheticSuite" time="0.01"/>
  <testcase name="test_synthetic_06755" classname="com.example.SyntheticSuite" time="0.01"/>
  <testcase name="test_synthetic_06756" classname="com.example.SyntheticSuite" time="0.01"/>
  <testcase name="test_synthetic_06757" classname="com.example.SyntheticSuite" time="0.01"/>
  <testcase name="test_synthetic_06758" classname="com.example.SyntheticSuite" time="0.01"/>
  <testcase name="test_synthetic_06759" classname="com.example.SyntheticSuite" time="0.01"/>
  <testcase name="test_synthetic_06760" classname="com.example.SyntheticSuite" time="0.01"/>
  <testcase name="test_synthetic_06761" classname="com.example.SyntheticSuite" time="0.01"/>
  <testcase name="test_synthetic_06762" classname="com.example.SyntheticSuite" time="0.01"/>
  <testcase name="test_synthetic_06763" classname="com.example.SyntheticSuite" time="0.01"/>
  <testcase name="test_synthetic_06764" classname="com.example.SyntheticSuite" time="0.01"/>
  <testcase name="test_synthetic_06765" classname="com.example.SyntheticSuite" time="0.01"/>
  <testcase name="test_synthetic_06766" classname="com.example.SyntheticSuite" time="0.01"/>
  <testcase name="test_synthetic_06767" classname="com.example.SyntheticSuite" time="0.01"/>
  <testcase name="test_synthetic_06768" classname="com.example.SyntheticSuite" time="0.01"/>
  <testcase name="test_synthetic_06769" classname="com.example.SyntheticSuite" time="0.01"/>
  <testcase name="test_synthetic_06770" classname="com.example.SyntheticSuite" time="0.01"/>
  <testcase name="test_synthetic_06771" classname="com.example.SyntheticSuite" time="0.01"/>
  <testcase name="test_synthetic_06772" classname="com.example.SyntheticSuite" time="0.01"/>
  <testcase name="test_synthetic_06773" classname="com.example.SyntheticSuite" time="0.01"/>
  <testcase name="test_synthetic_06774" classname="com.example.SyntheticSuite" time="0.01"/>
  <testcase name="test_synthetic_06775" classname="com.example.SyntheticSuite" time="0.01"/>
  <testcase name="test_synthetic_06776" classname="com.example.SyntheticSuite" time="0.01"/>
  <testcase name="test_synthetic_06777" classname="com.example.SyntheticSuite" time="0.01"/>
  <testcase name="test_synthetic_06778" classname="com.example.SyntheticSuite" time="0.01"/>
  <testcase name="test_synthetic_06779" classname="com.example.SyntheticSuite" time="0.01"/>
  <testcase name="test_synthetic_06780" classname="com.example.SyntheticSuite" time="0.01"/>
  <testcase name="test_synthetic_06781" classname="com.example.SyntheticSuite" time="0.01"/>
  <testcase name="test_synthetic_06782" classname="com.example.SyntheticSuite" time="0.01"/>
  <testcase name="test_synthetic_06783" classname="com.example.SyntheticSuite" time="0.01"/>
  <testcase name="test_synthetic_06784" classname="com.example.SyntheticSuite" time="0.01"/>
  <testcase name="test_synthetic_06785" classname="com.example.SyntheticSuite" time="0.01"/>
  <testcase name="test_synthetic_06786" classname="com.example.SyntheticSuite" time="0.01"/>
  <testcase name="test_synthetic_06787" classname="com.example.SyntheticSuite" time="0.01"/>
  <testcase name="test_synthetic_06788" classname="com.example.SyntheticSuite" time="0.01"/>
  <testcase name="test_synthetic_06789" classname="com.example.SyntheticSuite" time="0.01"/>
  <testcase name="test_synthetic_06790" classname="com.example.SyntheticSuite" time="0.01"/>
  <testcase name="test_synthetic_06791" classname="com.example.SyntheticSuite" time="0.01"/>
  <testcase name="test_synthetic_06792" classname="com.example.SyntheticSuite" time="0.01"/>
  <testcase name="test_synthetic_06793" classname="com.example.SyntheticSuite" time="0.01"/>
  <testcase name="test_synthetic_06794" classname="com.example.SyntheticSuite" time="0.01"/>
  <testcase name="test_synthetic_06795" classname="com.example.SyntheticSuite" time="0.01"/>
  <testcase name="test_synthetic_06796" classname="com.example.SyntheticSuite" time="0.01"/>
  <testcase name="test_synthetic_06797" classname="com.example.SyntheticSuite" time="0.01"/>
  <testcase name="test_synthetic_06798" classname="com.example.SyntheticSuite" time="0.01"/>
  <testcase name="test_synthetic_06799" classname="com.example.SyntheticSuite" time="0.01"/>
  <testcase name="test_synthetic_06800" classname="com.example.SyntheticSuite" time="0.01">
    <failure message="Synthetic failure at 6800">Assertion failed at iteration 6800</failure>
  </testcase>
  <testcase name="test_synthetic_06801" classname="com.example.SyntheticSuite" time="0.01"/>
  <testcase name="test_synthetic_06802" classname="com.example.SyntheticSuite" time="0.01"/>
  <testcase name="test_synthetic_06803" classname="com.example.SyntheticSuite" time="0.01"/>
  <testcase name="test_synthetic_06804" classname="com.example.SyntheticSuite" time="0.01"/>
  <testcase name="test_synthetic_06805" classname="com.example.SyntheticSuite" time="0.01"/>
  <testcase name="test_synthetic_06806" classname="com.example.SyntheticSuite" time="0.01"/>
  <testcase name="test_synthetic_06807" classname="com.example.SyntheticSuite" time="0.01"/>
  <testcase name="test_synthetic_06808" classname="com.example.SyntheticSuite" time="0.01"/>
  <testcase name="test_synthetic_06809" classname="com.example.SyntheticSuite" time="0.01"/>
  <testcase name="test_synthetic_06810" classname="com.example.SyntheticSuite" time="0.01"/>
  <testcase name="test_synthetic_06811" classname="com.example.SyntheticSuite" time="0.01"/>
  <testcase name="test_synthetic_06812" classname="com.example.SyntheticSuite" time="0.01"/>
  <testcase name="test_synthetic_06813" classname="com.example.SyntheticSuite" time="0.01"/>
  <testcase name="test_synthetic_06814" classname="com.example.SyntheticSuite" time="0.01"/>
  <testcase name="test_synthetic_06815" classname="com.example.SyntheticSuite" time="0.01"/>
  <testcase name="test_synthetic_06816" classname="com.example.SyntheticSuite" time="0.01"/>
  <testcase name="test_synthetic_06817" classname="com.example.SyntheticSuite" time="0.01"/>
  <testcase name="test_synthetic_06818" classname="com.example.SyntheticSuite" time="0.01"/>
  <testcase name="test_synthetic_06819" classname="com.example.SyntheticSuite" time="0.01"/>
  <testcase name="test_synthetic_06820" classname="com.example.SyntheticSuite" time="0.01"/>
  <testcase name="test_synthetic_06821" classname="com.example.SyntheticSuite" time="0.01"/>
  <testcase name="test_synthetic_06822" classname="com.example.SyntheticSuite" time="0.01"/>
  <testcase name="test_synthetic_06823" classname="com.example.SyntheticSuite" time="0.01"/>
  <testcase name="test_synthetic_06824" classname="com.example.SyntheticSuite" time="0.01"/>
  <testcase name="test_synthetic_06825" classname="com.example.SyntheticSuite" time="0.01"/>
  <testcase name="test_synthetic_06826" classname="com.example.SyntheticSuite" time="0.01"/>
  <testcase name="test_synthetic_06827" classname="com.example.SyntheticSuite" time="0.01"/>
  <testcase name="test_synthetic_06828" classname="com.example.SyntheticSuite" time="0.01"/>
  <testcase name="test_synthetic_06829" classname="com.example.SyntheticSuite" time="0.01"/>
  <testcase name="test_synthetic_06830" classname="com.example.SyntheticSuite" time="0.01"/>
  <testcase name="test_synthetic_06831" classname="com.example.SyntheticSuite" time="0.01"/>
  <testcase name="test_synthetic_06832" classname="com.example.SyntheticSuite" time="0.01"/>
  <testcase name="test_synthetic_06833" classname="com.example.SyntheticSuite" time="0.01"/>
  <testcase name="test_synthetic_06834" classname="com.example.SyntheticSuite" time="0.01"/>
  <testcase name="test_synthetic_06835" classname="com.example.SyntheticSuite" time="0.01"/>
  <testcase name="test_synthetic_06836" classname="com.example.SyntheticSuite" time="0.01"/>
  <testcase name="test_synthetic_06837" classname="com.example.SyntheticSuite" time="0.01"/>
  <testcase name="test_synthetic_06838" classname="com.example.SyntheticSuite" time="0.01"/>
  <testcase name="test_synthetic_06839" classname="com.example.SyntheticSuite" time="0.01"/>
  <testcase name="test_synthetic_06840" classname="com.example.SyntheticSuite" time="0.01"/>
  <testcase name="test_synthetic_06841" classname="com.example.SyntheticSuite" time="0.01"/>
  <testcase name="test_synthetic_06842" classname="com.example.SyntheticSuite" time="0.01"/>
  <testcase name="test_synthetic_06843" classname="com.example.SyntheticSuite" time="0.01"/>
  <testcase name="test_synthetic_06844" classname="com.example.SyntheticSuite" time="0.01"/>
  <testcase name="test_synthetic_06845" classname="com.example.SyntheticSuite" time="0.01"/>
  <testcase name="test_synthetic_06846" classname="com.example.SyntheticSuite" time="0.01"/>
  <testcase name="test_synthetic_06847" classname="com.example.SyntheticSuite" time="0.01"/>
  <testcase name="test_synthetic_06848" classname="com.example.SyntheticSuite" time="0.01"/>
  <testcase name="test_synthetic_06849" classname="com.example.SyntheticSuite" time="0.01"/>
  <testcase name="test_synthetic_06850" classname="com.example.SyntheticSuite" time="0.01"/>
  <testcase name="test_synthetic_06851" classname="com.example.SyntheticSuite" time="0.01"/>
  <testcase name="test_synthetic_06852" classname="com.example.SyntheticSuite" time="0.01"/>
  <testcase name="test_synthetic_06853" classname="com.example.SyntheticSuite" time="0.01"/>
  <testcase name="test_synthetic_06854" classname="com.example.SyntheticSuite" time="0.01"/>
  <testcase name="test_synthetic_06855" classname="com.example.SyntheticSuite" time="0.01"/>
  <testcase name="test_synthetic_06856" classname="com.example.SyntheticSuite" time="0.01"/>
  <testcase name="test_synthetic_06857" classname="com.example.SyntheticSuite" time="0.01"/>
  <testcase name="test_synthetic_06858" classname="com.example.SyntheticSuite" time="0.01"/>
  <testcase name="test_synthetic_06859" classname="com.example.SyntheticSuite" time="0.01"/>
  <testcase name="test_synthetic_06860" classname="com.example.SyntheticSuite" time="0.01"/>
  <testcase name="test_synthetic_06861" classname="com.example.SyntheticSuite" time="0.01"/>
  <testcase name="test_synthetic_06862" classname="com.example.SyntheticSuite" time="0.01"/>
  <testcase name="test_synthetic_06863" classname="com.example.SyntheticSuite" time="0.01"/>
  <testcase name="test_synthetic_06864" classname="com.example.SyntheticSuite" time="0.01"/>
  <testcase name="test_synthetic_06865" classname="com.example.SyntheticSuite" time="0.01"/>
  <testcase name="test_synthetic_06866" classname="com.example.SyntheticSuite" time="0.01"/>
  <testcase name="test_synthetic_06867" classname="com.example.SyntheticSuite" time="0.01"/>
  <testcase name="test_synthetic_06868" classname="com.example.SyntheticSuite" time="0.01"/>
  <testcase name="test_synthetic_06869" classname="com.example.SyntheticSuite" time="0.01"/>
  <testcase name="test_synthetic_06870" classname="com.example.SyntheticSuite" time="0.01"/>
  <testcase name="test_synthetic_06871" classname="com.example.SyntheticSuite" time="0.01"/>
  <testcase name="test_synthetic_06872" classname="com.example.SyntheticSuite" time="0.01"/>
  <testcase name="test_synthetic_06873" classname="com.example.SyntheticSuite" time="0.01"/>
  <testcase name="test_synthetic_06874" classname="com.example.SyntheticSuite" time="0.01"/>
  <testcase name="test_synthetic_06875" classname="com.example.SyntheticSuite" time="0.01"/>
  <testcase name="test_synthetic_06876" classname="com.example.SyntheticSuite" time="0.01"/>
  <testcase name="test_synthetic_06877" classname="com.example.SyntheticSuite" time="0.01"/>
  <testcase name="test_synthetic_06878" classname="com.example.SyntheticSuite" time="0.01"/>
  <testcase name="test_synthetic_06879" classname="com.example.SyntheticSuite" time="0.01"/>
  <testcase name="test_synthetic_06880" classname="com.example.SyntheticSuite" time="0.01"/>
  <testcase name="test_synthetic_06881" classname="com.example.SyntheticSuite" time="0.01"/>
  <testcase name="test_synthetic_06882" classname="com.example.SyntheticSuite" time="0.01"/>
  <testcase name="test_synthetic_06883" classname="com.example.SyntheticSuite" time="0.01"/>
  <testcase name="test_synthetic_06884" classname="com.example.SyntheticSuite" time="0.01"/>
  <testcase name="test_synthetic_06885" classname="com.example.SyntheticSuite" time="0.01"/>
  <testcase name="test_synthetic_06886" classname="com.example.SyntheticSuite" time="0.01"/>
  <testcase name="test_synthetic_06887" classname="com.example.SyntheticSuite" time="0.01"/>
  <testcase name="test_synthetic_06888" classname="com.example.SyntheticSuite" time="0.01"/>
  <testcase name="test_synthetic_06889" classname="com.example.SyntheticSuite" time="0.01"/>
  <testcase name="test_synthetic_06890" classname="com.example.SyntheticSuite" time="0.01"/>
  <testcase name="test_synthetic_06891" classname="com.example.SyntheticSuite" time="0.01"/>
  <testcase name="test_synthetic_06892" classname="com.example.SyntheticSuite" time="0.01"/>
  <testcase name="test_synthetic_06893" classname="com.example.SyntheticSuite" time="0.01"/>
  <testcase name="test_synthetic_06894" classname="com.example.SyntheticSuite" time="0.01"/>
  <testcase name="test_synthetic_06895" classname="com.example.SyntheticSuite" time="0.01"/>
  <testcase name="test_synthetic_06896" classname="com.example.SyntheticSuite" time="0.01"/>
  <testcase name="test_synthetic_06897" classname="com.example.SyntheticSuite" time="0.01"/>
  <testcase name="test_synthetic_06898" classname="com.example.SyntheticSuite" time="0.01"/>
  <testcase name="test_synthetic_06899" classname="com.example.SyntheticSuite" time="0.01"/>
  <testcase name="test_synthetic_06900" classname="com.example.SyntheticSuite" time="0.01">
    <failure message="Synthetic failure at 6900">Assertion failed at iteration 6900</failure>
  </testcase>
  <testcase name="test_synthetic_06901" classname="com.example.SyntheticSuite" time="0.01"/>
  <testcase name="test_synthetic_06902" classname="com.example.SyntheticSuite" time="0.01"/>
  <testcase name="test_synthetic_06903" classname="com.example.SyntheticSuite" time="0.01"/>
  <testcase name="test_synthetic_06904" classname="com.example.SyntheticSuite" time="0.01"/>
  <testcase name="test_synthetic_06905" classname="com.example.SyntheticSuite" time="0.01"/>
  <testcase name="test_synthetic_06906" classname="com.example.SyntheticSuite" time="0.01"/>
  <testcase name="test_synthetic_06907" classname="com.example.SyntheticSuite" time="0.01"/>
  <testcase name="test_synthetic_06908" classname="com.example.SyntheticSuite" time="0.01"/>
  <testcase name="test_synthetic_06909" classname="com.example.SyntheticSuite" time="0.01"/>
  <testcase name="test_synthetic_06910" classname="com.example.SyntheticSuite" time="0.01"/>
  <testcase name="test_synthetic_06911" classname="com.example.SyntheticSuite" time="0.01"/>
  <testcase name="test_synthetic_06912" classname="com.example.SyntheticSuite" time="0.01"/>
  <testcase name="test_synthetic_06913" classname="com.example.SyntheticSuite" time="0.01"/>
  <testcase name="test_synthetic_06914" classname="com.example.SyntheticSuite" time="0.01"/>
  <testcase name="test_synthetic_06915" classname="com.example.SyntheticSuite" time="0.01"/>
  <testcase name="test_synthetic_06916" classname="com.example.SyntheticSuite" time="0.01"/>
  <testcase name="test_synthetic_06917" classname="com.example.SyntheticSuite" time="0.01"/>
  <testcase name="test_synthetic_06918" classname="com.example.SyntheticSuite" time="0.01"/>
  <testcase name="test_synthetic_06919" classname="com.example.SyntheticSuite" time="0.01"/>
  <testcase name="test_synthetic_06920" classname="com.example.SyntheticSuite" time="0.01"/>
  <testcase name="test_synthetic_06921" classname="com.example.SyntheticSuite" time="0.01"/>
  <testcase name="test_synthetic_06922" classname="com.example.SyntheticSuite" time="0.01"/>
  <testcase name="test_synthetic_06923" classname="com.example.SyntheticSuite" time="0.01"/>
  <testcase name="test_synthetic_06924" classname="com.example.SyntheticSuite" time="0.01"/>
  <testcase name="test_synthetic_06925" classname="com.example.SyntheticSuite" time="0.01"/>
  <testcase name="test_synthetic_06926" classname="com.example.SyntheticSuite" time="0.01"/>
  <testcase name="test_synthetic_06927" classname="com.example.SyntheticSuite" time="0.01"/>
  <testcase name="test_synthetic_06928" classname="com.example.SyntheticSuite" time="0.01"/>
  <testcase name="test_synthetic_06929" classname="com.example.SyntheticSuite" time="0.01"/>
  <testcase name="test_synthetic_06930" classname="com.example.SyntheticSuite" time="0.01"/>
  <testcase name="test_synthetic_06931" classname="com.example.SyntheticSuite" time="0.01"/>
  <testcase name="test_synthetic_06932" classname="com.example.SyntheticSuite" time="0.01"/>
  <testcase name="test_synthetic_06933" classname="com.example.SyntheticSuite" time="0.01"/>
  <testcase name="test_synthetic_06934" classname="com.example.SyntheticSuite" time="0.01"/>
  <testcase name="test_synthetic_06935" classname="com.example.SyntheticSuite" time="0.01"/>
  <testcase name="test_synthetic_06936" classname="com.example.SyntheticSuite" time="0.01"/>
  <testcase name="test_synthetic_06937" classname="com.example.SyntheticSuite" time="0.01"/>
  <testcase name="test_synthetic_06938" classname="com.example.SyntheticSuite" time="0.01"/>
  <testcase name="test_synthetic_06939" classname="com.example.SyntheticSuite" time="0.01"/>
  <testcase name="test_synthetic_06940" classname="com.example.SyntheticSuite" time="0.01"/>
  <testcase name="test_synthetic_06941" classname="com.example.SyntheticSuite" time="0.01"/>
  <testcase name="test_synthetic_06942" classname="com.example.SyntheticSuite" time="0.01"/>
  <testcase name="test_synthetic_06943" classname="com.example.SyntheticSuite" time="0.01"/>
  <testcase name="test_synthetic_06944" classname="com.example.SyntheticSuite" time="0.01"/>
  <testcase name="test_synthetic_06945" classname="com.example.SyntheticSuite" time="0.01"/>
  <testcase name="test_synthetic_06946" classname="com.example.SyntheticSuite" time="0.01"/>
  <testcase name="test_synthetic_06947" classname="com.example.SyntheticSuite" time="0.01"/>
  <testcase name="test_synthetic_06948" classname="com.example.SyntheticSuite" time="0.01"/>
  <testcase name="test_synthetic_06949" classname="com.example.SyntheticSuite" time="0.01"/>
  <testcase name="test_synthetic_06950" classname="com.example.SyntheticSuite" time="0.01"/>
  <testcase name="test_synthetic_06951" classname="com.example.SyntheticSuite" time="0.01"/>
  <testcase name="test_synthetic_06952" classname="com.example.SyntheticSuite" time="0.01"/>
  <testcase name="test_synthetic_06953" classname="com.example.SyntheticSuite" time="0.01"/>
  <testcase name="test_synthetic_06954" classname="com.example.SyntheticSuite" time="0.01"/>
  <testcase name="test_synthetic_06955" classname="com.example.SyntheticSuite" time="0.01"/>
  <testcase name="test_synthetic_06956" classname="com.example.SyntheticSuite" time="0.01"/>
  <testcase name="test_synthetic_06957" classname="com.example.SyntheticSuite" time="0.01"/>
  <testcase name="test_synthetic_06958" classname="com.example.SyntheticSuite" time="0.01"/>
  <testcase name="test_synthetic_06959" classname="com.example.SyntheticSuite" time="0.01"/>
  <testcase name="test_synthetic_06960" classname="com.example.SyntheticSuite" time="0.01"/>
  <testcase name="test_synthetic_06961" classname="com.example.SyntheticSuite" time="0.01"/>
  <testcase name="test_synthetic_06962" classname="com.example.SyntheticSuite" time="0.01"/>
  <testcase name="test_synthetic_06963" classname="com.example.SyntheticSuite" time="0.01"/>
  <testcase name="test_synthetic_06964" classname="com.example.SyntheticSuite" time="0.01"/>
  <testcase name="test_synthetic_06965" classname="com.example.SyntheticSuite" time="0.01"/>
  <testcase name="test_synthetic_06966" classname="com.example.SyntheticSuite" time="0.01"/>
  <testcase name="test_synthetic_06967" classname="com.example.SyntheticSuite" time="0.01"/>
  <testcase name="test_synthetic_06968" classname="com.example.SyntheticSuite" time="0.01"/>
  <testcase name="test_synthetic_06969" classname="com.example.SyntheticSuite" time="0.01"/>
  <testcase name="test_synthetic_06970" classname="com.example.SyntheticSuite" time="0.01"/>
  <testcase name="test_synthetic_06971" classname="com.example.SyntheticSuite" time="0.01"/>
  <testcase name="test_synthetic_06972" classname="com.example.SyntheticSuite" time="0.01"/>
  <testcase name="test_synthetic_06973" classname="com.example.SyntheticSuite" time="0.01"/>
  <testcase name="test_synthetic_06974" classname="com.example.SyntheticSuite" time="0.01"/>
  <testcase name="test_synthetic_06975" classname="com.example.SyntheticSuite" time="0.01"/>
  <testcase name="test_synthetic_06976" classname="com.example.SyntheticSuite" time="0.01"/>
  <testcase name="test_synthetic_06977" classname="com.example.SyntheticSuite" time="0.01"/>
  <testcase name="test_synthetic_06978" classname="com.example.SyntheticSuite" time="0.01"/>
  <testcase name="test_synthetic_06979" classname="com.example.SyntheticSuite" time="0.01"/>
  <testcase name="test_synthetic_06980" classname="com.example.SyntheticSuite" time="0.01"/>
  <testcase name="test_synthetic_06981" classname="com.example.SyntheticSuite" time="0.01"/>
  <testcase name="test_synthetic_06982" classname="com.example.SyntheticSuite" time="0.01"/>
  <testcase name="test_synthetic_06983" classname="com.example.SyntheticSuite" time="0.01"/>
  <testcase name="test_synthetic_06984" classname="com.example.SyntheticSuite" time="0.01"/>
  <testcase name="test_synthetic_06985" classname="com.example.SyntheticSuite" time="0.01"/>
  <testcase name="test_synthetic_06986" classname="com.example.SyntheticSuite" time="0.01"/>
  <testcase name="test_synthetic_06987" classname="com.example.SyntheticSuite" time="0.01"/>
  <testcase name="test_synthetic_06988" classname="com.example.SyntheticSuite" time="0.01"/>
  <testcase name="test_synthetic_06989" classname="com.example.SyntheticSuite" time="0.01"/>
  <testcase name="test_synthetic_06990" classname="com.example.SyntheticSuite" time="0.01"/>
  <testcase name="test_synthetic_06991" classname="com.example.SyntheticSuite" time="0.01"/>
  <testcase name="test_synthetic_06992" classname="com.example.SyntheticSuite" time="0.01"/>
  <testcase name="test_synthetic_06993" classname="com.example.SyntheticSuite" time="0.01"/>
  <testcase name="test_synthetic_06994" classname="com.example.SyntheticSuite" time="0.01"/>
  <testcase name="test_synthetic_06995" classname="com.example.SyntheticSuite" time="0.01"/>
  <testcase name="test_synthetic_06996" classname="com.example.SyntheticSuite" time="0.01"/>
  <testcase name="test_synthetic_06997" classname="com.example.SyntheticSuite" time="0.01"/>
  <testcase name="test_synthetic_06998" classname="com.example.SyntheticSuite" time="0.01"/>
  <testcase name="test_synthetic_06999" classname="com.example.SyntheticSuite" time="0.01"/>
  <testcase name="test_synthetic_07000" classname="com.example.SyntheticSuite" time="0.01">
    <failure message="Synthetic failure at 7000">Assertion failed at iteration 7000</failure>
  </testcase>
  <testcase name="test_synthetic_07001" classname="com.example.SyntheticSuite" time="0.01"/>
  <testcase name="test_synthetic_07002" classname="com.example.SyntheticSuite" time="0.01"/>
  <testcase name="test_synthetic_07003" classname="com.example.SyntheticSuite" time="0.01"/>
  <testcase name="test_synthetic_07004" classname="com.example.SyntheticSuite" time="0.01"/>
  <testcase name="test_synthetic_07005" classname="com.example.SyntheticSuite" time="0.01"/>
  <testcase name="test_synthetic_07006" classname="com.example.SyntheticSuite" time="0.01"/>
  <testcase name="test_synthetic_07007" classname="com.example.SyntheticSuite" time="0.01"/>
  <testcase name="test_synthetic_07008" classname="com.example.SyntheticSuite" time="0.01"/>
  <testcase name="test_synthetic_07009" classname="com.example.SyntheticSuite" time="0.01"/>
  <testcase name="test_synthetic_07010" classname="com.example.SyntheticSuite" time="0.01"/>
  <testcase name="test_synthetic_07011" classname="com.example.SyntheticSuite" time="0.01"/>
  <testcase name="test_synthetic_07012" classname="com.example.SyntheticSuite" time="0.01"/>
  <testcase name="test_synthetic_07013" classname="com.example.SyntheticSuite" time="0.01"/>
  <testcase name="test_synthetic_07014" classname="com.example.SyntheticSuite" time="0.01"/>
  <testcase name="test_synthetic_07015" classname="com.example.SyntheticSuite" time="0.01"/>
  <testcase name="test_synthetic_07016" classname="com.example.SyntheticSuite" time="0.01"/>
  <testcase name="test_synthetic_07017" classname="com.example.SyntheticSuite" time="0.01"/>
  <testcase name="test_synthetic_07018" classname="com.example.SyntheticSuite" time="0.01"/>
  <testcase name="test_synthetic_07019" classname="com.example.SyntheticSuite" time="0.01"/>
  <testcase name="test_synthetic_07020" classname="com.example.SyntheticSuite" time="0.01"/>
  <testcase name="test_synthetic_07021" classname="com.example.SyntheticSuite" time="0.01"/>
  <testcase name="test_synthetic_07022" classname="com.example.SyntheticSuite" time="0.01"/>
  <testcase name="test_synthetic_07023" classname="com.example.SyntheticSuite" time="0.01"/>
  <testcase name="test_synthetic_07024" classname="com.example.SyntheticSuite" time="0.01"/>
  <testcase name="test_synthetic_07025" classname="com.example.SyntheticSuite" time="0.01"/>
  <testcase name="test_synthetic_07026" classname="com.example.SyntheticSuite" time="0.01"/>
  <testcase name="test_synthetic_07027" classname="com.example.SyntheticSuite" time="0.01"/>
  <testcase name="test_synthetic_07028" classname="com.example.SyntheticSuite" time="0.01"/>
  <testcase name="test_synthetic_07029" classname="com.example.SyntheticSuite" time="0.01"/>
  <testcase name="test_synthetic_07030" classname="com.example.SyntheticSuite" time="0.01"/>
  <testcase name="test_synthetic_07031" classname="com.example.SyntheticSuite" time="0.01"/>
  <testcase name="test_synthetic_07032" classname="com.example.SyntheticSuite" time="0.01"/>
  <testcase name="test_synthetic_07033" classname="com.example.SyntheticSuite" time="0.01"/>
  <testcase name="test_synthetic_07034" classname="com.example.SyntheticSuite" time="0.01"/>
  <testcase name="test_synthetic_07035" classname="com.example.SyntheticSuite" time="0.01"/>
  <testcase name="test_synthetic_07036" classname="com.example.SyntheticSuite" time="0.01"/>
  <testcase name="test_synthetic_07037" classname="com.example.SyntheticSuite" time="0.01"/>
  <testcase name="test_synthetic_07038" classname="com.example.SyntheticSuite" time="0.01"/>
  <testcase name="test_synthetic_07039" classname="com.example.SyntheticSuite" time="0.01"/>
  <testcase name="test_synthetic_07040" classname="com.example.SyntheticSuite" time="0.01"/>
  <testcase name="test_synthetic_07041" classname="com.example.SyntheticSuite" time="0.01"/>
  <testcase name="test_synthetic_07042" classname="com.example.SyntheticSuite" time="0.01"/>
  <testcase name="test_synthetic_07043" classname="com.example.SyntheticSuite" time="0.01"/>
  <testcase name="test_synthetic_07044" classname="com.example.SyntheticSuite" time="0.01"/>
  <testcase name="test_synthetic_07045" classname="com.example.SyntheticSuite" time="0.01"/>
  <testcase name="test_synthetic_07046" classname="com.example.SyntheticSuite" time="0.01"/>
  <testcase name="test_synthetic_07047" classname="com.example.SyntheticSuite" time="0.01"/>
  <testcase name="test_synthetic_07048" classname="com.example.SyntheticSuite" time="0.01"/>
  <testcase name="test_synthetic_07049" classname="com.example.SyntheticSuite" time="0.01"/>
  <testcase name="test_synthetic_07050" classname="com.example.SyntheticSuite" time="0.01"/>
  <testcase name="test_synthetic_07051" classname="com.example.SyntheticSuite" time="0.01"/>
  <testcase name="test_synthetic_07052" classname="com.example.SyntheticSuite" time="0.01"/>
  <testcase name="test_synthetic_07053" classname="com.example.SyntheticSuite" time="0.01"/>
  <testcase name="test_synthetic_07054" classname="com.example.SyntheticSuite" time="0.01"/>
  <testcase name="test_synthetic_07055" classname="com.example.SyntheticSuite" time="0.01"/>
  <testcase name="test_synthetic_07056" classname="com.example.SyntheticSuite" time="0.01"/>
  <testcase name="test_synthetic_07057" classname="com.example.SyntheticSuite" time="0.01"/>
  <testcase name="test_synthetic_07058" classname="com.example.SyntheticSuite" time="0.01"/>
  <testcase name="test_synthetic_07059" classname="com.example.SyntheticSuite" time="0.01"/>
  <testcase name="test_synthetic_07060" classname="com.example.SyntheticSuite" time="0.01"/>
  <testcase name="test_synthetic_07061" classname="com.example.SyntheticSuite" time="0.01"/>
  <testcase name="test_synthetic_07062" classname="com.example.SyntheticSuite" time="0.01"/>
  <testcase name="test_synthetic_07063" classname="com.example.SyntheticSuite" time="0.01"/>
  <testcase name="test_synthetic_07064" classname="com.example.SyntheticSuite" time="0.01"/>
  <testcase name="test_synthetic_07065" classname="com.example.SyntheticSuite" time="0.01"/>
  <testcase name="test_synthetic_07066" classname="com.example.SyntheticSuite" time="0.01"/>
  <testcase name="test_synthetic_07067" classname="com.example.SyntheticSuite" time="0.01"/>
  <testcase name="test_synthetic_07068" classname="com.example.SyntheticSuite" time="0.01"/>
  <testcase name="test_synthetic_07069" classname="com.example.SyntheticSuite" time="0.01"/>
  <testcase name="test_synthetic_07070" classname="com.example.SyntheticSuite" time="0.01"/>
  <testcase name="test_synthetic_07071" classname="com.example.SyntheticSuite" time="0.01"/>
  <testcase name="test_synthetic_07072" classname="com.example.SyntheticSuite" time="0.01"/>
  <testcase name="test_synthetic_07073" classname="com.example.SyntheticSuite" time="0.01"/>
  <testcase name="test_synthetic_07074" classname="com.example.SyntheticSuite" time="0.01"/>
  <testcase name="test_synthetic_07075" classname="com.example.SyntheticSuite" time="0.01"/>
  <testcase name="test_synthetic_07076" classname="com.example.SyntheticSuite" time="0.01"/>
  <testcase name="test_synthetic_07077" classname="com.example.SyntheticSuite" time="0.01"/>
  <testcase name="test_synthetic_07078" classname="com.example.SyntheticSuite" time="0.01"/>
  <testcase name="test_synthetic_07079" classname="com.example.SyntheticSuite" time="0.01"/>
  <testcase name="test_synthetic_07080" classname="com.example.SyntheticSuite" time="0.01"/>
  <testcase name="test_synthetic_07081" classname="com.example.SyntheticSuite" time="0.01"/>
  <testcase name="test_synthetic_07082" classname="com.example.SyntheticSuite" time="0.01"/>
  <testcase name="test_synthetic_07083" classname="com.example.SyntheticSuite" time="0.01"/>
  <testcase name="test_synthetic_07084" classname="com.example.SyntheticSuite" time="0.01"/>
  <testcase name="test_synthetic_07085" classname="com.example.SyntheticSuite" time="0.01"/>
  <testcase name="test_synthetic_07086" classname="com.example.SyntheticSuite" time="0.01"/>
  <testcase name="test_synthetic_07087" classname="com.example.SyntheticSuite" time="0.01"/>
  <testcase name="test_synthetic_07088" classname="com.example.SyntheticSuite" time="0.01"/>
  <testcase name="test_synthetic_07089" classname="com.example.SyntheticSuite" time="0.01"/>
  <testcase name="test_synthetic_07090" classname="com.example.SyntheticSuite" time="0.01"/>
  <testcase name="test_synthetic_07091" classname="com.example.SyntheticSuite" time="0.01"/>
  <testcase name="test_synthetic_07092" classname="com.example.SyntheticSuite" time="0.01"/>
  <testcase name="test_synthetic_07093" classname="com.example.SyntheticSuite" time="0.01"/>
  <testcase name="test_synthetic_07094" classname="com.example.SyntheticSuite" time="0.01"/>
  <testcase name="test_synthetic_07095" classname="com.example.SyntheticSuite" time="0.01"/>
  <testcase name="test_synthetic_07096" classname="com.example.SyntheticSuite" time="0.01"/>
  <testcase name="test_synthetic_07097" classname="com.example.SyntheticSuite" time="0.01"/>
  <testcase name="test_synthetic_07098" classname="com.example.SyntheticSuite" time="0.01"/>
  <testcase name="test_synthetic_07099" classname="com.example.SyntheticSuite" time="0.01"/>
  <testcase name="test_synthetic_07100" classname="com.example.SyntheticSuite" time="0.01">
    <failure message="Synthetic failure at 7100">Assertion failed at iteration 7100</failure>
  </testcase>
  <testcase name="test_synthetic_07101" classname="com.example.SyntheticSuite" time="0.01"/>
  <testcase name="test_synthetic_07102" classname="com.example.SyntheticSuite" time="0.01"/>
  <testcase name="test_synthetic_07103" classname="com.example.SyntheticSuite" time="0.01"/>
  <testcase name="test_synthetic_07104" classname="com.example.SyntheticSuite" time="0.01"/>
  <testcase name="test_synthetic_07105" classname="com.example.SyntheticSuite" time="0.01"/>
  <testcase name="test_synthetic_07106" classname="com.example.SyntheticSuite" time="0.01"/>
  <testcase name="test_synthetic_07107" classname="com.example.SyntheticSuite" time="0.01"/>
  <testcase name="test_synthetic_07108" classname="com.example.SyntheticSuite" time="0.01"/>
  <testcase name="test_synthetic_07109" classname="com.example.SyntheticSuite" time="0.01"/>
  <testcase name="test_synthetic_07110" classname="com.example.SyntheticSuite" time="0.01"/>
  <testcase name="test_synthetic_07111" classname="com.example.SyntheticSuite" time="0.01"/>
  <testcase name="test_synthetic_07112" classname="com.example.SyntheticSuite" time="0.01"/>
  <testcase name="test_synthetic_07113" classname="com.example.SyntheticSuite" time="0.01"/>
  <testcase name="test_synthetic_07114" classname="com.example.SyntheticSuite" time="0.01"/>
  <testcase name="test_synthetic_07115" classname="com.example.SyntheticSuite" time="0.01"/>
  <testcase name="test_synthetic_07116" classname="com.example.SyntheticSuite" time="0.01"/>
  <testcase name="test_synthetic_07117" classname="com.example.SyntheticSuite" time="0.01"/>
  <testcase name="test_synthetic_07118" classname="com.example.SyntheticSuite" time="0.01"/>
  <testcase name="test_synthetic_07119" classname="com.example.SyntheticSuite" time="0.01"/>
  <testcase name="test_synthetic_07120" classname="com.example.SyntheticSuite" time="0.01"/>
  <testcase name="test_synthetic_07121" classname="com.example.SyntheticSuite" time="0.01"/>
  <testcase name="test_synthetic_07122" classname="com.example.SyntheticSuite" time="0.01"/>
  <testcase name="test_synthetic_07123" classname="com.example.SyntheticSuite" time="0.01"/>
  <testcase name="test_synthetic_07124" classname="com.example.SyntheticSuite" time="0.01"/>
  <testcase name="test_synthetic_07125" classname="com.example.SyntheticSuite" time="0.01"/>
  <testcase name="test_synthetic_07126" classname="com.example.SyntheticSuite" time="0.01"/>
  <testcase name="test_synthetic_07127" classname="com.example.SyntheticSuite" time="0.01"/>
  <testcase name="test_synthetic_07128" classname="com.example.SyntheticSuite" time="0.01"/>
  <testcase name="test_synthetic_07129" classname="com.example.SyntheticSuite" time="0.01"/>
  <testcase name="test_synthetic_07130" classname="com.example.SyntheticSuite" time="0.01"/>
  <testcase name="test_synthetic_07131" classname="com.example.SyntheticSuite" time="0.01"/>
  <testcase name="test_synthetic_07132" classname="com.example.SyntheticSuite" time="0.01"/>
  <testcase name="test_synthetic_07133" classname="com.example.SyntheticSuite" time="0.01"/>
  <testcase name="test_synthetic_07134" classname="com.example.SyntheticSuite" time="0.01"/>
  <testcase name="test_synthetic_07135" classname="com.example.SyntheticSuite" time="0.01"/>
  <testcase name="test_synthetic_07136" classname="com.example.SyntheticSuite" time="0.01"/>
  <testcase name="test_synthetic_07137" classname="com.example.SyntheticSuite" time="0.01"/>
  <testcase name="test_synthetic_07138" classname="com.example.SyntheticSuite" time="0.01"/>
  <testcase name="test_synthetic_07139" classname="com.example.SyntheticSuite" time="0.01"/>
  <testcase name="test_synthetic_07140" classname="com.example.SyntheticSuite" time="0.01"/>
  <testcase name="test_synthetic_07141" classname="com.example.SyntheticSuite" time="0.01"/>
  <testcase name="test_synthetic_07142" classname="com.example.SyntheticSuite" time="0.01"/>
  <testcase name="test_synthetic_07143" classname="com.example.SyntheticSuite" time="0.01"/>
  <testcase name="test_synthetic_07144" classname="com.example.SyntheticSuite" time="0.01"/>
  <testcase name="test_synthetic_07145" classname="com.example.SyntheticSuite" time="0.01"/>
  <testcase name="test_synthetic_07146" classname="com.example.SyntheticSuite" time="0.01"/>
  <testcase name="test_synthetic_07147" classname="com.example.SyntheticSuite" time="0.01"/>
  <testcase name="test_synthetic_07148" classname="com.example.SyntheticSuite" time="0.01"/>
  <testcase name="test_synthetic_07149" classname="com.example.SyntheticSuite" time="0.01"/>
  <testcase name="test_synthetic_07150" classname="com.example.SyntheticSuite" time="0.01"/>
  <testcase name="test_synthetic_07151" classname="com.example.SyntheticSuite" time="0.01"/>
  <testcase name="test_synthetic_07152" classname="com.example.SyntheticSuite" time="0.01"/>
  <testcase name="test_synthetic_07153" classname="com.example.SyntheticSuite" time="0.01"/>
  <testcase name="test_synthetic_07154" classname="com.example.SyntheticSuite" time="0.01"/>
  <testcase name="test_synthetic_07155" classname="com.example.SyntheticSuite" time="0.01"/>
  <testcase name="test_synthetic_07156" classname="com.example.SyntheticSuite" time="0.01"/>
  <testcase name="test_synthetic_07157" classname="com.example.SyntheticSuite" time="0.01"/>
  <testcase name="test_synthetic_07158" classname="com.example.SyntheticSuite" time="0.01"/>
  <testcase name="test_synthetic_07159" classname="com.example.SyntheticSuite" time="0.01"/>
  <testcase name="test_synthetic_07160" classname="com.example.SyntheticSuite" time="0.01"/>
  <testcase name="test_synthetic_07161" classname="com.example.SyntheticSuite" time="0.01"/>
  <testcase name="test_synthetic_07162" classname="com.example.SyntheticSuite" time="0.01"/>
  <testcase name="test_synthetic_07163" classname="com.example.SyntheticSuite" time="0.01"/>
  <testcase name="test_synthetic_07164" classname="com.example.SyntheticSuite" time="0.01"/>
  <testcase name="test_synthetic_07165" classname="com.example.SyntheticSuite" time="0.01"/>
  <testcase name="test_synthetic_07166" classname="com.example.SyntheticSuite" time="0.01"/>
  <testcase name="test_synthetic_07167" classname="com.example.SyntheticSuite" time="0.01"/>
  <testcase name="test_synthetic_07168" classname="com.example.SyntheticSuite" time="0.01"/>
  <testcase name="test_synthetic_07169" classname="com.example.SyntheticSuite" time="0.01"/>
  <testcase name="test_synthetic_07170" classname="com.example.SyntheticSuite" time="0.01"/>
  <testcase name="test_synthetic_07171" classname="com.example.SyntheticSuite" time="0.01"/>
  <testcase name="test_synthetic_07172" classname="com.example.SyntheticSuite" time="0.01"/>
  <testcase name="test_synthetic_07173" classname="com.example.SyntheticSuite" time="0.01"/>
  <testcase name="test_synthetic_07174" classname="com.example.SyntheticSuite" time="0.01"/>
  <testcase name="test_synthetic_07175" classname="com.example.SyntheticSuite" time="0.01"/>
  <testcase name="test_synthetic_07176" classname="com.example.SyntheticSuite" time="0.01"/>
  <testcase name="test_synthetic_07177" classname="com.example.SyntheticSuite" time="0.01"/>
  <testcase name="test_synthetic_07178" classname="com.example.SyntheticSuite" time="0.01"/>
  <testcase name="test_synthetic_07179" classname="com.example.SyntheticSuite" time="0.01"/>
  <testcase name="test_synthetic_07180" classname="com.example.SyntheticSuite" time="0.01"/>
  <testcase name="test_synthetic_07181" classname="com.example.SyntheticSuite" time="0.01"/>
  <testcase name="test_synthetic_07182" classname="com.example.SyntheticSuite" time="0.01"/>
  <testcase name="test_synthetic_07183" classname="com.example.SyntheticSuite" time="0.01"/>
  <testcase name="test_synthetic_07184" classname="com.example.SyntheticSuite" time="0.01"/>
  <testcase name="test_synthetic_07185" classname="com.example.SyntheticSuite" time="0.01"/>
  <testcase name="test_synthetic_07186" classname="com.example.SyntheticSuite" time="0.01"/>
  <testcase name="test_synthetic_07187" classname="com.example.SyntheticSuite" time="0.01"/>
  <testcase name="test_synthetic_07188" classname="com.example.SyntheticSuite" time="0.01"/>
  <testcase name="test_synthetic_07189" classname="com.example.SyntheticSuite" time="0.01"/>
  <testcase name="test_synthetic_07190" classname="com.example.SyntheticSuite" time="0.01"/>
  <testcase name="test_synthetic_07191" classname="com.example.SyntheticSuite" time="0.01"/>
  <testcase name="test_synthetic_07192" classname="com.example.SyntheticSuite" time="0.01"/>
  <testcase name="test_synthetic_07193" classname="com.example.SyntheticSuite" time="0.01"/>
  <testcase name="test_synthetic_07194" classname="com.example.SyntheticSuite" time="0.01"/>
  <testcase name="test_synthetic_07195" classname="com.example.SyntheticSuite" time="0.01"/>
  <testcase name="test_synthetic_07196" classname="com.example.SyntheticSuite" time="0.01"/>
  <testcase name="test_synthetic_07197" classname="com.example.SyntheticSuite" time="0.01"/>
  <testcase name="test_synthetic_07198" classname="com.example.SyntheticSuite" time="0.01"/>
  <testcase name="test_synthetic_07199" classname="com.example.SyntheticSuite" time="0.01"/>
  <testcase name="test_synthetic_07200" classname="com.example.SyntheticSuite" time="0.01">
    <failure message="Synthetic failure at 7200">Assertion failed at iteration 7200</failure>
  </testcase>
  <testcase name="test_synthetic_07201" classname="com.example.SyntheticSuite" time="0.01"/>
  <testcase name="test_synthetic_07202" classname="com.example.SyntheticSuite" time="0.01"/>
  <testcase name="test_synthetic_07203" classname="com.example.SyntheticSuite" time="0.01"/>
  <testcase name="test_synthetic_07204" classname="com.example.SyntheticSuite" time="0.01"/>
  <testcase name="test_synthetic_07205" classname="com.example.SyntheticSuite" time="0.01"/>
  <testcase name="test_synthetic_07206" classname="com.example.SyntheticSuite" time="0.01"/>
  <testcase name="test_synthetic_07207" classname="com.example.SyntheticSuite" time="0.01"/>
  <testcase name="test_synthetic_07208" classname="com.example.SyntheticSuite" time="0.01"/>
  <testcase name="test_synthetic_07209" classname="com.example.SyntheticSuite" time="0.01"/>
  <testcase name="test_synthetic_07210" classname="com.example.SyntheticSuite" time="0.01"/>
  <testcase name="test_synthetic_07211" classname="com.example.SyntheticSuite" time="0.01"/>
  <testcase name="test_synthetic_07212" classname="com.example.SyntheticSuite" time="0.01"/>
  <testcase name="test_synthetic_07213" classname="com.example.SyntheticSuite" time="0.01"/>
  <testcase name="test_synthetic_07214" classname="com.example.SyntheticSuite" time="0.01"/>
  <testcase name="test_synthetic_07215" classname="com.example.SyntheticSuite" time="0.01"/>
  <testcase name="test_synthetic_07216" classname="com.example.SyntheticSuite" time="0.01"/>
  <testcase name="test_synthetic_07217" classname="com.example.SyntheticSuite" time="0.01"/>
  <testcase name="test_synthetic_07218" classname="com.example.SyntheticSuite" time="0.01"/>
  <testcase name="test_synthetic_07219" classname="com.example.SyntheticSuite" time="0.01"/>
  <testcase name="test_synthetic_07220" classname="com.example.SyntheticSuite" time="0.01"/>
  <testcase name="test_synthetic_07221" classname="com.example.SyntheticSuite" time="0.01"/>
  <testcase name="test_synthetic_07222" classname="com.example.SyntheticSuite" time="0.01"/>
  <testcase name="test_synthetic_07223" classname="com.example.SyntheticSuite" time="0.01"/>
  <testcase name="test_synthetic_07224" classname="com.example.SyntheticSuite" time="0.01"/>
  <testcase name="test_synthetic_07225" classname="com.example.SyntheticSuite" time="0.01"/>
  <testcase name="test_synthetic_07226" classname="com.example.SyntheticSuite" time="0.01"/>
  <testcase name="test_synthetic_07227" classname="com.example.SyntheticSuite" time="0.01"/>
  <testcase name="test_synthetic_07228" classname="com.example.SyntheticSuite" time="0.01"/>
  <testcase name="test_synthetic_07229" classname="com.example.SyntheticSuite" time="0.01"/>
  <testcase name="test_synthetic_07230" classname="com.example.SyntheticSuite" time="0.01"/>
  <testcase name="test_synthetic_07231" classname="com.example.SyntheticSuite" time="0.01"/>
  <testcase name="test_synthetic_07232" classname="com.example.SyntheticSuite" time="0.01"/>
  <testcase name="test_synthetic_07233" classname="com.example.SyntheticSuite" time="0.01"/>
  <testcase name="test_synthetic_07234" classname="com.example.SyntheticSuite" time="0.01"/>
  <testcase name="test_synthetic_07235" classname="com.example.SyntheticSuite" time="0.01"/>
  <testcase name="test_synthetic_07236" classname="com.example.SyntheticSuite" time="0.01"/>
  <testcase name="test_synthetic_07237" classname="com.example.SyntheticSuite" time="0.01"/>
  <testcase name="test_synthetic_07238" classname="com.example.SyntheticSuite" time="0.01"/>
  <testcase name="test_synthetic_07239" classname="com.example.SyntheticSuite" time="0.01"/>
  <testcase name="test_synthetic_07240" classname="com.example.SyntheticSuite" time="0.01"/>
  <testcase name="test_synthetic_07241" classname="com.example.SyntheticSuite" time="0.01"/>
  <testcase name="test_synthetic_07242" classname="com.example.SyntheticSuite" time="0.01"/>
  <testcase name="test_synthetic_07243" classname="com.example.SyntheticSuite" time="0.01"/>
  <testcase name="test_synthetic_07244" classname="com.example.SyntheticSuite" time="0.01"/>
  <testcase name="test_synthetic_07245" classname="com.example.SyntheticSuite" time="0.01"/>
  <testcase name="test_synthetic_07246" classname="com.example.SyntheticSuite" time="0.01"/>
  <testcase name="test_synthetic_07247" classname="com.example.SyntheticSuite" time="0.01"/>
  <testcase name="test_synthetic_07248" classname="com.example.SyntheticSuite" time="0.01"/>
  <testcase name="test_synthetic_07249" classname="com.example.SyntheticSuite" time="0.01"/>
  <testcase name="test_synthetic_07250" classname="com.example.SyntheticSuite" time="0.01"/>
  <testcase name="test_synthetic_07251" classname="com.example.SyntheticSuite" time="0.01"/>
  <testcase name="test_synthetic_07252" classname="com.example.SyntheticSuite" time="0.01"/>
  <testcase name="test_synthetic_07253" classname="com.example.SyntheticSuite" time="0.01"/>
  <testcase name="test_synthetic_07254" classname="com.example.SyntheticSuite" time="0.01"/>
  <testcase name="test_synthetic_07255" classname="com.example.SyntheticSuite" time="0.01"/>
  <testcase name="test_synthetic_07256" classname="com.example.SyntheticSuite" time="0.01"/>
  <testcase name="test_synthetic_07257" classname="com.example.SyntheticSuite" time="0.01"/>
  <testcase name="test_synthetic_07258" classname="com.example.SyntheticSuite" time="0.01"/>
  <testcase name="test_synthetic_07259" classname="com.example.SyntheticSuite" time="0.01"/>
  <testcase name="test_synthetic_07260" classname="com.example.SyntheticSuite" time="0.01"/>
  <testcase name="test_synthetic_07261" classname="com.example.SyntheticSuite" time="0.01"/>
  <testcase name="test_synthetic_07262" classname="com.example.SyntheticSuite" time="0.01"/>
  <testcase name="test_synthetic_07263" classname="com.example.SyntheticSuite" time="0.01"/>
  <testcase name="test_synthetic_07264" classname="com.example.SyntheticSuite" time="0.01"/>
  <testcase name="test_synthetic_07265" classname="com.example.SyntheticSuite" time="0.01"/>
  <testcase name="test_synthetic_07266" classname="com.example.SyntheticSuite" time="0.01"/>
  <testcase name="test_synthetic_07267" classname="com.example.SyntheticSuite" time="0.01"/>
  <testcase name="test_synthetic_07268" classname="com.example.SyntheticSuite" time="0.01"/>
  <testcase name="test_synthetic_07269" classname="com.example.SyntheticSuite" time="0.01"/>
  <testcase name="test_synthetic_07270" classname="com.example.SyntheticSuite" time="0.01"/>
  <testcase name="test_synthetic_07271" classname="com.example.SyntheticSuite" time="0.01"/>
  <testcase name="test_synthetic_07272" classname="com.example.SyntheticSuite" time="0.01"/>
  <testcase name="test_synthetic_07273" classname="com.example.SyntheticSuite" time="0.01"/>
  <testcase name="test_synthetic_07274" classname="com.example.SyntheticSuite" time="0.01"/>
  <testcase name="test_synthetic_07275" classname="com.example.SyntheticSuite" time="0.01"/>
  <testcase name="test_synthetic_07276" classname="com.example.SyntheticSuite" time="0.01"/>
  <testcase name="test_synthetic_07277" classname="com.example.SyntheticSuite" time="0.01"/>
  <testcase name="test_synthetic_07278" classname="com.example.SyntheticSuite" time="0.01"/>
  <testcase name="test_synthetic_07279" classname="com.example.SyntheticSuite" time="0.01"/>
  <testcase name="test_synthetic_07280" classname="com.example.SyntheticSuite" time="0.01"/>
  <testcase name="test_synthetic_07281" classname="com.example.SyntheticSuite" time="0.01"/>
  <testcase name="test_synthetic_07282" classname="com.example.SyntheticSuite" time="0.01"/>
  <testcase name="test_synthetic_07283" classname="com.example.SyntheticSuite" time="0.01"/>
  <testcase name="test_synthetic_07284" classname="com.example.SyntheticSuite" time="0.01"/>
  <testcase name="test_synthetic_07285" classname="com.example.SyntheticSuite" time="0.01"/>
  <testcase name="test_synthetic_07286" classname="com.example.SyntheticSuite" time="0.01"/>
  <testcase name="test_synthetic_07287" classname="com.example.SyntheticSuite" time="0.01"/>
  <testcase name="test_synthetic_07288" classname="com.example.SyntheticSuite" time="0.01"/>
  <testcase name="test_synthetic_07289" classname="com.example.SyntheticSuite" time="0.01"/>
  <testcase name="test_synthetic_07290" classname="com.example.SyntheticSuite" time="0.01"/>
  <testcase name="test_synthetic_07291" classname="com.example.SyntheticSuite" time="0.01"/>
  <testcase name="test_synthetic_07292" classname="com.example.SyntheticSuite" time="0.01"/>
  <testcase name="test_synthetic_07293" classname="com.example.SyntheticSuite" time="0.01"/>
  <testcase name="test_synthetic_07294" classname="com.example.SyntheticSuite" time="0.01"/>
  <testcase name="test_synthetic_07295" classname="com.example.SyntheticSuite" time="0.01"/>
  <testcase name="test_synthetic_07296" classname="com.example.SyntheticSuite" time="0.01"/>
  <testcase name="test_synthetic_07297" classname="com.example.SyntheticSuite" time="0.01"/>
  <testcase name="test_synthetic_07298" classname="com.example.SyntheticSuite" time="0.01"/>
  <testcase name="test_synthetic_07299" classname="com.example.SyntheticSuite" time="0.01"/>
  <testcase name="test_synthetic_07300" classname="com.example.SyntheticSuite" time="0.01">
    <failure message="Synthetic failure at 7300">Assertion failed at iteration 7300</failure>
  </testcase>
  <testcase name="test_synthetic_07301" classname="com.example.SyntheticSuite" time="0.01"/>
  <testcase name="test_synthetic_07302" classname="com.example.SyntheticSuite" time="0.01"/>
  <testcase name="test_synthetic_07303" classname="com.example.SyntheticSuite" time="0.01"/>
  <testcase name="test_synthetic_07304" classname="com.example.SyntheticSuite" time="0.01"/>
  <testcase name="test_synthetic_07305" classname="com.example.SyntheticSuite" time="0.01"/>
  <testcase name="test_synthetic_07306" classname="com.example.SyntheticSuite" time="0.01"/>
  <testcase name="test_synthetic_07307" classname="com.example.SyntheticSuite" time="0.01"/>
  <testcase name="test_synthetic_07308" classname="com.example.SyntheticSuite" time="0.01"/>
  <testcase name="test_synthetic_07309" classname="com.example.SyntheticSuite" time="0.01"/>
  <testcase name="test_synthetic_07310" classname="com.example.SyntheticSuite" time="0.01"/>
  <testcase name="test_synthetic_07311" classname="com.example.SyntheticSuite" time="0.01"/>
  <testcase name="test_synthetic_07312" classname="com.example.SyntheticSuite" time="0.01"/>
  <testcase name="test_synthetic_07313" classname="com.example.SyntheticSuite" time="0.01"/>
  <testcase name="test_synthetic_07314" classname="com.example.SyntheticSuite" time="0.01"/>
  <testcase name="test_synthetic_07315" classname="com.example.SyntheticSuite" time="0.01"/>
  <testcase name="test_synthetic_07316" classname="com.example.SyntheticSuite" time="0.01"/>
  <testcase name="test_synthetic_07317" classname="com.example.SyntheticSuite" time="0.01"/>
  <testcase name="test_synthetic_07318" classname="com.example.SyntheticSuite" time="0.01"/>
  <testcase name="test_synthetic_07319" classname="com.example.SyntheticSuite" time="0.01"/>
  <testcase name="test_synthetic_07320" classname="com.example.SyntheticSuite" time="0.01"/>
  <testcase name="test_synthetic_07321" classname="com.example.SyntheticSuite" time="0.01"/>
  <testcase name="test_synthetic_07322" classname="com.example.SyntheticSuite" time="0.01"/>
  <testcase name="test_synthetic_07323" classname="com.example.SyntheticSuite" time="0.01"/>
  <testcase name="test_synthetic_07324" classname="com.example.SyntheticSuite" time="0.01"/>
  <testcase name="test_synthetic_07325" classname="com.example.SyntheticSuite" time="0.01"/>
  <testcase name="test_synthetic_07326" classname="com.example.SyntheticSuite" time="0.01"/>
  <testcase name="test_synthetic_07327" classname="com.example.SyntheticSuite" time="0.01"/>
  <testcase name="test_synthetic_07328" classname="com.example.SyntheticSuite" time="0.01"/>
  <testcase name="test_synthetic_07329" classname="com.example.SyntheticSuite" time="0.01"/>
  <testcase name="test_synthetic_07330" classname="com.example.SyntheticSuite" time="0.01"/>
  <testcase name="test_synthetic_07331" classname="com.example.SyntheticSuite" time="0.01"/>
  <testcase name="test_synthetic_07332" classname="com.example.SyntheticSuite" time="0.01"/>
  <testcase name="test_synthetic_07333" classname="com.example.SyntheticSuite" time="0.01"/>
  <testcase name="test_synthetic_07334" classname="com.example.SyntheticSuite" time="0.01"/>
  <testcase name="test_synthetic_07335" classname="com.example.SyntheticSuite" time="0.01"/>
  <testcase name="test_synthetic_07336" classname="com.example.SyntheticSuite" time="0.01"/>
  <testcase name="test_synthetic_07337" classname="com.example.SyntheticSuite" time="0.01"/>
  <testcase name="test_synthetic_07338" classname="com.example.SyntheticSuite" time="0.01"/>
  <testcase name="test_synthetic_07339" classname="com.example.SyntheticSuite" time="0.01"/>
  <testcase name="test_synthetic_07340" classname="com.example.SyntheticSuite" time="0.01"/>
  <testcase name="test_synthetic_07341" classname="com.example.SyntheticSuite" time="0.01"/>
  <testcase name="test_synthetic_07342" classname="com.example.SyntheticSuite" time="0.01"/>
  <testcase name="test_synthetic_07343" classname="com.example.SyntheticSuite" time="0.01"/>
  <testcase name="test_synthetic_07344" classname="com.example.SyntheticSuite" time="0.01"/>
  <testcase name="test_synthetic_07345" classname="com.example.SyntheticSuite" time="0.01"/>
  <testcase name="test_synthetic_07346" classname="com.example.SyntheticSuite" time="0.01"/>
  <testcase name="test_synthetic_07347" classname="com.example.SyntheticSuite" time="0.01"/>
  <testcase name="test_synthetic_07348" classname="com.example.SyntheticSuite" time="0.01"/>
  <testcase name="test_synthetic_07349" classname="com.example.SyntheticSuite" time="0.01"/>
  <testcase name="test_synthetic_07350" classname="com.example.SyntheticSuite" time="0.01"/>
  <testcase name="test_synthetic_07351" classname="com.example.SyntheticSuite" time="0.01"/>
  <testcase name="test_synthetic_07352" classname="com.example.SyntheticSuite" time="0.01"/>
  <testcase name="test_synthetic_07353" classname="com.example.SyntheticSuite" time="0.01"/>
  <testcase name="test_synthetic_07354" classname="com.example.SyntheticSuite" time="0.01"/>
  <testcase name="test_synthetic_07355" classname="com.example.SyntheticSuite" time="0.01"/>
  <testcase name="test_synthetic_07356" classname="com.example.SyntheticSuite" time="0.01"/>
  <testcase name="test_synthetic_07357" classname="com.example.SyntheticSuite" time="0.01"/>
  <testcase name="test_synthetic_07358" classname="com.example.SyntheticSuite" time="0.01"/>
  <testcase name="test_synthetic_07359" classname="com.example.SyntheticSuite" time="0.01"/>
  <testcase name="test_synthetic_07360" classname="com.example.SyntheticSuite" time="0.01"/>
  <testcase name="test_synthetic_07361" classname="com.example.SyntheticSuite" time="0.01"/>
  <testcase name="test_synthetic_07362" classname="com.example.SyntheticSuite" time="0.01"/>
  <testcase name="test_synthetic_07363" classname="com.example.SyntheticSuite" time="0.01"/>
  <testcase name="test_synthetic_07364" classname="com.example.SyntheticSuite" time="0.01"/>
  <testcase name="test_synthetic_07365" classname="com.example.SyntheticSuite" time="0.01"/>
  <testcase name="test_synthetic_07366" classname="com.example.SyntheticSuite" time="0.01"/>
  <testcase name="test_synthetic_07367" classname="com.example.SyntheticSuite" time="0.01"/>
  <testcase name="test_synthetic_07368" classname="com.example.SyntheticSuite" time="0.01"/>
  <testcase name="test_synthetic_07369" classname="com.example.SyntheticSuite" time="0.01"/>
  <testcase name="test_synthetic_07370" classname="com.example.SyntheticSuite" time="0.01"/>
  <testcase name="test_synthetic_07371" classname="com.example.SyntheticSuite" time="0.01"/>
  <testcase name="test_synthetic_07372" classname="com.example.SyntheticSuite" time="0.01"/>
  <testcase name="test_synthetic_07373" classname="com.example.SyntheticSuite" time="0.01"/>
  <testcase name="test_synthetic_07374" classname="com.example.SyntheticSuite" time="0.01"/>
  <testcase name="test_synthetic_07375" classname="com.example.SyntheticSuite" time="0.01"/>
  <testcase name="test_synthetic_07376" classname="com.example.SyntheticSuite" time="0.01"/>
  <testcase name="test_synthetic_07377" classname="com.example.SyntheticSuite" time="0.01"/>
  <testcase name="test_synthetic_07378" classname="com.example.SyntheticSuite" time="0.01"/>
  <testcase name="test_synthetic_07379" classname="com.example.SyntheticSuite" time="0.01"/>
  <testcase name="test_synthetic_07380" classname="com.example.SyntheticSuite" time="0.01"/>
  <testcase name="test_synthetic_07381" classname="com.example.SyntheticSuite" time="0.01"/>
  <testcase name="test_synthetic_07382" classname="com.example.SyntheticSuite" time="0.01"/>
  <testcase name="test_synthetic_07383" classname="com.example.SyntheticSuite" time="0.01"/>
  <testcase name="test_synthetic_07384" classname="com.example.SyntheticSuite" time="0.01"/>
  <testcase name="test_synthetic_07385" classname="com.example.SyntheticSuite" time="0.01"/>
  <testcase name="test_synthetic_07386" classname="com.example.SyntheticSuite" time="0.01"/>
  <testcase name="test_synthetic_07387" classname="com.example.SyntheticSuite" time="0.01"/>
  <testcase name="test_synthetic_07388" classname="com.example.SyntheticSuite" time="0.01"/>
  <testcase name="test_synthetic_07389" classname="com.example.SyntheticSuite" time="0.01"/>
  <testcase name="test_synthetic_07390" classname="com.example.SyntheticSuite" time="0.01"/>
  <testcase name="test_synthetic_07391" classname="com.example.SyntheticSuite" time="0.01"/>
  <testcase name="test_synthetic_07392" classname="com.example.SyntheticSuite" time="0.01"/>
  <testcase name="test_synthetic_07393" classname="com.example.SyntheticSuite" time="0.01"/>
  <testcase name="test_synthetic_07394" classname="com.example.SyntheticSuite" time="0.01"/>
  <testcase name="test_synthetic_07395" classname="com.example.SyntheticSuite" time="0.01"/>
  <testcase name="test_synthetic_07396" classname="com.example.SyntheticSuite" time="0.01"/>
  <testcase name="test_synthetic_07397" classname="com.example.SyntheticSuite" time="0.01"/>
  <testcase name="test_synthetic_07398" classname="com.example.SyntheticSuite" time="0.01"/>
  <testcase name="test_synthetic_07399" classname="com.example.SyntheticSuite" time="0.01"/>
  <testcase name="test_synthetic_07400" classname="com.example.SyntheticSuite" time="0.01">
    <failure message="Synthetic failure at 7400">Assertion failed at iteration 7400</failure>
  </testcase>
  <testcase name="test_synthetic_07401" classname="com.example.SyntheticSuite" time="0.01"/>
  <testcase name="test_synthetic_07402" classname="com.example.SyntheticSuite" time="0.01"/>
  <testcase name="test_synthetic_07403" classname="com.example.SyntheticSuite" time="0.01"/>
  <testcase name="test_synthetic_07404" classname="com.example.SyntheticSuite" time="0.01"/>
  <testcase name="test_synthetic_07405" classname="com.example.SyntheticSuite" time="0.01"/>
  <testcase name="test_synthetic_07406" classname="com.example.SyntheticSuite" time="0.01"/>
  <testcase name="test_synthetic_07407" classname="com.example.SyntheticSuite" time="0.01"/>
  <testcase name="test_synthetic_07408" classname="com.example.SyntheticSuite" time="0.01"/>
  <testcase name="test_synthetic_07409" classname="com.example.SyntheticSuite" time="0.01"/>
  <testcase name="test_synthetic_07410" classname="com.example.SyntheticSuite" time="0.01"/>
  <testcase name="test_synthetic_07411" classname="com.example.SyntheticSuite" time="0.01"/>
  <testcase name="test_synthetic_07412" classname="com.example.SyntheticSuite" time="0.01"/>
  <testcase name="test_synthetic_07413" classname="com.example.SyntheticSuite" time="0.01"/>
  <testcase name="test_synthetic_07414" classname="com.example.SyntheticSuite" time="0.01"/>
  <testcase name="test_synthetic_07415" classname="com.example.SyntheticSuite" time="0.01"/>
  <testcase name="test_synthetic_07416" classname="com.example.SyntheticSuite" time="0.01"/>
  <testcase name="test_synthetic_07417" classname="com.example.SyntheticSuite" time="0.01"/>
  <testcase name="test_synthetic_07418" classname="com.example.SyntheticSuite" time="0.01"/>
  <testcase name="test_synthetic_07419" classname="com.example.SyntheticSuite" time="0.01"/>
  <testcase name="test_synthetic_07420" classname="com.example.SyntheticSuite" time="0.01"/>
  <testcase name="test_synthetic_07421" classname="com.example.SyntheticSuite" time="0.01"/>
  <testcase name="test_synthetic_07422" classname="com.example.SyntheticSuite" time="0.01"/>
  <testcase name="test_synthetic_07423" classname="com.example.SyntheticSuite" time="0.01"/>
  <testcase name="test_synthetic_07424" classname="com.example.SyntheticSuite" time="0.01"/>
  <testcase name="test_synthetic_07425" classname="com.example.SyntheticSuite" time="0.01"/>
  <testcase name="test_synthetic_07426" classname="com.example.SyntheticSuite" time="0.01"/>
  <testcase name="test_synthetic_07427" classname="com.example.SyntheticSuite" time="0.01"/>
  <testcase name="test_synthetic_07428" classname="com.example.SyntheticSuite" time="0.01"/>
  <testcase name="test_synthetic_07429" classname="com.example.SyntheticSuite" time="0.01"/>
  <testcase name="test_synthetic_07430" classname="com.example.SyntheticSuite" time="0.01"/>
  <testcase name="test_synthetic_07431" classname="com.example.SyntheticSuite" time="0.01"/>
  <testcase name="test_synthetic_07432" classname="com.example.SyntheticSuite" time="0.01"/>
  <testcase name="test_synthetic_07433" classname="com.example.SyntheticSuite" time="0.01"/>
  <testcase name="test_synthetic_07434" classname="com.example.SyntheticSuite" time="0.01"/>
  <testcase name="test_synthetic_07435" classname="com.example.SyntheticSuite" time="0.01"/>
  <testcase name="test_synthetic_07436" classname="com.example.SyntheticSuite" time="0.01"/>
  <testcase name="test_synthetic_07437" classname="com.example.SyntheticSuite" time="0.01"/>
  <testcase name="test_synthetic_07438" classname="com.example.SyntheticSuite" time="0.01"/>
  <testcase name="test_synthetic_07439" classname="com.example.SyntheticSuite" time="0.01"/>
  <testcase name="test_synthetic_07440" classname="com.example.SyntheticSuite" time="0.01"/>
  <testcase name="test_synthetic_07441" classname="com.example.SyntheticSuite" time="0.01"/>
  <testcase name="test_synthetic_07442" classname="com.example.SyntheticSuite" time="0.01"/>
  <testcase name="test_synthetic_07443" classname="com.example.SyntheticSuite" time="0.01"/>
  <testcase name="test_synthetic_07444" classname="com.example.SyntheticSuite" time="0.01"/>
  <testcase name="test_synthetic_07445" classname="com.example.SyntheticSuite" time="0.01"/>
  <testcase name="test_synthetic_07446" classname="com.example.SyntheticSuite" time="0.01"/>
  <testcase name="test_synthetic_07447" classname="com.example.SyntheticSuite" time="0.01"/>
  <testcase name="test_synthetic_07448" classname="com.example.SyntheticSuite" time="0.01"/>
  <testcase name="test_synthetic_07449" classname="com.example.SyntheticSuite" time="0.01"/>
  <testcase name="test_synthetic_07450" classname="com.example.SyntheticSuite" time="0.01"/>
  <testcase name="test_synthetic_07451" classname="com.example.SyntheticSuite" time="0.01"/>
  <testcase name="test_synthetic_07452" classname="com.example.SyntheticSuite" time="0.01"/>
  <testcase name="test_synthetic_07453" classname="com.example.SyntheticSuite" time="0.01"/>
  <testcase name="test_synthetic_07454" classname="com.example.SyntheticSuite" time="0.01"/>
  <testcase name="test_synthetic_07455" classname="com.example.SyntheticSuite" time="0.01"/>
  <testcase name="test_synthetic_07456" classname="com.example.SyntheticSuite" time="0.01"/>
  <testcase name="test_synthetic_07457" classname="com.example.SyntheticSuite" time="0.01"/>
  <testcase name="test_synthetic_07458" classname="com.example.SyntheticSuite" time="0.01"/>
  <testcase name="test_synthetic_07459" classname="com.example.SyntheticSuite" time="0.01"/>
  <testcase name="test_synthetic_07460" classname="com.example.SyntheticSuite" time="0.01"/>
  <testcase name="test_synthetic_07461" classname="com.example.SyntheticSuite" time="0.01"/>
  <testcase name="test_synthetic_07462" classname="com.example.SyntheticSuite" time="0.01"/>
  <testcase name="test_synthetic_07463" classname="com.example.SyntheticSuite" time="0.01"/>
  <testcase name="test_synthetic_07464" classname="com.example.SyntheticSuite" time="0.01"/>
  <testcase name="test_synthetic_07465" classname="com.example.SyntheticSuite" time="0.01"/>
  <testcase name="test_synthetic_07466" classname="com.example.SyntheticSuite" time="0.01"/>
  <testcase name="test_synthetic_07467" classname="com.example.SyntheticSuite" time="0.01"/>
  <testcase name="test_synthetic_07468" classname="com.example.SyntheticSuite" time="0.01"/>
  <testcase name="test_synthetic_07469" classname="com.example.SyntheticSuite" time="0.01"/>
  <testcase name="test_synthetic_07470" classname="com.example.SyntheticSuite" time="0.01"/>
  <testcase name="test_synthetic_07471" classname="com.example.SyntheticSuite" time="0.01"/>
  <testcase name="test_synthetic_07472" classname="com.example.SyntheticSuite" time="0.01"/>
  <testcase name="test_synthetic_07473" classname="com.example.SyntheticSuite" time="0.01"/>
  <testcase name="test_synthetic_07474" classname="com.example.SyntheticSuite" time="0.01"/>
  <testcase name="test_synthetic_07475" classname="com.example.SyntheticSuite" time="0.01"/>
  <testcase name="test_synthetic_07476" classname="com.example.SyntheticSuite" time="0.01"/>
  <testcase name="test_synthetic_07477" classname="com.example.SyntheticSuite" time="0.01"/>
  <testcase name="test_synthetic_07478" classname="com.example.SyntheticSuite" time="0.01"/>
  <testcase name="test_synthetic_07479" classname="com.example.SyntheticSuite" time="0.01"/>
  <testcase name="test_synthetic_07480" classname="com.example.SyntheticSuite" time="0.01"/>
  <testcase name="test_synthetic_07481" classname="com.example.SyntheticSuite" time="0.01"/>
  <testcase name="test_synthetic_07482" classname="com.example.SyntheticSuite" time="0.01"/>
  <testcase name="test_synthetic_07483" classname="com.example.SyntheticSuite" time="0.01"/>
  <testcase name="test_synthetic_07484" classname="com.example.SyntheticSuite" time="0.01"/>
  <testcase name="test_synthetic_07485" classname="com.example.SyntheticSuite" time="0.01"/>
  <testcase name="test_synthetic_07486" classname="com.example.SyntheticSuite" time="0.01"/>
  <testcase name="test_synthetic_07487" classname="com.example.SyntheticSuite" time="0.01"/>
  <testcase name="test_synthetic_07488" classname="com.example.SyntheticSuite" time="0.01"/>
  <testcase name="test_synthetic_07489" classname="com.example.SyntheticSuite" time="0.01"/>
  <testcase name="test_synthetic_07490" classname="com.example.SyntheticSuite" time="0.01"/>
  <testcase name="test_synthetic_07491" classname="com.example.SyntheticSuite" time="0.01"/>
  <testcase name="test_synthetic_07492" classname="com.example.SyntheticSuite" time="0.01"/>
  <testcase name="test_synthetic_07493" classname="com.example.SyntheticSuite" time="0.01"/>
  <testcase name="test_synthetic_07494" classname="com.example.SyntheticSuite" time="0.01"/>
  <testcase name="test_synthetic_07495" classname="com.example.SyntheticSuite" time="0.01"/>
  <testcase name="test_synthetic_07496" classname="com.example.SyntheticSuite" time="0.01"/>
  <testcase name="test_synthetic_07497" classname="com.example.SyntheticSuite" time="0.01"/>
  <testcase name="test_synthetic_07498" classname="com.example.SyntheticSuite" time="0.01"/>
  <testcase name="test_synthetic_07499" classname="com.example.SyntheticSuite" time="0.01"/>
  <testcase name="test_synthetic_07500" classname="com.example.SyntheticSuite" time="0.01">
    <failure message="Synthetic failure at 7500">Assertion failed at iteration 7500</failure>
  </testcase>
  <testcase name="test_synthetic_07501" classname="com.example.SyntheticSuite" time="0.01"/>
  <testcase name="test_synthetic_07502" classname="com.example.SyntheticSuite" time="0.01"/>
  <testcase name="test_synthetic_07503" classname="com.example.SyntheticSuite" time="0.01"/>
  <testcase name="test_synthetic_07504" classname="com.example.SyntheticSuite" time="0.01"/>
  <testcase name="test_synthetic_07505" classname="com.example.SyntheticSuite" time="0.01"/>
  <testcase name="test_synthetic_07506" classname="com.example.SyntheticSuite" time="0.01"/>
  <testcase name="test_synthetic_07507" classname="com.example.SyntheticSuite" time="0.01"/>
  <testcase name="test_synthetic_07508" classname="com.example.SyntheticSuite" time="0.01"/>
  <testcase name="test_synthetic_07509" classname="com.example.SyntheticSuite" time="0.01"/>
  <testcase name="test_synthetic_07510" classname="com.example.SyntheticSuite" time="0.01"/>
  <testcase name="test_synthetic_07511" classname="com.example.SyntheticSuite" time="0.01"/>
  <testcase name="test_synthetic_07512" classname="com.example.SyntheticSuite" time="0.01"/>
  <testcase name="test_synthetic_07513" classname="com.example.SyntheticSuite" time="0.01"/>
  <testcase name="test_synthetic_07514" classname="com.example.SyntheticSuite" time="0.01"/>
  <testcase name="test_synthetic_07515" classname="com.example.SyntheticSuite" time="0.01"/>
  <testcase name="test_synthetic_07516" classname="com.example.SyntheticSuite" time="0.01"/>
  <testcase name="test_synthetic_07517" classname="com.example.SyntheticSuite" time="0.01"/>
  <testcase name="test_synthetic_07518" classname="com.example.SyntheticSuite" time="0.01"/>
  <testcase name="test_synthetic_07519" classname="com.example.SyntheticSuite" time="0.01"/>
  <testcase name="test_synthetic_07520" classname="com.example.SyntheticSuite" time="0.01"/>
  <testcase name="test_synthetic_07521" classname="com.example.SyntheticSuite" time="0.01"/>
  <testcase name="test_synthetic_07522" classname="com.example.SyntheticSuite" time="0.01"/>
  <testcase name="test_synthetic_07523" classname="com.example.SyntheticSuite" time="0.01"/>
  <testcase name="test_synthetic_07524" classname="com.example.SyntheticSuite" time="0.01"/>
  <testcase name="test_synthetic_07525" classname="com.example.SyntheticSuite" time="0.01"/>
  <testcase name="test_synthetic_07526" classname="com.example.SyntheticSuite" time="0.01"/>
  <testcase name="test_synthetic_07527" classname="com.example.SyntheticSuite" time="0.01"/>
  <testcase name="test_synthetic_07528" classname="com.example.SyntheticSuite" time="0.01"/>
  <testcase name="test_synthetic_07529" classname="com.example.SyntheticSuite" time="0.01"/>
  <testcase name="test_synthetic_07530" classname="com.example.SyntheticSuite" time="0.01"/>
  <testcase name="test_synthetic_07531" classname="com.example.SyntheticSuite" time="0.01"/>
  <testcase name="test_synthetic_07532" classname="com.example.SyntheticSuite" time="0.01"/>
  <testcase name="test_synthetic_07533" classname="com.example.SyntheticSuite" time="0.01"/>
  <testcase name="test_synthetic_07534" classname="com.example.SyntheticSuite" time="0.01"/>
  <testcase name="test_synthetic_07535" classname="com.example.SyntheticSuite" time="0.01"/>
  <testcase name="test_synthetic_07536" classname="com.example.SyntheticSuite" time="0.01"/>
  <testcase name="test_synthetic_07537" classname="com.example.SyntheticSuite" time="0.01"/>
  <testcase name="test_synthetic_07538" classname="com.example.SyntheticSuite" time="0.01"/>
  <testcase name="test_synthetic_07539" classname="com.example.SyntheticSuite" time="0.01"/>
  <testcase name="test_synthetic_07540" classname="com.example.SyntheticSuite" time="0.01"/>
  <testcase name="test_synthetic_07541" classname="com.example.SyntheticSuite" time="0.01"/>
  <testcase name="test_synthetic_07542" classname="com.example.SyntheticSuite" time="0.01"/>
  <testcase name="test_synthetic_07543" classname="com.example.SyntheticSuite" time="0.01"/>
  <testcase name="test_synthetic_07544" classname="com.example.SyntheticSuite" time="0.01"/>
  <testcase name="test_synthetic_07545" classname="com.example.SyntheticSuite" time="0.01"/>
  <testcase name="test_synthetic_07546" classname="com.example.SyntheticSuite" time="0.01"/>
  <testcase name="test_synthetic_07547" classname="com.example.SyntheticSuite" time="0.01"/>
  <testcase name="test_synthetic_07548" classname="com.example.SyntheticSuite" time="0.01"/>
  <testcase name="test_synthetic_07549" classname="com.example.SyntheticSuite" time="0.01"/>
  <testcase name="test_synthetic_07550" classname="com.example.SyntheticSuite" time="0.01"/>
  <testcase name="test_synthetic_07551" classname="com.example.SyntheticSuite" time="0.01"/>
  <testcase name="test_synthetic_07552" classname="com.example.SyntheticSuite" time="0.01"/>
  <testcase name="test_synthetic_07553" classname="com.example.SyntheticSuite" time="0.01"/>
  <testcase name="test_synthetic_07554" classname="com.example.SyntheticSuite" time="0.01"/>
  <testcase name="test_synthetic_07555" classname="com.example.SyntheticSuite" time="0.01"/>
  <testcase name="test_synthetic_07556" classname="com.example.SyntheticSuite" time="0.01"/>
  <testcase name="test_synthetic_07557" classname="com.example.SyntheticSuite" time="0.01"/>
  <testcase name="test_synthetic_07558" classname="com.example.SyntheticSuite" time="0.01"/>
  <testcase name="test_synthetic_07559" classname="com.example.SyntheticSuite" time="0.01"/>
  <testcase name="test_synthetic_07560" classname="com.example.SyntheticSuite" time="0.01"/>
  <testcase name="test_synthetic_07561" classname="com.example.SyntheticSuite" time="0.01"/>
  <testcase name="test_synthetic_07562" classname="com.example.SyntheticSuite" time="0.01"/>
  <testcase name="test_synthetic_07563" classname="com.example.SyntheticSuite" time="0.01"/>
  <testcase name="test_synthetic_07564" classname="com.example.SyntheticSuite" time="0.01"/>
  <testcase name="test_synthetic_07565" classname="com.example.SyntheticSuite" time="0.01"/>
  <testcase name="test_synthetic_07566" classname="com.example.SyntheticSuite" time="0.01"/>
  <testcase name="test_synthetic_07567" classname="com.example.SyntheticSuite" time="0.01"/>
  <testcase name="test_synthetic_07568" classname="com.example.SyntheticSuite" time="0.01"/>
  <testcase name="test_synthetic_07569" classname="com.example.SyntheticSuite" time="0.01"/>
  <testcase name="test_synthetic_07570" classname="com.example.SyntheticSuite" time="0.01"/>
  <testcase name="test_synthetic_07571" classname="com.example.SyntheticSuite" time="0.01"/>
  <testcase name="test_synthetic_07572" classname="com.example.SyntheticSuite" time="0.01"/>
  <testcase name="test_synthetic_07573" classname="com.example.SyntheticSuite" time="0.01"/>
  <testcase name="test_synthetic_07574" classname="com.example.SyntheticSuite" time="0.01"/>
  <testcase name="test_synthetic_07575" classname="com.example.SyntheticSuite" time="0.01"/>
  <testcase name="test_synthetic_07576" classname="com.example.SyntheticSuite" time="0.01"/>
  <testcase name="test_synthetic_07577" classname="com.example.SyntheticSuite" time="0.01"/>
  <testcase name="test_synthetic_07578" classname="com.example.SyntheticSuite" time="0.01"/>
  <testcase name="test_synthetic_07579" classname="com.example.SyntheticSuite" time="0.01"/>
  <testcase name="test_synthetic_07580" classname="com.example.SyntheticSuite" time="0.01"/>
  <testcase name="test_synthetic_07581" classname="com.example.SyntheticSuite" time="0.01"/>
  <testcase name="test_synthetic_07582" classname="com.example.SyntheticSuite" time="0.01"/>
  <testcase name="test_synthetic_07583" classname="com.example.SyntheticSuite" time="0.01"/>
  <testcase name="test_synthetic_07584" classname="com.example.SyntheticSuite" time="0.01"/>
  <testcase name="test_synthetic_07585" classname="com.example.SyntheticSuite" time="0.01"/>
  <testcase name="test_synthetic_07586" classname="com.example.SyntheticSuite" time="0.01"/>
  <testcase name="test_synthetic_07587" classname="com.example.SyntheticSuite" time="0.01"/>
  <testcase name="test_synthetic_07588" classname="com.example.SyntheticSuite" time="0.01"/>
  <testcase name="test_synthetic_07589" classname="com.example.SyntheticSuite" time="0.01"/>
  <testcase name="test_synthetic_07590" classname="com.example.SyntheticSuite" time="0.01"/>
  <testcase name="test_synthetic_07591" classname="com.example.SyntheticSuite" time="0.01"/>
  <testcase name="test_synthetic_07592" classname="com.example.SyntheticSuite" time="0.01"/>
  <testcase name="test_synthetic_07593" classname="com.example.SyntheticSuite" time="0.01"/>
  <testcase name="test_synthetic_07594" classname="com.example.SyntheticSuite" time="0.01"/>
  <testcase name="test_synthetic_07595" classname="com.example.SyntheticSuite" time="0.01"/>
  <testcase name="test_synthetic_07596" classname="com.example.SyntheticSuite" time="0.01"/>
  <testcase name="test_synthetic_07597" classname="com.example.SyntheticSuite" time="0.01"/>
  <testcase name="test_synthetic_07598" classname="com.example.SyntheticSuite" time="0.01"/>
  <testcase name="test_synthetic_07599" classname="com.example.SyntheticSuite" time="0.01"/>
  <testcase name="test_synthetic_07600" classname="com.example.SyntheticSuite" time="0.01">
    <failure message="Synthetic failure at 7600">Assertion failed at iteration 7600</failure>
  </testcase>
  <testcase name="test_synthetic_07601" classname="com.example.SyntheticSuite" time="0.01"/>
  <testcase name="test_synthetic_07602" classname="com.example.SyntheticSuite" time="0.01"/>
  <testcase name="test_synthetic_07603" classname="com.example.SyntheticSuite" time="0.01"/>
  <testcase name="test_synthetic_07604" classname="com.example.SyntheticSuite" time="0.01"/>
  <testcase name="test_synthetic_07605" classname="com.example.SyntheticSuite" time="0.01"/>
  <testcase name="test_synthetic_07606" classname="com.example.SyntheticSuite" time="0.01"/>
  <testcase name="test_synthetic_07607" classname="com.example.SyntheticSuite" time="0.01"/>
  <testcase name="test_synthetic_07608" classname="com.example.SyntheticSuite" time="0.01"/>
  <testcase name="test_synthetic_07609" classname="com.example.SyntheticSuite" time="0.01"/>
  <testcase name="test_synthetic_07610" classname="com.example.SyntheticSuite" time="0.01"/>
  <testcase name="test_synthetic_07611" classname="com.example.SyntheticSuite" time="0.01"/>
  <testcase name="test_synthetic_07612" classname="com.example.SyntheticSuite" time="0.01"/>
  <testcase name="test_synthetic_07613" classname="com.example.SyntheticSuite" time="0.01"/>
  <testcase name="test_synthetic_07614" classname="com.example.SyntheticSuite" time="0.01"/>
  <testcase name="test_synthetic_07615" classname="com.example.SyntheticSuite" time="0.01"/>
  <testcase name="test_synthetic_07616" classname="com.example.SyntheticSuite" time="0.01"/>
  <testcase name="test_synthetic_07617" classname="com.example.SyntheticSuite" time="0.01"/>
  <testcase name="test_synthetic_07618" classname="com.example.SyntheticSuite" time="0.01"/>
  <testcase name="test_synthetic_07619" classname="com.example.SyntheticSuite" time="0.01"/>
  <testcase name="test_synthetic_07620" classname="com.example.SyntheticSuite" time="0.01"/>
  <testcase name="test_synthetic_07621" classname="com.example.SyntheticSuite" time="0.01"/>
  <testcase name="test_synthetic_07622" classname="com.example.SyntheticSuite" time="0.01"/>
  <testcase name="test_synthetic_07623" classname="com.example.SyntheticSuite" time="0.01"/>
  <testcase name="test_synthetic_07624" classname="com.example.SyntheticSuite" time="0.01"/>
  <testcase name="test_synthetic_07625" classname="com.example.SyntheticSuite" time="0.01"/>
  <testcase name="test_synthetic_07626" classname="com.example.SyntheticSuite" time="0.01"/>
  <testcase name="test_synthetic_07627" classname="com.example.SyntheticSuite" time="0.01"/>
  <testcase name="test_synthetic_07628" classname="com.example.SyntheticSuite" time="0.01"/>
  <testcase name="test_synthetic_07629" classname="com.example.SyntheticSuite" time="0.01"/>
  <testcase name="test_synthetic_07630" classname="com.example.SyntheticSuite" time="0.01"/>
  <testcase name="test_synthetic_07631" classname="com.example.SyntheticSuite" time="0.01"/>
  <testcase name="test_synthetic_07632" classname="com.example.SyntheticSuite" time="0.01"/>
  <testcase name="test_synthetic_07633" classname="com.example.SyntheticSuite" time="0.01"/>
  <testcase name="test_synthetic_07634" classname="com.example.SyntheticSuite" time="0.01"/>
  <testcase name="test_synthetic_07635" classname="com.example.SyntheticSuite" time="0.01"/>
  <testcase name="test_synthetic_07636" classname="com.example.SyntheticSuite" time="0.01"/>
  <testcase name="test_synthetic_07637" classname="com.example.SyntheticSuite" time="0.01"/>
  <testcase name="test_synthetic_07638" classname="com.example.SyntheticSuite" time="0.01"/>
  <testcase name="test_synthetic_07639" classname="com.example.SyntheticSuite" time="0.01"/>
  <testcase name="test_synthetic_07640" classname="com.example.SyntheticSuite" time="0.01"/>
  <testcase name="test_synthetic_07641" classname="com.example.SyntheticSuite" time="0.01"/>
  <testcase name="test_synthetic_07642" classname="com.example.SyntheticSuite" time="0.01"/>
  <testcase name="test_synthetic_07643" classname="com.example.SyntheticSuite" time="0.01"/>
  <testcase name="test_synthetic_07644" classname="com.example.SyntheticSuite" time="0.01"/>
  <testcase name="test_synthetic_07645" classname="com.example.SyntheticSuite" time="0.01"/>
  <testcase name="test_synthetic_07646" classname="com.example.SyntheticSuite" time="0.01"/>
  <testcase name="test_synthetic_07647" classname="com.example.SyntheticSuite" time="0.01"/>
  <testcase name="test_synthetic_07648" classname="com.example.SyntheticSuite" time="0.01"/>
  <testcase name="test_synthetic_07649" classname="com.example.SyntheticSuite" time="0.01"/>
  <testcase name="test_synthetic_07650" classname="com.example.SyntheticSuite" time="0.01"/>
  <testcase name="test_synthetic_07651" classname="com.example.SyntheticSuite" time="0.01"/>
  <testcase name="test_synthetic_07652" classname="com.example.SyntheticSuite" time="0.01"/>
  <testcase name="test_synthetic_07653" classname="com.example.SyntheticSuite" time="0.01"/>
  <testcase name="test_synthetic_07654" classname="com.example.SyntheticSuite" time="0.01"/>
  <testcase name="test_synthetic_07655" classname="com.example.SyntheticSuite" time="0.01"/>
  <testcase name="test_synthetic_07656" classname="com.example.SyntheticSuite" time="0.01"/>
  <testcase name="test_synthetic_07657" classname="com.example.SyntheticSuite" time="0.01"/>
  <testcase name="test_synthetic_07658" classname="com.example.SyntheticSuite" time="0.01"/>
  <testcase name="test_synthetic_07659" classname="com.example.SyntheticSuite" time="0.01"/>
  <testcase name="test_synthetic_07660" classname="com.example.SyntheticSuite" time="0.01"/>
  <testcase name="test_synthetic_07661" classname="com.example.SyntheticSuite" time="0.01"/>
  <testcase name="test_synthetic_07662" classname="com.example.SyntheticSuite" time="0.01"/>
  <testcase name="test_synthetic_07663" classname="com.example.SyntheticSuite" time="0.01"/>
  <testcase name="test_synthetic_07664" classname="com.example.SyntheticSuite" time="0.01"/>
  <testcase name="test_synthetic_07665" classname="com.example.SyntheticSuite" time="0.01"/>
  <testcase name="test_synthetic_07666" classname="com.example.SyntheticSuite" time="0.01"/>
  <testcase name="test_synthetic_07667" classname="com.example.SyntheticSuite" time="0.01"/>
  <testcase name="test_synthetic_07668" classname="com.example.SyntheticSuite" time="0.01"/>
  <testcase name="test_synthetic_07669" classname="com.example.SyntheticSuite" time="0.01"/>
  <testcase name="test_synthetic_07670" classname="com.example.SyntheticSuite" time="0.01"/>
  <testcase name="test_synthetic_07671" classname="com.example.SyntheticSuite" time="0.01"/>
  <testcase name="test_synthetic_07672" classname="com.example.SyntheticSuite" time="0.01"/>
  <testcase name="test_synthetic_07673" classname="com.example.SyntheticSuite" time="0.01"/>
  <testcase name="test_synthetic_07674" classname="com.example.SyntheticSuite" time="0.01"/>
  <testcase name="test_synthetic_07675" classname="com.example.SyntheticSuite" time="0.01"/>
  <testcase name="test_synthetic_07676" classname="com.example.SyntheticSuite" time="0.01"/>
  <testcase name="test_synthetic_07677" classname="com.example.SyntheticSuite" time="0.01"/>
  <testcase name="test_synthetic_07678" classname="com.example.SyntheticSuite" time="0.01"/>
  <testcase name="test_synthetic_07679" classname="com.example.SyntheticSuite" time="0.01"/>
  <testcase name="test_synthetic_07680" classname="com.example.SyntheticSuite" time="0.01"/>
  <testcase name="test_synthetic_07681" classname="com.example.SyntheticSuite" time="0.01"/>
  <testcase name="test_synthetic_07682" classname="com.example.SyntheticSuite" time="0.01"/>
  <testcase name="test_synthetic_07683" classname="com.example.SyntheticSuite" time="0.01"/>
  <testcase name="test_synthetic_07684" classname="com.example.SyntheticSuite" time="0.01"/>
  <testcase name="test_synthetic_07685" classname="com.example.SyntheticSuite" time="0.01"/>
  <testcase name="test_synthetic_07686" classname="com.example.SyntheticSuite" time="0.01"/>
  <testcase name="test_synthetic_07687" classname="com.example.SyntheticSuite" time="0.01"/>
  <testcase name="test_synthetic_07688" classname="com.example.SyntheticSuite" time="0.01"/>
  <testcase name="test_synthetic_07689" classname="com.example.SyntheticSuite" time="0.01"/>
  <testcase name="test_synthetic_07690" classname="com.example.SyntheticSuite" time="0.01"/>
  <testcase name="test_synthetic_07691" classname="com.example.SyntheticSuite" time="0.01"/>
  <testcase name="test_synthetic_07692" classname="com.example.SyntheticSuite" time="0.01"/>
  <testcase name="test_synthetic_07693" classname="com.example.SyntheticSuite" time="0.01"/>
  <testcase name="test_synthetic_07694" classname="com.example.SyntheticSuite" time="0.01"/>
  <testcase name="test_synthetic_07695" classname="com.example.SyntheticSuite" time="0.01"/>
  <testcase name="test_synthetic_07696" classname="com.example.SyntheticSuite" time="0.01"/>
  <testcase name="test_synthetic_07697" classname="com.example.SyntheticSuite" time="0.01"/>
  <testcase name="test_synthetic_07698" classname="com.example.SyntheticSuite" time="0.01"/>
  <testcase name="test_synthetic_07699" classname="com.example.SyntheticSuite" time="0.01"/>
  <testcase name="test_synthetic_07700" classname="com.example.SyntheticSuite" time="0.01">
    <failure message="Synthetic failure at 7700">Assertion failed at iteration 7700</failure>
  </testcase>
  <testcase name="test_synthetic_07701" classname="com.example.SyntheticSuite" time="0.01"/>
  <testcase name="test_synthetic_07702" classname="com.example.SyntheticSuite" time="0.01"/>
  <testcase name="test_synthetic_07703" classname="com.example.SyntheticSuite" time="0.01"/>
  <testcase name="test_synthetic_07704" classname="com.example.SyntheticSuite" time="0.01"/>
  <testcase name="test_synthetic_07705" classname="com.example.SyntheticSuite" time="0.01"/>
  <testcase name="test_synthetic_07706" classname="com.example.SyntheticSuite" time="0.01"/>
  <testcase name="test_synthetic_07707" classname="com.example.SyntheticSuite" time="0.01"/>
  <testcase name="test_synthetic_07708" classname="com.example.SyntheticSuite" time="0.01"/>
  <testcase name="test_synthetic_07709" classname="com.example.SyntheticSuite" time="0.01"/>
  <testcase name="test_synthetic_07710" classname="com.example.SyntheticSuite" time="0.01"/>
  <testcase name="test_synthetic_07711" classname="com.example.SyntheticSuite" time="0.01"/>
  <testcase name="test_synthetic_07712" classname="com.example.SyntheticSuite" time="0.01"/>
  <testcase name="test_synthetic_07713" classname="com.example.SyntheticSuite" time="0.01"/>
  <testcase name="test_synthetic_07714" classname="com.example.SyntheticSuite" time="0.01"/>
  <testcase name="test_synthetic_07715" classname="com.example.SyntheticSuite" time="0.01"/>
  <testcase name="test_synthetic_07716" classname="com.example.SyntheticSuite" time="0.01"/>
  <testcase name="test_synthetic_07717" classname="com.example.SyntheticSuite" time="0.01"/>
  <testcase name="test_synthetic_07718" classname="com.example.SyntheticSuite" time="0.01"/>
  <testcase name="test_synthetic_07719" classname="com.example.SyntheticSuite" time="0.01"/>
  <testcase name="test_synthetic_07720" classname="com.example.SyntheticSuite" time="0.01"/>
  <testcase name="test_synthetic_07721" classname="com.example.SyntheticSuite" time="0.01"/>
  <testcase name="test_synthetic_07722" classname="com.example.SyntheticSuite" time="0.01"/>
  <testcase name="test_synthetic_07723" classname="com.example.SyntheticSuite" time="0.01"/>
  <testcase name="test_synthetic_07724" classname="com.example.SyntheticSuite" time="0.01"/>
  <testcase name="test_synthetic_07725" classname="com.example.SyntheticSuite" time="0.01"/>
  <testcase name="test_synthetic_07726" classname="com.example.SyntheticSuite" time="0.01"/>
  <testcase name="test_synthetic_07727" classname="com.example.SyntheticSuite" time="0.01"/>
  <testcase name="test_synthetic_07728" classname="com.example.SyntheticSuite" time="0.01"/>
  <testcase name="test_synthetic_07729" classname="com.example.SyntheticSuite" time="0.01"/>
  <testcase name="test_synthetic_07730" classname="com.example.SyntheticSuite" time="0.01"/>
  <testcase name="test_synthetic_07731" classname="com.example.SyntheticSuite" time="0.01"/>
  <testcase name="test_synthetic_07732" classname="com.example.SyntheticSuite" time="0.01"/>
  <testcase name="test_synthetic_07733" classname="com.example.SyntheticSuite" time="0.01"/>
  <testcase name="test_synthetic_07734" classname="com.example.SyntheticSuite" time="0.01"/>
  <testcase name="test_synthetic_07735" classname="com.example.SyntheticSuite" time="0.01"/>
  <testcase name="test_synthetic_07736" classname="com.example.SyntheticSuite" time="0.01"/>
  <testcase name="test_synthetic_07737" classname="com.example.SyntheticSuite" time="0.01"/>
  <testcase name="test_synthetic_07738" classname="com.example.SyntheticSuite" time="0.01"/>
  <testcase name="test_synthetic_07739" classname="com.example.SyntheticSuite" time="0.01"/>
  <testcase name="test_synthetic_07740" classname="com.example.SyntheticSuite" time="0.01"/>
  <testcase name="test_synthetic_07741" classname="com.example.SyntheticSuite" time="0.01"/>
  <testcase name="test_synthetic_07742" classname="com.example.SyntheticSuite" time="0.01"/>
  <testcase name="test_synthetic_07743" classname="com.example.SyntheticSuite" time="0.01"/>
  <testcase name="test_synthetic_07744" classname="com.example.SyntheticSuite" time="0.01"/>
  <testcase name="test_synthetic_07745" classname="com.example.SyntheticSuite" time="0.01"/>
  <testcase name="test_synthetic_07746" classname="com.example.SyntheticSuite" time="0.01"/>
  <testcase name="test_synthetic_07747" classname="com.example.SyntheticSuite" time="0.01"/>
  <testcase name="test_synthetic_07748" classname="com.example.SyntheticSuite" time="0.01"/>
  <testcase name="test_synthetic_07749" classname="com.example.SyntheticSuite" time="0.01"/>
  <testcase name="test_synthetic_07750" classname="com.example.SyntheticSuite" time="0.01"/>
  <testcase name="test_synthetic_07751" classname="com.example.SyntheticSuite" time="0.01"/>
  <testcase name="test_synthetic_07752" classname="com.example.SyntheticSuite" time="0.01"/>
  <testcase name="test_synthetic_07753" classname="com.example.SyntheticSuite" time="0.01"/>
  <testcase name="test_synthetic_07754" classname="com.example.SyntheticSuite" time="0.01"/>
  <testcase name="test_synthetic_07755" classname="com.example.SyntheticSuite" time="0.01"/>
  <testcase name="test_synthetic_07756" classname="com.example.SyntheticSuite" time="0.01"/>
  <testcase name="test_synthetic_07757" classname="com.example.SyntheticSuite" time="0.01"/>
  <testcase name="test_synthetic_07758" classname="com.example.SyntheticSuite" time="0.01"/>
  <testcase name="test_synthetic_07759" classname="com.example.SyntheticSuite" time="0.01"/>
  <testcase name="test_synthetic_07760" classname="com.example.SyntheticSuite" time="0.01"/>
  <testcase name="test_synthetic_07761" classname="com.example.SyntheticSuite" time="0.01"/>
  <testcase name="test_synthetic_07762" classname="com.example.SyntheticSuite" time="0.01"/>
  <testcase name="test_synthetic_07763" classname="com.example.SyntheticSuite" time="0.01"/>
  <testcase name="test_synthetic_07764" classname="com.example.SyntheticSuite" time="0.01"/>
  <testcase name="test_synthetic_07765" classname="com.example.SyntheticSuite" time="0.01"/>
  <testcase name="test_synthetic_07766" classname="com.example.SyntheticSuite" time="0.01"/>
  <testcase name="test_synthetic_07767" classname="com.example.SyntheticSuite" time="0.01"/>
  <testcase name="test_synthetic_07768" classname="com.example.SyntheticSuite" time="0.01"/>
  <testcase name="test_synthetic_07769" classname="com.example.SyntheticSuite" time="0.01"/>
  <testcase name="test_synthetic_07770" classname="com.example.SyntheticSuite" time="0.01"/>
  <testcase name="test_synthetic_07771" classname="com.example.SyntheticSuite" time="0.01"/>
  <testcase name="test_synthetic_07772" classname="com.example.SyntheticSuite" time="0.01"/>
  <testcase name="test_synthetic_07773" classname="com.example.SyntheticSuite" time="0.01"/>
  <testcase name="test_synthetic_07774" classname="com.example.SyntheticSuite" time="0.01"/>
  <testcase name="test_synthetic_07775" classname="com.example.SyntheticSuite" time="0.01"/>
  <testcase name="test_synthetic_07776" classname="com.example.SyntheticSuite" time="0.01"/>
  <testcase name="test_synthetic_07777" classname="com.example.SyntheticSuite" time="0.01"/>
  <testcase name="test_synthetic_07778" classname="com.example.SyntheticSuite" time="0.01"/>
  <testcase name="test_synthetic_07779" classname="com.example.SyntheticSuite" time="0.01"/>
  <testcase name="test_synthetic_07780" classname="com.example.SyntheticSuite" time="0.01"/>
  <testcase name="test_synthetic_07781" classname="com.example.SyntheticSuite" time="0.01"/>
  <testcase name="test_synthetic_07782" classname="com.example.SyntheticSuite" time="0.01"/>
  <testcase name="test_synthetic_07783" classname="com.example.SyntheticSuite" time="0.01"/>
  <testcase name="test_synthetic_07784" classname="com.example.SyntheticSuite" time="0.01"/>
  <testcase name="test_synthetic_07785" classname="com.example.SyntheticSuite" time="0.01"/>
  <testcase name="test_synthetic_07786" classname="com.example.SyntheticSuite" time="0.01"/>
  <testcase name="test_synthetic_07787" classname="com.example.SyntheticSuite" time="0.01"/>
  <testcase name="test_synthetic_07788" classname="com.example.SyntheticSuite" time="0.01"/>
  <testcase name="test_synthetic_07789" classname="com.example.SyntheticSuite" time="0.01"/>
  <testcase name="test_synthetic_07790" classname="com.example.SyntheticSuite" time="0.01"/>
  <testcase name="test_synthetic_07791" classname="com.example.SyntheticSuite" time="0.01"/>
  <testcase name="test_synthetic_07792" classname="com.example.SyntheticSuite" time="0.01"/>
  <testcase name="test_synthetic_07793" classname="com.example.SyntheticSuite" time="0.01"/>
  <testcase name="test_synthetic_07794" classname="com.example.SyntheticSuite" time="0.01"/>
  <testcase name="test_synthetic_07795" classname="com.example.SyntheticSuite" time="0.01"/>
  <testcase name="test_synthetic_07796" classname="com.example.SyntheticSuite" time="0.01"/>
  <testcase name="test_synthetic_07797" classname="com.example.SyntheticSuite" time="0.01"/>
  <testcase name="test_synthetic_07798" classname="com.example.SyntheticSuite" time="0.01"/>
  <testcase name="test_synthetic_07799" classname="com.example.SyntheticSuite" time="0.01"/>
  <testcase name="test_synthetic_07800" classname="com.example.SyntheticSuite" time="0.01">
    <failure message="Synthetic failure at 7800">Assertion failed at iteration 7800</failure>
  </testcase>
  <testcase name="test_synthetic_07801" classname="com.example.SyntheticSuite" time="0.01"/>
  <testcase name="test_synthetic_07802" classname="com.example.SyntheticSuite" time="0.01"/>
  <testcase name="test_synthetic_07803" classname="com.example.SyntheticSuite" time="0.01"/>
  <testcase name="test_synthetic_07804" classname="com.example.SyntheticSuite" time="0.01"/>
  <testcase name="test_synthetic_07805" classname="com.example.SyntheticSuite" time="0.01"/>
  <testcase name="test_synthetic_07806" classname="com.example.SyntheticSuite" time="0.01"/>
  <testcase name="test_synthetic_07807" classname="com.example.SyntheticSuite" time="0.01"/>
  <testcase name="test_synthetic_07808" classname="com.example.SyntheticSuite" time="0.01"/>
  <testcase name="test_synthetic_07809" classname="com.example.SyntheticSuite" time="0.01"/>
  <testcase name="test_synthetic_07810" classname="com.example.SyntheticSuite" time="0.01"/>
  <testcase name="test_synthetic_07811" classname="com.example.SyntheticSuite" time="0.01"/>
  <testcase name="test_synthetic_07812" classname="com.example.SyntheticSuite" time="0.01"/>
  <testcase name="test_synthetic_07813" classname="com.example.SyntheticSuite" time="0.01"/>
  <testcase name="test_synthetic_07814" classname="com.example.SyntheticSuite" time="0.01"/>
  <testcase name="test_synthetic_07815" classname="com.example.SyntheticSuite" time="0.01"/>
  <testcase name="test_synthetic_07816" classname="com.example.SyntheticSuite" time="0.01"/>
  <testcase name="test_synthetic_07817" classname="com.example.SyntheticSuite" time="0.01"/>
  <testcase name="test_synthetic_07818" classname="com.example.SyntheticSuite" time="0.01"/>
  <testcase name="test_synthetic_07819" classname="com.example.SyntheticSuite" time="0.01"/>
  <testcase name="test_synthetic_07820" classname="com.example.SyntheticSuite" time="0.01"/>
  <testcase name="test_synthetic_07821" classname="com.example.SyntheticSuite" time="0.01"/>
  <testcase name="test_synthetic_07822" classname="com.example.SyntheticSuite" time="0.01"/>
  <testcase name="test_synthetic_07823" classname="com.example.SyntheticSuite" time="0.01"/>
  <testcase name="test_synthetic_07824" classname="com.example.SyntheticSuite" time="0.01"/>
  <testcase name="test_synthetic_07825" classname="com.example.SyntheticSuite" time="0.01"/>
  <testcase name="test_synthetic_07826" classname="com.example.SyntheticSuite" time="0.01"/>
  <testcase name="test_synthetic_07827" classname="com.example.SyntheticSuite" time="0.01"/>
  <testcase name="test_synthetic_07828" classname="com.example.SyntheticSuite" time="0.01"/>
  <testcase name="test_synthetic_07829" classname="com.example.SyntheticSuite" time="0.01"/>
  <testcase name="test_synthetic_07830" classname="com.example.SyntheticSuite" time="0.01"/>
  <testcase name="test_synthetic_07831" classname="com.example.SyntheticSuite" time="0.01"/>
  <testcase name="test_synthetic_07832" classname="com.example.SyntheticSuite" time="0.01"/>
  <testcase name="test_synthetic_07833" classname="com.example.SyntheticSuite" time="0.01"/>
  <testcase name="test_synthetic_07834" classname="com.example.SyntheticSuite" time="0.01"/>
  <testcase name="test_synthetic_07835" classname="com.example.SyntheticSuite" time="0.01"/>
  <testcase name="test_synthetic_07836" classname="com.example.SyntheticSuite" time="0.01"/>
  <testcase name="test_synthetic_07837" classname="com.example.SyntheticSuite" time="0.01"/>
  <testcase name="test_synthetic_07838" classname="com.example.SyntheticSuite" time="0.01"/>
  <testcase name="test_synthetic_07839" classname="com.example.SyntheticSuite" time="0.01"/>
  <testcase name="test_synthetic_07840" classname="com.example.SyntheticSuite" time="0.01"/>
  <testcase name="test_synthetic_07841" classname="com.example.SyntheticSuite" time="0.01"/>
  <testcase name="test_synthetic_07842" classname="com.example.SyntheticSuite" time="0.01"/>
  <testcase name="test_synthetic_07843" classname="com.example.SyntheticSuite" time="0.01"/>
  <testcase name="test_synthetic_07844" classname="com.example.SyntheticSuite" time="0.01"/>
  <testcase name="test_synthetic_07845" classname="com.example.SyntheticSuite" time="0.01"/>
  <testcase name="test_synthetic_07846" classname="com.example.SyntheticSuite" time="0.01"/>
  <testcase name="test_synthetic_07847" classname="com.example.SyntheticSuite" time="0.01"/>
  <testcase name="test_synthetic_07848" classname="com.example.SyntheticSuite" time="0.01"/>
  <testcase name="test_synthetic_07849" classname="com.example.SyntheticSuite" time="0.01"/>
  <testcase name="test_synthetic_07850" classname="com.example.SyntheticSuite" time="0.01"/>
  <testcase name="test_synthetic_07851" classname="com.example.SyntheticSuite" time="0.01"/>
  <testcase name="test_synthetic_07852" classname="com.example.SyntheticSuite" time="0.01"/>
  <testcase name="test_synthetic_07853" classname="com.example.SyntheticSuite" time="0.01"/>
  <testcase name="test_synthetic_07854" classname="com.example.SyntheticSuite" time="0.01"/>
  <testcase name="test_synthetic_07855" classname="com.example.SyntheticSuite" time="0.01"/>
  <testcase name="test_synthetic_07856" classname="com.example.SyntheticSuite" time="0.01"/>
  <testcase name="test_synthetic_07857" classname="com.example.SyntheticSuite" time="0.01"/>
  <testcase name="test_synthetic_07858" classname="com.example.SyntheticSuite" time="0.01"/>
  <testcase name="test_synthetic_07859" classname="com.example.SyntheticSuite" time="0.01"/>
  <testcase name="test_synthetic_07860" classname="com.example.SyntheticSuite" time="0.01"/>
  <testcase name="test_synthetic_07861" classname="com.example.SyntheticSuite" time="0.01"/>
  <testcase name="test_synthetic_07862" classname="com.example.SyntheticSuite" time="0.01"/>
  <testcase name="test_synthetic_07863" classname="com.example.SyntheticSuite" time="0.01"/>
  <testcase name="test_synthetic_07864" classname="com.example.SyntheticSuite" time="0.01"/>
  <testcase name="test_synthetic_07865" classname="com.example.SyntheticSuite" time="0.01"/>
  <testcase name="test_synthetic_07866" classname="com.example.SyntheticSuite" time="0.01"/>
  <testcase name="test_synthetic_07867" classname="com.example.SyntheticSuite" time="0.01"/>
  <testcase name="test_synthetic_07868" classname="com.example.SyntheticSuite" time="0.01"/>
  <testcase name="test_synthetic_07869" classname="com.example.SyntheticSuite" time="0.01"/>
  <testcase name="test_synthetic_07870" classname="com.example.SyntheticSuite" time="0.01"/>
  <testcase name="test_synthetic_07871" classname="com.example.SyntheticSuite" time="0.01"/>
  <testcase name="test_synthetic_07872" classname="com.example.SyntheticSuite" time="0.01"/>
  <testcase name="test_synthetic_07873" classname="com.example.SyntheticSuite" time="0.01"/>
  <testcase name="test_synthetic_07874" classname="com.example.SyntheticSuite" time="0.01"/>
  <testcase name="test_synthetic_07875" classname="com.example.SyntheticSuite" time="0.01"/>
  <testcase name="test_synthetic_07876" classname="com.example.SyntheticSuite" time="0.01"/>
  <testcase name="test_synthetic_07877" classname="com.example.SyntheticSuite" time="0.01"/>
  <testcase name="test_synthetic_07878" classname="com.example.SyntheticSuite" time="0.01"/>
  <testcase name="test_synthetic_07879" classname="com.example.SyntheticSuite" time="0.01"/>
  <testcase name="test_synthetic_07880" classname="com.example.SyntheticSuite" time="0.01"/>
  <testcase name="test_synthetic_07881" classname="com.example.SyntheticSuite" time="0.01"/>
  <testcase name="test_synthetic_07882" classname="com.example.SyntheticSuite" time="0.01"/>
  <testcase name="test_synthetic_07883" classname="com.example.SyntheticSuite" time="0.01"/>
  <testcase name="test_synthetic_07884" classname="com.example.SyntheticSuite" time="0.01"/>
  <testcase name="test_synthetic_07885" classname="com.example.SyntheticSuite" time="0.01"/>
  <testcase name="test_synthetic_07886" classname="com.example.SyntheticSuite" time="0.01"/>
  <testcase name="test_synthetic_07887" classname="com.example.SyntheticSuite" time="0.01"/>
  <testcase name="test_synthetic_07888" classname="com.example.SyntheticSuite" time="0.01"/>
  <testcase name="test_synthetic_07889" classname="com.example.SyntheticSuite" time="0.01"/>
  <testcase name="test_synthetic_07890" classname="com.example.SyntheticSuite" time="0.01"/>
  <testcase name="test_synthetic_07891" classname="com.example.SyntheticSuite" time="0.01"/>
  <testcase name="test_synthetic_07892" classname="com.example.SyntheticSuite" time="0.01"/>
  <testcase name="test_synthetic_07893" classname="com.example.SyntheticSuite" time="0.01"/>
  <testcase name="test_synthetic_07894" classname="com.example.SyntheticSuite" time="0.01"/>
  <testcase name="test_synthetic_07895" classname="com.example.SyntheticSuite" time="0.01"/>
  <testcase name="test_synthetic_07896" classname="com.example.SyntheticSuite" time="0.01"/>
  <testcase name="test_synthetic_07897" classname="com.example.SyntheticSuite" time="0.01"/>
  <testcase name="test_synthetic_07898" classname="com.example.SyntheticSuite" time="0.01"/>
  <testcase name="test_synthetic_07899" classname="com.example.SyntheticSuite" time="0.01"/>
  <testcase name="test_synthetic_07900" classname="com.example.SyntheticSuite" time="0.01">
    <failure message="Synthetic failure at 7900">Assertion failed at iteration 7900</failure>
  </testcase>
  <testcase name="test_synthetic_07901" classname="com.example.SyntheticSuite" time="0.01"/>
  <testcase name="test_synthetic_07902" classname="com.example.SyntheticSuite" time="0.01"/>
  <testcase name="test_synthetic_07903" classname="com.example.SyntheticSuite" time="0.01"/>
  <testcase name="test_synthetic_07904" classname="com.example.SyntheticSuite" time="0.01"/>
  <testcase name="test_synthetic_07905" classname="com.example.SyntheticSuite" time="0.01"/>
  <testcase name="test_synthetic_07906" classname="com.example.SyntheticSuite" time="0.01"/>
  <testcase name="test_synthetic_07907" classname="com.example.SyntheticSuite" time="0.01"/>
  <testcase name="test_synthetic_07908" classname="com.example.SyntheticSuite" time="0.01"/>
  <testcase name="test_synthetic_07909" classname="com.example.SyntheticSuite" time="0.01"/>
  <testcase name="test_synthetic_07910" classname="com.example.SyntheticSuite" time="0.01"/>
  <testcase name="test_synthetic_07911" classname="com.example.SyntheticSuite" time="0.01"/>
  <testcase name="test_synthetic_07912" classname="com.example.SyntheticSuite" time="0.01"/>
  <testcase name="test_synthetic_07913" classname="com.example.SyntheticSuite" time="0.01"/>
  <testcase name="test_synthetic_07914" classname="com.example.SyntheticSuite" time="0.01"/>
  <testcase name="test_synthetic_07915" classname="com.example.SyntheticSuite" time="0.01"/>
  <testcase name="test_synthetic_07916" classname="com.example.SyntheticSuite" time="0.01"/>
  <testcase name="test_synthetic_07917" classname="com.example.SyntheticSuite" time="0.01"/>
  <testcase name="test_synthetic_07918" classname="com.example.SyntheticSuite" time="0.01"/>
  <testcase name="test_synthetic_07919" classname="com.example.SyntheticSuite" time="0.01"/>
  <testcase name="test_synthetic_07920" classname="com.example.SyntheticSuite" time="0.01"/>
  <testcase name="test_synthetic_07921" classname="com.example.SyntheticSuite" time="0.01"/>
  <testcase name="test_synthetic_07922" classname="com.example.SyntheticSuite" time="0.01"/>
  <testcase name="test_synthetic_07923" classname="com.example.SyntheticSuite" time="0.01"/>
  <testcase name="test_synthetic_07924" classname="com.example.SyntheticSuite" time="0.01"/>
  <testcase name="test_synthetic_07925" classname="com.example.SyntheticSuite" time="0.01"/>
  <testcase name="test_synthetic_07926" classname="com.example.SyntheticSuite" time="0.01"/>
  <testcase name="test_synthetic_07927" classname="com.example.SyntheticSuite" time="0.01"/>
  <testcase name="test_synthetic_07928" classname="com.example.SyntheticSuite" time="0.01"/>
  <testcase name="test_synthetic_07929" classname="com.example.SyntheticSuite" time="0.01"/>
  <testcase name="test_synthetic_07930" classname="com.example.SyntheticSuite" time="0.01"/>
  <testcase name="test_synthetic_07931" classname="com.example.SyntheticSuite" time="0.01"/>
  <testcase name="test_synthetic_07932" classname="com.example.SyntheticSuite" time="0.01"/>
  <testcase name="test_synthetic_07933" classname="com.example.SyntheticSuite" time="0.01"/>
  <testcase name="test_synthetic_07934" classname="com.example.SyntheticSuite" time="0.01"/>
  <testcase name="test_synthetic_07935" classname="com.example.SyntheticSuite" time="0.01"/>
  <testcase name="test_synthetic_07936" classname="com.example.SyntheticSuite" time="0.01"/>
  <testcase name="test_synthetic_07937" classname="com.example.SyntheticSuite" time="0.01"/>
  <testcase name="test_synthetic_07938" classname="com.example.SyntheticSuite" time="0.01"/>
  <testcase name="test_synthetic_07939" classname="com.example.SyntheticSuite" time="0.01"/>
  <testcase name="test_synthetic_07940" classname="com.example.SyntheticSuite" time="0.01"/>
  <testcase name="test_synthetic_07941" classname="com.example.SyntheticSuite" time="0.01"/>
  <testcase name="test_synthetic_07942" classname="com.example.SyntheticSuite" time="0.01"/>
  <testcase name="test_synthetic_07943" classname="com.example.SyntheticSuite" time="0.01"/>
  <testcase name="test_synthetic_07944" classname="com.example.SyntheticSuite" time="0.01"/>
  <testcase name="test_synthetic_07945" classname="com.example.SyntheticSuite" time="0.01"/>
  <testcase name="test_synthetic_07946" classname="com.example.SyntheticSuite" time="0.01"/>
  <testcase name="test_synthetic_07947" classname="com.example.SyntheticSuite" time="0.01"/>
  <testcase name="test_synthetic_07948" classname="com.example.SyntheticSuite" time="0.01"/>
  <testcase name="test_synthetic_07949" classname="com.example.SyntheticSuite" time="0.01"/>
  <testcase name="test_synthetic_07950" classname="com.example.SyntheticSuite" time="0.01"/>
  <testcase name="test_synthetic_07951" classname="com.example.SyntheticSuite" time="0.01"/>
  <testcase name="test_synthetic_07952" classname="com.example.SyntheticSuite" time="0.01"/>
  <testcase name="test_synthetic_07953" classname="com.example.SyntheticSuite" time="0.01"/>
  <testcase name="test_synthetic_07954" classname="com.example.SyntheticSuite" time="0.01"/>
  <testcase name="test_synthetic_07955" classname="com.example.SyntheticSuite" time="0.01"/>
  <testcase name="test_synthetic_07956" classname="com.example.SyntheticSuite" time="0.01"/>
  <testcase name="test_synthetic_07957" classname="com.example.SyntheticSuite" time="0.01"/>
  <testcase name="test_synthetic_07958" classname="com.example.SyntheticSuite" time="0.01"/>
  <testcase name="test_synthetic_07959" classname="com.example.SyntheticSuite" time="0.01"/>
  <testcase name="test_synthetic_07960" classname="com.example.SyntheticSuite" time="0.01"/>
  <testcase name="test_synthetic_07961" classname="com.example.SyntheticSuite" time="0.01"/>
  <testcase name="test_synthetic_07962" classname="com.example.SyntheticSuite" time="0.01"/>
  <testcase name="test_synthetic_07963" classname="com.example.SyntheticSuite" time="0.01"/>
  <testcase name="test_synthetic_07964" classname="com.example.SyntheticSuite" time="0.01"/>
  <testcase name="test_synthetic_07965" classname="com.example.SyntheticSuite" time="0.01"/>
  <testcase name="test_synthetic_07966" classname="com.example.SyntheticSuite" time="0.01"/>
  <testcase name="test_synthetic_07967" classname="com.example.SyntheticSuite" time="0.01"/>
  <testcase name="test_synthetic_07968" classname="com.example.SyntheticSuite" time="0.01"/>
  <testcase name="test_synthetic_07969" classname="com.example.SyntheticSuite" time="0.01"/>
  <testcase name="test_synthetic_07970" classname="com.example.SyntheticSuite" time="0.01"/>
  <testcase name="test_synthetic_07971" classname="com.example.SyntheticSuite" time="0.01"/>
  <testcase name="test_synthetic_07972" classname="com.example.SyntheticSuite" time="0.01"/>
  <testcase name="test_synthetic_07973" classname="com.example.SyntheticSuite" time="0.01"/>
  <testcase name="test_synthetic_07974" classname="com.example.SyntheticSuite" time="0.01"/>
  <testcase name="test_synthetic_07975" classname="com.example.SyntheticSuite" time="0.01"/>
  <testcase name="test_synthetic_07976" classname="com.example.SyntheticSuite" time="0.01"/>
  <testcase name="test_synthetic_07977" classname="com.example.SyntheticSuite" time="0.01"/>
  <testcase name="test_synthetic_07978" classname="com.example.SyntheticSuite" time="0.01"/>
  <testcase name="test_synthetic_07979" classname="com.example.SyntheticSuite" time="0.01"/>
  <testcase name="test_synthetic_07980" classname="com.example.SyntheticSuite" time="0.01"/>
  <testcase name="test_synthetic_07981" classname="com.example.SyntheticSuite" time="0.01"/>
  <testcase name="test_synthetic_07982" classname="com.example.SyntheticSuite" time="0.01"/>
  <testcase name="test_synthetic_07983" classname="com.example.SyntheticSuite" time="0.01"/>
  <testcase name="test_synthetic_07984" classname="com.example.SyntheticSuite" time="0.01"/>
  <testcase name="test_synthetic_07985" classname="com.example.SyntheticSuite" time="0.01"/>
  <testcase name="test_synthetic_07986" classname="com.example.SyntheticSuite" time="0.01"/>
  <testcase name="test_synthetic_07987" classname="com.example.SyntheticSuite" time="0.01"/>
  <testcase name="test_synthetic_07988" classname="com.example.SyntheticSuite" time="0.01"/>
  <testcase name="test_synthetic_07989" classname="com.example.SyntheticSuite" time="0.01"/>
  <testcase name="test_synthetic_07990" classname="com.example.SyntheticSuite" time="0.01"/>
  <testcase name="test_synthetic_07991" classname="com.example.SyntheticSuite" time="0.01"/>
  <testcase name="test_synthetic_07992" classname="com.example.SyntheticSuite" time="0.01"/>
  <testcase name="test_synthetic_07993" classname="com.example.SyntheticSuite" time="0.01"/>
  <testcase name="test_synthetic_07994" classname="com.example.SyntheticSuite" time="0.01"/>
  <testcase name="test_synthetic_07995" classname="com.example.SyntheticSuite" time="0.01"/>
  <testcase name="test_synthetic_07996" classname="com.example.SyntheticSuite" time="0.01"/>
  <testcase name="test_synthetic_07997" classname="com.example.SyntheticSuite" time="0.01"/>
  <testcase name="test_synthetic_07998" classname="com.example.SyntheticSuite" time="0.01"/>
  <testcase name="test_synthetic_07999" classname="com.example.SyntheticSuite" time="0.01"/>
  <testcase name="test_synthetic_08000" classname="com.example.SyntheticSuite" time="0.01">
    <failure message="Synthetic failure at 8000">Assertion failed at iteration 8000</failure>
  </testcase>
  <testcase name="test_synthetic_08001" classname="com.example.SyntheticSuite" time="0.01"/>
  <testcase name="test_synthetic_08002" classname="com.example.SyntheticSuite" time="0.01"/>
  <testcase name="test_synthetic_08003" classname="com.example.SyntheticSuite" time="0.01"/>
  <testcase name="test_synthetic_08004" classname="com.example.SyntheticSuite" time="0.01"/>
  <testcase name="test_synthetic_08005" classname="com.example.SyntheticSuite" time="0.01"/>
  <testcase name="test_synthetic_08006" classname="com.example.SyntheticSuite" time="0.01"/>
  <testcase name="test_synthetic_08007" classname="com.example.SyntheticSuite" time="0.01"/>
  <testcase name="test_synthetic_08008" classname="com.example.SyntheticSuite" time="0.01"/>
  <testcase name="test_synthetic_08009" classname="com.example.SyntheticSuite" time="0.01"/>
  <testcase name="test_synthetic_08010" classname="com.example.SyntheticSuite" time="0.01"/>
  <testcase name="test_synthetic_08011" classname="com.example.SyntheticSuite" time="0.01"/>
  <testcase name="test_synthetic_08012" classname="com.example.SyntheticSuite" time="0.01"/>
  <testcase name="test_synthetic_08013" classname="com.example.SyntheticSuite" time="0.01"/>
  <testcase name="test_synthetic_08014" classname="com.example.SyntheticSuite" time="0.01"/>
  <testcase name="test_synthetic_08015" classname="com.example.SyntheticSuite" time="0.01"/>
  <testcase name="test_synthetic_08016" classname="com.example.SyntheticSuite" time="0.01"/>
  <testcase name="test_synthetic_08017" classname="com.example.SyntheticSuite" time="0.01"/>
  <testcase name="test_synthetic_08018" classname="com.example.SyntheticSuite" time="0.01"/>
  <testcase name="test_synthetic_08019" classname="com.example.SyntheticSuite" time="0.01"/>
  <testcase name="test_synthetic_08020" classname="com.example.SyntheticSuite" time="0.01"/>
  <testcase name="test_synthetic_08021" classname="com.example.SyntheticSuite" time="0.01"/>
  <testcase name="test_synthetic_08022" classname="com.example.SyntheticSuite" time="0.01"/>
  <testcase name="test_synthetic_08023" classname="com.example.SyntheticSuite" time="0.01"/>
  <testcase name="test_synthetic_08024" classname="com.example.SyntheticSuite" time="0.01"/>
  <testcase name="test_synthetic_08025" classname="com.example.SyntheticSuite" time="0.01"/>
  <testcase name="test_synthetic_08026" classname="com.example.SyntheticSuite" time="0.01"/>
  <testcase name="test_synthetic_08027" classname="com.example.SyntheticSuite" time="0.01"/>
  <testcase name="test_synthetic_08028" classname="com.example.SyntheticSuite" time="0.01"/>
  <testcase name="test_synthetic_08029" classname="com.example.SyntheticSuite" time="0.01"/>
  <testcase name="test_synthetic_08030" classname="com.example.SyntheticSuite" time="0.01"/>
  <testcase name="test_synthetic_08031" classname="com.example.SyntheticSuite" time="0.01"/>
  <testcase name="test_synthetic_08032" classname="com.example.SyntheticSuite" time="0.01"/>
  <testcase name="test_synthetic_08033" classname="com.example.SyntheticSuite" time="0.01"/>
  <testcase name="test_synthetic_08034" classname="com.example.SyntheticSuite" time="0.01"/>
  <testcase name="test_synthetic_08035" classname="com.example.SyntheticSuite" time="0.01"/>
  <testcase name="test_synthetic_08036" classname="com.example.SyntheticSuite" time="0.01"/>
  <testcase name="test_synthetic_08037" classname="com.example.SyntheticSuite" time="0.01"/>
  <testcase name="test_synthetic_08038" classname="com.example.SyntheticSuite" time="0.01"/>
  <testcase name="test_synthetic_08039" classname="com.example.SyntheticSuite" time="0.01"/>
  <testcase name="test_synthetic_08040" classname="com.example.SyntheticSuite" time="0.01"/>
  <testcase name="test_synthetic_08041" classname="com.example.SyntheticSuite" time="0.01"/>
  <testcase name="test_synthetic_08042" classname="com.example.SyntheticSuite" time="0.01"/>
  <testcase name="test_synthetic_08043" classname="com.example.SyntheticSuite" time="0.01"/>
  <testcase name="test_synthetic_08044" classname="com.example.SyntheticSuite" time="0.01"/>
  <testcase name="test_synthetic_08045" classname="com.example.SyntheticSuite" time="0.01"/>
  <testcase name="test_synthetic_08046" classname="com.example.SyntheticSuite" time="0.01"/>
  <testcase name="test_synthetic_08047" classname="com.example.SyntheticSuite" time="0.01"/>
  <testcase name="test_synthetic_08048" classname="com.example.SyntheticSuite" time="0.01"/>
  <testcase name="test_synthetic_08049" classname="com.example.SyntheticSuite" time="0.01"/>
  <testcase name="test_synthetic_08050" classname="com.example.SyntheticSuite" time="0.01"/>
  <testcase name="test_synthetic_08051" classname="com.example.SyntheticSuite" time="0.01"/>
  <testcase name="test_synthetic_08052" classname="com.example.SyntheticSuite" time="0.01"/>
  <testcase name="test_synthetic_08053" classname="com.example.SyntheticSuite" time="0.01"/>
  <testcase name="test_synthetic_08054" classname="com.example.SyntheticSuite" time="0.01"/>
  <testcase name="test_synthetic_08055" classname="com.example.SyntheticSuite" time="0.01"/>
  <testcase name="test_synthetic_08056" classname="com.example.SyntheticSuite" time="0.01"/>
  <testcase name="test_synthetic_08057" classname="com.example.SyntheticSuite" time="0.01"/>
  <testcase name="test_synthetic_08058" classname="com.example.SyntheticSuite" time="0.01"/>
  <testcase name="test_synthetic_08059" classname="com.example.SyntheticSuite" time="0.01"/>
  <testcase name="test_synthetic_08060" classname="com.example.SyntheticSuite" time="0.01"/>
  <testcase name="test_synthetic_08061" classname="com.example.SyntheticSuite" time="0.01"/>
  <testcase name="test_synthetic_08062" classname="com.example.SyntheticSuite" time="0.01"/>
  <testcase name="test_synthetic_08063" classname="com.example.SyntheticSuite" time="0.01"/>
  <testcase name="test_synthetic_08064" classname="com.example.SyntheticSuite" time="0.01"/>
  <testcase name="test_synthetic_08065" classname="com.example.SyntheticSuite" time="0.01"/>
  <testcase name="test_synthetic_08066" classname="com.example.SyntheticSuite" time="0.01"/>
  <testcase name="test_synthetic_08067" classname="com.example.SyntheticSuite" time="0.01"/>
  <testcase name="test_synthetic_08068" classname="com.example.SyntheticSuite" time="0.01"/>
  <testcase name="test_synthetic_08069" classname="com.example.SyntheticSuite" time="0.01"/>
  <testcase name="test_synthetic_08070" classname="com.example.SyntheticSuite" time="0.01"/>
  <testcase name="test_synthetic_08071" classname="com.example.SyntheticSuite" time="0.01"/>
  <testcase name="test_synthetic_08072" classname="com.example.SyntheticSuite" time="0.01"/>
  <testcase name="test_synthetic_08073" classname="com.example.SyntheticSuite" time="0.01"/>
  <testcase name="test_synthetic_08074" classname="com.example.SyntheticSuite" time="0.01"/>
  <testcase name="test_synthetic_08075" classname="com.example.SyntheticSuite" time="0.01"/>
  <testcase name="test_synthetic_08076" classname="com.example.SyntheticSuite" time="0.01"/>
  <testcase name="test_synthetic_08077" classname="com.example.SyntheticSuite" time="0.01"/>
  <testcase name="test_synthetic_08078" classname="com.example.SyntheticSuite" time="0.01"/>
  <testcase name="test_synthetic_08079" classname="com.example.SyntheticSuite" time="0.01"/>
  <testcase name="test_synthetic_08080" classname="com.example.SyntheticSuite" time="0.01"/>
  <testcase name="test_synthetic_08081" classname="com.example.SyntheticSuite" time="0.01"/>
  <testcase name="test_synthetic_08082" classname="com.example.SyntheticSuite" time="0.01"/>
  <testcase name="test_synthetic_08083" classname="com.example.SyntheticSuite" time="0.01"/>
  <testcase name="test_synthetic_08084" classname="com.example.SyntheticSuite" time="0.01"/>
  <testcase name="test_synthetic_08085" classname="com.example.SyntheticSuite" time="0.01"/>
  <testcase name="test_synthetic_08086" classname="com.example.SyntheticSuite" time="0.01"/>
  <testcase name="test_synthetic_08087" classname="com.example.SyntheticSuite" time="0.01"/>
  <testcase name="test_synthetic_08088" classname="com.example.SyntheticSuite" time="0.01"/>
  <testcase name="test_synthetic_08089" classname="com.example.SyntheticSuite" time="0.01"/>
  <testcase name="test_synthetic_08090" classname="com.example.SyntheticSuite" time="0.01"/>
  <testcase name="test_synthetic_08091" classname="com.example.SyntheticSuite" time="0.01"/>
  <testcase name="test_synthetic_08092" classname="com.example.SyntheticSuite" time="0.01"/>
  <testcase name="test_synthetic_08093" classname="com.example.SyntheticSuite" time="0.01"/>
  <testcase name="test_synthetic_08094" classname="com.example.SyntheticSuite" time="0.01"/>
  <testcase name="test_synthetic_08095" classname="com.example.SyntheticSuite" time="0.01"/>
  <testcase name="test_synthetic_08096" classname="com.example.SyntheticSuite" time="0.01"/>
  <testcase name="test_synthetic_08097" classname="com.example.SyntheticSuite" time="0.01"/>
  <testcase name="test_synthetic_08098" classname="com.example.SyntheticSuite" time="0.01"/>
  <testcase name="test_synthetic_08099" classname="com.example.SyntheticSuite" time="0.01"/>
  <testcase name="test_synthetic_08100" classname="com.example.SyntheticSuite" time="0.01">
    <failure message="Synthetic failure at 8100">Assertion failed at iteration 8100</failure>
  </testcase>
  <testcase name="test_synthetic_08101" classname="com.example.SyntheticSuite" time="0.01"/>
  <testcase name="test_synthetic_08102" classname="com.example.SyntheticSuite" time="0.01"/>
  <testcase name="test_synthetic_08103" classname="com.example.SyntheticSuite" time="0.01"/>
  <testcase name="test_synthetic_08104" classname="com.example.SyntheticSuite" time="0.01"/>
  <testcase name="test_synthetic_08105" classname="com.example.SyntheticSuite" time="0.01"/>
  <testcase name="test_synthetic_08106" classname="com.example.SyntheticSuite" time="0.01"/>
  <testcase name="test_synthetic_08107" classname="com.example.SyntheticSuite" time="0.01"/>
  <testcase name="test_synthetic_08108" classname="com.example.SyntheticSuite" time="0.01"/>
  <testcase name="test_synthetic_08109" classname="com.example.SyntheticSuite" time="0.01"/>
  <testcase name="test_synthetic_08110" classname="com.example.SyntheticSuite" time="0.01"/>
  <testcase name="test_synthetic_08111" classname="com.example.SyntheticSuite" time="0.01"/>
  <testcase name="test_synthetic_08112" classname="com.example.SyntheticSuite" time="0.01"/>
  <testcase name="test_synthetic_08113" classname="com.example.SyntheticSuite" time="0.01"/>
  <testcase name="test_synthetic_08114" classname="com.example.SyntheticSuite" time="0.01"/>
  <testcase name="test_synthetic_08115" classname="com.example.SyntheticSuite" time="0.01"/>
  <testcase name="test_synthetic_08116" classname="com.example.SyntheticSuite" time="0.01"/>
  <testcase name="test_synthetic_08117" classname="com.example.SyntheticSuite" time="0.01"/>
  <testcase name="test_synthetic_08118" classname="com.example.SyntheticSuite" time="0.01"/>
  <testcase name="test_synthetic_08119" classname="com.example.SyntheticSuite" time="0.01"/>
  <testcase name="test_synthetic_08120" classname="com.example.SyntheticSuite" time="0.01"/>
  <testcase name="test_synthetic_08121" classname="com.example.SyntheticSuite" time="0.01"/>
  <testcase name="test_synthetic_08122" classname="com.example.SyntheticSuite" time="0.01"/>
  <testcase name="test_synthetic_08123" classname="com.example.SyntheticSuite" time="0.01"/>
  <testcase name="test_synthetic_08124" classname="com.example.SyntheticSuite" time="0.01"/>
  <testcase name="test_synthetic_08125" classname="com.example.SyntheticSuite" time="0.01"/>
  <testcase name="test_synthetic_08126" classname="com.example.SyntheticSuite" time="0.01"/>
  <testcase name="test_synthetic_08127" classname="com.example.SyntheticSuite" time="0.01"/>
  <testcase name="test_synthetic_08128" classname="com.example.SyntheticSuite" time="0.01"/>
  <testcase name="test_synthetic_08129" classname="com.example.SyntheticSuite" time="0.01"/>
  <testcase name="test_synthetic_08130" classname="com.example.SyntheticSuite" time="0.01"/>
  <testcase name="test_synthetic_08131" classname="com.example.SyntheticSuite" time="0.01"/>
  <testcase name="test_synthetic_08132" classname="com.example.SyntheticSuite" time="0.01"/>
  <testcase name="test_synthetic_08133" classname="com.example.SyntheticSuite" time="0.01"/>
  <testcase name="test_synthetic_08134" classname="com.example.SyntheticSuite" time="0.01"/>
  <testcase name="test_synthetic_08135" classname="com.example.SyntheticSuite" time="0.01"/>
  <testcase name="test_synthetic_08136" classname="com.example.SyntheticSuite" time="0.01"/>
  <testcase name="test_synthetic_08137" classname="com.example.SyntheticSuite" time="0.01"/>
  <testcase name="test_synthetic_08138" classname="com.example.SyntheticSuite" time="0.01"/>
  <testcase name="test_synthetic_08139" classname="com.example.SyntheticSuite" time="0.01"/>
  <testcase name="test_synthetic_08140" classname="com.example.SyntheticSuite" time="0.01"/>
  <testcase name="test_synthetic_08141" classname="com.example.SyntheticSuite" time="0.01"/>
  <testcase name="test_synthetic_08142" classname="com.example.SyntheticSuite" time="0.01"/>
  <testcase name="test_synthetic_08143" classname="com.example.SyntheticSuite" time="0.01"/>
  <testcase name="test_synthetic_08144" classname="com.example.SyntheticSuite" time="0.01"/>
  <testcase name="test_synthetic_08145" classname="com.example.SyntheticSuite" time="0.01"/>
  <testcase name="test_synthetic_08146" classname="com.example.SyntheticSuite" time="0.01"/>
  <testcase name="test_synthetic_08147" classname="com.example.SyntheticSuite" time="0.01"/>
  <testcase name="test_synthetic_08148" classname="com.example.SyntheticSuite" time="0.01"/>
  <testcase name="test_synthetic_08149" classname="com.example.SyntheticSuite" time="0.01"/>
  <testcase name="test_synthetic_08150" classname="com.example.SyntheticSuite" time="0.01"/>
  <testcase name="test_synthetic_08151" classname="com.example.SyntheticSuite" time="0.01"/>
  <testcase name="test_synthetic_08152" classname="com.example.SyntheticSuite" time="0.01"/>
  <testcase name="test_synthetic_08153" classname="com.example.SyntheticSuite" time="0.01"/>
  <testcase name="test_synthetic_08154" classname="com.example.SyntheticSuite" time="0.01"/>
  <testcase name="test_synthetic_08155" classname="com.example.SyntheticSuite" time="0.01"/>
  <testcase name="test_synthetic_08156" classname="com.example.SyntheticSuite" time="0.01"/>
  <testcase name="test_synthetic_08157" classname="com.example.SyntheticSuite" time="0.01"/>
  <testcase name="test_synthetic_08158" classname="com.example.SyntheticSuite" time="0.01"/>
  <testcase name="test_synthetic_08159" classname="com.example.SyntheticSuite" time="0.01"/>
  <testcase name="test_synthetic_08160" classname="com.example.SyntheticSuite" time="0.01"/>
  <testcase name="test_synthetic_08161" classname="com.example.SyntheticSuite" time="0.01"/>
  <testcase name="test_synthetic_08162" classname="com.example.SyntheticSuite" time="0.01"/>
  <testcase name="test_synthetic_08163" classname="com.example.SyntheticSuite" time="0.01"/>
  <testcase name="test_synthetic_08164" classname="com.example.SyntheticSuite" time="0.01"/>
  <testcase name="test_synthetic_08165" classname="com.example.SyntheticSuite" time="0.01"/>
  <testcase name="test_synthetic_08166" classname="com.example.SyntheticSuite" time="0.01"/>
  <testcase name="test_synthetic_08167" classname="com.example.SyntheticSuite" time="0.01"/>
  <testcase name="test_synthetic_08168" classname="com.example.SyntheticSuite" time="0.01"/>
  <testcase name="test_synthetic_08169" classname="com.example.SyntheticSuite" time="0.01"/>
  <testcase name="test_synthetic_08170" classname="com.example.SyntheticSuite" time="0.01"/>
  <testcase name="test_synthetic_08171" classname="com.example.SyntheticSuite" time="0.01"/>
  <testcase name="test_synthetic_08172" classname="com.example.SyntheticSuite" time="0.01"/>
  <testcase name="test_synthetic_08173" classname="com.example.SyntheticSuite" time="0.01"/>
  <testcase name="test_synthetic_08174" classname="com.example.SyntheticSuite" time="0.01"/>
  <testcase name="test_synthetic_08175" classname="com.example.SyntheticSuite" time="0.01"/>
  <testcase name="test_synthetic_08176" classname="com.example.SyntheticSuite" time="0.01"/>
  <testcase name="test_synthetic_08177" classname="com.example.SyntheticSuite" time="0.01"/>
  <testcase name="test_synthetic_08178" classname="com.example.SyntheticSuite" time="0.01"/>
  <testcase name="test_synthetic_08179" classname="com.example.SyntheticSuite" time="0.01"/>
  <testcase name="test_synthetic_08180" classname="com.example.SyntheticSuite" time="0.01"/>
  <testcase name="test_synthetic_08181" classname="com.example.SyntheticSuite" time="0.01"/>
  <testcase name="test_synthetic_08182" classname="com.example.SyntheticSuite" time="0.01"/>
  <testcase name="test_synthetic_08183" classname="com.example.SyntheticSuite" time="0.01"/>
  <testcase name="test_synthetic_08184" classname="com.example.SyntheticSuite" time="0.01"/>
  <testcase name="test_synthetic_08185" classname="com.example.SyntheticSuite" time="0.01"/>
  <testcase name="test_synthetic_08186" classname="com.example.SyntheticSuite" time="0.01"/>
  <testcase name="test_synthetic_08187" classname="com.example.SyntheticSuite" time="0.01"/>
  <testcase name="test_synthetic_08188" classname="com.example.SyntheticSuite" time="0.01"/>
  <testcase name="test_synthetic_08189" classname="com.example.SyntheticSuite" time="0.01"/>
  <testcase name="test_synthetic_08190" classname="com.example.SyntheticSuite" time="0.01"/>
  <testcase name="test_synthetic_08191" classname="com.example.SyntheticSuite" time="0.01"/>
  <testcase name="test_synthetic_08192" classname="com.example.SyntheticSuite" time="0.01"/>
  <testcase name="test_synthetic_08193" classname="com.example.SyntheticSuite" time="0.01"/>
  <testcase name="test_synthetic_08194" classname="com.example.SyntheticSuite" time="0.01"/>
  <testcase name="test_synthetic_08195" classname="com.example.SyntheticSuite" time="0.01"/>
  <testcase name="test_synthetic_08196" classname="com.example.SyntheticSuite" time="0.01"/>
  <testcase name="test_synthetic_08197" classname="com.example.SyntheticSuite" time="0.01"/>
  <testcase name="test_synthetic_08198" classname="com.example.SyntheticSuite" time="0.01"/>
  <testcase name="test_synthetic_08199" classname="com.example.SyntheticSuite" time="0.01"/>
  <testcase name="test_synthetic_08200" classname="com.example.SyntheticSuite" time="0.01">
    <failure message="Synthetic failure at 8200">Assertion failed at iteration 8200</failure>
  </testcase>
  <testcase name="test_synthetic_08201" classname="com.example.SyntheticSuite" time="0.01"/>
  <testcase name="test_synthetic_08202" classname="com.example.SyntheticSuite" time="0.01"/>
  <testcase name="test_synthetic_08203" classname="com.example.SyntheticSuite" time="0.01"/>
  <testcase name="test_synthetic_08204" classname="com.example.SyntheticSuite" time="0.01"/>
  <testcase name="test_synthetic_08205" classname="com.example.SyntheticSuite" time="0.01"/>
  <testcase name="test_synthetic_08206" classname="com.example.SyntheticSuite" time="0.01"/>
  <testcase name="test_synthetic_08207" classname="com.example.SyntheticSuite" time="0.01"/>
  <testcase name="test_synthetic_08208" classname="com.example.SyntheticSuite" time="0.01"/>
  <testcase name="test_synthetic_08209" classname="com.example.SyntheticSuite" time="0.01"/>
  <testcase name="test_synthetic_08210" classname="com.example.SyntheticSuite" time="0.01"/>
  <testcase name="test_synthetic_08211" classname="com.example.SyntheticSuite" time="0.01"/>
  <testcase name="test_synthetic_08212" classname="com.example.SyntheticSuite" time="0.01"/>
  <testcase name="test_synthetic_08213" classname="com.example.SyntheticSuite" time="0.01"/>
  <testcase name="test_synthetic_08214" classname="com.example.SyntheticSuite" time="0.01"/>
  <testcase name="test_synthetic_08215" classname="com.example.SyntheticSuite" time="0.01"/>
  <testcase name="test_synthetic_08216" classname="com.example.SyntheticSuite" time="0.01"/>
  <testcase name="test_synthetic_08217" classname="com.example.SyntheticSuite" time="0.01"/>
  <testcase name="test_synthetic_08218" classname="com.example.SyntheticSuite" time="0.01"/>
  <testcase name="test_synthetic_08219" classname="com.example.SyntheticSuite" time="0.01"/>
  <testcase name="test_synthetic_08220" classname="com.example.SyntheticSuite" time="0.01"/>
  <testcase name="test_synthetic_08221" classname="com.example.SyntheticSuite" time="0.01"/>
  <testcase name="test_synthetic_08222" classname="com.example.SyntheticSuite" time="0.01"/>
  <testcase name="test_synthetic_08223" classname="com.example.SyntheticSuite" time="0.01"/>
  <testcase name="test_synthetic_08224" classname="com.example.SyntheticSuite" time="0.01"/>
  <testcase name="test_synthetic_08225" classname="com.example.SyntheticSuite" time="0.01"/>
  <testcase name="test_synthetic_08226" classname="com.example.SyntheticSuite" time="0.01"/>
  <testcase name="test_synthetic_08227" classname="com.example.SyntheticSuite" time="0.01"/>
  <testcase name="test_synthetic_08228" classname="com.example.SyntheticSuite" time="0.01"/>
  <testcase name="test_synthetic_08229" classname="com.example.SyntheticSuite" time="0.01"/>
  <testcase name="test_synthetic_08230" classname="com.example.SyntheticSuite" time="0.01"/>
  <testcase name="test_synthetic_08231" classname="com.example.SyntheticSuite" time="0.01"/>
  <testcase name="test_synthetic_08232" classname="com.example.SyntheticSuite" time="0.01"/>
  <testcase name="test_synthetic_08233" classname="com.example.SyntheticSuite" time="0.01"/>
  <testcase name="test_synthetic_08234" classname="com.example.SyntheticSuite" time="0.01"/>
  <testcase name="test_synthetic_08235" classname="com.example.SyntheticSuite" time="0.01"/>
  <testcase name="test_synthetic_08236" classname="com.example.SyntheticSuite" time="0.01"/>
  <testcase name="test_synthetic_08237" classname="com.example.SyntheticSuite" time="0.01"/>
  <testcase name="test_synthetic_08238" classname="com.example.SyntheticSuite" time="0.01"/>
  <testcase name="test_synthetic_08239" classname="com.example.SyntheticSuite" time="0.01"/>
  <testcase name="test_synthetic_08240" classname="com.example.SyntheticSuite" time="0.01"/>
  <testcase name="test_synthetic_08241" classname="com.example.SyntheticSuite" time="0.01"/>
  <testcase name="test_synthetic_08242" classname="com.example.SyntheticSuite" time="0.01"/>
  <testcase name="test_synthetic_08243" classname="com.example.SyntheticSuite" time="0.01"/>
  <testcase name="test_synthetic_08244" classname="com.example.SyntheticSuite" time="0.01"/>
  <testcase name="test_synthetic_08245" classname="com.example.SyntheticSuite" time="0.01"/>
  <testcase name="test_synthetic_08246" classname="com.example.SyntheticSuite" time="0.01"/>
  <testcase name="test_synthetic_08247" classname="com.example.SyntheticSuite" time="0.01"/>
  <testcase name="test_synthetic_08248" classname="com.example.SyntheticSuite" time="0.01"/>
  <testcase name="test_synthetic_08249" classname="com.example.SyntheticSuite" time="0.01"/>
  <testcase name="test_synthetic_08250" classname="com.example.SyntheticSuite" time="0.01"/>
  <testcase name="test_synthetic_08251" classname="com.example.SyntheticSuite" time="0.01"/>
  <testcase name="test_synthetic_08252" classname="com.example.SyntheticSuite" time="0.01"/>
  <testcase name="test_synthetic_08253" classname="com.example.SyntheticSuite" time="0.01"/>
  <testcase name="test_synthetic_08254" classname="com.example.SyntheticSuite" time="0.01"/>
  <testcase name="test_synthetic_08255" classname="com.example.SyntheticSuite" time="0.01"/>
  <testcase name="test_synthetic_08256" classname="com.example.SyntheticSuite" time="0.01"/>
  <testcase name="test_synthetic_08257" classname="com.example.SyntheticSuite" time="0.01"/>
  <testcase name="test_synthetic_08258" classname="com.example.SyntheticSuite" time="0.01"/>
  <testcase name="test_synthetic_08259" classname="com.example.SyntheticSuite" time="0.01"/>
  <testcase name="test_synthetic_08260" classname="com.example.SyntheticSuite" time="0.01"/>
  <testcase name="test_synthetic_08261" classname="com.example.SyntheticSuite" time="0.01"/>
  <testcase name="test_synthetic_08262" classname="com.example.SyntheticSuite" time="0.01"/>
  <testcase name="test_synthetic_08263" classname="com.example.SyntheticSuite" time="0.01"/>
  <testcase name="test_synthetic_08264" classname="com.example.SyntheticSuite" time="0.01"/>
  <testcase name="test_synthetic_08265" classname="com.example.SyntheticSuite" time="0.01"/>
  <testcase name="test_synthetic_08266" classname="com.example.SyntheticSuite" time="0.01"/>
  <testcase name="test_synthetic_08267" classname="com.example.SyntheticSuite" time="0.01"/>
  <testcase name="test_synthetic_08268" classname="com.example.SyntheticSuite" time="0.01"/>
  <testcase name="test_synthetic_08269" classname="com.example.SyntheticSuite" time="0.01"/>
  <testcase name="test_synthetic_08270" classname="com.example.SyntheticSuite" time="0.01"/>
  <testcase name="test_synthetic_08271" classname="com.example.SyntheticSuite" time="0.01"/>
  <testcase name="test_synthetic_08272" classname="com.example.SyntheticSuite" time="0.01"/>
  <testcase name="test_synthetic_08273" classname="com.example.SyntheticSuite" time="0.01"/>
  <testcase name="test_synthetic_08274" classname="com.example.SyntheticSuite" time="0.01"/>
  <testcase name="test_synthetic_08275" classname="com.example.SyntheticSuite" time="0.01"/>
  <testcase name="test_synthetic_08276" classname="com.example.SyntheticSuite" time="0.01"/>
  <testcase name="test_synthetic_08277" classname="com.example.SyntheticSuite" time="0.01"/>
  <testcase name="test_synthetic_08278" classname="com.example.SyntheticSuite" time="0.01"/>
  <testcase name="test_synthetic_08279" classname="com.example.SyntheticSuite" time="0.01"/>
  <testcase name="test_synthetic_08280" classname="com.example.SyntheticSuite" time="0.01"/>
  <testcase name="test_synthetic_08281" classname="com.example.SyntheticSuite" time="0.01"/>
  <testcase name="test_synthetic_08282" classname="com.example.SyntheticSuite" time="0.01"/>
  <testcase name="test_synthetic_08283" classname="com.example.SyntheticSuite" time="0.01"/>
  <testcase name="test_synthetic_08284" classname="com.example.SyntheticSuite" time="0.01"/>
  <testcase name="test_synthetic_08285" classname="com.example.SyntheticSuite" time="0.01"/>
  <testcase name="test_synthetic_08286" classname="com.example.SyntheticSuite" time="0.01"/>
  <testcase name="test_synthetic_08287" classname="com.example.SyntheticSuite" time="0.01"/>
  <testcase name="test_synthetic_08288" classname="com.example.SyntheticSuite" time="0.01"/>
  <testcase name="test_synthetic_08289" classname="com.example.SyntheticSuite" time="0.01"/>
  <testcase name="test_synthetic_08290" classname="com.example.SyntheticSuite" time="0.01"/>
  <testcase name="test_synthetic_08291" classname="com.example.SyntheticSuite" time="0.01"/>
  <testcase name="test_synthetic_08292" classname="com.example.SyntheticSuite" time="0.01"/>
  <testcase name="test_synthetic_08293" classname="com.example.SyntheticSuite" time="0.01"/>
  <testcase name="test_synthetic_08294" classname="com.example.SyntheticSuite" time="0.01"/>
  <testcase name="test_synthetic_08295" classname="com.example.SyntheticSuite" time="0.01"/>
  <testcase name="test_synthetic_08296" classname="com.example.SyntheticSuite" time="0.01"/>
  <testcase name="test_synthetic_08297" classname="com.example.SyntheticSuite" time="0.01"/>
  <testcase name="test_synthetic_08298" classname="com.example.SyntheticSuite" time="0.01"/>
  <testcase name="test_synthetic_08299" classname="com.example.SyntheticSuite" time="0.01"/>
  <testcase name="test_synthetic_08300" classname="com.example.SyntheticSuite" time="0.01">
    <failure message="Synthetic failure at 8300">Assertion failed at iteration 8300</failure>
  </testcase>
  <testcase name="test_synthetic_08301" classname="com.example.SyntheticSuite" time="0.01"/>
  <testcase name="test_synthetic_08302" classname="com.example.SyntheticSuite" time="0.01"/>
  <testcase name="test_synthetic_08303" classname="com.example.SyntheticSuite" time="0.01"/>
  <testcase name="test_synthetic_08304" classname="com.example.SyntheticSuite" time="0.01"/>
  <testcase name="test_synthetic_08305" classname="com.example.SyntheticSuite" time="0.01"/>
  <testcase name="test_synthetic_08306" classname="com.example.SyntheticSuite" time="0.01"/>
  <testcase name="test_synthetic_08307" classname="com.example.SyntheticSuite" time="0.01"/>
  <testcase name="test_synthetic_08308" classname="com.example.SyntheticSuite" time="0.01"/>
  <testcase name="test_synthetic_08309" classname="com.example.SyntheticSuite" time="0.01"/>
  <testcase name="test_synthetic_08310" classname="com.example.SyntheticSuite" time="0.01"/>
  <testcase name="test_synthetic_08311" classname="com.example.SyntheticSuite" time="0.01"/>
  <testcase name="test_synthetic_08312" classname="com.example.SyntheticSuite" time="0.01"/>
  <testcase name="test_synthetic_08313" classname="com.example.SyntheticSuite" time="0.01"/>
  <testcase name="test_synthetic_08314" classname="com.example.SyntheticSuite" time="0.01"/>
  <testcase name="test_synthetic_08315" classname="com.example.SyntheticSuite" time="0.01"/>
  <testcase name="test_synthetic_08316" classname="com.example.SyntheticSuite" time="0.01"/>
  <testcase name="test_synthetic_08317" classname="com.example.SyntheticSuite" time="0.01"/>
  <testcase name="test_synthetic_08318" classname="com.example.SyntheticSuite" time="0.01"/>
  <testcase name="test_synthetic_08319" classname="com.example.SyntheticSuite" time="0.01"/>
  <testcase name="test_synthetic_08320" classname="com.example.SyntheticSuite" time="0.01"/>
  <testcase name="test_synthetic_08321" classname="com.example.SyntheticSuite" time="0.01"/>
  <testcase name="test_synthetic_08322" classname="com.example.SyntheticSuite" time="0.01"/>
  <testcase name="test_synthetic_08323" classname="com.example.SyntheticSuite" time="0.01"/>
  <testcase name="test_synthetic_08324" classname="com.example.SyntheticSuite" time="0.01"/>
  <testcase name="test_synthetic_08325" classname="com.example.SyntheticSuite" time="0.01"/>
  <testcase name="test_synthetic_08326" classname="com.example.SyntheticSuite" time="0.01"/>
  <testcase name="test_synthetic_08327" classname="com.example.SyntheticSuite" time="0.01"/>
  <testcase name="test_synthetic_08328" classname="com.example.SyntheticSuite" time="0.01"/>
  <testcase name="test_synthetic_08329" classname="com.example.SyntheticSuite" time="0.01"/>
  <testcase name="test_synthetic_08330" classname="com.example.SyntheticSuite" time="0.01"/>
  <testcase name="test_synthetic_08331" classname="com.example.SyntheticSuite" time="0.01"/>
  <testcase name="test_synthetic_08332" classname="com.example.SyntheticSuite" time="0.01"/>
  <testcase name="test_synthetic_08333" classname="com.example.SyntheticSuite" time="0.01"/>
  <testcase name="test_synthetic_08334" classname="com.example.SyntheticSuite" time="0.01"/>
  <testcase name="test_synthetic_08335" classname="com.example.SyntheticSuite" time="0.01"/>
  <testcase name="test_synthetic_08336" classname="com.example.SyntheticSuite" time="0.01"/>
  <testcase name="test_synthetic_08337" classname="com.example.SyntheticSuite" time="0.01"/>
  <testcase name="test_synthetic_08338" classname="com.example.SyntheticSuite" time="0.01"/>
  <testcase name="test_synthetic_08339" classname="com.example.SyntheticSuite" time="0.01"/>
  <testcase name="test_synthetic_08340" classname="com.example.SyntheticSuite" time="0.01"/>
  <testcase name="test_synthetic_08341" classname="com.example.SyntheticSuite" time="0.01"/>
  <testcase name="test_synthetic_08342" classname="com.example.SyntheticSuite" time="0.01"/>
  <testcase name="test_synthetic_08343" classname="com.example.SyntheticSuite" time="0.01"/>
  <testcase name="test_synthetic_08344" classname="com.example.SyntheticSuite" time="0.01"/>
  <testcase name="test_synthetic_08345" classname="com.example.SyntheticSuite" time="0.01"/>
  <testcase name="test_synthetic_08346" classname="com.example.SyntheticSuite" time="0.01"/>
  <testcase name="test_synthetic_08347" classname="com.example.SyntheticSuite" time="0.01"/>
  <testcase name="test_synthetic_08348" classname="com.example.SyntheticSuite" time="0.01"/>
  <testcase name="test_synthetic_08349" classname="com.example.SyntheticSuite" time="0.01"/>
  <testcase name="test_synthetic_08350" classname="com.example.SyntheticSuite" time="0.01"/>
  <testcase name="test_synthetic_08351" classname="com.example.SyntheticSuite" time="0.01"/>
  <testcase name="test_synthetic_08352" classname="com.example.SyntheticSuite" time="0.01"/>
  <testcase name="test_synthetic_08353" classname="com.example.SyntheticSuite" time="0.01"/>
  <testcase name="test_synthetic_08354" classname="com.example.SyntheticSuite" time="0.01"/>
  <testcase name="test_synthetic_08355" classname="com.example.SyntheticSuite" time="0.01"/>
  <testcase name="test_synthetic_08356" classname="com.example.SyntheticSuite" time="0.01"/>
  <testcase name="test_synthetic_08357" classname="com.example.SyntheticSuite" time="0.01"/>
  <testcase name="test_synthetic_08358" classname="com.example.SyntheticSuite" time="0.01"/>
  <testcase name="test_synthetic_08359" classname="com.example.SyntheticSuite" time="0.01"/>
  <testcase name="test_synthetic_08360" classname="com.example.SyntheticSuite" time="0.01"/>
  <testcase name="test_synthetic_08361" classname="com.example.SyntheticSuite" time="0.01"/>
  <testcase name="test_synthetic_08362" classname="com.example.SyntheticSuite" time="0.01"/>
  <testcase name="test_synthetic_08363" classname="com.example.SyntheticSuite" time="0.01"/>
  <testcase name="test_synthetic_08364" classname="com.example.SyntheticSuite" time="0.01"/>
  <testcase name="test_synthetic_08365" classname="com.example.SyntheticSuite" time="0.01"/>
  <testcase name="test_synthetic_08366" classname="com.example.SyntheticSuite" time="0.01"/>
  <testcase name="test_synthetic_08367" classname="com.example.SyntheticSuite" time="0.01"/>
  <testcase name="test_synthetic_08368" classname="com.example.SyntheticSuite" time="0.01"/>
  <testcase name="test_synthetic_08369" classname="com.example.SyntheticSuite" time="0.01"/>
  <testcase name="test_synthetic_08370" classname="com.example.SyntheticSuite" time="0.01"/>
  <testcase name="test_synthetic_08371" classname="com.example.SyntheticSuite" time="0.01"/>
  <testcase name="test_synthetic_08372" classname="com.example.SyntheticSuite" time="0.01"/>
  <testcase name="test_synthetic_08373" classname="com.example.SyntheticSuite" time="0.01"/>
  <testcase name="test_synthetic_08374" classname="com.example.SyntheticSuite" time="0.01"/>
  <testcase name="test_synthetic_08375" classname="com.example.SyntheticSuite" time="0.01"/>
  <testcase name="test_synthetic_08376" classname="com.example.SyntheticSuite" time="0.01"/>
  <testcase name="test_synthetic_08377" classname="com.example.SyntheticSuite" time="0.01"/>
  <testcase name="test_synthetic_08378" classname="com.example.SyntheticSuite" time="0.01"/>
  <testcase name="test_synthetic_08379" classname="com.example.SyntheticSuite" time="0.01"/>
  <testcase name="test_synthetic_08380" classname="com.example.SyntheticSuite" time="0.01"/>
  <testcase name="test_synthetic_08381" classname="com.example.SyntheticSuite" time="0.01"/>
  <testcase name="test_synthetic_08382" classname="com.example.SyntheticSuite" time="0.01"/>
  <testcase name="test_synthetic_08383" classname="com.example.SyntheticSuite" time="0.01"/>
  <testcase name="test_synthetic_08384" classname="com.example.SyntheticSuite" time="0.01"/>
  <testcase name="test_synthetic_08385" classname="com.example.SyntheticSuite" time="0.01"/>
  <testcase name="test_synthetic_08386" classname="com.example.SyntheticSuite" time="0.01"/>
  <testcase name="test_synthetic_08387" classname="com.example.SyntheticSuite" time="0.01"/>
  <testcase name="test_synthetic_08388" classname="com.example.SyntheticSuite" time="0.01"/>
  <testcase name="test_synthetic_08389" classname="com.example.SyntheticSuite" time="0.01"/>
  <testcase name="test_synthetic_08390" classname="com.example.SyntheticSuite" time="0.01"/>
  <testcase name="test_synthetic_08391" classname="com.example.SyntheticSuite" time="0.01"/>
  <testcase name="test_synthetic_08392" classname="com.example.SyntheticSuite" time="0.01"/>
  <testcase name="test_synthetic_08393" classname="com.example.SyntheticSuite" time="0.01"/>
  <testcase name="test_synthetic_08394" classname="com.example.SyntheticSuite" time="0.01"/>
  <testcase name="test_synthetic_08395" classname="com.example.SyntheticSuite" time="0.01"/>
  <testcase name="test_synthetic_08396" classname="com.example.SyntheticSuite" time="0.01"/>
  <testcase name="test_synthetic_08397" classname="com.example.SyntheticSuite" time="0.01"/>
  <testcase name="test_synthetic_08398" classname="com.example.SyntheticSuite" time="0.01"/>
  <testcase name="test_synthetic_08399" classname="com.example.SyntheticSuite" time="0.01"/>
  <testcase name="test_synthetic_08400" classname="com.example.SyntheticSuite" time="0.01">
    <failure message="Synthetic failure at 8400">Assertion failed at iteration 8400</failure>
  </testcase>
  <testcase name="test_synthetic_08401" classname="com.example.SyntheticSuite" time="0.01"/>
  <testcase name="test_synthetic_08402" classname="com.example.SyntheticSuite" time="0.01"/>
  <testcase name="test_synthetic_08403" classname="com.example.SyntheticSuite" time="0.01"/>
  <testcase name="test_synthetic_08404" classname="com.example.SyntheticSuite" time="0.01"/>
  <testcase name="test_synthetic_08405" classname="com.example.SyntheticSuite" time="0.01"/>
  <testcase name="test_synthetic_08406" classname="com.example.SyntheticSuite" time="0.01"/>
  <testcase name="test_synthetic_08407" classname="com.example.SyntheticSuite" time="0.01"/>
  <testcase name="test_synthetic_08408" classname="com.example.SyntheticSuite" time="0.01"/>
  <testcase name="test_synthetic_08409" classname="com.example.SyntheticSuite" time="0.01"/>
  <testcase name="test_synthetic_08410" classname="com.example.SyntheticSuite" time="0.01"/>
  <testcase name="test_synthetic_08411" classname="com.example.SyntheticSuite" time="0.01"/>
  <testcase name="test_synthetic_08412" classname="com.example.SyntheticSuite" time="0.01"/>
  <testcase name="test_synthetic_08413" classname="com.example.SyntheticSuite" time="0.01"/>
  <testcase name="test_synthetic_08414" classname="com.example.SyntheticSuite" time="0.01"/>
  <testcase name="test_synthetic_08415" classname="com.example.SyntheticSuite" time="0.01"/>
  <testcase name="test_synthetic_08416" classname="com.example.SyntheticSuite" time="0.01"/>
  <testcase name="test_synthetic_08417" classname="com.example.SyntheticSuite" time="0.01"/>
  <testcase name="test_synthetic_08418" classname="com.example.SyntheticSuite" time="0.01"/>
  <testcase name="test_synthetic_08419" classname="com.example.SyntheticSuite" time="0.01"/>
  <testcase name="test_synthetic_08420" classname="com.example.SyntheticSuite" time="0.01"/>
  <testcase name="test_synthetic_08421" classname="com.example.SyntheticSuite" time="0.01"/>
  <testcase name="test_synthetic_08422" classname="com.example.SyntheticSuite" time="0.01"/>
  <testcase name="test_synthetic_08423" classname="com.example.SyntheticSuite" time="0.01"/>
  <testcase name="test_synthetic_08424" classname="com.example.SyntheticSuite" time="0.01"/>
  <testcase name="test_synthetic_08425" classname="com.example.SyntheticSuite" time="0.01"/>
  <testcase name="test_synthetic_08426" classname="com.example.SyntheticSuite" time="0.01"/>
  <testcase name="test_synthetic_08427" classname="com.example.SyntheticSuite" time="0.01"/>
  <testcase name="test_synthetic_08428" classname="com.example.SyntheticSuite" time="0.01"/>
  <testcase name="test_synthetic_08429" classname="com.example.SyntheticSuite" time="0.01"/>
  <testcase name="test_synthetic_08430" classname="com.example.SyntheticSuite" time="0.01"/>
  <testcase name="test_synthetic_08431" classname="com.example.SyntheticSuite" time="0.01"/>
  <testcase name="test_synthetic_08432" classname="com.example.SyntheticSuite" time="0.01"/>
  <testcase name="test_synthetic_08433" classname="com.example.SyntheticSuite" time="0.01"/>
  <testcase name="test_synthetic_08434" classname="com.example.SyntheticSuite" time="0.01"/>
  <testcase name="test_synthetic_08435" classname="com.example.SyntheticSuite" time="0.01"/>
  <testcase name="test_synthetic_08436" classname="com.example.SyntheticSuite" time="0.01"/>
  <testcase name="test_synthetic_08437" classname="com.example.SyntheticSuite" time="0.01"/>
  <testcase name="test_synthetic_08438" classname="com.example.SyntheticSuite" time="0.01"/>
  <testcase name="test_synthetic_08439" classname="com.example.SyntheticSuite" time="0.01"/>
  <testcase name="test_synthetic_08440" classname="com.example.SyntheticSuite" time="0.01"/>
  <testcase name="test_synthetic_08441" classname="com.example.SyntheticSuite" time="0.01"/>
  <testcase name="test_synthetic_08442" classname="com.example.SyntheticSuite" time="0.01"/>
  <testcase name="test_synthetic_08443" classname="com.example.SyntheticSuite" time="0.01"/>
  <testcase name="test_synthetic_08444" classname="com.example.SyntheticSuite" time="0.01"/>
  <testcase name="test_synthetic_08445" classname="com.example.SyntheticSuite" time="0.01"/>
  <testcase name="test_synthetic_08446" classname="com.example.SyntheticSuite" time="0.01"/>
  <testcase name="test_synthetic_08447" classname="com.example.SyntheticSuite" time="0.01"/>
  <testcase name="test_synthetic_08448" classname="com.example.SyntheticSuite" time="0.01"/>
  <testcase name="test_synthetic_08449" classname="com.example.SyntheticSuite" time="0.01"/>
  <testcase name="test_synthetic_08450" classname="com.example.SyntheticSuite" time="0.01"/>
  <testcase name="test_synthetic_08451" classname="com.example.SyntheticSuite" time="0.01"/>
  <testcase name="test_synthetic_08452" classname="com.example.SyntheticSuite" time="0.01"/>
  <testcase name="test_synthetic_08453" classname="com.example.SyntheticSuite" time="0.01"/>
  <testcase name="test_synthetic_08454" classname="com.example.SyntheticSuite" time="0.01"/>
  <testcase name="test_synthetic_08455" classname="com.example.SyntheticSuite" time="0.01"/>
  <testcase name="test_synthetic_08456" classname="com.example.SyntheticSuite" time="0.01"/>
  <testcase name="test_synthetic_08457" classname="com.example.SyntheticSuite" time="0.01"/>
  <testcase name="test_synthetic_08458" classname="com.example.SyntheticSuite" time="0.01"/>
  <testcase name="test_synthetic_08459" classname="com.example.SyntheticSuite" time="0.01"/>
  <testcase name="test_synthetic_08460" classname="com.example.SyntheticSuite" time="0.01"/>
  <testcase name="test_synthetic_08461" classname="com.example.SyntheticSuite" time="0.01"/>
  <testcase name="test_synthetic_08462" classname="com.example.SyntheticSuite" time="0.01"/>
  <testcase name="test_synthetic_08463" classname="com.example.SyntheticSuite" time="0.01"/>
  <testcase name="test_synthetic_08464" classname="com.example.SyntheticSuite" time="0.01"/>
  <testcase name="test_synthetic_08465" classname="com.example.SyntheticSuite" time="0.01"/>
  <testcase name="test_synthetic_08466" classname="com.example.SyntheticSuite" time="0.01"/>
  <testcase name="test_synthetic_08467" classname="com.example.SyntheticSuite" time="0.01"/>
  <testcase name="test_synthetic_08468" classname="com.example.SyntheticSuite" time="0.01"/>
  <testcase name="test_synthetic_08469" classname="com.example.SyntheticSuite" time="0.01"/>
  <testcase name="test_synthetic_08470" classname="com.example.SyntheticSuite" time="0.01"/>
  <testcase name="test_synthetic_08471" classname="com.example.SyntheticSuite" time="0.01"/>
  <testcase name="test_synthetic_08472" classname="com.example.SyntheticSuite" time="0.01"/>
  <testcase name="test_synthetic_08473" classname="com.example.SyntheticSuite" time="0.01"/>
  <testcase name="test_synthetic_08474" classname="com.example.SyntheticSuite" time="0.01"/>
  <testcase name="test_synthetic_08475" classname="com.example.SyntheticSuite" time="0.01"/>
  <testcase name="test_synthetic_08476" classname="com.example.SyntheticSuite" time="0.01"/>
  <testcase name="test_synthetic_08477" classname="com.example.SyntheticSuite" time="0.01"/>
  <testcase name="test_synthetic_08478" classname="com.example.SyntheticSuite" time="0.01"/>
  <testcase name="test_synthetic_08479" classname="com.example.SyntheticSuite" time="0.01"/>
  <testcase name="test_synthetic_08480" classname="com.example.SyntheticSuite" time="0.01"/>
  <testcase name="test_synthetic_08481" classname="com.example.SyntheticSuite" time="0.01"/>
  <testcase name="test_synthetic_08482" classname="com.example.SyntheticSuite" time="0.01"/>
  <testcase name="test_synthetic_08483" classname="com.example.SyntheticSuite" time="0.01"/>
  <testcase name="test_synthetic_08484" classname="com.example.SyntheticSuite" time="0.01"/>
  <testcase name="test_synthetic_08485" classname="com.example.SyntheticSuite" time="0.01"/>
  <testcase name="test_synthetic_08486" classname="com.example.SyntheticSuite" time="0.01"/>
  <testcase name="test_synthetic_08487" classname="com.example.SyntheticSuite" time="0.01"/>
  <testcase name="test_synthetic_08488" classname="com.example.SyntheticSuite" time="0.01"/>
  <testcase name="test_synthetic_08489" classname="com.example.SyntheticSuite" time="0.01"/>
  <testcase name="test_synthetic_08490" classname="com.example.SyntheticSuite" time="0.01"/>
  <testcase name="test_synthetic_08491" classname="com.example.SyntheticSuite" time="0.01"/>
  <testcase name="test_synthetic_08492" classname="com.example.SyntheticSuite" time="0.01"/>
  <testcase name="test_synthetic_08493" classname="com.example.SyntheticSuite" time="0.01"/>
  <testcase name="test_synthetic_08494" classname="com.example.SyntheticSuite" time="0.01"/>
  <testcase name="test_synthetic_08495" classname="com.example.SyntheticSuite" time="0.01"/>
  <testcase name="test_synthetic_08496" classname="com.example.SyntheticSuite" time="0.01"/>
  <testcase name="test_synthetic_08497" classname="com.example.SyntheticSuite" time="0.01"/>
  <testcase name="test_synthetic_08498" classname="com.example.SyntheticSuite" time="0.01"/>
  <testcase name="test_synthetic_08499" classname="com.example.SyntheticSuite" time="0.01"/>
  <testcase name="test_synthetic_08500" classname="com.example.SyntheticSuite" time="0.01">
    <failure message="Synthetic failure at 8500">Assertion failed at iteration 8500</failure>
  </testcase>
  <testcase name="test_synthetic_08501" classname="com.example.SyntheticSuite" time="0.01"/>
  <testcase name="test_synthetic_08502" classname="com.example.SyntheticSuite" time="0.01"/>
  <testcase name="test_synthetic_08503" classname="com.example.SyntheticSuite" time="0.01"/>
  <testcase name="test_synthetic_08504" classname="com.example.SyntheticSuite" time="0.01"/>
  <testcase name="test_synthetic_08505" classname="com.example.SyntheticSuite" time="0.01"/>
  <testcase name="test_synthetic_08506" classname="com.example.SyntheticSuite" time="0.01"/>
  <testcase name="test_synthetic_08507" classname="com.example.SyntheticSuite" time="0.01"/>
  <testcase name="test_synthetic_08508" classname="com.example.SyntheticSuite" time="0.01"/>
  <testcase name="test_synthetic_08509" classname="com.example.SyntheticSuite" time="0.01"/>
  <testcase name="test_synthetic_08510" classname="com.example.SyntheticSuite" time="0.01"/>
  <testcase name="test_synthetic_08511" classname="com.example.SyntheticSuite" time="0.01"/>
  <testcase name="test_synthetic_08512" classname="com.example.SyntheticSuite" time="0.01"/>
  <testcase name="test_synthetic_08513" classname="com.example.SyntheticSuite" time="0.01"/>
  <testcase name="test_synthetic_08514" classname="com.example.SyntheticSuite" time="0.01"/>
  <testcase name="test_synthetic_08515" classname="com.example.SyntheticSuite" time="0.01"/>
  <testcase name="test_synthetic_08516" classname="com.example.SyntheticSuite" time="0.01"/>
  <testcase name="test_synthetic_08517" classname="com.example.SyntheticSuite" time="0.01"/>
  <testcase name="test_synthetic_08518" classname="com.example.SyntheticSuite" time="0.01"/>
  <testcase name="test_synthetic_08519" classname="com.example.SyntheticSuite" time="0.01"/>
  <testcase name="test_synthetic_08520" classname="com.example.SyntheticSuite" time="0.01"/>
  <testcase name="test_synthetic_08521" classname="com.example.SyntheticSuite" time="0.01"/>
  <testcase name="test_synthetic_08522" classname="com.example.SyntheticSuite" time="0.01"/>
  <testcase name="test_synthetic_08523" classname="com.example.SyntheticSuite" time="0.01"/>
  <testcase name="test_synthetic_08524" classname="com.example.SyntheticSuite" time="0.01"/>
  <testcase name="test_synthetic_08525" classname="com.example.SyntheticSuite" time="0.01"/>
  <testcase name="test_synthetic_08526" classname="com.example.SyntheticSuite" time="0.01"/>
  <testcase name="test_synthetic_08527" classname="com.example.SyntheticSuite" time="0.01"/>
  <testcase name="test_synthetic_08528" classname="com.example.SyntheticSuite" time="0.01"/>
  <testcase name="test_synthetic_08529" classname="com.example.SyntheticSuite" time="0.01"/>
  <testcase name="test_synthetic_08530" classname="com.example.SyntheticSuite" time="0.01"/>
  <testcase name="test_synthetic_08531" classname="com.example.SyntheticSuite" time="0.01"/>
  <testcase name="test_synthetic_08532" classname="com.example.SyntheticSuite" time="0.01"/>
  <testcase name="test_synthetic_08533" classname="com.example.SyntheticSuite" time="0.01"/>
  <testcase name="test_synthetic_08534" classname="com.example.SyntheticSuite" time="0.01"/>
  <testcase name="test_synthetic_08535" classname="com.example.SyntheticSuite" time="0.01"/>
  <testcase name="test_synthetic_08536" classname="com.example.SyntheticSuite" time="0.01"/>
  <testcase name="test_synthetic_08537" classname="com.example.SyntheticSuite" time="0.01"/>
  <testcase name="test_synthetic_08538" classname="com.example.SyntheticSuite" time="0.01"/>
  <testcase name="test_synthetic_08539" classname="com.example.SyntheticSuite" time="0.01"/>
  <testcase name="test_synthetic_08540" classname="com.example.SyntheticSuite" time="0.01"/>
  <testcase name="test_synthetic_08541" classname="com.example.SyntheticSuite" time="0.01"/>
  <testcase name="test_synthetic_08542" classname="com.example.SyntheticSuite" time="0.01"/>
  <testcase name="test_synthetic_08543" classname="com.example.SyntheticSuite" time="0.01"/>
  <testcase name="test_synthetic_08544" classname="com.example.SyntheticSuite" time="0.01"/>
  <testcase name="test_synthetic_08545" classname="com.example.SyntheticSuite" time="0.01"/>
  <testcase name="test_synthetic_08546" classname="com.example.SyntheticSuite" time="0.01"/>
  <testcase name="test_synthetic_08547" classname="com.example.SyntheticSuite" time="0.01"/>
  <testcase name="test_synthetic_08548" classname="com.example.SyntheticSuite" time="0.01"/>
  <testcase name="test_synthetic_08549" classname="com.example.SyntheticSuite" time="0.01"/>
  <testcase name="test_synthetic_08550" classname="com.example.SyntheticSuite" time="0.01"/>
  <testcase name="test_synthetic_08551" classname="com.example.SyntheticSuite" time="0.01"/>
  <testcase name="test_synthetic_08552" classname="com.example.SyntheticSuite" time="0.01"/>
  <testcase name="test_synthetic_08553" classname="com.example.SyntheticSuite" time="0.01"/>
  <testcase name="test_synthetic_08554" classname="com.example.SyntheticSuite" time="0.01"/>
  <testcase name="test_synthetic_08555" classname="com.example.SyntheticSuite" time="0.01"/>
  <testcase name="test_synthetic_08556" classname="com.example.SyntheticSuite" time="0.01"/>
  <testcase name="test_synthetic_08557" classname="com.example.SyntheticSuite" time="0.01"/>
  <testcase name="test_synthetic_08558" classname="com.example.SyntheticSuite" time="0.01"/>
  <testcase name="test_synthetic_08559" classname="com.example.SyntheticSuite" time="0.01"/>
  <testcase name="test_synthetic_08560" classname="com.example.SyntheticSuite" time="0.01"/>
  <testcase name="test_synthetic_08561" classname="com.example.SyntheticSuite" time="0.01"/>
  <testcase name="test_synthetic_08562" classname="com.example.SyntheticSuite" time="0.01"/>
  <testcase name="test_synthetic_08563" classname="com.example.SyntheticSuite" time="0.01"/>
  <testcase name="test_synthetic_08564" classname="com.example.SyntheticSuite" time="0.01"/>
  <testcase name="test_synthetic_08565" classname="com.example.SyntheticSuite" time="0.01"/>
  <testcase name="test_synthetic_08566" classname="com.example.SyntheticSuite" time="0.01"/>
  <testcase name="test_synthetic_08567" classname="com.example.SyntheticSuite" time="0.01"/>
  <testcase name="test_synthetic_08568" classname="com.example.SyntheticSuite" time="0.01"/>
  <testcase name="test_synthetic_08569" classname="com.example.SyntheticSuite" time="0.01"/>
  <testcase name="test_synthetic_08570" classname="com.example.SyntheticSuite" time="0.01"/>
  <testcase name="test_synthetic_08571" classname="com.example.SyntheticSuite" time="0.01"/>
  <testcase name="test_synthetic_08572" classname="com.example.SyntheticSuite" time="0.01"/>
  <testcase name="test_synthetic_08573" classname="com.example.SyntheticSuite" time="0.01"/>
  <testcase name="test_synthetic_08574" classname="com.example.SyntheticSuite" time="0.01"/>
  <testcase name="test_synthetic_08575" classname="com.example.SyntheticSuite" time="0.01"/>
  <testcase name="test_synthetic_08576" classname="com.example.SyntheticSuite" time="0.01"/>
  <testcase name="test_synthetic_08577" classname="com.example.SyntheticSuite" time="0.01"/>
  <testcase name="test_synthetic_08578" classname="com.example.SyntheticSuite" time="0.01"/>
  <testcase name="test_synthetic_08579" classname="com.example.SyntheticSuite" time="0.01"/>
  <testcase name="test_synthetic_08580" classname="com.example.SyntheticSuite" time="0.01"/>
  <testcase name="test_synthetic_08581" classname="com.example.SyntheticSuite" time="0.01"/>
  <testcase name="test_synthetic_08582" classname="com.example.SyntheticSuite" time="0.01"/>
  <testcase name="test_synthetic_08583" classname="com.example.SyntheticSuite" time="0.01"/>
  <testcase name="test_synthetic_08584" classname="com.example.SyntheticSuite" time="0.01"/>
  <testcase name="test_synthetic_08585" classname="com.example.SyntheticSuite" time="0.01"/>
  <testcase name="test_synthetic_08586" classname="com.example.SyntheticSuite" time="0.01"/>
  <testcase name="test_synthetic_08587" classname="com.example.SyntheticSuite" time="0.01"/>
  <testcase name="test_synthetic_08588" classname="com.example.SyntheticSuite" time="0.01"/>
  <testcase name="test_synthetic_08589" classname="com.example.SyntheticSuite" time="0.01"/>
  <testcase name="test_synthetic_08590" classname="com.example.SyntheticSuite" time="0.01"/>
  <testcase name="test_synthetic_08591" classname="com.example.SyntheticSuite" time="0.01"/>
  <testcase name="test_synthetic_08592" classname="com.example.SyntheticSuite" time="0.01"/>
  <testcase name="test_synthetic_08593" classname="com.example.SyntheticSuite" time="0.01"/>
  <testcase name="test_synthetic_08594" classname="com.example.SyntheticSuite" time="0.01"/>
  <testcase name="test_synthetic_08595" classname="com.example.SyntheticSuite" time="0.01"/>
  <testcase name="test_synthetic_08596" classname="com.example.SyntheticSuite" time="0.01"/>
  <testcase name="test_synthetic_08597" classname="com.example.SyntheticSuite" time="0.01"/>
  <testcase name="test_synthetic_08598" classname="com.example.SyntheticSuite" time="0.01"/>
  <testcase name="test_synthetic_08599" classname="com.example.SyntheticSuite" time="0.01"/>
  <testcase name="test_synthetic_08600" classname="com.example.SyntheticSuite" time="0.01">
    <failure message="Synthetic failure at 8600">Assertion failed at iteration 8600</failure>
  </testcase>
  <testcase name="test_synthetic_08601" classname="com.example.SyntheticSuite" time="0.01"/>
  <testcase name="test_synthetic_08602" classname="com.example.SyntheticSuite" time="0.01"/>
  <testcase name="test_synthetic_08603" classname="com.example.SyntheticSuite" time="0.01"/>
  <testcase name="test_synthetic_08604" classname="com.example.SyntheticSuite" time="0.01"/>
  <testcase name="test_synthetic_08605" classname="com.example.SyntheticSuite" time="0.01"/>
  <testcase name="test_synthetic_08606" classname="com.example.SyntheticSuite" time="0.01"/>
  <testcase name="test_synthetic_08607" classname="com.example.SyntheticSuite" time="0.01"/>
  <testcase name="test_synthetic_08608" classname="com.example.SyntheticSuite" time="0.01"/>
  <testcase name="test_synthetic_08609" classname="com.example.SyntheticSuite" time="0.01"/>
  <testcase name="test_synthetic_08610" classname="com.example.SyntheticSuite" time="0.01"/>
  <testcase name="test_synthetic_08611" classname="com.example.SyntheticSuite" time="0.01"/>
  <testcase name="test_synthetic_08612" classname="com.example.SyntheticSuite" time="0.01"/>
  <testcase name="test_synthetic_08613" classname="com.example.SyntheticSuite" time="0.01"/>
  <testcase name="test_synthetic_08614" classname="com.example.SyntheticSuite" time="0.01"/>
  <testcase name="test_synthetic_08615" classname="com.example.SyntheticSuite" time="0.01"/>
  <testcase name="test_synthetic_08616" classname="com.example.SyntheticSuite" time="0.01"/>
  <testcase name="test_synthetic_08617" classname="com.example.SyntheticSuite" time="0.01"/>
  <testcase name="test_synthetic_08618" classname="com.example.SyntheticSuite" time="0.01"/>
  <testcase name="test_synthetic_08619" classname="com.example.SyntheticSuite" time="0.01"/>
  <testcase name="test_synthetic_08620" classname="com.example.SyntheticSuite" time="0.01"/>
  <testcase name="test_synthetic_08621" classname="com.example.SyntheticSuite" time="0.01"/>
  <testcase name="test_synthetic_08622" classname="com.example.SyntheticSuite" time="0.01"/>
  <testcase name="test_synthetic_08623" classname="com.example.SyntheticSuite" time="0.01"/>
  <testcase name="test_synthetic_08624" classname="com.example.SyntheticSuite" time="0.01"/>
  <testcase name="test_synthetic_08625" classname="com.example.SyntheticSuite" time="0.01"/>
  <testcase name="test_synthetic_08626" classname="com.example.SyntheticSuite" time="0.01"/>
  <testcase name="test_synthetic_08627" classname="com.example.SyntheticSuite" time="0.01"/>
  <testcase name="test_synthetic_08628" classname="com.example.SyntheticSuite" time="0.01"/>
  <testcase name="test_synthetic_08629" classname="com.example.SyntheticSuite" time="0.01"/>
  <testcase name="test_synthetic_08630" classname="com.example.SyntheticSuite" time="0.01"/>
  <testcase name="test_synthetic_08631" classname="com.example.SyntheticSuite" time="0.01"/>
  <testcase name="test_synthetic_08632" classname="com.example.SyntheticSuite" time="0.01"/>
  <testcase name="test_synthetic_08633" classname="com.example.SyntheticSuite" time="0.01"/>
  <testcase name="test_synthetic_08634" classname="com.example.SyntheticSuite" time="0.01"/>
  <testcase name="test_synthetic_08635" classname="com.example.SyntheticSuite" time="0.01"/>
  <testcase name="test_synthetic_08636" classname="com.example.SyntheticSuite" time="0.01"/>
  <testcase name="test_synthetic_08637" classname="com.example.SyntheticSuite" time="0.01"/>
  <testcase name="test_synthetic_08638" classname="com.example.SyntheticSuite" time="0.01"/>
  <testcase name="test_synthetic_08639" classname="com.example.SyntheticSuite" time="0.01"/>
  <testcase name="test_synthetic_08640" classname="com.example.SyntheticSuite" time="0.01"/>
  <testcase name="test_synthetic_08641" classname="com.example.SyntheticSuite" time="0.01"/>
  <testcase name="test_synthetic_08642" classname="com.example.SyntheticSuite" time="0.01"/>
  <testcase name="test_synthetic_08643" classname="com.example.SyntheticSuite" time="0.01"/>
  <testcase name="test_synthetic_08644" classname="com.example.SyntheticSuite" time="0.01"/>
  <testcase name="test_synthetic_08645" classname="com.example.SyntheticSuite" time="0.01"/>
  <testcase name="test_synthetic_08646" classname="com.example.SyntheticSuite" time="0.01"/>
  <testcase name="test_synthetic_08647" classname="com.example.SyntheticSuite" time="0.01"/>
  <testcase name="test_synthetic_08648" classname="com.example.SyntheticSuite" time="0.01"/>
  <testcase name="test_synthetic_08649" classname="com.example.SyntheticSuite" time="0.01"/>
  <testcase name="test_synthetic_08650" classname="com.example.SyntheticSuite" time="0.01"/>
  <testcase name="test_synthetic_08651" classname="com.example.SyntheticSuite" time="0.01"/>
  <testcase name="test_synthetic_08652" classname="com.example.SyntheticSuite" time="0.01"/>
  <testcase name="test_synthetic_08653" classname="com.example.SyntheticSuite" time="0.01"/>
  <testcase name="test_synthetic_08654" classname="com.example.SyntheticSuite" time="0.01"/>
  <testcase name="test_synthetic_08655" classname="com.example.SyntheticSuite" time="0.01"/>
  <testcase name="test_synthetic_08656" classname="com.example.SyntheticSuite" time="0.01"/>
  <testcase name="test_synthetic_08657" classname="com.example.SyntheticSuite" time="0.01"/>
  <testcase name="test_synthetic_08658" classname="com.example.SyntheticSuite" time="0.01"/>
  <testcase name="test_synthetic_08659" classname="com.example.SyntheticSuite" time="0.01"/>
  <testcase name="test_synthetic_08660" classname="com.example.SyntheticSuite" time="0.01"/>
  <testcase name="test_synthetic_08661" classname="com.example.SyntheticSuite" time="0.01"/>
  <testcase name="test_synthetic_08662" classname="com.example.SyntheticSuite" time="0.01"/>
  <testcase name="test_synthetic_08663" classname="com.example.SyntheticSuite" time="0.01"/>
  <testcase name="test_synthetic_08664" classname="com.example.SyntheticSuite" time="0.01"/>
  <testcase name="test_synthetic_08665" classname="com.example.SyntheticSuite" time="0.01"/>
  <testcase name="test_synthetic_08666" classname="com.example.SyntheticSuite" time="0.01"/>
  <testcase name="test_synthetic_08667" classname="com.example.SyntheticSuite" time="0.01"/>
  <testcase name="test_synthetic_08668" classname="com.example.SyntheticSuite" time="0.01"/>
  <testcase name="test_synthetic_08669" classname="com.example.SyntheticSuite" time="0.01"/>
  <testcase name="test_synthetic_08670" classname="com.example.SyntheticSuite" time="0.01"/>
  <testcase name="test_synthetic_08671" classname="com.example.SyntheticSuite" time="0.01"/>
  <testcase name="test_synthetic_08672" classname="com.example.SyntheticSuite" time="0.01"/>
  <testcase name="test_synthetic_08673" classname="com.example.SyntheticSuite" time="0.01"/>
  <testcase name="test_synthetic_08674" classname="com.example.SyntheticSuite" time="0.01"/>
  <testcase name="test_synthetic_08675" classname="com.example.SyntheticSuite" time="0.01"/>
  <testcase name="test_synthetic_08676" classname="com.example.SyntheticSuite" time="0.01"/>
  <testcase name="test_synthetic_08677" classname="com.example.SyntheticSuite" time="0.01"/>
  <testcase name="test_synthetic_08678" classname="com.example.SyntheticSuite" time="0.01"/>
  <testcase name="test_synthetic_08679" classname="com.example.SyntheticSuite" time="0.01"/>
  <testcase name="test_synthetic_08680" classname="com.example.SyntheticSuite" time="0.01"/>
  <testcase name="test_synthetic_08681" classname="com.example.SyntheticSuite" time="0.01"/>
  <testcase name="test_synthetic_08682" classname="com.example.SyntheticSuite" time="0.01"/>
  <testcase name="test_synthetic_08683" classname="com.example.SyntheticSuite" time="0.01"/>
  <testcase name="test_synthetic_08684" classname="com.example.SyntheticSuite" time="0.01"/>
  <testcase name="test_synthetic_08685" classname="com.example.SyntheticSuite" time="0.01"/>
  <testcase name="test_synthetic_08686" classname="com.example.SyntheticSuite" time="0.01"/>
  <testcase name="test_synthetic_08687" classname="com.example.SyntheticSuite" time="0.01"/>
  <testcase name="test_synthetic_08688" classname="com.example.SyntheticSuite" time="0.01"/>
  <testcase name="test_synthetic_08689" classname="com.example.SyntheticSuite" time="0.01"/>
  <testcase name="test_synthetic_08690" classname="com.example.SyntheticSuite" time="0.01"/>
  <testcase name="test_synthetic_08691" classname="com.example.SyntheticSuite" time="0.01"/>
  <testcase name="test_synthetic_08692" classname="com.example.SyntheticSuite" time="0.01"/>
  <testcase name="test_synthetic_08693" classname="com.example.SyntheticSuite" time="0.01"/>
  <testcase name="test_synthetic_08694" classname="com.example.SyntheticSuite" time="0.01"/>
  <testcase name="test_synthetic_08695" classname="com.example.SyntheticSuite" time="0.01"/>
  <testcase name="test_synthetic_08696" classname="com.example.SyntheticSuite" time="0.01"/>
  <testcase name="test_synthetic_08697" classname="com.example.SyntheticSuite" time="0.01"/>
  <testcase name="test_synthetic_08698" classname="com.example.SyntheticSuite" time="0.01"/>
  <testcase name="test_synthetic_08699" classname="com.example.SyntheticSuite" time="0.01"/>
  <testcase name="test_synthetic_08700" classname="com.example.SyntheticSuite" time="0.01">
    <failure message="Synthetic failure at 8700">Assertion failed at iteration 8700</failure>
  </testcase>
  <testcase name="test_synthetic_08701" classname="com.example.SyntheticSuite" time="0.01"/>
  <testcase name="test_synthetic_08702" classname="com.example.SyntheticSuite" time="0.01"/>
  <testcase name="test_synthetic_08703" classname="com.example.SyntheticSuite" time="0.01"/>
  <testcase name="test_synthetic_08704" classname="com.example.SyntheticSuite" time="0.01"/>
  <testcase name="test_synthetic_08705" classname="com.example.SyntheticSuite" time="0.01"/>
  <testcase name="test_synthetic_08706" classname="com.example.SyntheticSuite" time="0.01"/>
  <testcase name="test_synthetic_08707" classname="com.example.SyntheticSuite" time="0.01"/>
  <testcase name="test_synthetic_08708" classname="com.example.SyntheticSuite" time="0.01"/>
  <testcase name="test_synthetic_08709" classname="com.example.SyntheticSuite" time="0.01"/>
  <testcase name="test_synthetic_08710" classname="com.example.SyntheticSuite" time="0.01"/>
  <testcase name="test_synthetic_08711" classname="com.example.SyntheticSuite" time="0.01"/>
  <testcase name="test_synthetic_08712" classname="com.example.SyntheticSuite" time="0.01"/>
  <testcase name="test_synthetic_08713" classname="com.example.SyntheticSuite" time="0.01"/>
  <testcase name="test_synthetic_08714" classname="com.example.SyntheticSuite" time="0.01"/>
  <testcase name="test_synthetic_08715" classname="com.example.SyntheticSuite" time="0.01"/>
  <testcase name="test_synthetic_08716" classname="com.example.SyntheticSuite" time="0.01"/>
  <testcase name="test_synthetic_08717" classname="com.example.SyntheticSuite" time="0.01"/>
  <testcase name="test_synthetic_08718" classname="com.example.SyntheticSuite" time="0.01"/>
  <testcase name="test_synthetic_08719" classname="com.example.SyntheticSuite" time="0.01"/>
  <testcase name="test_synthetic_08720" classname="com.example.SyntheticSuite" time="0.01"/>
  <testcase name="test_synthetic_08721" classname="com.example.SyntheticSuite" time="0.01"/>
  <testcase name="test_synthetic_08722" classname="com.example.SyntheticSuite" time="0.01"/>
  <testcase name="test_synthetic_08723" classname="com.example.SyntheticSuite" time="0.01"/>
  <testcase name="test_synthetic_08724" classname="com.example.SyntheticSuite" time="0.01"/>
  <testcase name="test_synthetic_08725" classname="com.example.SyntheticSuite" time="0.01"/>
  <testcase name="test_synthetic_08726" classname="com.example.SyntheticSuite" time="0.01"/>
  <testcase name="test_synthetic_08727" classname="com.example.SyntheticSuite" time="0.01"/>
  <testcase name="test_synthetic_08728" classname="com.example.SyntheticSuite" time="0.01"/>
  <testcase name="test_synthetic_08729" classname="com.example.SyntheticSuite" time="0.01"/>
  <testcase name="test_synthetic_08730" classname="com.example.SyntheticSuite" time="0.01"/>
  <testcase name="test_synthetic_08731" classname="com.example.SyntheticSuite" time="0.01"/>
  <testcase name="test_synthetic_08732" classname="com.example.SyntheticSuite" time="0.01"/>
  <testcase name="test_synthetic_08733" classname="com.example.SyntheticSuite" time="0.01"/>
  <testcase name="test_synthetic_08734" classname="com.example.SyntheticSuite" time="0.01"/>
  <testcase name="test_synthetic_08735" classname="com.example.SyntheticSuite" time="0.01"/>
  <testcase name="test_synthetic_08736" classname="com.example.SyntheticSuite" time="0.01"/>
  <testcase name="test_synthetic_08737" classname="com.example.SyntheticSuite" time="0.01"/>
  <testcase name="test_synthetic_08738" classname="com.example.SyntheticSuite" time="0.01"/>
  <testcase name="test_synthetic_08739" classname="com.example.SyntheticSuite" time="0.01"/>
  <testcase name="test_synthetic_08740" classname="com.example.SyntheticSuite" time="0.01"/>
  <testcase name="test_synthetic_08741" classname="com.example.SyntheticSuite" time="0.01"/>
  <testcase name="test_synthetic_08742" classname="com.example.SyntheticSuite" time="0.01"/>
  <testcase name="test_synthetic_08743" classname="com.example.SyntheticSuite" time="0.01"/>
  <testcase name="test_synthetic_08744" classname="com.example.SyntheticSuite" time="0.01"/>
  <testcase name="test_synthetic_08745" classname="com.example.SyntheticSuite" time="0.01"/>
  <testcase name="test_synthetic_08746" classname="com.example.SyntheticSuite" time="0.01"/>
  <testcase name="test_synthetic_08747" classname="com.example.SyntheticSuite" time="0.01"/>
  <testcase name="test_synthetic_08748" classname="com.example.SyntheticSuite" time="0.01"/>
  <testcase name="test_synthetic_08749" classname="com.example.SyntheticSuite" time="0.01"/>
  <testcase name="test_synthetic_08750" classname="com.example.SyntheticSuite" time="0.01"/>
  <testcase name="test_synthetic_08751" classname="com.example.SyntheticSuite" time="0.01"/>
  <testcase name="test_synthetic_08752" classname="com.example.SyntheticSuite" time="0.01"/>
  <testcase name="test_synthetic_08753" classname="com.example.SyntheticSuite" time="0.01"/>
  <testcase name="test_synthetic_08754" classname="com.example.SyntheticSuite" time="0.01"/>
  <testcase name="test_synthetic_08755" classname="com.example.SyntheticSuite" time="0.01"/>
  <testcase name="test_synthetic_08756" classname="com.example.SyntheticSuite" time="0.01"/>
  <testcase name="test_synthetic_08757" classname="com.example.SyntheticSuite" time="0.01"/>
  <testcase name="test_synthetic_08758" classname="com.example.SyntheticSuite" time="0.01"/>
  <testcase name="test_synthetic_08759" classname="com.example.SyntheticSuite" time="0.01"/>
  <testcase name="test_synthetic_08760" classname="com.example.SyntheticSuite" time="0.01"/>
  <testcase name="test_synthetic_08761" classname="com.example.SyntheticSuite" time="0.01"/>
  <testcase name="test_synthetic_08762" classname="com.example.SyntheticSuite" time="0.01"/>
  <testcase name="test_synthetic_08763" classname="com.example.SyntheticSuite" time="0.01"/>
  <testcase name="test_synthetic_08764" classname="com.example.SyntheticSuite" time="0.01"/>
  <testcase name="test_synthetic_08765" classname="com.example.SyntheticSuite" time="0.01"/>
  <testcase name="test_synthetic_08766" classname="com.example.SyntheticSuite" time="0.01"/>
  <testcase name="test_synthetic_08767" classname="com.example.SyntheticSuite" time="0.01"/>
  <testcase name="test_synthetic_08768" classname="com.example.SyntheticSuite" time="0.01"/>
  <testcase name="test_synthetic_08769" classname="com.example.SyntheticSuite" time="0.01"/>
  <testcase name="test_synthetic_08770" classname="com.example.SyntheticSuite" time="0.01"/>
  <testcase name="test_synthetic_08771" classname="com.example.SyntheticSuite" time="0.01"/>
  <testcase name="test_synthetic_08772" classname="com.example.SyntheticSuite" time="0.01"/>
  <testcase name="test_synthetic_08773" classname="com.example.SyntheticSuite" time="0.01"/>
  <testcase name="test_synthetic_08774" classname="com.example.SyntheticSuite" time="0.01"/>
  <testcase name="test_synthetic_08775" classname="com.example.SyntheticSuite" time="0.01"/>
  <testcase name="test_synthetic_08776" classname="com.example.SyntheticSuite" time="0.01"/>
  <testcase name="test_synthetic_08777" classname="com.example.SyntheticSuite" time="0.01"/>
  <testcase name="test_synthetic_08778" classname="com.example.SyntheticSuite" time="0.01"/>
  <testcase name="test_synthetic_08779" classname="com.example.SyntheticSuite" time="0.01"/>
  <testcase name="test_synthetic_08780" classname="com.example.SyntheticSuite" time="0.01"/>
  <testcase name="test_synthetic_08781" classname="com.example.SyntheticSuite" time="0.01"/>
  <testcase name="test_synthetic_08782" classname="com.example.SyntheticSuite" time="0.01"/>
  <testcase name="test_synthetic_08783" classname="com.example.SyntheticSuite" time="0.01"/>
  <testcase name="test_synthetic_08784" classname="com.example.SyntheticSuite" time="0.01"/>
  <testcase name="test_synthetic_08785" classname="com.example.SyntheticSuite" time="0.01"/>
  <testcase name="test_synthetic_08786" classname="com.example.SyntheticSuite" time="0.01"/>
  <testcase name="test_synthetic_08787" classname="com.example.SyntheticSuite" time="0.01"/>
  <testcase name="test_synthetic_08788" classname="com.example.SyntheticSuite" time="0.01"/>
  <testcase name="test_synthetic_08789" classname="com.example.SyntheticSuite" time="0.01"/>
  <testcase name="test_synthetic_08790" classname="com.example.SyntheticSuite" time="0.01"/>
  <testcase name="test_synthetic_08791" classname="com.example.SyntheticSuite" time="0.01"/>
  <testcase name="test_synthetic_08792" classname="com.example.SyntheticSuite" time="0.01"/>
  <testcase name="test_synthetic_08793" classname="com.example.SyntheticSuite" time="0.01"/>
  <testcase name="test_synthetic_08794" classname="com.example.SyntheticSuite" time="0.01"/>
  <testcase name="test_synthetic_08795" classname="com.example.SyntheticSuite" time="0.01"/>
  <testcase name="test_synthetic_08796" classname="com.example.SyntheticSuite" time="0.01"/>
  <testcase name="test_synthetic_08797" classname="com.example.SyntheticSuite" time="0.01"/>
  <testcase name="test_synthetic_08798" classname="com.example.SyntheticSuite" time="0.01"/>
  <testcase name="test_synthetic_08799" classname="com.example.SyntheticSuite" time="0.01"/>
  <testcase name="test_synthetic_08800" classname="com.example.SyntheticSuite" time="0.01">
    <failure message="Synthetic failure at 8800">Assertion failed at iteration 8800</failure>
  </testcase>
  <testcase name="test_synthetic_08801" classname="com.example.SyntheticSuite" time="0.01"/>
  <testcase name="test_synthetic_08802" classname="com.example.SyntheticSuite" time="0.01"/>
  <testcase name="test_synthetic_08803" classname="com.example.SyntheticSuite" time="0.01"/>
  <testcase name="test_synthetic_08804" classname="com.example.SyntheticSuite" time="0.01"/>
  <testcase name="test_synthetic_08805" classname="com.example.SyntheticSuite" time="0.01"/>
  <testcase name="test_synthetic_08806" classname="com.example.SyntheticSuite" time="0.01"/>
  <testcase name="test_synthetic_08807" classname="com.example.SyntheticSuite" time="0.01"/>
  <testcase name="test_synthetic_08808" classname="com.example.SyntheticSuite" time="0.01"/>
  <testcase name="test_synthetic_08809" classname="com.example.SyntheticSuite" time="0.01"/>
  <testcase name="test_synthetic_08810" classname="com.example.SyntheticSuite" time="0.01"/>
  <testcase name="test_synthetic_08811" classname="com.example.SyntheticSuite" time="0.01"/>
  <testcase name="test_synthetic_08812" classname="com.example.SyntheticSuite" time="0.01"/>
  <testcase name="test_synthetic_08813" classname="com.example.SyntheticSuite" time="0.01"/>
  <testcase name="test_synthetic_08814" classname="com.example.SyntheticSuite" time="0.01"/>
  <testcase name="test_synthetic_08815" classname="com.example.SyntheticSuite" time="0.01"/>
  <testcase name="test_synthetic_08816" classname="com.example.SyntheticSuite" time="0.01"/>
  <testcase name="test_synthetic_08817" classname="com.example.SyntheticSuite" time="0.01"/>
  <testcase name="test_synthetic_08818" classname="com.example.SyntheticSuite" time="0.01"/>
  <testcase name="test_synthetic_08819" classname="com.example.SyntheticSuite" time="0.01"/>
  <testcase name="test_synthetic_08820" classname="com.example.SyntheticSuite" time="0.01"/>
  <testcase name="test_synthetic_08821" classname="com.example.SyntheticSuite" time="0.01"/>
  <testcase name="test_synthetic_08822" classname="com.example.SyntheticSuite" time="0.01"/>
  <testcase name="test_synthetic_08823" classname="com.example.SyntheticSuite" time="0.01"/>
  <testcase name="test_synthetic_08824" classname="com.example.SyntheticSuite" time="0.01"/>
  <testcase name="test_synthetic_08825" classname="com.example.SyntheticSuite" time="0.01"/>
  <testcase name="test_synthetic_08826" classname="com.example.SyntheticSuite" time="0.01"/>
  <testcase name="test_synthetic_08827" classname="com.example.SyntheticSuite" time="0.01"/>
  <testcase name="test_synthetic_08828" classname="com.example.SyntheticSuite" time="0.01"/>
  <testcase name="test_synthetic_08829" classname="com.example.SyntheticSuite" time="0.01"/>
  <testcase name="test_synthetic_08830" classname="com.example.SyntheticSuite" time="0.01"/>
  <testcase name="test_synthetic_08831" classname="com.example.SyntheticSuite" time="0.01"/>
  <testcase name="test_synthetic_08832" classname="com.example.SyntheticSuite" time="0.01"/>
  <testcase name="test_synthetic_08833" classname="com.example.SyntheticSuite" time="0.01"/>
  <testcase name="test_synthetic_08834" classname="com.example.SyntheticSuite" time="0.01"/>
  <testcase name="test_synthetic_08835" classname="com.example.SyntheticSuite" time="0.01"/>
  <testcase name="test_synthetic_08836" classname="com.example.SyntheticSuite" time="0.01"/>
  <testcase name="test_synthetic_08837" classname="com.example.SyntheticSuite" time="0.01"/>
  <testcase name="test_synthetic_08838" classname="com.example.SyntheticSuite" time="0.01"/>
  <testcase name="test_synthetic_08839" classname="com.example.SyntheticSuite" time="0.01"/>
  <testcase name="test_synthetic_08840" classname="com.example.SyntheticSuite" time="0.01"/>
  <testcase name="test_synthetic_08841" classname="com.example.SyntheticSuite" time="0.01"/>
  <testcase name="test_synthetic_08842" classname="com.example.SyntheticSuite" time="0.01"/>
  <testcase name="test_synthetic_08843" classname="com.example.SyntheticSuite" time="0.01"/>
  <testcase name="test_synthetic_08844" classname="com.example.SyntheticSuite" time="0.01"/>
  <testcase name="test_synthetic_08845" classname="com.example.SyntheticSuite" time="0.01"/>
  <testcase name="test_synthetic_08846" classname="com.example.SyntheticSuite" time="0.01"/>
  <testcase name="test_synthetic_08847" classname="com.example.SyntheticSuite" time="0.01"/>
  <testcase name="test_synthetic_08848" classname="com.example.SyntheticSuite" time="0.01"/>
  <testcase name="test_synthetic_08849" classname="com.example.SyntheticSuite" time="0.01"/>
  <testcase name="test_synthetic_08850" classname="com.example.SyntheticSuite" time="0.01"/>
  <testcase name="test_synthetic_08851" classname="com.example.SyntheticSuite" time="0.01"/>
  <testcase name="test_synthetic_08852" classname="com.example.SyntheticSuite" time="0.01"/>
  <testcase name="test_synthetic_08853" classname="com.example.SyntheticSuite" time="0.01"/>
  <testcase name="test_synthetic_08854" classname="com.example.SyntheticSuite" time="0.01"/>
  <testcase name="test_synthetic_08855" classname="com.example.SyntheticSuite" time="0.01"/>
  <testcase name="test_synthetic_08856" classname="com.example.SyntheticSuite" time="0.01"/>
  <testcase name="test_synthetic_08857" classname="com.example.SyntheticSuite" time="0.01"/>
  <testcase name="test_synthetic_08858" classname="com.example.SyntheticSuite" time="0.01"/>
  <testcase name="test_synthetic_08859" classname="com.example.SyntheticSuite" time="0.01"/>
  <testcase name="test_synthetic_08860" classname="com.example.SyntheticSuite" time="0.01"/>
  <testcase name="test_synthetic_08861" classname="com.example.SyntheticSuite" time="0.01"/>
  <testcase name="test_synthetic_08862" classname="com.example.SyntheticSuite" time="0.01"/>
  <testcase name="test_synthetic_08863" classname="com.example.SyntheticSuite" time="0.01"/>
  <testcase name="test_synthetic_08864" classname="com.example.SyntheticSuite" time="0.01"/>
  <testcase name="test_synthetic_08865" classname="com.example.SyntheticSuite" time="0.01"/>
  <testcase name="test_synthetic_08866" classname="com.example.SyntheticSuite" time="0.01"/>
  <testcase name="test_synthetic_08867" classname="com.example.SyntheticSuite" time="0.01"/>
  <testcase name="test_synthetic_08868" classname="com.example.SyntheticSuite" time="0.01"/>
  <testcase name="test_synthetic_08869" classname="com.example.SyntheticSuite" time="0.01"/>
  <testcase name="test_synthetic_08870" classname="com.example.SyntheticSuite" time="0.01"/>
  <testcase name="test_synthetic_08871" classname="com.example.SyntheticSuite" time="0.01"/>
  <testcase name="test_synthetic_08872" classname="com.example.SyntheticSuite" time="0.01"/>
  <testcase name="test_synthetic_08873" classname="com.example.SyntheticSuite" time="0.01"/>
  <testcase name="test_synthetic_08874" classname="com.example.SyntheticSuite" time="0.01"/>
  <testcase name="test_synthetic_08875" classname="com.example.SyntheticSuite" time="0.01"/>
  <testcase name="test_synthetic_08876" classname="com.example.SyntheticSuite" time="0.01"/>
  <testcase name="test_synthetic_08877" classname="com.example.SyntheticSuite" time="0.01"/>
  <testcase name="test_synthetic_08878" classname="com.example.SyntheticSuite" time="0.01"/>
  <testcase name="test_synthetic_08879" classname="com.example.SyntheticSuite" time="0.01"/>
  <testcase name="test_synthetic_08880" classname="com.example.SyntheticSuite" time="0.01"/>
  <testcase name="test_synthetic_08881" classname="com.example.SyntheticSuite" time="0.01"/>
  <testcase name="test_synthetic_08882" classname="com.example.SyntheticSuite" time="0.01"/>
  <testcase name="test_synthetic_08883" classname="com.example.SyntheticSuite" time="0.01"/>
  <testcase name="test_synthetic_08884" classname="com.example.SyntheticSuite" time="0.01"/>
  <testcase name="test_synthetic_08885" classname="com.example.SyntheticSuite" time="0.01"/>
  <testcase name="test_synthetic_08886" classname="com.example.SyntheticSuite" time="0.01"/>
  <testcase name="test_synthetic_08887" classname="com.example.SyntheticSuite" time="0.01"/>
  <testcase name="test_synthetic_08888" classname="com.example.SyntheticSuite" time="0.01"/>
  <testcase name="test_synthetic_08889" classname="com.example.SyntheticSuite" time="0.01"/>
  <testcase name="test_synthetic_08890" classname="com.example.SyntheticSuite" time="0.01"/>
  <testcase name="test_synthetic_08891" classname="com.example.SyntheticSuite" time="0.01"/>
  <testcase name="test_synthetic_08892" classname="com.example.SyntheticSuite" time="0.01"/>
  <testcase name="test_synthetic_08893" classname="com.example.SyntheticSuite" time="0.01"/>
  <testcase name="test_synthetic_08894" classname="com.example.SyntheticSuite" time="0.01"/>
  <testcase name="test_synthetic_08895" classname="com.example.SyntheticSuite" time="0.01"/>
  <testcase name="test_synthetic_08896" classname="com.example.SyntheticSuite" time="0.01"/>
  <testcase name="test_synthetic_08897" classname="com.example.SyntheticSuite" time="0.01"/>
  <testcase name="test_synthetic_08898" classname="com.example.SyntheticSuite" time="0.01"/>
  <testcase name="test_synthetic_08899" classname="com.example.SyntheticSuite" time="0.01"/>
  <testcase name="test_synthetic_08900" classname="com.example.SyntheticSuite" time="0.01">
    <failure message="Synthetic failure at 8900">Assertion failed at iteration 8900</failure>
  </testcase>
  <testcase name="test_synthetic_08901" classname="com.example.SyntheticSuite" time="0.01"/>
  <testcase name="test_synthetic_08902" classname="com.example.SyntheticSuite" time="0.01"/>
  <testcase name="test_synthetic_08903" classname="com.example.SyntheticSuite" time="0.01"/>
  <testcase name="test_synthetic_08904" classname="com.example.SyntheticSuite" time="0.01"/>
  <testcase name="test_synthetic_08905" classname="com.example.SyntheticSuite" time="0.01"/>
  <testcase name="test_synthetic_08906" classname="com.example.SyntheticSuite" time="0.01"/>
  <testcase name="test_synthetic_08907" classname="com.example.SyntheticSuite" time="0.01"/>
  <testcase name="test_synthetic_08908" classname="com.example.SyntheticSuite" time="0.01"/>
  <testcase name="test_synthetic_08909" classname="com.example.SyntheticSuite" time="0.01"/>
  <testcase name="test_synthetic_08910" classname="com.example.SyntheticSuite" time="0.01"/>
  <testcase name="test_synthetic_08911" classname="com.example.SyntheticSuite" time="0.01"/>
  <testcase name="test_synthetic_08912" classname="com.example.SyntheticSuite" time="0.01"/>
  <testcase name="test_synthetic_08913" classname="com.example.SyntheticSuite" time="0.01"/>
  <testcase name="test_synthetic_08914" classname="com.example.SyntheticSuite" time="0.01"/>
  <testcase name="test_synthetic_08915" classname="com.example.SyntheticSuite" time="0.01"/>
  <testcase name="test_synthetic_08916" classname="com.example.SyntheticSuite" time="0.01"/>
  <testcase name="test_synthetic_08917" classname="com.example.SyntheticSuite" time="0.01"/>
  <testcase name="test_synthetic_08918" classname="com.example.SyntheticSuite" time="0.01"/>
  <testcase name="test_synthetic_08919" classname="com.example.SyntheticSuite" time="0.01"/>
  <testcase name="test_synthetic_08920" classname="com.example.SyntheticSuite" time="0.01"/>
  <testcase name="test_synthetic_08921" classname="com.example.SyntheticSuite" time="0.01"/>
  <testcase name="test_synthetic_08922" classname="com.example.SyntheticSuite" time="0.01"/>
  <testcase name="test_synthetic_08923" classname="com.example.SyntheticSuite" time="0.01"/>
  <testcase name="test_synthetic_08924" classname="com.example.SyntheticSuite" time="0.01"/>
  <testcase name="test_synthetic_08925" classname="com.example.SyntheticSuite" time="0.01"/>
  <testcase name="test_synthetic_08926" classname="com.example.SyntheticSuite" time="0.01"/>
  <testcase name="test_synthetic_08927" classname="com.example.SyntheticSuite" time="0.01"/>
  <testcase name="test_synthetic_08928" classname="com.example.SyntheticSuite" time="0.01"/>
  <testcase name="test_synthetic_08929" classname="com.example.SyntheticSuite" time="0.01"/>
  <testcase name="test_synthetic_08930" classname="com.example.SyntheticSuite" time="0.01"/>
  <testcase name="test_synthetic_08931" classname="com.example.SyntheticSuite" time="0.01"/>
  <testcase name="test_synthetic_08932" classname="com.example.SyntheticSuite" time="0.01"/>
  <testcase name="test_synthetic_08933" classname="com.example.SyntheticSuite" time="0.01"/>
  <testcase name="test_synthetic_08934" classname="com.example.SyntheticSuite" time="0.01"/>
  <testcase name="test_synthetic_08935" classname="com.example.SyntheticSuite" time="0.01"/>
  <testcase name="test_synthetic_08936" classname="com.example.SyntheticSuite" time="0.01"/>
  <testcase name="test_synthetic_08937" classname="com.example.SyntheticSuite" time="0.01"/>
  <testcase name="test_synthetic_08938" classname="com.example.SyntheticSuite" time="0.01"/>
  <testcase name="test_synthetic_08939" classname="com.example.SyntheticSuite" time="0.01"/>
  <testcase name="test_synthetic_08940" classname="com.example.SyntheticSuite" time="0.01"/>
  <testcase name="test_synthetic_08941" classname="com.example.SyntheticSuite" time="0.01"/>
  <testcase name="test_synthetic_08942" classname="com.example.SyntheticSuite" time="0.01"/>
  <testcase name="test_synthetic_08943" classname="com.example.SyntheticSuite" time="0.01"/>
  <testcase name="test_synthetic_08944" classname="com.example.SyntheticSuite" time="0.01"/>
  <testcase name="test_synthetic_08945" classname="com.example.SyntheticSuite" time="0.01"/>
  <testcase name="test_synthetic_08946" classname="com.example.SyntheticSuite" time="0.01"/>
  <testcase name="test_synthetic_08947" classname="com.example.SyntheticSuite" time="0.01"/>
  <testcase name="test_synthetic_08948" classname="com.example.SyntheticSuite" time="0.01"/>
  <testcase name="test_synthetic_08949" classname="com.example.SyntheticSuite" time="0.01"/>
  <testcase name="test_synthetic_08950" classname="com.example.SyntheticSuite" time="0.01"/>
  <testcase name="test_synthetic_08951" classname="com.example.SyntheticSuite" time="0.01"/>
  <testcase name="test_synthetic_08952" classname="com.example.SyntheticSuite" time="0.01"/>
  <testcase name="test_synthetic_08953" classname="com.example.SyntheticSuite" time="0.01"/>
  <testcase name="test_synthetic_08954" classname="com.example.SyntheticSuite" time="0.01"/>
  <testcase name="test_synthetic_08955" classname="com.example.SyntheticSuite" time="0.01"/>
  <testcase name="test_synthetic_08956" classname="com.example.SyntheticSuite" time="0.01"/>
  <testcase name="test_synthetic_08957" classname="com.example.SyntheticSuite" time="0.01"/>
  <testcase name="test_synthetic_08958" classname="com.example.SyntheticSuite" time="0.01"/>
  <testcase name="test_synthetic_08959" classname="com.example.SyntheticSuite" time="0.01"/>
  <testcase name="test_synthetic_08960" classname="com.example.SyntheticSuite" time="0.01"/>
  <testcase name="test_synthetic_08961" classname="com.example.SyntheticSuite" time="0.01"/>
  <testcase name="test_synthetic_08962" classname="com.example.SyntheticSuite" time="0.01"/>
  <testcase name="test_synthetic_08963" classname="com.example.SyntheticSuite" time="0.01"/>
  <testcase name="test_synthetic_08964" classname="com.example.SyntheticSuite" time="0.01"/>
  <testcase name="test_synthetic_08965" classname="com.example.SyntheticSuite" time="0.01"/>
  <testcase name="test_synthetic_08966" classname="com.example.SyntheticSuite" time="0.01"/>
  <testcase name="test_synthetic_08967" classname="com.example.SyntheticSuite" time="0.01"/>
  <testcase name="test_synthetic_08968" classname="com.example.SyntheticSuite" time="0.01"/>
  <testcase name="test_synthetic_08969" classname="com.example.SyntheticSuite" time="0.01"/>
  <testcase name="test_synthetic_08970" classname="com.example.SyntheticSuite" time="0.01"/>
  <testcase name="test_synthetic_08971" classname="com.example.SyntheticSuite" time="0.01"/>
  <testcase name="test_synthetic_08972" classname="com.example.SyntheticSuite" time="0.01"/>
  <testcase name="test_synthetic_08973" classname="com.example.SyntheticSuite" time="0.01"/>
  <testcase name="test_synthetic_08974" classname="com.example.SyntheticSuite" time="0.01"/>
  <testcase name="test_synthetic_08975" classname="com.example.SyntheticSuite" time="0.01"/>
  <testcase name="test_synthetic_08976" classname="com.example.SyntheticSuite" time="0.01"/>
  <testcase name="test_synthetic_08977" classname="com.example.SyntheticSuite" time="0.01"/>
  <testcase name="test_synthetic_08978" classname="com.example.SyntheticSuite" time="0.01"/>
  <testcase name="test_synthetic_08979" classname="com.example.SyntheticSuite" time="0.01"/>
  <testcase name="test_synthetic_08980" classname="com.example.SyntheticSuite" time="0.01"/>
  <testcase name="test_synthetic_08981" classname="com.example.SyntheticSuite" time="0.01"/>
  <testcase name="test_synthetic_08982" classname="com.example.SyntheticSuite" time="0.01"/>
  <testcase name="test_synthetic_08983" classname="com.example.SyntheticSuite" time="0.01"/>
  <testcase name="test_synthetic_08984" classname="com.example.SyntheticSuite" time="0.01"/>
  <testcase name="test_synthetic_08985" classname="com.example.SyntheticSuite" time="0.01"/>
  <testcase name="test_synthetic_08986" classname="com.example.SyntheticSuite" time="0.01"/>
  <testcase name="test_synthetic_08987" classname="com.example.SyntheticSuite" time="0.01"/>
  <testcase name="test_synthetic_08988" classname="com.example.SyntheticSuite" time="0.01"/>
  <testcase name="test_synthetic_08989" classname="com.example.SyntheticSuite" time="0.01"/>
  <testcase name="test_synthetic_08990" classname="com.example.SyntheticSuite" time="0.01"/>
  <testcase name="test_synthetic_08991" classname="com.example.SyntheticSuite" time="0.01"/>
  <testcase name="test_synthetic_08992" classname="com.example.SyntheticSuite" time="0.01"/>
  <testcase name="test_synthetic_08993" classname="com.example.SyntheticSuite" time="0.01"/>
  <testcase name="test_synthetic_08994" classname="com.example.SyntheticSuite" time="0.01"/>
  <testcase name="test_synthetic_08995" classname="com.example.SyntheticSuite" time="0.01"/>
  <testcase name="test_synthetic_08996" classname="com.example.SyntheticSuite" time="0.01"/>
  <testcase name="test_synthetic_08997" classname="com.example.SyntheticSuite" time="0.01"/>
  <testcase name="test_synthetic_08998" classname="com.example.SyntheticSuite" time="0.01"/>
  <testcase name="test_synthetic_08999" classname="com.example.SyntheticSuite" time="0.01"/>
  <testcase name="test_synthetic_09000" classname="com.example.SyntheticSuite" time="0.01">
    <failure message="Synthetic failure at 9000">Assertion failed at iteration 9000</failure>
  </testcase>
  <testcase name="test_synthetic_09001" classname="com.example.SyntheticSuite" time="0.01"/>
  <testcase name="test_synthetic_09002" classname="com.example.SyntheticSuite" time="0.01"/>
  <testcase name="test_synthetic_09003" classname="com.example.SyntheticSuite" time="0.01"/>
  <testcase name="test_synthetic_09004" classname="com.example.SyntheticSuite" time="0.01"/>
  <testcase name="test_synthetic_09005" classname="com.example.SyntheticSuite" time="0.01"/>
  <testcase name="test_synthetic_09006" classname="com.example.SyntheticSuite" time="0.01"/>
  <testcase name="test_synthetic_09007" classname="com.example.SyntheticSuite" time="0.01"/>
  <testcase name="test_synthetic_09008" classname="com.example.SyntheticSuite" time="0.01"/>
  <testcase name="test_synthetic_09009" classname="com.example.SyntheticSuite" time="0.01"/>
  <testcase name="test_synthetic_09010" classname="com.example.SyntheticSuite" time="0.01"/>
  <testcase name="test_synthetic_09011" classname="com.example.SyntheticSuite" time="0.01"/>
  <testcase name="test_synthetic_09012" classname="com.example.SyntheticSuite" time="0.01"/>
  <testcase name="test_synthetic_09013" classname="com.example.SyntheticSuite" time="0.01"/>
  <testcase name="test_synthetic_09014" classname="com.example.SyntheticSuite" time="0.01"/>
  <testcase name="test_synthetic_09015" classname="com.example.SyntheticSuite" time="0.01"/>
  <testcase name="test_synthetic_09016" classname="com.example.SyntheticSuite" time="0.01"/>
  <testcase name="test_synthetic_09017" classname="com.example.SyntheticSuite" time="0.01"/>
  <testcase name="test_synthetic_09018" classname="com.example.SyntheticSuite" time="0.01"/>
  <testcase name="test_synthetic_09019" classname="com.example.SyntheticSuite" time="0.01"/>
  <testcase name="test_synthetic_09020" classname="com.example.SyntheticSuite" time="0.01"/>
  <testcase name="test_synthetic_09021" classname="com.example.SyntheticSuite" time="0.01"/>
  <testcase name="test_synthetic_09022" classname="com.example.SyntheticSuite" time="0.01"/>
  <testcase name="test_synthetic_09023" classname="com.example.SyntheticSuite" time="0.01"/>
  <testcase name="test_synthetic_09024" classname="com.example.SyntheticSuite" time="0.01"/>
  <testcase name="test_synthetic_09025" classname="com.example.SyntheticSuite" time="0.01"/>
  <testcase name="test_synthetic_09026" classname="com.example.SyntheticSuite" time="0.01"/>
  <testcase name="test_synthetic_09027" classname="com.example.SyntheticSuite" time="0.01"/>
  <testcase name="test_synthetic_09028" classname="com.example.SyntheticSuite" time="0.01"/>
  <testcase name="test_synthetic_09029" classname="com.example.SyntheticSuite" time="0.01"/>
  <testcase name="test_synthetic_09030" classname="com.example.SyntheticSuite" time="0.01"/>
  <testcase name="test_synthetic_09031" classname="com.example.SyntheticSuite" time="0.01"/>
  <testcase name="test_synthetic_09032" classname="com.example.SyntheticSuite" time="0.01"/>
  <testcase name="test_synthetic_09033" classname="com.example.SyntheticSuite" time="0.01"/>
  <testcase name="test_synthetic_09034" classname="com.example.SyntheticSuite" time="0.01"/>
  <testcase name="test_synthetic_09035" classname="com.example.SyntheticSuite" time="0.01"/>
  <testcase name="test_synthetic_09036" classname="com.example.SyntheticSuite" time="0.01"/>
  <testcase name="test_synthetic_09037" classname="com.example.SyntheticSuite" time="0.01"/>
  <testcase name="test_synthetic_09038" classname="com.example.SyntheticSuite" time="0.01"/>
  <testcase name="test_synthetic_09039" classname="com.example.SyntheticSuite" time="0.01"/>
  <testcase name="test_synthetic_09040" classname="com.example.SyntheticSuite" time="0.01"/>
  <testcase name="test_synthetic_09041" classname="com.example.SyntheticSuite" time="0.01"/>
  <testcase name="test_synthetic_09042" classname="com.example.SyntheticSuite" time="0.01"/>
  <testcase name="test_synthetic_09043" classname="com.example.SyntheticSuite" time="0.01"/>
  <testcase name="test_synthetic_09044" classname="com.example.SyntheticSuite" time="0.01"/>
  <testcase name="test_synthetic_09045" classname="com.example.SyntheticSuite" time="0.01"/>
  <testcase name="test_synthetic_09046" classname="com.example.SyntheticSuite" time="0.01"/>
  <testcase name="test_synthetic_09047" classname="com.example.SyntheticSuite" time="0.01"/>
  <testcase name="test_synthetic_09048" classname="com.example.SyntheticSuite" time="0.01"/>
  <testcase name="test_synthetic_09049" classname="com.example.SyntheticSuite" time="0.01"/>
  <testcase name="test_synthetic_09050" classname="com.example.SyntheticSuite" time="0.01"/>
  <testcase name="test_synthetic_09051" classname="com.example.SyntheticSuite" time="0.01"/>
  <testcase name="test_synthetic_09052" classname="com.example.SyntheticSuite" time="0.01"/>
  <testcase name="test_synthetic_09053" classname="com.example.SyntheticSuite" time="0.01"/>
  <testcase name="test_synthetic_09054" classname="com.example.SyntheticSuite" time="0.01"/>
  <testcase name="test_synthetic_09055" classname="com.example.SyntheticSuite" time="0.01"/>
  <testcase name="test_synthetic_09056" classname="com.example.SyntheticSuite" time="0.01"/>
  <testcase name="test_synthetic_09057" classname="com.example.SyntheticSuite" time="0.01"/>
  <testcase name="test_synthetic_09058" classname="com.example.SyntheticSuite" time="0.01"/>
  <testcase name="test_synthetic_09059" classname="com.example.SyntheticSuite" time="0.01"/>
  <testcase name="test_synthetic_09060" classname="com.example.SyntheticSuite" time="0.01"/>
  <testcase name="test_synthetic_09061" classname="com.example.SyntheticSuite" time="0.01"/>
  <testcase name="test_synthetic_09062" classname="com.example.SyntheticSuite" time="0.01"/>
  <testcase name="test_synthetic_09063" classname="com.example.SyntheticSuite" time="0.01"/>
  <testcase name="test_synthetic_09064" classname="com.example.SyntheticSuite" time="0.01"/>
  <testcase name="test_synthetic_09065" classname="com.example.SyntheticSuite" time="0.01"/>
  <testcase name="test_synthetic_09066" classname="com.example.SyntheticSuite" time="0.01"/>
  <testcase name="test_synthetic_09067" classname="com.example.SyntheticSuite" time="0.01"/>
  <testcase name="test_synthetic_09068" classname="com.example.SyntheticSuite" time="0.01"/>
  <testcase name="test_synthetic_09069" classname="com.example.SyntheticSuite" time="0.01"/>
  <testcase name="test_synthetic_09070" classname="com.example.SyntheticSuite" time="0.01"/>
  <testcase name="test_synthetic_09071" classname="com.example.SyntheticSuite" time="0.01"/>
  <testcase name="test_synthetic_09072" classname="com.example.SyntheticSuite" time="0.01"/>
  <testcase name="test_synthetic_09073" classname="com.example.SyntheticSuite" time="0.01"/>
  <testcase name="test_synthetic_09074" classname="com.example.SyntheticSuite" time="0.01"/>
  <testcase name="test_synthetic_09075" classname="com.example.SyntheticSuite" time="0.01"/>
  <testcase name="test_synthetic_09076" classname="com.example.SyntheticSuite" time="0.01"/>
  <testcase name="test_synthetic_09077" classname="com.example.SyntheticSuite" time="0.01"/>
  <testcase name="test_synthetic_09078" classname="com.example.SyntheticSuite" time="0.01"/>
  <testcase name="test_synthetic_09079" classname="com.example.SyntheticSuite" time="0.01"/>
  <testcase name="test_synthetic_09080" classname="com.example.SyntheticSuite" time="0.01"/>
  <testcase name="test_synthetic_09081" classname="com.example.SyntheticSuite" time="0.01"/>
  <testcase name="test_synthetic_09082" classname="com.example.SyntheticSuite" time="0.01"/>
  <testcase name="test_synthetic_09083" classname="com.example.SyntheticSuite" time="0.01"/>
  <testcase name="test_synthetic_09084" classname="com.example.SyntheticSuite" time="0.01"/>
  <testcase name="test_synthetic_09085" classname="com.example.SyntheticSuite" time="0.01"/>
  <testcase name="test_synthetic_09086" classname="com.example.SyntheticSuite" time="0.01"/>
  <testcase name="test_synthetic_09087" classname="com.example.SyntheticSuite" time="0.01"/>
  <testcase name="test_synthetic_09088" classname="com.example.SyntheticSuite" time="0.01"/>
  <testcase name="test_synthetic_09089" classname="com.example.SyntheticSuite" time="0.01"/>
  <testcase name="test_synthetic_09090" classname="com.example.SyntheticSuite" time="0.01"/>
  <testcase name="test_synthetic_09091" classname="com.example.SyntheticSuite" time="0.01"/>
  <testcase name="test_synthetic_09092" classname="com.example.SyntheticSuite" time="0.01"/>
  <testcase name="test_synthetic_09093" classname="com.example.SyntheticSuite" time="0.01"/>
  <testcase name="test_synthetic_09094" classname="com.example.SyntheticSuite" time="0.01"/>
  <testcase name="test_synthetic_09095" classname="com.example.SyntheticSuite" time="0.01"/>
  <testcase name="test_synthetic_09096" classname="com.example.SyntheticSuite" time="0.01"/>
  <testcase name="test_synthetic_09097" classname="com.example.SyntheticSuite" time="0.01"/>
  <testcase name="test_synthetic_09098" classname="com.example.SyntheticSuite" time="0.01"/>
  <testcase name="test_synthetic_09099" classname="com.example.SyntheticSuite" time="0.01"/>
  <testcase name="test_synthetic_09100" classname="com.example.SyntheticSuite" time="0.01">
    <failure message="Synthetic failure at 9100">Assertion failed at iteration 9100</failure>
  </testcase>
  <testcase name="test_synthetic_09101" classname="com.example.SyntheticSuite" time="0.01"/>
  <testcase name="test_synthetic_09102" classname="com.example.SyntheticSuite" time="0.01"/>
  <testcase name="test_synthetic_09103" classname="com.example.SyntheticSuite" time="0.01"/>
  <testcase name="test_synthetic_09104" classname="com.example.SyntheticSuite" time="0.01"/>
  <testcase name="test_synthetic_09105" classname="com.example.SyntheticSuite" time="0.01"/>
  <testcase name="test_synthetic_09106" classname="com.example.SyntheticSuite" time="0.01"/>
  <testcase name="test_synthetic_09107" classname="com.example.SyntheticSuite" time="0.01"/>
  <testcase name="test_synthetic_09108" classname="com.example.SyntheticSuite" time="0.01"/>
  <testcase name="test_synthetic_09109" classname="com.example.SyntheticSuite" time="0.01"/>
  <testcase name="test_synthetic_09110" classname="com.example.SyntheticSuite" time="0.01"/>
  <testcase name="test_synthetic_09111" classname="com.example.SyntheticSuite" time="0.01"/>
  <testcase name="test_synthetic_09112" classname="com.example.SyntheticSuite" time="0.01"/>
  <testcase name="test_synthetic_09113" classname="com.example.SyntheticSuite" time="0.01"/>
  <testcase name="test_synthetic_09114" classname="com.example.SyntheticSuite" time="0.01"/>
  <testcase name="test_synthetic_09115" classname="com.example.SyntheticSuite" time="0.01"/>
  <testcase name="test_synthetic_09116" classname="com.example.SyntheticSuite" time="0.01"/>
  <testcase name="test_synthetic_09117" classname="com.example.SyntheticSuite" time="0.01"/>
  <testcase name="test_synthetic_09118" classname="com.example.SyntheticSuite" time="0.01"/>
  <testcase name="test_synthetic_09119" classname="com.example.SyntheticSuite" time="0.01"/>
  <testcase name="test_synthetic_09120" classname="com.example.SyntheticSuite" time="0.01"/>
  <testcase name="test_synthetic_09121" classname="com.example.SyntheticSuite" time="0.01"/>
  <testcase name="test_synthetic_09122" classname="com.example.SyntheticSuite" time="0.01"/>
  <testcase name="test_synthetic_09123" classname="com.example.SyntheticSuite" time="0.01"/>
  <testcase name="test_synthetic_09124" classname="com.example.SyntheticSuite" time="0.01"/>
  <testcase name="test_synthetic_09125" classname="com.example.SyntheticSuite" time="0.01"/>
  <testcase name="test_synthetic_09126" classname="com.example.SyntheticSuite" time="0.01"/>
  <testcase name="test_synthetic_09127" classname="com.example.SyntheticSuite" time="0.01"/>
  <testcase name="test_synthetic_09128" classname="com.example.SyntheticSuite" time="0.01"/>
  <testcase name="test_synthetic_09129" classname="com.example.SyntheticSuite" time="0.01"/>
  <testcase name="test_synthetic_09130" classname="com.example.SyntheticSuite" time="0.01"/>
  <testcase name="test_synthetic_09131" classname="com.example.SyntheticSuite" time="0.01"/>
  <testcase name="test_synthetic_09132" classname="com.example.SyntheticSuite" time="0.01"/>
  <testcase name="test_synthetic_09133" classname="com.example.SyntheticSuite" time="0.01"/>
  <testcase name="test_synthetic_09134" classname="com.example.SyntheticSuite" time="0.01"/>
  <testcase name="test_synthetic_09135" classname="com.example.SyntheticSuite" time="0.01"/>
  <testcase name="test_synthetic_09136" classname="com.example.SyntheticSuite" time="0.01"/>
  <testcase name="test_synthetic_09137" classname="com.example.SyntheticSuite" time="0.01"/>
  <testcase name="test_synthetic_09138" classname="com.example.SyntheticSuite" time="0.01"/>
  <testcase name="test_synthetic_09139" classname="com.example.SyntheticSuite" time="0.01"/>
  <testcase name="test_synthetic_09140" classname="com.example.SyntheticSuite" time="0.01"/>
  <testcase name="test_synthetic_09141" classname="com.example.SyntheticSuite" time="0.01"/>
  <testcase name="test_synthetic_09142" classname="com.example.SyntheticSuite" time="0.01"/>
  <testcase name="test_synthetic_09143" classname="com.example.SyntheticSuite" time="0.01"/>
  <testcase name="test_synthetic_09144" classname="com.example.SyntheticSuite" time="0.01"/>
  <testcase name="test_synthetic_09145" classname="com.example.SyntheticSuite" time="0.01"/>
  <testcase name="test_synthetic_09146" classname="com.example.SyntheticSuite" time="0.01"/>
  <testcase name="test_synthetic_09147" classname="com.example.SyntheticSuite" time="0.01"/>
  <testcase name="test_synthetic_09148" classname="com.example.SyntheticSuite" time="0.01"/>
  <testcase name="test_synthetic_09149" classname="com.example.SyntheticSuite" time="0.01"/>
  <testcase name="test_synthetic_09150" classname="com.example.SyntheticSuite" time="0.01"/>
  <testcase name="test_synthetic_09151" classname="com.example.SyntheticSuite" time="0.01"/>
  <testcase name="test_synthetic_09152" classname="com.example.SyntheticSuite" time="0.01"/>
  <testcase name="test_synthetic_09153" classname="com.example.SyntheticSuite" time="0.01"/>
  <testcase name="test_synthetic_09154" classname="com.example.SyntheticSuite" time="0.01"/>
  <testcase name="test_synthetic_09155" classname="com.example.SyntheticSuite" time="0.01"/>
  <testcase name="test_synthetic_09156" classname="com.example.SyntheticSuite" time="0.01"/>
  <testcase name="test_synthetic_09157" classname="com.example.SyntheticSuite" time="0.01"/>
  <testcase name="test_synthetic_09158" classname="com.example.SyntheticSuite" time="0.01"/>
  <testcase name="test_synthetic_09159" classname="com.example.SyntheticSuite" time="0.01"/>
  <testcase name="test_synthetic_09160" classname="com.example.SyntheticSuite" time="0.01"/>
  <testcase name="test_synthetic_09161" classname="com.example.SyntheticSuite" time="0.01"/>
  <testcase name="test_synthetic_09162" classname="com.example.SyntheticSuite" time="0.01"/>
  <testcase name="test_synthetic_09163" classname="com.example.SyntheticSuite" time="0.01"/>
  <testcase name="test_synthetic_09164" classname="com.example.SyntheticSuite" time="0.01"/>
  <testcase name="test_synthetic_09165" classname="com.example.SyntheticSuite" time="0.01"/>
  <testcase name="test_synthetic_09166" classname="com.example.SyntheticSuite" time="0.01"/>
  <testcase name="test_synthetic_09167" classname="com.example.SyntheticSuite" time="0.01"/>
  <testcase name="test_synthetic_09168" classname="com.example.SyntheticSuite" time="0.01"/>
  <testcase name="test_synthetic_09169" classname="com.example.SyntheticSuite" time="0.01"/>
  <testcase name="test_synthetic_09170" classname="com.example.SyntheticSuite" time="0.01"/>
  <testcase name="test_synthetic_09171" classname="com.example.SyntheticSuite" time="0.01"/>
  <testcase name="test_synthetic_09172" classname="com.example.SyntheticSuite" time="0.01"/>
  <testcase name="test_synthetic_09173" classname="com.example.SyntheticSuite" time="0.01"/>
  <testcase name="test_synthetic_09174" classname="com.example.SyntheticSuite" time="0.01"/>
  <testcase name="test_synthetic_09175" classname="com.example.SyntheticSuite" time="0.01"/>
  <testcase name="test_synthetic_09176" classname="com.example.SyntheticSuite" time="0.01"/>
  <testcase name="test_synthetic_09177" classname="com.example.SyntheticSuite" time="0.01"/>
  <testcase name="test_synthetic_09178" classname="com.example.SyntheticSuite" time="0.01"/>
  <testcase name="test_synthetic_09179" classname="com.example.SyntheticSuite" time="0.01"/>
  <testcase name="test_synthetic_09180" classname="com.example.SyntheticSuite" time="0.01"/>
  <testcase name="test_synthetic_09181" classname="com.example.SyntheticSuite" time="0.01"/>
  <testcase name="test_synthetic_09182" classname="com.example.SyntheticSuite" time="0.01"/>
  <testcase name="test_synthetic_09183" classname="com.example.SyntheticSuite" time="0.01"/>
  <testcase name="test_synthetic_09184" classname="com.example.SyntheticSuite" time="0.01"/>
  <testcase name="test_synthetic_09185" classname="com.example.SyntheticSuite" time="0.01"/>
  <testcase name="test_synthetic_09186" classname="com.example.SyntheticSuite" time="0.01"/>
  <testcase name="test_synthetic_09187" classname="com.example.SyntheticSuite" time="0.01"/>
  <testcase name="test_synthetic_09188" classname="com.example.SyntheticSuite" time="0.01"/>
  <testcase name="test_synthetic_09189" classname="com.example.SyntheticSuite" time="0.01"/>
  <testcase name="test_synthetic_09190" classname="com.example.SyntheticSuite" time="0.01"/>
  <testcase name="test_synthetic_09191" classname="com.example.SyntheticSuite" time="0.01"/>
  <testcase name="test_synthetic_09192" classname="com.example.SyntheticSuite" time="0.01"/>
  <testcase name="test_synthetic_09193" classname="com.example.SyntheticSuite" time="0.01"/>
  <testcase name="test_synthetic_09194" classname="com.example.SyntheticSuite" time="0.01"/>
  <testcase name="test_synthetic_09195" classname="com.example.SyntheticSuite" time="0.01"/>
  <testcase name="test_synthetic_09196" classname="com.example.SyntheticSuite" time="0.01"/>
  <testcase name="test_synthetic_09197" classname="com.example.SyntheticSuite" time="0.01"/>
  <testcase name="test_synthetic_09198" classname="com.example.SyntheticSuite" time="0.01"/>
  <testcase name="test_synthetic_09199" classname="com.example.SyntheticSuite" time="0.01"/>
  <testcase name="test_synthetic_09200" classname="com.example.SyntheticSuite" time="0.01">
    <failure message="Synthetic failure at 9200">Assertion failed at iteration 9200</failure>
  </testcase>
  <testcase name="test_synthetic_09201" classname="com.example.SyntheticSuite" time="0.01"/>
  <testcase name="test_synthetic_09202" classname="com.example.SyntheticSuite" time="0.01"/>
  <testcase name="test_synthetic_09203" classname="com.example.SyntheticSuite" time="0.01"/>
  <testcase name="test_synthetic_09204" classname="com.example.SyntheticSuite" time="0.01"/>
  <testcase name="test_synthetic_09205" classname="com.example.SyntheticSuite" time="0.01"/>
  <testcase name="test_synthetic_09206" classname="com.example.SyntheticSuite" time="0.01"/>
  <testcase name="test_synthetic_09207" classname="com.example.SyntheticSuite" time="0.01"/>
  <testcase name="test_synthetic_09208" classname="com.example.SyntheticSuite" time="0.01"/>
  <testcase name="test_synthetic_09209" classname="com.example.SyntheticSuite" time="0.01"/>
  <testcase name="test_synthetic_09210" classname="com.example.SyntheticSuite" time="0.01"/>
  <testcase name="test_synthetic_09211" classname="com.example.SyntheticSuite" time="0.01"/>
  <testcase name="test_synthetic_09212" classname="com.example.SyntheticSuite" time="0.01"/>
  <testcase name="test_synthetic_09213" classname="com.example.SyntheticSuite" time="0.01"/>
  <testcase name="test_synthetic_09214" classname="com.example.SyntheticSuite" time="0.01"/>
  <testcase name="test_synthetic_09215" classname="com.example.SyntheticSuite" time="0.01"/>
  <testcase name="test_synthetic_09216" classname="com.example.SyntheticSuite" time="0.01"/>
  <testcase name="test_synthetic_09217" classname="com.example.SyntheticSuite" time="0.01"/>
  <testcase name="test_synthetic_09218" classname="com.example.SyntheticSuite" time="0.01"/>
  <testcase name="test_synthetic_09219" classname="com.example.SyntheticSuite" time="0.01"/>
  <testcase name="test_synthetic_09220" classname="com.example.SyntheticSuite" time="0.01"/>
  <testcase name="test_synthetic_09221" classname="com.example.SyntheticSuite" time="0.01"/>
  <testcase name="test_synthetic_09222" classname="com.example.SyntheticSuite" time="0.01"/>
  <testcase name="test_synthetic_09223" classname="com.example.SyntheticSuite" time="0.01"/>
  <testcase name="test_synthetic_09224" classname="com.example.SyntheticSuite" time="0.01"/>
  <testcase name="test_synthetic_09225" classname="com.example.SyntheticSuite" time="0.01"/>
  <testcase name="test_synthetic_09226" classname="com.example.SyntheticSuite" time="0.01"/>
  <testcase name="test_synthetic_09227" classname="com.example.SyntheticSuite" time="0.01"/>
  <testcase name="test_synthetic_09228" classname="com.example.SyntheticSuite" time="0.01"/>
  <testcase name="test_synthetic_09229" classname="com.example.SyntheticSuite" time="0.01"/>
  <testcase name="test_synthetic_09230" classname="com.example.SyntheticSuite" time="0.01"/>
  <testcase name="test_synthetic_09231" classname="com.example.SyntheticSuite" time="0.01"/>
  <testcase name="test_synthetic_09232" classname="com.example.SyntheticSuite" time="0.01"/>
  <testcase name="test_synthetic_09233" classname="com.example.SyntheticSuite" time="0.01"/>
  <testcase name="test_synthetic_09234" classname="com.example.SyntheticSuite" time="0.01"/>
  <testcase name="test_synthetic_09235" classname="com.example.SyntheticSuite" time="0.01"/>
  <testcase name="test_synthetic_09236" classname="com.example.SyntheticSuite" time="0.01"/>
  <testcase name="test_synthetic_09237" classname="com.example.SyntheticSuite" time="0.01"/>
  <testcase name="test_synthetic_09238" classname="com.example.SyntheticSuite" time="0.01"/>
  <testcase name="test_synthetic_09239" classname="com.example.SyntheticSuite" time="0.01"/>
  <testcase name="test_synthetic_09240" classname="com.example.SyntheticSuite" time="0.01"/>
  <testcase name="test_synthetic_09241" classname="com.example.SyntheticSuite" time="0.01"/>
  <testcase name="test_synthetic_09242" classname="com.example.SyntheticSuite" time="0.01"/>
  <testcase name="test_synthetic_09243" classname="com.example.SyntheticSuite" time="0.01"/>
  <testcase name="test_synthetic_09244" classname="com.example.SyntheticSuite" time="0.01"/>
  <testcase name="test_synthetic_09245" classname="com.example.SyntheticSuite" time="0.01"/>
  <testcase name="test_synthetic_09246" classname="com.example.SyntheticSuite" time="0.01"/>
  <testcase name="test_synthetic_09247" classname="com.example.SyntheticSuite" time="0.01"/>
  <testcase name="test_synthetic_09248" classname="com.example.SyntheticSuite" time="0.01"/>
  <testcase name="test_synthetic_09249" classname="com.example.SyntheticSuite" time="0.01"/>
  <testcase name="test_synthetic_09250" classname="com.example.SyntheticSuite" time="0.01"/>
  <testcase name="test_synthetic_09251" classname="com.example.SyntheticSuite" time="0.01"/>
  <testcase name="test_synthetic_09252" classname="com.example.SyntheticSuite" time="0.01"/>
  <testcase name="test_synthetic_09253" classname="com.example.SyntheticSuite" time="0.01"/>
  <testcase name="test_synthetic_09254" classname="com.example.SyntheticSuite" time="0.01"/>
  <testcase name="test_synthetic_09255" classname="com.example.SyntheticSuite" time="0.01"/>
  <testcase name="test_synthetic_09256" classname="com.example.SyntheticSuite" time="0.01"/>
  <testcase name="test_synthetic_09257" classname="com.example.SyntheticSuite" time="0.01"/>
  <testcase name="test_synthetic_09258" classname="com.example.SyntheticSuite" time="0.01"/>
  <testcase name="test_synthetic_09259" classname="com.example.SyntheticSuite" time="0.01"/>
  <testcase name="test_synthetic_09260" classname="com.example.SyntheticSuite" time="0.01"/>
  <testcase name="test_synthetic_09261" classname="com.example.SyntheticSuite" time="0.01"/>
  <testcase name="test_synthetic_09262" classname="com.example.SyntheticSuite" time="0.01"/>
  <testcase name="test_synthetic_09263" classname="com.example.SyntheticSuite" time="0.01"/>
  <testcase name="test_synthetic_09264" classname="com.example.SyntheticSuite" time="0.01"/>
  <testcase name="test_synthetic_09265" classname="com.example.SyntheticSuite" time="0.01"/>
  <testcase name="test_synthetic_09266" classname="com.example.SyntheticSuite" time="0.01"/>
  <testcase name="test_synthetic_09267" classname="com.example.SyntheticSuite" time="0.01"/>
  <testcase name="test_synthetic_09268" classname="com.example.SyntheticSuite" time="0.01"/>
  <testcase name="test_synthetic_09269" classname="com.example.SyntheticSuite" time="0.01"/>
  <testcase name="test_synthetic_09270" classname="com.example.SyntheticSuite" time="0.01"/>
  <testcase name="test_synthetic_09271" classname="com.example.SyntheticSuite" time="0.01"/>
  <testcase name="test_synthetic_09272" classname="com.example.SyntheticSuite" time="0.01"/>
  <testcase name="test_synthetic_09273" classname="com.example.SyntheticSuite" time="0.01"/>
  <testcase name="test_synthetic_09274" classname="com.example.SyntheticSuite" time="0.01"/>
  <testcase name="test_synthetic_09275" classname="com.example.SyntheticSuite" time="0.01"/>
  <testcase name="test_synthetic_09276" classname="com.example.SyntheticSuite" time="0.01"/>
  <testcase name="test_synthetic_09277" classname="com.example.SyntheticSuite" time="0.01"/>
  <testcase name="test_synthetic_09278" classname="com.example.SyntheticSuite" time="0.01"/>
  <testcase name="test_synthetic_09279" classname="com.example.SyntheticSuite" time="0.01"/>
  <testcase name="test_synthetic_09280" classname="com.example.SyntheticSuite" time="0.01"/>
  <testcase name="test_synthetic_09281" classname="com.example.SyntheticSuite" time="0.01"/>
  <testcase name="test_synthetic_09282" classname="com.example.SyntheticSuite" time="0.01"/>
  <testcase name="test_synthetic_09283" classname="com.example.SyntheticSuite" time="0.01"/>
  <testcase name="test_synthetic_09284" classname="com.example.SyntheticSuite" time="0.01"/>
  <testcase name="test_synthetic_09285" classname="com.example.SyntheticSuite" time="0.01"/>
  <testcase name="test_synthetic_09286" classname="com.example.SyntheticSuite" time="0.01"/>
  <testcase name="test_synthetic_09287" classname="com.example.SyntheticSuite" time="0.01"/>
  <testcase name="test_synthetic_09288" classname="com.example.SyntheticSuite" time="0.01"/>
  <testcase name="test_synthetic_09289" classname="com.example.SyntheticSuite" time="0.01"/>
  <testcase name="test_synthetic_09290" classname="com.example.SyntheticSuite" time="0.01"/>
  <testcase name="test_synthetic_09291" classname="com.example.SyntheticSuite" time="0.01"/>
  <testcase name="test_synthetic_09292" classname="com.example.SyntheticSuite" time="0.01"/>
  <testcase name="test_synthetic_09293" classname="com.example.SyntheticSuite" time="0.01"/>
  <testcase name="test_synthetic_09294" classname="com.example.SyntheticSuite" time="0.01"/>
  <testcase name="test_synthetic_09295" classname="com.example.SyntheticSuite" time="0.01"/>
  <testcase name="test_synthetic_09296" classname="com.example.SyntheticSuite" time="0.01"/>
  <testcase name="test_synthetic_09297" classname="com.example.SyntheticSuite" time="0.01"/>
  <testcase name="test_synthetic_09298" classname="com.example.SyntheticSuite" time="0.01"/>
  <testcase name="test_synthetic_09299" classname="com.example.SyntheticSuite" time="0.01"/>
  <testcase name="test_synthetic_09300" classname="com.example.SyntheticSuite" time="0.01">
    <failure message="Synthetic failure at 9300">Assertion failed at iteration 9300</failure>
  </testcase>
  <testcase name="test_synthetic_09301" classname="com.example.SyntheticSuite" time="0.01"/>
  <testcase name="test_synthetic_09302" classname="com.example.SyntheticSuite" time="0.01"/>
  <testcase name="test_synthetic_09303" classname="com.example.SyntheticSuite" time="0.01"/>
  <testcase name="test_synthetic_09304" classname="com.example.SyntheticSuite" time="0.01"/>
  <testcase name="test_synthetic_09305" classname="com.example.SyntheticSuite" time="0.01"/>
  <testcase name="test_synthetic_09306" classname="com.example.SyntheticSuite" time="0.01"/>
  <testcase name="test_synthetic_09307" classname="com.example.SyntheticSuite" time="0.01"/>
  <testcase name="test_synthetic_09308" classname="com.example.SyntheticSuite" time="0.01"/>
  <testcase name="test_synthetic_09309" classname="com.example.SyntheticSuite" time="0.01"/>
  <testcase name="test_synthetic_09310" classname="com.example.SyntheticSuite" time="0.01"/>
  <testcase name="test_synthetic_09311" classname="com.example.SyntheticSuite" time="0.01"/>
  <testcase name="test_synthetic_09312" classname="com.example.SyntheticSuite" time="0.01"/>
  <testcase name="test_synthetic_09313" classname="com.example.SyntheticSuite" time="0.01"/>
  <testcase name="test_synthetic_09314" classname="com.example.SyntheticSuite" time="0.01"/>
  <testcase name="test_synthetic_09315" classname="com.example.SyntheticSuite" time="0.01"/>
  <testcase name="test_synthetic_09316" classname="com.example.SyntheticSuite" time="0.01"/>
  <testcase name="test_synthetic_09317" classname="com.example.SyntheticSuite" time="0.01"/>
  <testcase name="test_synthetic_09318" classname="com.example.SyntheticSuite" time="0.01"/>
  <testcase name="test_synthetic_09319" classname="com.example.SyntheticSuite" time="0.01"/>
  <testcase name="test_synthetic_09320" classname="com.example.SyntheticSuite" time="0.01"/>
  <testcase name="test_synthetic_09321" classname="com.example.SyntheticSuite" time="0.01"/>
  <testcase name="test_synthetic_09322" classname="com.example.SyntheticSuite" time="0.01"/>
  <testcase name="test_synthetic_09323" classname="com.example.SyntheticSuite" time="0.01"/>
  <testcase name="test_synthetic_09324" classname="com.example.SyntheticSuite" time="0.01"/>
  <testcase name="test_synthetic_09325" classname="com.example.SyntheticSuite" time="0.01"/>
  <testcase name="test_synthetic_09326" classname="com.example.SyntheticSuite" time="0.01"/>
  <testcase name="test_synthetic_09327" classname="com.example.SyntheticSuite" time="0.01"/>
  <testcase name="test_synthetic_09328" classname="com.example.SyntheticSuite" time="0.01"/>
  <testcase name="test_synthetic_09329" classname="com.example.SyntheticSuite" time="0.01"/>
  <testcase name="test_synthetic_09330" classname="com.example.SyntheticSuite" time="0.01"/>
  <testcase name="test_synthetic_09331" classname="com.example.SyntheticSuite" time="0.01"/>
  <testcase name="test_synthetic_09332" classname="com.example.SyntheticSuite" time="0.01"/>
  <testcase name="test_synthetic_09333" classname="com.example.SyntheticSuite" time="0.01"/>
  <testcase name="test_synthetic_09334" classname="com.example.SyntheticSuite" time="0.01"/>
  <testcase name="test_synthetic_09335" classname="com.example.SyntheticSuite" time="0.01"/>
  <testcase name="test_synthetic_09336" classname="com.example.SyntheticSuite" time="0.01"/>
  <testcase name="test_synthetic_09337" classname="com.example.SyntheticSuite" time="0.01"/>
  <testcase name="test_synthetic_09338" classname="com.example.SyntheticSuite" time="0.01"/>
  <testcase name="test_synthetic_09339" classname="com.example.SyntheticSuite" time="0.01"/>
  <testcase name="test_synthetic_09340" classname="com.example.SyntheticSuite" time="0.01"/>
  <testcase name="test_synthetic_09341" classname="com.example.SyntheticSuite" time="0.01"/>
  <testcase name="test_synthetic_09342" classname="com.example.SyntheticSuite" time="0.01"/>
  <testcase name="test_synthetic_09343" classname="com.example.SyntheticSuite" time="0.01"/>
  <testcase name="test_synthetic_09344" classname="com.example.SyntheticSuite" time="0.01"/>
  <testcase name="test_synthetic_09345" classname="com.example.SyntheticSuite" time="0.01"/>
  <testcase name="test_synthetic_09346" classname="com.example.SyntheticSuite" time="0.01"/>
  <testcase name="test_synthetic_09347" classname="com.example.SyntheticSuite" time="0.01"/>
  <testcase name="test_synthetic_09348" classname="com.example.SyntheticSuite" time="0.01"/>
  <testcase name="test_synthetic_09349" classname="com.example.SyntheticSuite" time="0.01"/>
  <testcase name="test_synthetic_09350" classname="com.example.SyntheticSuite" time="0.01"/>
  <testcase name="test_synthetic_09351" classname="com.example.SyntheticSuite" time="0.01"/>
  <testcase name="test_synthetic_09352" classname="com.example.SyntheticSuite" time="0.01"/>
  <testcase name="test_synthetic_09353" classname="com.example.SyntheticSuite" time="0.01"/>
  <testcase name="test_synthetic_09354" classname="com.example.SyntheticSuite" time="0.01"/>
  <testcase name="test_synthetic_09355" classname="com.example.SyntheticSuite" time="0.01"/>
  <testcase name="test_synthetic_09356" classname="com.example.SyntheticSuite" time="0.01"/>
  <testcase name="test_synthetic_09357" classname="com.example.SyntheticSuite" time="0.01"/>
  <testcase name="test_synthetic_09358" classname="com.example.SyntheticSuite" time="0.01"/>
  <testcase name="test_synthetic_09359" classname="com.example.SyntheticSuite" time="0.01"/>
  <testcase name="test_synthetic_09360" classname="com.example.SyntheticSuite" time="0.01"/>
  <testcase name="test_synthetic_09361" classname="com.example.SyntheticSuite" time="0.01"/>
  <testcase name="test_synthetic_09362" classname="com.example.SyntheticSuite" time="0.01"/>
  <testcase name="test_synthetic_09363" classname="com.example.SyntheticSuite" time="0.01"/>
  <testcase name="test_synthetic_09364" classname="com.example.SyntheticSuite" time="0.01"/>
  <testcase name="test_synthetic_09365" classname="com.example.SyntheticSuite" time="0.01"/>
  <testcase name="test_synthetic_09366" classname="com.example.SyntheticSuite" time="0.01"/>
  <testcase name="test_synthetic_09367" classname="com.example.SyntheticSuite" time="0.01"/>
  <testcase name="test_synthetic_09368" classname="com.example.SyntheticSuite" time="0.01"/>
  <testcase name="test_synthetic_09369" classname="com.example.SyntheticSuite" time="0.01"/>
  <testcase name="test_synthetic_09370" classname="com.example.SyntheticSuite" time="0.01"/>
  <testcase name="test_synthetic_09371" classname="com.example.SyntheticSuite" time="0.01"/>
  <testcase name="test_synthetic_09372" classname="com.example.SyntheticSuite" time="0.01"/>
  <testcase name="test_synthetic_09373" classname="com.example.SyntheticSuite" time="0.01"/>
  <testcase name="test_synthetic_09374" classname="com.example.SyntheticSuite" time="0.01"/>
  <testcase name="test_synthetic_09375" classname="com.example.SyntheticSuite" time="0.01"/>
  <testcase name="test_synthetic_09376" classname="com.example.SyntheticSuite" time="0.01"/>
  <testcase name="test_synthetic_09377" classname="com.example.SyntheticSuite" time="0.01"/>
  <testcase name="test_synthetic_09378" classname="com.example.SyntheticSuite" time="0.01"/>
  <testcase name="test_synthetic_09379" classname="com.example.SyntheticSuite" time="0.01"/>
  <testcase name="test_synthetic_09380" classname="com.example.SyntheticSuite" time="0.01"/>
  <testcase name="test_synthetic_09381" classname="com.example.SyntheticSuite" time="0.01"/>
  <testcase name="test_synthetic_09382" classname="com.example.SyntheticSuite" time="0.01"/>
  <testcase name="test_synthetic_09383" classname="com.example.SyntheticSuite" time="0.01"/>
  <testcase name="test_synthetic_09384" classname="com.example.SyntheticSuite" time="0.01"/>
  <testcase name="test_synthetic_09385" classname="com.example.SyntheticSuite" time="0.01"/>
  <testcase name="test_synthetic_09386" classname="com.example.SyntheticSuite" time="0.01"/>
  <testcase name="test_synthetic_09387" classname="com.example.SyntheticSuite" time="0.01"/>
  <testcase name="test_synthetic_09388" classname="com.example.SyntheticSuite" time="0.01"/>
  <testcase name="test_synthetic_09389" classname="com.example.SyntheticSuite" time="0.01"/>
  <testcase name="test_synthetic_09390" classname="com.example.SyntheticSuite" time="0.01"/>
  <testcase name="test_synthetic_09391" classname="com.example.SyntheticSuite" time="0.01"/>
  <testcase name="test_synthetic_09392" classname="com.example.SyntheticSuite" time="0.01"/>
  <testcase name="test_synthetic_09393" classname="com.example.SyntheticSuite" time="0.01"/>
  <testcase name="test_synthetic_09394" classname="com.example.SyntheticSuite" time="0.01"/>
  <testcase name="test_synthetic_09395" classname="com.example.SyntheticSuite" time="0.01"/>
  <testcase name="test_synthetic_09396" classname="com.example.SyntheticSuite" time="0.01"/>
  <testcase name="test_synthetic_09397" classname="com.example.SyntheticSuite" time="0.01"/>
  <testcase name="test_synthetic_09398" classname="com.example.SyntheticSuite" time="0.01"/>
  <testcase name="test_synthetic_09399" classname="com.example.SyntheticSuite" time="0.01"/>
  <testcase name="test_synthetic_09400" classname="com.example.SyntheticSuite" time="0.01">
    <failure message="Synthetic failure at 9400">Assertion failed at iteration 9400</failure>
  </testcase>
  <testcase name="test_synthetic_09401" classname="com.example.SyntheticSuite" time="0.01"/>
  <testcase name="test_synthetic_09402" classname="com.example.SyntheticSuite" time="0.01"/>
  <testcase name="test_synthetic_09403" classname="com.example.SyntheticSuite" time="0.01"/>
  <testcase name="test_synthetic_09404" classname="com.example.SyntheticSuite" time="0.01"/>
  <testcase name="test_synthetic_09405" classname="com.example.SyntheticSuite" time="0.01"/>
  <testcase name="test_synthetic_09406" classname="com.example.SyntheticSuite" time="0.01"/>
  <testcase name="test_synthetic_09407" classname="com.example.SyntheticSuite" time="0.01"/>
  <testcase name="test_synthetic_09408" classname="com.example.SyntheticSuite" time="0.01"/>
  <testcase name="test_synthetic_09409" classname="com.example.SyntheticSuite" time="0.01"/>
  <testcase name="test_synthetic_09410" classname="com.example.SyntheticSuite" time="0.01"/>
  <testcase name="test_synthetic_09411" classname="com.example.SyntheticSuite" time="0.01"/>
  <testcase name="test_synthetic_09412" classname="com.example.SyntheticSuite" time="0.01"/>
  <testcase name="test_synthetic_09413" classname="com.example.SyntheticSuite" time="0.01"/>
  <testcase name="test_synthetic_09414" classname="com.example.SyntheticSuite" time="0.01"/>
  <testcase name="test_synthetic_09415" classname="com.example.SyntheticSuite" time="0.01"/>
  <testcase name="test_synthetic_09416" classname="com.example.SyntheticSuite" time="0.01"/>
  <testcase name="test_synthetic_09417" classname="com.example.SyntheticSuite" time="0.01"/>
  <testcase name="test_synthetic_09418" classname="com.example.SyntheticSuite" time="0.01"/>
  <testcase name="test_synthetic_09419" classname="com.example.SyntheticSuite" time="0.01"/>
  <testcase name="test_synthetic_09420" classname="com.example.SyntheticSuite" time="0.01"/>
  <testcase name="test_synthetic_09421" classname="com.example.SyntheticSuite" time="0.01"/>
  <testcase name="test_synthetic_09422" classname="com.example.SyntheticSuite" time="0.01"/>
  <testcase name="test_synthetic_09423" classname="com.example.SyntheticSuite" time="0.01"/>
  <testcase name="test_synthetic_09424" classname="com.example.SyntheticSuite" time="0.01"/>
  <testcase name="test_synthetic_09425" classname="com.example.SyntheticSuite" time="0.01"/>
  <testcase name="test_synthetic_09426" classname="com.example.SyntheticSuite" time="0.01"/>
  <testcase name="test_synthetic_09427" classname="com.example.SyntheticSuite" time="0.01"/>
  <testcase name="test_synthetic_09428" classname="com.example.SyntheticSuite" time="0.01"/>
  <testcase name="test_synthetic_09429" classname="com.example.SyntheticSuite" time="0.01"/>
  <testcase name="test_synthetic_09430" classname="com.example.SyntheticSuite" time="0.01"/>
  <testcase name="test_synthetic_09431" classname="com.example.SyntheticSuite" time="0.01"/>
  <testcase name="test_synthetic_09432" classname="com.example.SyntheticSuite" time="0.01"/>
  <testcase name="test_synthetic_09433" classname="com.example.SyntheticSuite" time="0.01"/>
  <testcase name="test_synthetic_09434" classname="com.example.SyntheticSuite" time="0.01"/>
  <testcase name="test_synthetic_09435" classname="com.example.SyntheticSuite" time="0.01"/>
  <testcase name="test_synthetic_09436" classname="com.example.SyntheticSuite" time="0.01"/>
  <testcase name="test_synthetic_09437" classname="com.example.SyntheticSuite" time="0.01"/>
  <testcase name="test_synthetic_09438" classname="com.example.SyntheticSuite" time="0.01"/>
  <testcase name="test_synthetic_09439" classname="com.example.SyntheticSuite" time="0.01"/>
  <testcase name="test_synthetic_09440" classname="com.example.SyntheticSuite" time="0.01"/>
  <testcase name="test_synthetic_09441" classname="com.example.SyntheticSuite" time="0.01"/>
  <testcase name="test_synthetic_09442" classname="com.example.SyntheticSuite" time="0.01"/>
  <testcase name="test_synthetic_09443" classname="com.example.SyntheticSuite" time="0.01"/>
  <testcase name="test_synthetic_09444" classname="com.example.SyntheticSuite" time="0.01"/>
  <testcase name="test_synthetic_09445" classname="com.example.SyntheticSuite" time="0.01"/>
  <testcase name="test_synthetic_09446" classname="com.example.SyntheticSuite" time="0.01"/>
  <testcase name="test_synthetic_09447" classname="com.example.SyntheticSuite" time="0.01"/>
  <testcase name="test_synthetic_09448" classname="com.example.SyntheticSuite" time="0.01"/>
  <testcase name="test_synthetic_09449" classname="com.example.SyntheticSuite" time="0.01"/>
  <testcase name="test_synthetic_09450" classname="com.example.SyntheticSuite" time="0.01"/>
  <testcase name="test_synthetic_09451" classname="com.example.SyntheticSuite" time="0.01"/>
  <testcase name="test_synthetic_09452" classname="com.example.SyntheticSuite" time="0.01"/>
  <testcase name="test_synthetic_09453" classname="com.example.SyntheticSuite" time="0.01"/>
  <testcase name="test_synthetic_09454" classname="com.example.SyntheticSuite" time="0.01"/>
  <testcase name="test_synthetic_09455" classname="com.example.SyntheticSuite" time="0.01"/>
  <testcase name="test_synthetic_09456" classname="com.example.SyntheticSuite" time="0.01"/>
  <testcase name="test_synthetic_09457" classname="com.example.SyntheticSuite" time="0.01"/>
  <testcase name="test_synthetic_09458" classname="com.example.SyntheticSuite" time="0.01"/>
  <testcase name="test_synthetic_09459" classname="com.example.SyntheticSuite" time="0.01"/>
  <testcase name="test_synthetic_09460" classname="com.example.SyntheticSuite" time="0.01"/>
  <testcase name="test_synthetic_09461" classname="com.example.SyntheticSuite" time="0.01"/>
  <testcase name="test_synthetic_09462" classname="com.example.SyntheticSuite" time="0.01"/>
  <testcase name="test_synthetic_09463" classname="com.example.SyntheticSuite" time="0.01"/>
  <testcase name="test_synthetic_09464" classname="com.example.SyntheticSuite" time="0.01"/>
  <testcase name="test_synthetic_09465" classname="com.example.SyntheticSuite" time="0.01"/>
  <testcase name="test_synthetic_09466" classname="com.example.SyntheticSuite" time="0.01"/>
  <testcase name="test_synthetic_09467" classname="com.example.SyntheticSuite" time="0.01"/>
  <testcase name="test_synthetic_09468" classname="com.example.SyntheticSuite" time="0.01"/>
  <testcase name="test_synthetic_09469" classname="com.example.SyntheticSuite" time="0.01"/>
  <testcase name="test_synthetic_09470" classname="com.example.SyntheticSuite" time="0.01"/>
  <testcase name="test_synthetic_09471" classname="com.example.SyntheticSuite" time="0.01"/>
  <testcase name="test_synthetic_09472" classname="com.example.SyntheticSuite" time="0.01"/>
  <testcase name="test_synthetic_09473" classname="com.example.SyntheticSuite" time="0.01"/>
  <testcase name="test_synthetic_09474" classname="com.example.SyntheticSuite" time="0.01"/>
  <testcase name="test_synthetic_09475" classname="com.example.SyntheticSuite" time="0.01"/>
  <testcase name="test_synthetic_09476" classname="com.example.SyntheticSuite" time="0.01"/>
  <testcase name="test_synthetic_09477" classname="com.example.SyntheticSuite" time="0.01"/>
  <testcase name="test_synthetic_09478" classname="com.example.SyntheticSuite" time="0.01"/>
  <testcase name="test_synthetic_09479" classname="com.example.SyntheticSuite" time="0.01"/>
  <testcase name="test_synthetic_09480" classname="com.example.SyntheticSuite" time="0.01"/>
  <testcase name="test_synthetic_09481" classname="com.example.SyntheticSuite" time="0.01"/>
  <testcase name="test_synthetic_09482" classname="com.example.SyntheticSuite" time="0.01"/>
  <testcase name="test_synthetic_09483" classname="com.example.SyntheticSuite" time="0.01"/>
  <testcase name="test_synthetic_09484" classname="com.example.SyntheticSuite" time="0.01"/>
  <testcase name="test_synthetic_09485" classname="com.example.SyntheticSuite" time="0.01"/>
  <testcase name="test_synthetic_09486" classname="com.example.SyntheticSuite" time="0.01"/>
  <testcase name="test_synthetic_09487" classname="com.example.SyntheticSuite" time="0.01"/>
  <testcase name="test_synthetic_09488" classname="com.example.SyntheticSuite" time="0.01"/>
  <testcase name="test_synthetic_09489" classname="com.example.SyntheticSuite" time="0.01"/>
  <testcase name="test_synthetic_09490" classname="com.example.SyntheticSuite" time="0.01"/>
  <testcase name="test_synthetic_09491" classname="com.example.SyntheticSuite" time="0.01"/>
  <testcase name="test_synthetic_09492" classname="com.example.SyntheticSuite" time="0.01"/>
  <testcase name="test_synthetic_09493" classname="com.example.SyntheticSuite" time="0.01"/>
  <testcase name="test_synthetic_09494" classname="com.example.SyntheticSuite" time="0.01"/>
  <testcase name="test_synthetic_09495" classname="com.example.SyntheticSuite" time="0.01"/>
  <testcase name="test_synthetic_09496" classname="com.example.SyntheticSuite" time="0.01"/>
  <testcase name="test_synthetic_09497" classname="com.example.SyntheticSuite" time="0.01"/>
  <testcase name="test_synthetic_09498" classname="com.example.SyntheticSuite" time="0.01"/>
  <testcase name="test_synthetic_09499" classname="com.example.SyntheticSuite" time="0.01"/>
  <testcase name="test_synthetic_09500" classname="com.example.SyntheticSuite" time="0.01">
    <failure message="Synthetic failure at 9500">Assertion failed at iteration 9500</failure>
  </testcase>
  <testcase name="test_synthetic_09501" classname="com.example.SyntheticSuite" time="0.01"/>
  <testcase name="test_synthetic_09502" classname="com.example.SyntheticSuite" time="0.01"/>
  <testcase name="test_synthetic_09503" classname="com.example.SyntheticSuite" time="0.01"/>
  <testcase name="test_synthetic_09504" classname="com.example.SyntheticSuite" time="0.01"/>
  <testcase name="test_synthetic_09505" classname="com.example.SyntheticSuite" time="0.01"/>
  <testcase name="test_synthetic_09506" classname="com.example.SyntheticSuite" time="0.01"/>
  <testcase name="test_synthetic_09507" classname="com.example.SyntheticSuite" time="0.01"/>
  <testcase name="test_synthetic_09508" classname="com.example.SyntheticSuite" time="0.01"/>
  <testcase name="test_synthetic_09509" classname="com.example.SyntheticSuite" time="0.01"/>
  <testcase name="test_synthetic_09510" classname="com.example.SyntheticSuite" time="0.01"/>
  <testcase name="test_synthetic_09511" classname="com.example.SyntheticSuite" time="0.01"/>
  <testcase name="test_synthetic_09512" classname="com.example.SyntheticSuite" time="0.01"/>
  <testcase name="test_synthetic_09513" classname="com.example.SyntheticSuite" time="0.01"/>
  <testcase name="test_synthetic_09514" classname="com.example.SyntheticSuite" time="0.01"/>
  <testcase name="test_synthetic_09515" classname="com.example.SyntheticSuite" time="0.01"/>
  <testcase name="test_synthetic_09516" classname="com.example.SyntheticSuite" time="0.01"/>
  <testcase name="test_synthetic_09517" classname="com.example.SyntheticSuite" time="0.01"/>
  <testcase name="test_synthetic_09518" classname="com.example.SyntheticSuite" time="0.01"/>
  <testcase name="test_synthetic_09519" classname="com.example.SyntheticSuite" time="0.01"/>
  <testcase name="test_synthetic_09520" classname="com.example.SyntheticSuite" time="0.01"/>
  <testcase name="test_synthetic_09521" classname="com.example.SyntheticSuite" time="0.01"/>
  <testcase name="test_synthetic_09522" classname="com.example.SyntheticSuite" time="0.01"/>
  <testcase name="test_synthetic_09523" classname="com.example.SyntheticSuite" time="0.01"/>
  <testcase name="test_synthetic_09524" classname="com.example.SyntheticSuite" time="0.01"/>
  <testcase name="test_synthetic_09525" classname="com.example.SyntheticSuite" time="0.01"/>
  <testcase name="test_synthetic_09526" classname="com.example.SyntheticSuite" time="0.01"/>
  <testcase name="test_synthetic_09527" classname="com.example.SyntheticSuite" time="0.01"/>
  <testcase name="test_synthetic_09528" classname="com.example.SyntheticSuite" time="0.01"/>
  <testcase name="test_synthetic_09529" classname="com.example.SyntheticSuite" time="0.01"/>
  <testcase name="test_synthetic_09530" classname="com.example.SyntheticSuite" time="0.01"/>
  <testcase name="test_synthetic_09531" classname="com.example.SyntheticSuite" time="0.01"/>
  <testcase name="test_synthetic_09532" classname="com.example.SyntheticSuite" time="0.01"/>
  <testcase name="test_synthetic_09533" classname="com.example.SyntheticSuite" time="0.01"/>
  <testcase name="test_synthetic_09534" classname="com.example.SyntheticSuite" time="0.01"/>
  <testcase name="test_synthetic_09535" classname="com.example.SyntheticSuite" time="0.01"/>
  <testcase name="test_synthetic_09536" classname="com.example.SyntheticSuite" time="0.01"/>
  <testcase name="test_synthetic_09537" classname="com.example.SyntheticSuite" time="0.01"/>
  <testcase name="test_synthetic_09538" classname="com.example.SyntheticSuite" time="0.01"/>
  <testcase name="test_synthetic_09539" classname="com.example.SyntheticSuite" time="0.01"/>
  <testcase name="test_synthetic_09540" classname="com.example.SyntheticSuite" time="0.01"/>
  <testcase name="test_synthetic_09541" classname="com.example.SyntheticSuite" time="0.01"/>
  <testcase name="test_synthetic_09542" classname="com.example.SyntheticSuite" time="0.01"/>
  <testcase name="test_synthetic_09543" classname="com.example.SyntheticSuite" time="0.01"/>
  <testcase name="test_synthetic_09544" classname="com.example.SyntheticSuite" time="0.01"/>
  <testcase name="test_synthetic_09545" classname="com.example.SyntheticSuite" time="0.01"/>
  <testcase name="test_synthetic_09546" classname="com.example.SyntheticSuite" time="0.01"/>
  <testcase name="test_synthetic_09547" classname="com.example.SyntheticSuite" time="0.01"/>
  <testcase name="test_synthetic_09548" classname="com.example.SyntheticSuite" time="0.01"/>
  <testcase name="test_synthetic_09549" classname="com.example.SyntheticSuite" time="0.01"/>
  <testcase name="test_synthetic_09550" classname="com.example.SyntheticSuite" time="0.01"/>
  <testcase name="test_synthetic_09551" classname="com.example.SyntheticSuite" time="0.01"/>
  <testcase name="test_synthetic_09552" classname="com.example.SyntheticSuite" time="0.01"/>
  <testcase name="test_synthetic_09553" classname="com.example.SyntheticSuite" time="0.01"/>
  <testcase name="test_synthetic_09554" classname="com.example.SyntheticSuite" time="0.01"/>
  <testcase name="test_synthetic_09555" classname="com.example.SyntheticSuite" time="0.01"/>
  <testcase name="test_synthetic_09556" classname="com.example.SyntheticSuite" time="0.01"/>
  <testcase name="test_synthetic_09557" classname="com.example.SyntheticSuite" time="0.01"/>
  <testcase name="test_synthetic_09558" classname="com.example.SyntheticSuite" time="0.01"/>
  <testcase name="test_synthetic_09559" classname="com.example.SyntheticSuite" time="0.01"/>
  <testcase name="test_synthetic_09560" classname="com.example.SyntheticSuite" time="0.01"/>
  <testcase name="test_synthetic_09561" classname="com.example.SyntheticSuite" time="0.01"/>
  <testcase name="test_synthetic_09562" classname="com.example.SyntheticSuite" time="0.01"/>
  <testcase name="test_synthetic_09563" classname="com.example.SyntheticSuite" time="0.01"/>
  <testcase name="test_synthetic_09564" classname="com.example.SyntheticSuite" time="0.01"/>
  <testcase name="test_synthetic_09565" classname="com.example.SyntheticSuite" time="0.01"/>
  <testcase name="test_synthetic_09566" classname="com.example.SyntheticSuite" time="0.01"/>
  <testcase name="test_synthetic_09567" classname="com.example.SyntheticSuite" time="0.01"/>
  <testcase name="test_synthetic_09568" classname="com.example.SyntheticSuite" time="0.01"/>
  <testcase name="test_synthetic_09569" classname="com.example.SyntheticSuite" time="0.01"/>
  <testcase name="test_synthetic_09570" classname="com.example.SyntheticSuite" time="0.01"/>
  <testcase name="test_synthetic_09571" classname="com.example.SyntheticSuite" time="0.01"/>
  <testcase name="test_synthetic_09572" classname="com.example.SyntheticSuite" time="0.01"/>
  <testcase name="test_synthetic_09573" classname="com.example.SyntheticSuite" time="0.01"/>
  <testcase name="test_synthetic_09574" classname="com.example.SyntheticSuite" time="0.01"/>
  <testcase name="test_synthetic_09575" classname="com.example.SyntheticSuite" time="0.01"/>
  <testcase name="test_synthetic_09576" classname="com.example.SyntheticSuite" time="0.01"/>
  <testcase name="test_synthetic_09577" classname="com.example.SyntheticSuite" time="0.01"/>
  <testcase name="test_synthetic_09578" classname="com.example.SyntheticSuite" time="0.01"/>
  <testcase name="test_synthetic_09579" classname="com.example.SyntheticSuite" time="0.01"/>
  <testcase name="test_synthetic_09580" classname="com.example.SyntheticSuite" time="0.01"/>
  <testcase name="test_synthetic_09581" classname="com.example.SyntheticSuite" time="0.01"/>
  <testcase name="test_synthetic_09582" classname="com.example.SyntheticSuite" time="0.01"/>
  <testcase name="test_synthetic_09583" classname="com.example.SyntheticSuite" time="0.01"/>
  <testcase name="test_synthetic_09584" classname="com.example.SyntheticSuite" time="0.01"/>
  <testcase name="test_synthetic_09585" classname="com.example.SyntheticSuite" time="0.01"/>
  <testcase name="test_synthetic_09586" classname="com.example.SyntheticSuite" time="0.01"/>
  <testcase name="test_synthetic_09587" classname="com.example.SyntheticSuite" time="0.01"/>
  <testcase name="test_synthetic_09588" classname="com.example.SyntheticSuite" time="0.01"/>
  <testcase name="test_synthetic_09589" classname="com.example.SyntheticSuite" time="0.01"/>
  <testcase name="test_synthetic_09590" classname="com.example.SyntheticSuite" time="0.01"/>
  <testcase name="test_synthetic_09591" classname="com.example.SyntheticSuite" time="0.01"/>
  <testcase name="test_synthetic_09592" classname="com.example.SyntheticSuite" time="0.01"/>
  <testcase name="test_synthetic_09593" classname="com.example.SyntheticSuite" time="0.01"/>
  <testcase name="test_synthetic_09594" classname="com.example.SyntheticSuite" time="0.01"/>
  <testcase name="test_synthetic_09595" classname="com.example.SyntheticSuite" time="0.01"/>
  <testcase name="test_synthetic_09596" classname="com.example.SyntheticSuite" time="0.01"/>
  <testcase name="test_synthetic_09597" classname="com.example.SyntheticSuite" time="0.01"/>
  <testcase name="test_synthetic_09598" classname="com.example.SyntheticSuite" time="0.01"/>
  <testcase name="test_synthetic_09599" classname="com.example.SyntheticSuite" time="0.01"/>
  <testcase name="test_synthetic_09600" classname="com.example.SyntheticSuite" time="0.01">
    <failure message="Synthetic failure at 9600">Assertion failed at iteration 9600</failure>
  </testcase>
  <testcase name="test_synthetic_09601" classname="com.example.SyntheticSuite" time="0.01"/>
  <testcase name="test_synthetic_09602" classname="com.example.SyntheticSuite" time="0.01"/>
  <testcase name="test_synthetic_09603" classname="com.example.SyntheticSuite" time="0.01"/>
  <testcase name="test_synthetic_09604" classname="com.example.SyntheticSuite" time="0.01"/>
  <testcase name="test_synthetic_09605" classname="com.example.SyntheticSuite" time="0.01"/>
  <testcase name="test_synthetic_09606" classname="com.example.SyntheticSuite" time="0.01"/>
  <testcase name="test_synthetic_09607" classname="com.example.SyntheticSuite" time="0.01"/>
  <testcase name="test_synthetic_09608" classname="com.example.SyntheticSuite" time="0.01"/>
  <testcase name="test_synthetic_09609" classname="com.example.SyntheticSuite" time="0.01"/>
  <testcase name="test_synthetic_09610" classname="com.example.SyntheticSuite" time="0.01"/>
  <testcase name="test_synthetic_09611" classname="com.example.SyntheticSuite" time="0.01"/>
  <testcase name="test_synthetic_09612" classname="com.example.SyntheticSuite" time="0.01"/>
  <testcase name="test_synthetic_09613" classname="com.example.SyntheticSuite" time="0.01"/>
  <testcase name="test_synthetic_09614" classname="com.example.SyntheticSuite" time="0.01"/>
  <testcase name="test_synthetic_09615" classname="com.example.SyntheticSuite" time="0.01"/>
  <testcase name="test_synthetic_09616" classname="com.example.SyntheticSuite" time="0.01"/>
  <testcase name="test_synthetic_09617" classname="com.example.SyntheticSuite" time="0.01"/>
  <testcase name="test_synthetic_09618" classname="com.example.SyntheticSuite" time="0.01"/>
  <testcase name="test_synthetic_09619" classname="com.example.SyntheticSuite" time="0.01"/>
  <testcase name="test_synthetic_09620" classname="com.example.SyntheticSuite" time="0.01"/>
  <testcase name="test_synthetic_09621" classname="com.example.SyntheticSuite" time="0.01"/>
  <testcase name="test_synthetic_09622" classname="com.example.SyntheticSuite" time="0.01"/>
  <testcase name="test_synthetic_09623" classname="com.example.SyntheticSuite" time="0.01"/>
  <testcase name="test_synthetic_09624" classname="com.example.SyntheticSuite" time="0.01"/>
  <testcase name="test_synthetic_09625" classname="com.example.SyntheticSuite" time="0.01"/>
  <testcase name="test_synthetic_09626" classname="com.example.SyntheticSuite" time="0.01"/>
  <testcase name="test_synthetic_09627" classname="com.example.SyntheticSuite" time="0.01"/>
  <testcase name="test_synthetic_09628" classname="com.example.SyntheticSuite" time="0.01"/>
  <testcase name="test_synthetic_09629" classname="com.example.SyntheticSuite" time="0.01"/>
  <testcase name="test_synthetic_09630" classname="com.example.SyntheticSuite" time="0.01"/>
  <testcase name="test_synthetic_09631" classname="com.example.SyntheticSuite" time="0.01"/>
  <testcase name="test_synthetic_09632" classname="com.example.SyntheticSuite" time="0.01"/>
  <testcase name="test_synthetic_09633" classname="com.example.SyntheticSuite" time="0.01"/>
  <testcase name="test_synthetic_09634" classname="com.example.SyntheticSuite" time="0.01"/>
  <testcase name="test_synthetic_09635" classname="com.example.SyntheticSuite" time="0.01"/>
  <testcase name="test_synthetic_09636" classname="com.example.SyntheticSuite" time="0.01"/>
  <testcase name="test_synthetic_09637" classname="com.example.SyntheticSuite" time="0.01"/>
  <testcase name="test_synthetic_09638" classname="com.example.SyntheticSuite" time="0.01"/>
  <testcase name="test_synthetic_09639" classname="com.example.SyntheticSuite" time="0.01"/>
  <testcase name="test_synthetic_09640" classname="com.example.SyntheticSuite" time="0.01"/>
  <testcase name="test_synthetic_09641" classname="com.example.SyntheticSuite" time="0.01"/>
  <testcase name="test_synthetic_09642" classname="com.example.SyntheticSuite" time="0.01"/>
  <testcase name="test_synthetic_09643" classname="com.example.SyntheticSuite" time="0.01"/>
  <testcase name="test_synthetic_09644" classname="com.example.SyntheticSuite" time="0.01"/>
  <testcase name="test_synthetic_09645" classname="com.example.SyntheticSuite" time="0.01"/>
  <testcase name="test_synthetic_09646" classname="com.example.SyntheticSuite" time="0.01"/>
  <testcase name="test_synthetic_09647" classname="com.example.SyntheticSuite" time="0.01"/>
  <testcase name="test_synthetic_09648" classname="com.example.SyntheticSuite" time="0.01"/>
  <testcase name="test_synthetic_09649" classname="com.example.SyntheticSuite" time="0.01"/>
  <testcase name="test_synthetic_09650" classname="com.example.SyntheticSuite" time="0.01"/>
  <testcase name="test_synthetic_09651" classname="com.example.SyntheticSuite" time="0.01"/>
  <testcase name="test_synthetic_09652" classname="com.example.SyntheticSuite" time="0.01"/>
  <testcase name="test_synthetic_09653" classname="com.example.SyntheticSuite" time="0.01"/>
  <testcase name="test_synthetic_09654" classname="com.example.SyntheticSuite" time="0.01"/>
  <testcase name="test_synthetic_09655" classname="com.example.SyntheticSuite" time="0.01"/>
  <testcase name="test_synthetic_09656" classname="com.example.SyntheticSuite" time="0.01"/>
  <testcase name="test_synthetic_09657" classname="com.example.SyntheticSuite" time="0.01"/>
  <testcase name="test_synthetic_09658" classname="com.example.SyntheticSuite" time="0.01"/>
  <testcase name="test_synthetic_09659" classname="com.example.SyntheticSuite" time="0.01"/>
  <testcase name="test_synthetic_09660" classname="com.example.SyntheticSuite" time="0.01"/>
  <testcase name="test_synthetic_09661" classname="com.example.SyntheticSuite" time="0.01"/>
  <testcase name="test_synthetic_09662" classname="com.example.SyntheticSuite" time="0.01"/>
  <testcase name="test_synthetic_09663" classname="com.example.SyntheticSuite" time="0.01"/>
  <testcase name="test_synthetic_09664" classname="com.example.SyntheticSuite" time="0.01"/>
  <testcase name="test_synthetic_09665" classname="com.example.SyntheticSuite" time="0.01"/>
  <testcase name="test_synthetic_09666" classname="com.example.SyntheticSuite" time="0.01"/>
  <testcase name="test_synthetic_09667" classname="com.example.SyntheticSuite" time="0.01"/>
  <testcase name="test_synthetic_09668" classname="com.example.SyntheticSuite" time="0.01"/>
  <testcase name="test_synthetic_09669" classname="com.example.SyntheticSuite" time="0.01"/>
  <testcase name="test_synthetic_09670" classname="com.example.SyntheticSuite" time="0.01"/>
  <testcase name="test_synthetic_09671" classname="com.example.SyntheticSuite" time="0.01"/>
  <testcase name="test_synthetic_09672" classname="com.example.SyntheticSuite" time="0.01"/>
  <testcase name="test_synthetic_09673" classname="com.example.SyntheticSuite" time="0.01"/>
  <testcase name="test_synthetic_09674" classname="com.example.SyntheticSuite" time="0.01"/>
  <testcase name="test_synthetic_09675" classname="com.example.SyntheticSuite" time="0.01"/>
  <testcase name="test_synthetic_09676" classname="com.example.SyntheticSuite" time="0.01"/>
  <testcase name="test_synthetic_09677" classname="com.example.SyntheticSuite" time="0.01"/>
  <testcase name="test_synthetic_09678" classname="com.example.SyntheticSuite" time="0.01"/>
  <testcase name="test_synthetic_09679" classname="com.example.SyntheticSuite" time="0.01"/>
  <testcase name="test_synthetic_09680" classname="com.example.SyntheticSuite" time="0.01"/>
  <testcase name="test_synthetic_09681" classname="com.example.SyntheticSuite" time="0.01"/>
  <testcase name="test_synthetic_09682" classname="com.example.SyntheticSuite" time="0.01"/>
  <testcase name="test_synthetic_09683" classname="com.example.SyntheticSuite" time="0.01"/>
  <testcase name="test_synthetic_09684" classname="com.example.SyntheticSuite" time="0.01"/>
  <testcase name="test_synthetic_09685" classname="com.example.SyntheticSuite" time="0.01"/>
  <testcase name="test_synthetic_09686" classname="com.example.SyntheticSuite" time="0.01"/>
  <testcase name="test_synthetic_09687" classname="com.example.SyntheticSuite" time="0.01"/>
  <testcase name="test_synthetic_09688" classname="com.example.SyntheticSuite" time="0.01"/>
  <testcase name="test_synthetic_09689" classname="com.example.SyntheticSuite" time="0.01"/>
  <testcase name="test_synthetic_09690" classname="com.example.SyntheticSuite" time="0.01"/>
  <testcase name="test_synthetic_09691" classname="com.example.SyntheticSuite" time="0.01"/>
  <testcase name="test_synthetic_09692" classname="com.example.SyntheticSuite" time="0.01"/>
  <testcase name="test_synthetic_09693" classname="com.example.SyntheticSuite" time="0.01"/>
  <testcase name="test_synthetic_09694" classname="com.example.SyntheticSuite" time="0.01"/>
  <testcase name="test_synthetic_09695" classname="com.example.SyntheticSuite" time="0.01"/>
  <testcase name="test_synthetic_09696" classname="com.example.SyntheticSuite" time="0.01"/>
  <testcase name="test_synthetic_09697" classname="com.example.SyntheticSuite" time="0.01"/>
  <testcase name="test_synthetic_09698" classname="com.example.SyntheticSuite" time="0.01"/>
  <testcase name="test_synthetic_09699" classname="com.example.SyntheticSuite" time="0.01"/>
  <testcase name="test_synthetic_09700" classname="com.example.SyntheticSuite" time="0.01">
    <failure message="Synthetic failure at 9700">Assertion failed at iteration 9700</failure>
  </testcase>
  <testcase name="test_synthetic_09701" classname="com.example.SyntheticSuite" time="0.01"/>
  <testcase name="test_synthetic_09702" classname="com.example.SyntheticSuite" time="0.01"/>
  <testcase name="test_synthetic_09703" classname="com.example.SyntheticSuite" time="0.01"/>
  <testcase name="test_synthetic_09704" classname="com.example.SyntheticSuite" time="0.01"/>
  <testcase name="test_synthetic_09705" classname="com.example.SyntheticSuite" time="0.01"/>
  <testcase name="test_synthetic_09706" classname="com.example.SyntheticSuite" time="0.01"/>
  <testcase name="test_synthetic_09707" classname="com.example.SyntheticSuite" time="0.01"/>
  <testcase name="test_synthetic_09708" classname="com.example.SyntheticSuite" time="0.01"/>
  <testcase name="test_synthetic_09709" classname="com.example.SyntheticSuite" time="0.01"/>
  <testcase name="test_synthetic_09710" classname="com.example.SyntheticSuite" time="0.01"/>
  <testcase name="test_synthetic_09711" classname="com.example.SyntheticSuite" time="0.01"/>
  <testcase name="test_synthetic_09712" classname="com.example.SyntheticSuite" time="0.01"/>
  <testcase name="test_synthetic_09713" classname="com.example.SyntheticSuite" time="0.01"/>
  <testcase name="test_synthetic_09714" classname="com.example.SyntheticSuite" time="0.01"/>
  <testcase name="test_synthetic_09715" classname="com.example.SyntheticSuite" time="0.01"/>
  <testcase name="test_synthetic_09716" classname="com.example.SyntheticSuite" time="0.01"/>
  <testcase name="test_synthetic_09717" classname="com.example.SyntheticSuite" time="0.01"/>
  <testcase name="test_synthetic_09718" classname="com.example.SyntheticSuite" time="0.01"/>
  <testcase name="test_synthetic_09719" classname="com.example.SyntheticSuite" time="0.01"/>
  <testcase name="test_synthetic_09720" classname="com.example.SyntheticSuite" time="0.01"/>
  <testcase name="test_synthetic_09721" classname="com.example.SyntheticSuite" time="0.01"/>
  <testcase name="test_synthetic_09722" classname="com.example.SyntheticSuite" time="0.01"/>
  <testcase name="test_synthetic_09723" classname="com.example.SyntheticSuite" time="0.01"/>
  <testcase name="test_synthetic_09724" classname="com.example.SyntheticSuite" time="0.01"/>
  <testcase name="test_synthetic_09725" classname="com.example.SyntheticSuite" time="0.01"/>
  <testcase name="test_synthetic_09726" classname="com.example.SyntheticSuite" time="0.01"/>
  <testcase name="test_synthetic_09727" classname="com.example.SyntheticSuite" time="0.01"/>
  <testcase name="test_synthetic_09728" classname="com.example.SyntheticSuite" time="0.01"/>
  <testcase name="test_synthetic_09729" classname="com.example.SyntheticSuite" time="0.01"/>
  <testcase name="test_synthetic_09730" classname="com.example.SyntheticSuite" time="0.01"/>
  <testcase name="test_synthetic_09731" classname="com.example.SyntheticSuite" time="0.01"/>
  <testcase name="test_synthetic_09732" classname="com.example.SyntheticSuite" time="0.01"/>
  <testcase name="test_synthetic_09733" classname="com.example.SyntheticSuite" time="0.01"/>
  <testcase name="test_synthetic_09734" classname="com.example.SyntheticSuite" time="0.01"/>
  <testcase name="test_synthetic_09735" classname="com.example.SyntheticSuite" time="0.01"/>
  <testcase name="test_synthetic_09736" classname="com.example.SyntheticSuite" time="0.01"/>
  <testcase name="test_synthetic_09737" classname="com.example.SyntheticSuite" time="0.01"/>
  <testcase name="test_synthetic_09738" classname="com.example.SyntheticSuite" time="0.01"/>
  <testcase name="test_synthetic_09739" classname="com.example.SyntheticSuite" time="0.01"/>
  <testcase name="test_synthetic_09740" classname="com.example.SyntheticSuite" time="0.01"/>
  <testcase name="test_synthetic_09741" classname="com.example.SyntheticSuite" time="0.01"/>
  <testcase name="test_synthetic_09742" classname="com.example.SyntheticSuite" time="0.01"/>
  <testcase name="test_synthetic_09743" classname="com.example.SyntheticSuite" time="0.01"/>
  <testcase name="test_synthetic_09744" classname="com.example.SyntheticSuite" time="0.01"/>
  <testcase name="test_synthetic_09745" classname="com.example.SyntheticSuite" time="0.01"/>
  <testcase name="test_synthetic_09746" classname="com.example.SyntheticSuite" time="0.01"/>
  <testcase name="test_synthetic_09747" classname="com.example.SyntheticSuite" time="0.01"/>
  <testcase name="test_synthetic_09748" classname="com.example.SyntheticSuite" time="0.01"/>
  <testcase name="test_synthetic_09749" classname="com.example.SyntheticSuite" time="0.01"/>
  <testcase name="test_synthetic_09750" classname="com.example.SyntheticSuite" time="0.01"/>
  <testcase name="test_synthetic_09751" classname="com.example.SyntheticSuite" time="0.01"/>
  <testcase name="test_synthetic_09752" classname="com.example.SyntheticSuite" time="0.01"/>
  <testcase name="test_synthetic_09753" classname="com.example.SyntheticSuite" time="0.01"/>
  <testcase name="test_synthetic_09754" classname="com.example.SyntheticSuite" time="0.01"/>
  <testcase name="test_synthetic_09755" classname="com.example.SyntheticSuite" time="0.01"/>
  <testcase name="test_synthetic_09756" classname="com.example.SyntheticSuite" time="0.01"/>
  <testcase name="test_synthetic_09757" classname="com.example.SyntheticSuite" time="0.01"/>
  <testcase name="test_synthetic_09758" classname="com.example.SyntheticSuite" time="0.01"/>
  <testcase name="test_synthetic_09759" classname="com.example.SyntheticSuite" time="0.01"/>
  <testcase name="test_synthetic_09760" classname="com.example.SyntheticSuite" time="0.01"/>
  <testcase name="test_synthetic_09761" classname="com.example.SyntheticSuite" time="0.01"/>
  <testcase name="test_synthetic_09762" classname="com.example.SyntheticSuite" time="0.01"/>
  <testcase name="test_synthetic_09763" classname="com.example.SyntheticSuite" time="0.01"/>
  <testcase name="test_synthetic_09764" classname="com.example.SyntheticSuite" time="0.01"/>
  <testcase name="test_synthetic_09765" classname="com.example.SyntheticSuite" time="0.01"/>
  <testcase name="test_synthetic_09766" classname="com.example.SyntheticSuite" time="0.01"/>
  <testcase name="test_synthetic_09767" classname="com.example.SyntheticSuite" time="0.01"/>
  <testcase name="test_synthetic_09768" classname="com.example.SyntheticSuite" time="0.01"/>
  <testcase name="test_synthetic_09769" classname="com.example.SyntheticSuite" time="0.01"/>
  <testcase name="test_synthetic_09770" classname="com.example.SyntheticSuite" time="0.01"/>
  <testcase name="test_synthetic_09771" classname="com.example.SyntheticSuite" time="0.01"/>
  <testcase name="test_synthetic_09772" classname="com.example.SyntheticSuite" time="0.01"/>
  <testcase name="test_synthetic_09773" classname="com.example.SyntheticSuite" time="0.01"/>
  <testcase name="test_synthetic_09774" classname="com.example.SyntheticSuite" time="0.01"/>
  <testcase name="test_synthetic_09775" classname="com.example.SyntheticSuite" time="0.01"/>
  <testcase name="test_synthetic_09776" classname="com.example.SyntheticSuite" time="0.01"/>
  <testcase name="test_synthetic_09777" classname="com.example.SyntheticSuite" time="0.01"/>
  <testcase name="test_synthetic_09778" classname="com.example.SyntheticSuite" time="0.01"/>
  <testcase name="test_synthetic_09779" classname="com.example.SyntheticSuite" time="0.01"/>
  <testcase name="test_synthetic_09780" classname="com.example.SyntheticSuite" time="0.01"/>
  <testcase name="test_synthetic_09781" classname="com.example.SyntheticSuite" time="0.01"/>
  <testcase name="test_synthetic_09782" classname="com.example.SyntheticSuite" time="0.01"/>
  <testcase name="test_synthetic_09783" classname="com.example.SyntheticSuite" time="0.01"/>
  <testcase name="test_synthetic_09784" classname="com.example.SyntheticSuite" time="0.01"/>
  <testcase name="test_synthetic_09785" classname="com.example.SyntheticSuite" time="0.01"/>
  <testcase name="test_synthetic_09786" classname="com.example.SyntheticSuite" time="0.01"/>
  <testcase name="test_synthetic_09787" classname="com.example.SyntheticSuite" time="0.01"/>
  <testcase name="test_synthetic_09788" classname="com.example.SyntheticSuite" time="0.01"/>
  <testcase name="test_synthetic_09789" classname="com.example.SyntheticSuite" time="0.01"/>
  <testcase name="test_synthetic_09790" classname="com.example.SyntheticSuite" time="0.01"/>
  <testcase name="test_synthetic_09791" classname="com.example.SyntheticSuite" time="0.01"/>
  <testcase name="test_synthetic_09792" classname="com.example.SyntheticSuite" time="0.01"/>
  <testcase name="test_synthetic_09793" classname="com.example.SyntheticSuite" time="0.01"/>
  <testcase name="test_synthetic_09794" classname="com.example.SyntheticSuite" time="0.01"/>
  <testcase name="test_synthetic_09795" classname="com.example.SyntheticSuite" time="0.01"/>
  <testcase name="test_synthetic_09796" classname="com.example.SyntheticSuite" time="0.01"/>
  <testcase name="test_synthetic_09797" classname="com.example.SyntheticSuite" time="0.01"/>
  <testcase name="test_synthetic_09798" classname="com.example.SyntheticSuite" time="0.01"/>
  <testcase name="test_synthetic_09799" classname="com.example.SyntheticSuite" time="0.01"/>
  <testcase name="test_synthetic_09800" classname="com.example.SyntheticSuite" time="0.01">
    <failure message="Synthetic failure at 9800">Assertion failed at iteration 9800</failure>
  </testcase>
  <testcase name="test_synthetic_09801" classname="com.example.SyntheticSuite" time="0.01"/>
  <testcase name="test_synthetic_09802" classname="com.example.SyntheticSuite" time="0.01"/>
  <testcase name="test_synthetic_09803" classname="com.example.SyntheticSuite" time="0.01"/>
  <testcase name="test_synthetic_09804" classname="com.example.SyntheticSuite" time="0.01"/>
  <testcase name="test_synthetic_09805" classname="com.example.SyntheticSuite" time="0.01"/>
  <testcase name="test_synthetic_09806" classname="com.example.SyntheticSuite" time="0.01"/>
  <testcase name="test_synthetic_09807" classname="com.example.SyntheticSuite" time="0.01"/>
  <testcase name="test_synthetic_09808" classname="com.example.SyntheticSuite" time="0.01"/>
  <testcase name="test_synthetic_09809" classname="com.example.SyntheticSuite" time="0.01"/>
  <testcase name="test_synthetic_09810" classname="com.example.SyntheticSuite" time="0.01"/>
  <testcase name="test_synthetic_09811" classname="com.example.SyntheticSuite" time="0.01"/>
  <testcase name="test_synthetic_09812" classname="com.example.SyntheticSuite" time="0.01"/>
  <testcase name="test_synthetic_09813" classname="com.example.SyntheticSuite" time="0.01"/>
  <testcase name="test_synthetic_09814" classname="com.example.SyntheticSuite" time="0.01"/>
  <testcase name="test_synthetic_09815" classname="com.example.SyntheticSuite" time="0.01"/>
  <testcase name="test_synthetic_09816" classname="com.example.SyntheticSuite" time="0.01"/>
  <testcase name="test_synthetic_09817" classname="com.example.SyntheticSuite" time="0.01"/>
  <testcase name="test_synthetic_09818" classname="com.example.SyntheticSuite" time="0.01"/>
  <testcase name="test_synthetic_09819" classname="com.example.SyntheticSuite" time="0.01"/>
  <testcase name="test_synthetic_09820" classname="com.example.SyntheticSuite" time="0.01"/>
  <testcase name="test_synthetic_09821" classname="com.example.SyntheticSuite" time="0.01"/>
  <testcase name="test_synthetic_09822" classname="com.example.SyntheticSuite" time="0.01"/>
  <testcase name="test_synthetic_09823" classname="com.example.SyntheticSuite" time="0.01"/>
  <testcase name="test_synthetic_09824" classname="com.example.SyntheticSuite" time="0.01"/>
  <testcase name="test_synthetic_09825" classname="com.example.SyntheticSuite" time="0.01"/>
  <testcase name="test_synthetic_09826" classname="com.example.SyntheticSuite" time="0.01"/>
  <testcase name="test_synthetic_09827" classname="com.example.SyntheticSuite" time="0.01"/>
  <testcase name="test_synthetic_09828" classname="com.example.SyntheticSuite" time="0.01"/>
  <testcase name="test_synthetic_09829" classname="com.example.SyntheticSuite" time="0.01"/>
  <testcase name="test_synthetic_09830" classname="com.example.SyntheticSuite" time="0.01"/>
  <testcase name="test_synthetic_09831" classname="com.example.SyntheticSuite" time="0.01"/>
  <testcase name="test_synthetic_09832" classname="com.example.SyntheticSuite" time="0.01"/>
  <testcase name="test_synthetic_09833" classname="com.example.SyntheticSuite" time="0.01"/>
  <testcase name="test_synthetic_09834" classname="com.example.SyntheticSuite" time="0.01"/>
  <testcase name="test_synthetic_09835" classname="com.example.SyntheticSuite" time="0.01"/>
  <testcase name="test_synthetic_09836" classname="com.example.SyntheticSuite" time="0.01"/>
  <testcase name="test_synthetic_09837" classname="com.example.SyntheticSuite" time="0.01"/>
  <testcase name="test_synthetic_09838" classname="com.example.SyntheticSuite" time="0.01"/>
  <testcase name="test_synthetic_09839" classname="com.example.SyntheticSuite" time="0.01"/>
  <testcase name="test_synthetic_09840" classname="com.example.SyntheticSuite" time="0.01"/>
  <testcase name="test_synthetic_09841" classname="com.example.SyntheticSuite" time="0.01"/>
  <testcase name="test_synthetic_09842" classname="com.example.SyntheticSuite" time="0.01"/>
  <testcase name="test_synthetic_09843" classname="com.example.SyntheticSuite" time="0.01"/>
  <testcase name="test_synthetic_09844" classname="com.example.SyntheticSuite" time="0.01"/>
  <testcase name="test_synthetic_09845" classname="com.example.SyntheticSuite" time="0.01"/>
  <testcase name="test_synthetic_09846" classname="com.example.SyntheticSuite" time="0.01"/>
  <testcase name="test_synthetic_09847" classname="com.example.SyntheticSuite" time="0.01"/>
  <testcase name="test_synthetic_09848" classname="com.example.SyntheticSuite" time="0.01"/>
  <testcase name="test_synthetic_09849" classname="com.example.SyntheticSuite" time="0.01"/>
  <testcase name="test_synthetic_09850" classname="com.example.SyntheticSuite" time="0.01"/>
  <testcase name="test_synthetic_09851" classname="com.example.SyntheticSuite" time="0.01"/>
  <testcase name="test_synthetic_09852" classname="com.example.SyntheticSuite" time="0.01"/>
  <testcase name="test_synthetic_09853" classname="com.example.SyntheticSuite" time="0.01"/>
  <testcase name="test_synthetic_09854" classname="com.example.SyntheticSuite" time="0.01"/>
  <testcase name="test_synthetic_09855" classname="com.example.SyntheticSuite" time="0.01"/>
  <testcase name="test_synthetic_09856" classname="com.example.SyntheticSuite" time="0.01"/>
  <testcase name="test_synthetic_09857" classname="com.example.SyntheticSuite" time="0.01"/>
  <testcase name="test_synthetic_09858" classname="com.example.SyntheticSuite" time="0.01"/>
  <testcase name="test_synthetic_09859" classname="com.example.SyntheticSuite" time="0.01"/>
  <testcase name="test_synthetic_09860" classname="com.example.SyntheticSuite" time="0.01"/>
  <testcase name="test_synthetic_09861" classname="com.example.SyntheticSuite" time="0.01"/>
  <testcase name="test_synthetic_09862" classname="com.example.SyntheticSuite" time="0.01"/>
  <testcase name="test_synthetic_09863" classname="com.example.SyntheticSuite" time="0.01"/>
  <testcase name="test_synthetic_09864" classname="com.example.SyntheticSuite" time="0.01"/>
  <testcase name="test_synthetic_09865" classname="com.example.SyntheticSuite" time="0.01"/>
  <testcase name="test_synthetic_09866" classname="com.example.SyntheticSuite" time="0.01"/>
  <testcase name="test_synthetic_09867" classname="com.example.SyntheticSuite" time="0.01"/>
  <testcase name="test_synthetic_09868" classname="com.example.SyntheticSuite" time="0.01"/>
  <testcase name="test_synthetic_09869" classname="com.example.SyntheticSuite" time="0.01"/>
  <testcase name="test_synthetic_09870" classname="com.example.SyntheticSuite" time="0.01"/>
  <testcase name="test_synthetic_09871" classname="com.example.SyntheticSuite" time="0.01"/>
  <testcase name="test_synthetic_09872" classname="com.example.SyntheticSuite" time="0.01"/>
  <testcase name="test_synthetic_09873" classname="com.example.SyntheticSuite" time="0.01"/>
  <testcase name="test_synthetic_09874" classname="com.example.SyntheticSuite" time="0.01"/>
  <testcase name="test_synthetic_09875" classname="com.example.SyntheticSuite" time="0.01"/>
  <testcase name="test_synthetic_09876" classname="com.example.SyntheticSuite" time="0.01"/>
  <testcase name="test_synthetic_09877" classname="com.example.SyntheticSuite" time="0.01"/>
  <testcase name="test_synthetic_09878" classname="com.example.SyntheticSuite" time="0.01"/>
  <testcase name="test_synthetic_09879" classname="com.example.SyntheticSuite" time="0.01"/>
  <testcase name="test_synthetic_09880" classname="com.example.SyntheticSuite" time="0.01"/>
  <testcase name="test_synthetic_09881" classname="com.example.SyntheticSuite" time="0.01"/>
  <testcase name="test_synthetic_09882" classname="com.example.SyntheticSuite" time="0.01"/>
  <testcase name="test_synthetic_09883" classname="com.example.SyntheticSuite" time="0.01"/>
  <testcase name="test_synthetic_09884" classname="com.example.SyntheticSuite" time="0.01"/>
  <testcase name="test_synthetic_09885" classname="com.example.SyntheticSuite" time="0.01"/>
  <testcase name="test_synthetic_09886" classname="com.example.SyntheticSuite" time="0.01"/>
  <testcase name="test_synthetic_09887" classname="com.example.SyntheticSuite" time="0.01"/>
  <testcase name="test_synthetic_09888" classname="com.example.SyntheticSuite" time="0.01"/>
  <testcase name="test_synthetic_09889" classname="com.example.SyntheticSuite" time="0.01"/>
  <testcase name="test_synthetic_09890" classname="com.example.SyntheticSuite" time="0.01"/>
  <testcase name="test_synthetic_09891" classname="com.example.SyntheticSuite" time="0.01"/>
  <testcase name="test_synthetic_09892" classname="com.example.SyntheticSuite" time="0.01"/>
  <testcase name="test_synthetic_09893" classname="com.example.SyntheticSuite" time="0.01"/>
  <testcase name="test_synthetic_09894" classname="com.example.SyntheticSuite" time="0.01"/>
  <testcase name="test_synthetic_09895" classname="com.example.SyntheticSuite" time="0.01"/>
  <testcase name="test_synthetic_09896" classname="com.example.SyntheticSuite" time="0.01"/>
  <testcase name="test_synthetic_09897" classname="com.example.SyntheticSuite" time="0.01"/>
  <testcase name="test_synthetic_09898" classname="com.example.SyntheticSuite" time="0.01"/>
  <testcase name="test_synthetic_09899" classname="com.example.SyntheticSuite" time="0.01"/>
  <testcase name="test_synthetic_09900" classname="com.example.SyntheticSuite" time="0.01">
    <failure message="Synthetic failure at 9900">Assertion failed at iteration 9900</failure>
  </testcase>
  <testcase name="test_synthetic_09901" classname="com.example.SyntheticSuite" time="0.01"/>
  <testcase name="test_synthetic_09902" classname="com.example.SyntheticSuite" time="0.01"/>
  <testcase name="test_synthetic_09903" classname="com.example.SyntheticSuite" time="0.01"/>
  <testcase name="test_synthetic_09904" classname="com.example.SyntheticSuite" time="0.01"/>
  <testcase name="test_synthetic_09905" classname="com.example.SyntheticSuite" time="0.01"/>
  <testcase name="test_synthetic_09906" classname="com.example.SyntheticSuite" time="0.01"/>
  <testcase name="test_synthetic_09907" classname="com.example.SyntheticSuite" time="0.01"/>
  <testcase name="test_synthetic_09908" classname="com.example.SyntheticSuite" time="0.01"/>
  <testcase name="test_synthetic_09909" classname="com.example.SyntheticSuite" time="0.01"/>
  <testcase name="test_synthetic_09910" classname="com.example.SyntheticSuite" time="0.01"/>
  <testcase name="test_synthetic_09911" classname="com.example.SyntheticSuite" time="0.01"/>
  <testcase name="test_synthetic_09912" classname="com.example.SyntheticSuite" time="0.01"/>
  <testcase name="test_synthetic_09913" classname="com.example.SyntheticSuite" time="0.01"/>
  <testcase name="test_synthetic_09914" classname="com.example.SyntheticSuite" time="0.01"/>
  <testcase name="test_synthetic_09915" classname="com.example.SyntheticSuite" time="0.01"/>
  <testcase name="test_synthetic_09916" classname="com.example.SyntheticSuite" time="0.01"/>
  <testcase name="test_synthetic_09917" classname="com.example.SyntheticSuite" time="0.01"/>
  <testcase name="test_synthetic_09918" classname="com.example.SyntheticSuite" time="0.01"/>
  <testcase name="test_synthetic_09919" classname="com.example.SyntheticSuite" time="0.01"/>
  <testcase name="test_synthetic_09920" classname="com.example.SyntheticSuite" time="0.01"/>
  <testcase name="test_synthetic_09921" classname="com.example.SyntheticSuite" time="0.01"/>
  <testcase name="test_synthetic_09922" classname="com.example.SyntheticSuite" time="0.01"/>
  <testcase name="test_synthetic_09923" classname="com.example.SyntheticSuite" time="0.01"/>
  <testcase name="test_synthetic_09924" classname="com.example.SyntheticSuite" time="0.01"/>
  <testcase name="test_synthetic_09925" classname="com.example.SyntheticSuite" time="0.01"/>
  <testcase name="test_synthetic_09926" classname="com.example.SyntheticSuite" time="0.01"/>
  <testcase name="test_synthetic_09927" classname="com.example.SyntheticSuite" time="0.01"/>
  <testcase name="test_synthetic_09928" classname="com.example.SyntheticSuite" time="0.01"/>
  <testcase name="test_synthetic_09929" classname="com.example.SyntheticSuite" time="0.01"/>
  <testcase name="test_synthetic_09930" classname="com.example.SyntheticSuite" time="0.01"/>
  <testcase name="test_synthetic_09931" classname="com.example.SyntheticSuite" time="0.01"/>
  <testcase name="test_synthetic_09932" classname="com.example.SyntheticSuite" time="0.01"/>
  <testcase name="test_synthetic_09933" classname="com.example.SyntheticSuite" time="0.01"/>
  <testcase name="test_synthetic_09934" classname="com.example.SyntheticSuite" time="0.01"/>
  <testcase name="test_synthetic_09935" classname="com.example.SyntheticSuite" time="0.01"/>
  <testcase name="test_synthetic_09936" classname="com.example.SyntheticSuite" time="0.01"/>
  <testcase name="test_synthetic_09937" classname="com.example.SyntheticSuite" time="0.01"/>
  <testcase name="test_synthetic_09938" classname="com.example.SyntheticSuite" time="0.01"/>
  <testcase name="test_synthetic_09939" classname="com.example.SyntheticSuite" time="0.01"/>
  <testcase name="test_synthetic_09940" classname="com.example.SyntheticSuite" time="0.01"/>
  <testcase name="test_synthetic_09941" classname="com.example.SyntheticSuite" time="0.01"/>
  <testcase name="test_synthetic_09942" classname="com.example.SyntheticSuite" time="0.01"/>
  <testcase name="test_synthetic_09943" classname="com.example.SyntheticSuite" time="0.01"/>
  <testcase name="test_synthetic_09944" classname="com.example.SyntheticSuite" time="0.01"/>
  <testcase name="test_synthetic_09945" classname="com.example.SyntheticSuite" time="0.01"/>
  <testcase name="test_synthetic_09946" classname="com.example.SyntheticSuite" time="0.01"/>
  <testcase name="test_synthetic_09947" classname="com.example.SyntheticSuite" time="0.01"/>
  <testcase name="test_synthetic_09948" classname="com.example.SyntheticSuite" time="0.01"/>
  <testcase name="test_synthetic_09949" classname="com.example.SyntheticSuite" time="0.01"/>
  <testcase name="test_synthetic_09950" classname="com.example.SyntheticSuite" time="0.01"/>
  <testcase name="test_synthetic_09951" classname="com.example.SyntheticSuite" time="0.01"/>
  <testcase name="test_synthetic_09952" classname="com.example.SyntheticSuite" time="0.01"/>
  <testcase name="test_synthetic_09953" classname="com.example.SyntheticSuite" time="0.01"/>
  <testcase name="test_synthetic_09954" classname="com.example.SyntheticSuite" time="0.01"/>
  <testcase name="test_synthetic_09955" classname="com.example.SyntheticSuite" time="0.01"/>
  <testcase name="test_synthetic_09956" classname="com.example.SyntheticSuite" time="0.01"/>
  <testcase name="test_synthetic_09957" classname="com.example.SyntheticSuite" time="0.01"/>
  <testcase name="test_synthetic_09958" classname="com.example.SyntheticSuite" time="0.01"/>
  <testcase name="test_synthetic_09959" classname="com.example.SyntheticSuite" time="0.01"/>
  <testcase name="test_synthetic_09960" classname="com.example.SyntheticSuite" time="0.01"/>
  <testcase name="test_synthetic_09961" classname="com.example.SyntheticSuite" time="0.01"/>
  <testcase name="test_synthetic_09962" classname="com.example.SyntheticSuite" time="0.01"/>
  <testcase name="test_synthetic_09963" classname="com.example.SyntheticSuite" time="0.01"/>
  <testcase name="test_synthetic_09964" classname="com.example.SyntheticSuite" time="0.01"/>
  <testcase name="test_synthetic_09965" classname="com.example.SyntheticSuite" time="0.01"/>
  <testcase name="test_synthetic_09966" classname="com.example.SyntheticSuite" time="0.01"/>
  <testcase name="test_synthetic_09967" classname="com.example.SyntheticSuite" time="0.01"/>
  <testcase name="test_synthetic_09968" classname="com.example.SyntheticSuite" time="0.01"/>
  <testcase name="test_synthetic_09969" classname="com.example.SyntheticSuite" time="0.01"/>
  <testcase name="test_synthetic_09970" classname="com.example.SyntheticSuite" time="0.01"/>
  <testcase name="test_synthetic_09971" classname="com.example.SyntheticSuite" time="0.01"/>
  <testcase name="test_synthetic_09972" classname="com.example.SyntheticSuite" time="0.01"/>
  <testcase name="test_synthetic_09973" classname="com.example.SyntheticSuite" time="0.01"/>
  <testcase name="test_synthetic_09974" classname="com.example.SyntheticSuite" time="0.01"/>
  <testcase name="test_synthetic_09975" classname="com.example.SyntheticSuite" time="0.01"/>
  <testcase name="test_synthetic_09976" classname="com.example.SyntheticSuite" time="0.01"/>
  <testcase name="test_synthetic_09977" classname="com.example.SyntheticSuite" time="0.01"/>
  <testcase name="test_synthetic_09978" classname="com.example.SyntheticSuite" time="0.01"/>
  <testcase name="test_synthetic_09979" classname="com.example.SyntheticSuite" time="0.01"/>
  <testcase name="test_synthetic_09980" classname="com.example.SyntheticSuite" time="0.01"/>
  <testcase name="test_synthetic_09981" classname="com.example.SyntheticSuite" time="0.01"/>
  <testcase name="test_synthetic_09982" classname="com.example.SyntheticSuite" time="0.01"/>
  <testcase name="test_synthetic_09983" classname="com.example.SyntheticSuite" time="0.01"/>
  <testcase name="test_synthetic_09984" classname="com.example.SyntheticSuite" time="0.01"/>
  <testcase name="test_synthetic_09985" classname="com.example.SyntheticSuite" time="0.01"/>
  <testcase name="test_synthetic_09986" classname="com.example.SyntheticSuite" time="0.01"/>
  <testcase name="test_synthetic_09987" classname="com.example.SyntheticSuite" time="0.01"/>
  <testcase name="test_synthetic_09988" classname="com.example.SyntheticSuite" time="0.01"/>
  <testcase name="test_synthetic_09989" classname="com.example.SyntheticSuite" time="0.01"/>
  <testcase name="test_synthetic_09990" classname="com.example.SyntheticSuite" time="0.01"/>
  <testcase name="test_synthetic_09991" classname="com.example.SyntheticSuite" time="0.01"/>
  <testcase name="test_synthetic_09992" classname="com.example.SyntheticSuite" time="0.01"/>
  <testcase name="test_synthetic_09993" classname="com.example.SyntheticSuite" time="0.01"/>
  <testcase name="test_synthetic_09994" classname="com.example.SyntheticSuite" time="0.01"/>
  <testcase name="test_synthetic_09995" classname="com.example.SyntheticSuite" time="0.01"/>
  <testcase name="test_synthetic_09996" classname="com.example.SyntheticSuite" time="0.01"/>
  <testcase name="test_synthetic_09997" classname="com.example.SyntheticSuite" time="0.01"/>
  <testcase name="test_synthetic_09998" classname="com.example.SyntheticSuite" time="0.01"/>
  <testcase name="test_synthetic_09999" classname="com.example.SyntheticSuite" time="0.01"/>
</testsuite>
