<?xml version="1.0" encoding="UTF-8"?>
<testsuite tests="1" failures="0" errors="0" time="1.0">
  <testcase name="test_ðŸš€_ãƒ¦ãƒ‹ã‚³ãƒ¼ãƒ‰_ðŸ™‚_ðŸš€" classname="UnicodeSuite" time="1.0"/>
</testsuite>