<?xml version="1.0" encoding="UTF-8"?>
<testsuite tests="1" failures="0" errors="0" time="-5.0">
  <testcase name="test_negative_time" classname="EdgeSuite" time="-1.0"/>
</testsuite>